<?xml version="1.0" encoding="UTF-8"?>
<testsuite name="com.klarna.hiverunner.InteractiveHiveShellTest" tests="3" skipped="0" failures="0" errors="0" timestamp="2015-09-09T16:11:02" hostname="Himanshu.local" time="0.816">
  <properties/>
  <testcase name="setupScriptShouldBeExecuted" classname="com.klarna.hiverunner.InteractiveHiveShellTest" time="0.247"/>
  <testcase name="setupScriptsShouldBeExecutedInOrder" classname="com.klarna.hiverunner.InteractiveHiveShellTest" time="0.28"/>
  <testcase name="setupScriptsShouldBeExecuted" classname="com.klarna.hiverunner.InteractiveHiveShellTest" time="0.288"/>
  <system-out><![CDATA[]]></system-out>
  <system-err><![CDATA[15/09/09 11:11:02 INFO metastore.HiveMetaStore: 0: Opening raw store with implemenation class:org.apache.hadoop.hive.metastore.ObjectStore
15/09/09 11:11:02 INFO metastore.ObjectStore: ObjectStore, initialize called
15/09/09 11:11:02 INFO DataNucleus.Persistence: Property datanucleus.cache.level2 unknown - will be ignored
15/09/09 11:11:02 INFO DataNucleus.Persistence: Property hive.metastore.integral.jdo.pushdown unknown - will be ignored
15/09/09 11:11:02 INFO metastore.ObjectStore: Setting MetaStore object pin classes with hive.metastore.cache.pinobjtypes="Table,StorageDescriptor,SerDeInfo,Partition,Database,Type,FieldSchema,Order"
15/09/09 11:11:02 INFO metastore.MetaStoreDirectSql: MySQL check failed, assuming we are not on mysql: unknown token: 
15/09/09 11:11:02 INFO DataNucleus.Datastore: The class "org.apache.hadoop.hive.metastore.model.MFieldSchema" is tagged as "embedded-only" so does not have its own datastore table.
15/09/09 11:11:02 INFO DataNucleus.Datastore: The class "org.apache.hadoop.hive.metastore.model.MOrder" is tagged as "embedded-only" so does not have its own datastore table.
15/09/09 11:11:02 INFO DataNucleus.Datastore: The class "org.apache.hadoop.hive.metastore.model.MFieldSchema" is tagged as "embedded-only" so does not have its own datastore table.
15/09/09 11:11:02 INFO DataNucleus.Datastore: The class "org.apache.hadoop.hive.metastore.model.MOrder" is tagged as "embedded-only" so does not have its own datastore table.
15/09/09 11:11:02 INFO metastore.ObjectStore: Initialized ObjectStore
15/09/09 11:11:02 INFO metastore.HiveMetaStore: No user is added in admin role, since config is empty
15/09/09 11:11:02 INFO metastore.HiveMetaStore: 0: Shutting down the object store...
15/09/09 11:11:02 INFO HiveMetaStore.audit: ugi=hpatel	ip=unknown-ip-addr	cmd=Shutting down the object store...	
15/09/09 11:11:02 INFO metastore.HiveMetaStore: 0: Metastore shutdown complete.
15/09/09 11:11:02 INFO HiveMetaStore.audit: ugi=hpatel	ip=unknown-ip-addr	cmd=Metastore shutdown complete.	
15/09/09 11:11:02 INFO metastore.HiveMetaStore: No user is added in admin role, since config is empty
15/09/09 11:11:02 INFO session.SessionState: No Tez session required at this point. hive.execution.engine=mr.
15/09/09 11:11:02 INFO service.HiveServer: Putting temp output to file /var/folders/y7/4_pz5fzx54ngcmghz3v6t3m00000gn/T/junit363386974887880469/localscratchdir/81a488a1-208c-46e1-85fd-dc6ae5b796046343512354653505178.pipeout
15/09/09 11:11:02 INFO service.HiveServer: Running the query: SHOW TABLES
15/09/09 11:11:02 INFO log.PerfLogger: <PERFLOG method=Driver.run from=org.apache.hadoop.hive.ql.Driver>
15/09/09 11:11:02 INFO log.PerfLogger: <PERFLOG method=TimeToSubmit from=org.apache.hadoop.hive.ql.Driver>
15/09/09 11:11:02 INFO ql.Driver: Concurrency mode is disabled, not creating a lock manager
15/09/09 11:11:02 INFO log.PerfLogger: <PERFLOG method=compile from=org.apache.hadoop.hive.ql.Driver>
15/09/09 11:11:02 INFO log.PerfLogger: <PERFLOG method=parse from=org.apache.hadoop.hive.ql.Driver>
15/09/09 11:11:02 INFO parse.ParseDriver: Parsing command: SHOW TABLES
15/09/09 11:11:02 INFO parse.ParseDriver: Parse Completed
15/09/09 11:11:02 INFO log.PerfLogger: </PERFLOG method=parse start=1441815062700 end=1441815062700 duration=0 from=org.apache.hadoop.hive.ql.Driver>
15/09/09 11:11:02 INFO log.PerfLogger: <PERFLOG method=semanticAnalyze from=org.apache.hadoop.hive.ql.Driver>
15/09/09 11:11:02 INFO ql.Driver: Semantic Analysis Completed
15/09/09 11:11:02 INFO log.PerfLogger: </PERFLOG method=semanticAnalyze start=1441815062700 end=1441815062704 duration=4 from=org.apache.hadoop.hive.ql.Driver>
15/09/09 11:11:02 INFO exec.ListSinkOperator: Initializing Self 115 OP
15/09/09 11:11:02 INFO exec.ListSinkOperator: Operator 115 OP initialized
15/09/09 11:11:02 INFO exec.ListSinkOperator: Initialization Done 115 OP
15/09/09 11:11:02 INFO ql.Driver: Returning Hive schema: Schema(fieldSchemas:[FieldSchema(name:tab_name, type:string, comment:from deserializer)], properties:null)
15/09/09 11:11:02 INFO log.PerfLogger: </PERFLOG method=compile start=1441815062700 end=1441815062704 duration=4 from=org.apache.hadoop.hive.ql.Driver>
15/09/09 11:11:02 INFO log.PerfLogger: <PERFLOG method=Driver.execute from=org.apache.hadoop.hive.ql.Driver>
15/09/09 11:11:02 INFO ql.Driver: Starting command: SHOW TABLES
15/09/09 11:11:02 INFO log.PerfLogger: </PERFLOG method=TimeToSubmit start=1441815062700 end=1441815062705 duration=5 from=org.apache.hadoop.hive.ql.Driver>
15/09/09 11:11:02 INFO log.PerfLogger: <PERFLOG method=runTasks from=org.apache.hadoop.hive.ql.Driver>
15/09/09 11:11:02 INFO log.PerfLogger: <PERFLOG method=task.DDL.Stage-0 from=org.apache.hadoop.hive.ql.Driver>
15/09/09 11:11:02 INFO metastore.HiveMetaStore: 0: get_database: default
15/09/09 11:11:02 INFO HiveMetaStore.audit: ugi=hpatel	ip=unknown-ip-addr	cmd=get_database: default	
15/09/09 11:11:02 INFO metastore.HiveMetaStore: 0: Opening raw store with implemenation class:org.apache.hadoop.hive.metastore.ObjectStore
15/09/09 11:11:02 INFO metastore.ObjectStore: ObjectStore, initialize called
15/09/09 11:11:02 INFO metastore.MetaStoreDirectSql: MySQL check failed, assuming we are not on mysql: unknown token: 
15/09/09 11:11:02 INFO DataNucleus.Query: Reading in results for query "org.datanucleus.store.rdbms.query.SQLQuery@0" since the connection used is closing
15/09/09 11:11:02 INFO metastore.ObjectStore: Initialized ObjectStore
15/09/09 11:11:02 INFO metastore.HiveMetaStore: 0: get_tables: db=default pat=.*
15/09/09 11:11:02 INFO HiveMetaStore.audit: ugi=hpatel	ip=unknown-ip-addr	cmd=get_tables: db=default pat=.*	
15/09/09 11:11:02 INFO log.PerfLogger: </PERFLOG method=runTasks start=1441815062705 end=1441815062713 duration=8 from=org.apache.hadoop.hive.ql.Driver>
15/09/09 11:11:02 INFO log.PerfLogger: </PERFLOG method=Driver.execute start=1441815062704 end=1441815062713 duration=9 from=org.apache.hadoop.hive.ql.Driver>
OK
15/09/09 11:11:02 INFO ql.Driver: OK
15/09/09 11:11:02 INFO log.PerfLogger: <PERFLOG method=releaseLocks from=org.apache.hadoop.hive.ql.Driver>
15/09/09 11:11:02 INFO log.PerfLogger: </PERFLOG method=releaseLocks start=1441815062714 end=1441815062714 duration=0 from=org.apache.hadoop.hive.ql.Driver>
15/09/09 11:11:02 INFO log.PerfLogger: </PERFLOG method=Driver.run start=1441815062700 end=1441815062714 duration=14 from=org.apache.hadoop.hive.ql.Driver>
15/09/09 11:11:02 INFO builder.HiveShellTearable: Executing script: create database foo;
15/09/09 11:11:02 INFO service.HiveServer: Running the query: create database foo
15/09/09 11:11:02 INFO exec.ListSinkOperator: 115 finished. closing... 
15/09/09 11:11:02 INFO exec.ListSinkOperator: 115 Close done
15/09/09 11:11:02 INFO log.PerfLogger: <PERFLOG method=Driver.run from=org.apache.hadoop.hive.ql.Driver>
15/09/09 11:11:02 INFO log.PerfLogger: <PERFLOG method=TimeToSubmit from=org.apache.hadoop.hive.ql.Driver>
15/09/09 11:11:02 INFO ql.Driver: Concurrency mode is disabled, not creating a lock manager
15/09/09 11:11:02 INFO log.PerfLogger: <PERFLOG method=compile from=org.apache.hadoop.hive.ql.Driver>
15/09/09 11:11:02 INFO log.PerfLogger: <PERFLOG method=parse from=org.apache.hadoop.hive.ql.Driver>
15/09/09 11:11:02 INFO parse.ParseDriver: Parsing command: create database foo
15/09/09 11:11:02 INFO parse.ParseDriver: Parse Completed
15/09/09 11:11:02 INFO log.PerfLogger: </PERFLOG method=parse start=1441815062714 end=1441815062715 duration=1 from=org.apache.hadoop.hive.ql.Driver>
15/09/09 11:11:02 INFO log.PerfLogger: <PERFLOG method=semanticAnalyze from=org.apache.hadoop.hive.ql.Driver>
15/09/09 11:11:02 INFO ql.Driver: Semantic Analysis Completed
15/09/09 11:11:02 INFO log.PerfLogger: </PERFLOG method=semanticAnalyze start=1441815062715 end=1441815062715 duration=0 from=org.apache.hadoop.hive.ql.Driver>
15/09/09 11:11:02 INFO ql.Driver: Returning Hive schema: Schema(fieldSchemas:null, properties:null)
15/09/09 11:11:02 INFO log.PerfLogger: </PERFLOG method=compile start=1441815062714 end=1441815062715 duration=1 from=org.apache.hadoop.hive.ql.Driver>
15/09/09 11:11:02 INFO log.PerfLogger: <PERFLOG method=Driver.execute from=org.apache.hadoop.hive.ql.Driver>
15/09/09 11:11:02 INFO ql.Driver: Starting command: create database foo
15/09/09 11:11:02 INFO log.PerfLogger: </PERFLOG method=TimeToSubmit start=1441815062714 end=1441815062715 duration=1 from=org.apache.hadoop.hive.ql.Driver>
15/09/09 11:11:02 INFO log.PerfLogger: <PERFLOG method=runTasks from=org.apache.hadoop.hive.ql.Driver>
15/09/09 11:11:02 INFO log.PerfLogger: <PERFLOG method=task.DDL.Stage-0 from=org.apache.hadoop.hive.ql.Driver>
15/09/09 11:11:02 INFO metastore.HiveMetaStore: 0: create_database: Database(name:foo, description:null, locationUri:null, parameters:null, ownerName:hpatel, ownerType:USER)
15/09/09 11:11:02 INFO HiveMetaStore.audit: ugi=hpatel	ip=unknown-ip-addr	cmd=create_database: Database(name:foo, description:null, locationUri:null, parameters:null, ownerName:hpatel, ownerType:USER)	
15/09/09 11:11:02 INFO metastore.HiveMetaStore: 0: get_database: foo
15/09/09 11:11:02 INFO HiveMetaStore.audit: ugi=hpatel	ip=unknown-ip-addr	cmd=get_database: foo	
15/09/09 11:11:02 INFO common.FileUtils: Creating directory if it doesn't exist: file:/var/folders/y7/4_pz5fzx54ngcmghz3v6t3m00000gn/T/junit363386974887880469/warehouse/foo.db
15/09/09 11:11:02 INFO log.PerfLogger: </PERFLOG method=runTasks start=1441815062715 end=1441815062746 duration=31 from=org.apache.hadoop.hive.ql.Driver>
15/09/09 11:11:02 INFO log.PerfLogger: </PERFLOG method=Driver.execute start=1441815062715 end=1441815062746 duration=31 from=org.apache.hadoop.hive.ql.Driver>
OK
15/09/09 11:11:02 INFO ql.Driver: OK
15/09/09 11:11:02 INFO log.PerfLogger: <PERFLOG method=releaseLocks from=org.apache.hadoop.hive.ql.Driver>
15/09/09 11:11:02 INFO log.PerfLogger: </PERFLOG method=releaseLocks start=1441815062746 end=1441815062746 duration=0 from=org.apache.hadoop.hive.ql.Driver>
15/09/09 11:11:02 INFO log.PerfLogger: </PERFLOG method=Driver.run start=1441815062714 end=1441815062746 duration=32 from=org.apache.hadoop.hive.ql.Driver>
15/09/09 11:11:02 INFO service.HiveServer: Running the query: show databases
15/09/09 11:11:02 INFO log.PerfLogger: <PERFLOG method=Driver.run from=org.apache.hadoop.hive.ql.Driver>
15/09/09 11:11:02 INFO log.PerfLogger: <PERFLOG method=TimeToSubmit from=org.apache.hadoop.hive.ql.Driver>
15/09/09 11:11:02 INFO ql.Driver: Concurrency mode is disabled, not creating a lock manager
15/09/09 11:11:02 INFO log.PerfLogger: <PERFLOG method=compile from=org.apache.hadoop.hive.ql.Driver>
15/09/09 11:11:02 INFO log.PerfLogger: <PERFLOG method=parse from=org.apache.hadoop.hive.ql.Driver>
15/09/09 11:11:02 INFO parse.ParseDriver: Parsing command: show databases
15/09/09 11:11:02 INFO parse.ParseDriver: Parse Completed
15/09/09 11:11:02 INFO log.PerfLogger: </PERFLOG method=parse start=1441815062746 end=1441815062747 duration=1 from=org.apache.hadoop.hive.ql.Driver>
15/09/09 11:11:02 INFO log.PerfLogger: <PERFLOG method=semanticAnalyze from=org.apache.hadoop.hive.ql.Driver>
15/09/09 11:11:02 INFO ql.Driver: Semantic Analysis Completed
15/09/09 11:11:02 INFO log.PerfLogger: </PERFLOG method=semanticAnalyze start=1441815062747 end=1441815062750 duration=3 from=org.apache.hadoop.hive.ql.Driver>
15/09/09 11:11:02 INFO exec.ListSinkOperator: Initializing Self 116 OP
15/09/09 11:11:02 INFO exec.ListSinkOperator: Operator 116 OP initialized
15/09/09 11:11:02 INFO exec.ListSinkOperator: Initialization Done 116 OP
15/09/09 11:11:02 INFO ql.Driver: Returning Hive schema: Schema(fieldSchemas:[FieldSchema(name:database_name, type:string, comment:from deserializer)], properties:null)
15/09/09 11:11:02 INFO log.PerfLogger: </PERFLOG method=compile start=1441815062746 end=1441815062751 duration=5 from=org.apache.hadoop.hive.ql.Driver>
15/09/09 11:11:02 INFO log.PerfLogger: <PERFLOG method=Driver.execute from=org.apache.hadoop.hive.ql.Driver>
15/09/09 11:11:02 INFO ql.Driver: Starting command: show databases
15/09/09 11:11:02 INFO log.PerfLogger: </PERFLOG method=TimeToSubmit start=1441815062746 end=1441815062751 duration=5 from=org.apache.hadoop.hive.ql.Driver>
15/09/09 11:11:02 INFO log.PerfLogger: <PERFLOG method=runTasks from=org.apache.hadoop.hive.ql.Driver>
15/09/09 11:11:02 INFO log.PerfLogger: <PERFLOG method=task.DDL.Stage-0 from=org.apache.hadoop.hive.ql.Driver>
15/09/09 11:11:02 INFO metastore.HiveMetaStore: 0: get_all_databases
15/09/09 11:11:02 INFO HiveMetaStore.audit: ugi=hpatel	ip=unknown-ip-addr	cmd=get_all_databases	
15/09/09 11:11:02 INFO exec.DDLTask: results : 2
15/09/09 11:11:02 INFO log.PerfLogger: </PERFLOG method=runTasks start=1441815062751 end=1441815062757 duration=6 from=org.apache.hadoop.hive.ql.Driver>
15/09/09 11:11:02 INFO log.PerfLogger: </PERFLOG method=Driver.execute start=1441815062751 end=1441815062757 duration=6 from=org.apache.hadoop.hive.ql.Driver>
OK
15/09/09 11:11:02 INFO ql.Driver: OK
15/09/09 11:11:02 INFO log.PerfLogger: <PERFLOG method=releaseLocks from=org.apache.hadoop.hive.ql.Driver>
15/09/09 11:11:02 INFO log.PerfLogger: </PERFLOG method=releaseLocks start=1441815062757 end=1441815062757 duration=0 from=org.apache.hadoop.hive.ql.Driver>
15/09/09 11:11:02 INFO log.PerfLogger: </PERFLOG method=Driver.run start=1441815062746 end=1441815062757 duration=11 from=org.apache.hadoop.hive.ql.Driver>
15/09/09 11:11:02 INFO mapred.FileInputFormat: Total input paths to process : 1
15/09/09 11:11:02 INFO service.HiveServer: Running the query: USE default
15/09/09 11:11:02 INFO exec.ListSinkOperator: 116 finished. closing... 
15/09/09 11:11:02 INFO exec.ListSinkOperator: 116 Close done
15/09/09 11:11:02 INFO log.PerfLogger: <PERFLOG method=Driver.run from=org.apache.hadoop.hive.ql.Driver>
15/09/09 11:11:02 INFO log.PerfLogger: <PERFLOG method=TimeToSubmit from=org.apache.hadoop.hive.ql.Driver>
15/09/09 11:11:02 INFO ql.Driver: Concurrency mode is disabled, not creating a lock manager
15/09/09 11:11:02 INFO log.PerfLogger: <PERFLOG method=compile from=org.apache.hadoop.hive.ql.Driver>
15/09/09 11:11:02 INFO log.PerfLogger: <PERFLOG method=parse from=org.apache.hadoop.hive.ql.Driver>
15/09/09 11:11:02 INFO parse.ParseDriver: Parsing command: USE default
15/09/09 11:11:02 INFO parse.ParseDriver: Parse Completed
15/09/09 11:11:02 INFO log.PerfLogger: </PERFLOG method=parse start=1441815062759 end=1441815062759 duration=0 from=org.apache.hadoop.hive.ql.Driver>
15/09/09 11:11:02 INFO log.PerfLogger: <PERFLOG method=semanticAnalyze from=org.apache.hadoop.hive.ql.Driver>
15/09/09 11:11:02 INFO ql.Driver: Semantic Analysis Completed
15/09/09 11:11:02 INFO log.PerfLogger: </PERFLOG method=semanticAnalyze start=1441815062759 end=1441815062759 duration=0 from=org.apache.hadoop.hive.ql.Driver>
15/09/09 11:11:02 INFO ql.Driver: Returning Hive schema: Schema(fieldSchemas:null, properties:null)
15/09/09 11:11:02 INFO log.PerfLogger: </PERFLOG method=compile start=1441815062759 end=1441815062759 duration=0 from=org.apache.hadoop.hive.ql.Driver>
15/09/09 11:11:02 INFO log.PerfLogger: <PERFLOG method=Driver.execute from=org.apache.hadoop.hive.ql.Driver>
15/09/09 11:11:02 INFO ql.Driver: Starting command: USE default
15/09/09 11:11:02 INFO log.PerfLogger: </PERFLOG method=TimeToSubmit start=1441815062759 end=1441815062759 duration=0 from=org.apache.hadoop.hive.ql.Driver>
15/09/09 11:11:02 INFO log.PerfLogger: <PERFLOG method=runTasks from=org.apache.hadoop.hive.ql.Driver>
15/09/09 11:11:02 INFO log.PerfLogger: <PERFLOG method=task.DDL.Stage-0 from=org.apache.hadoop.hive.ql.Driver>
15/09/09 11:11:02 INFO metastore.HiveMetaStore: 0: get_database: default
15/09/09 11:11:02 INFO HiveMetaStore.audit: ugi=hpatel	ip=unknown-ip-addr	cmd=get_database: default	
15/09/09 11:11:02 INFO metastore.HiveMetaStore: 0: get_database: default
15/09/09 11:11:02 INFO HiveMetaStore.audit: ugi=hpatel	ip=unknown-ip-addr	cmd=get_database: default	
15/09/09 11:11:02 INFO log.PerfLogger: </PERFLOG method=runTasks start=1441815062759 end=1441815062762 duration=3 from=org.apache.hadoop.hive.ql.Driver>
15/09/09 11:11:02 INFO log.PerfLogger: </PERFLOG method=Driver.execute start=1441815062759 end=1441815062762 duration=3 from=org.apache.hadoop.hive.ql.Driver>
OK
15/09/09 11:11:02 INFO ql.Driver: OK
15/09/09 11:11:02 INFO log.PerfLogger: <PERFLOG method=releaseLocks from=org.apache.hadoop.hive.ql.Driver>
15/09/09 11:11:02 INFO log.PerfLogger: </PERFLOG method=releaseLocks start=1441815062762 end=1441815062762 duration=0 from=org.apache.hadoop.hive.ql.Driver>
15/09/09 11:11:02 INFO log.PerfLogger: </PERFLOG method=Driver.run start=1441815062759 end=1441815062762 duration=3 from=org.apache.hadoop.hive.ql.Driver>
15/09/09 11:11:02 INFO metastore.HiveMetaStore: 0: Shutting down the object store...
15/09/09 11:11:02 INFO HiveMetaStore.audit: ugi=hpatel	ip=unknown-ip-addr	cmd=Shutting down the object store...	
15/09/09 11:11:02 INFO metastore.HiveMetaStore: 0: Metastore shutdown complete.
15/09/09 11:11:02 INFO HiveMetaStore.audit: ugi=hpatel	ip=unknown-ip-addr	cmd=Metastore shutdown complete.	
15/09/09 11:11:02 INFO hiverunner.HiveServerContainer: Tore down HiveServer instance
15/09/09 11:11:02 INFO metastore.HiveMetaStore: 0: Opening raw store with implemenation class:org.apache.hadoop.hive.metastore.ObjectStore
15/09/09 11:11:02 INFO metastore.ObjectStore: ObjectStore, initialize called
15/09/09 11:11:02 INFO DataNucleus.Persistence: Property datanucleus.cache.level2 unknown - will be ignored
15/09/09 11:11:02 INFO DataNucleus.Persistence: Property hive.metastore.integral.jdo.pushdown unknown - will be ignored
15/09/09 11:11:02 INFO metastore.ObjectStore: Setting MetaStore object pin classes with hive.metastore.cache.pinobjtypes="Table,StorageDescriptor,SerDeInfo,Partition,Database,Type,FieldSchema,Order"
15/09/09 11:11:02 INFO metastore.MetaStoreDirectSql: MySQL check failed, assuming we are not on mysql: unknown token: 
15/09/09 11:11:02 INFO DataNucleus.Datastore: The class "org.apache.hadoop.hive.metastore.model.MFieldSchema" is tagged as "embedded-only" so does not have its own datastore table.
15/09/09 11:11:02 INFO DataNucleus.Datastore: The class "org.apache.hadoop.hive.metastore.model.MOrder" is tagged as "embedded-only" so does not have its own datastore table.
15/09/09 11:11:02 INFO DataNucleus.Datastore: The class "org.apache.hadoop.hive.metastore.model.MFieldSchema" is tagged as "embedded-only" so does not have its own datastore table.
15/09/09 11:11:02 INFO DataNucleus.Datastore: The class "org.apache.hadoop.hive.metastore.model.MOrder" is tagged as "embedded-only" so does not have its own datastore table.
15/09/09 11:11:02 INFO metastore.ObjectStore: Initialized ObjectStore
15/09/09 11:11:02 INFO metastore.HiveMetaStore: No user is added in admin role, since config is empty
15/09/09 11:11:02 INFO metastore.HiveMetaStore: 0: Shutting down the object store...
15/09/09 11:11:02 INFO HiveMetaStore.audit: ugi=hpatel	ip=unknown-ip-addr	cmd=Shutting down the object store...	
15/09/09 11:11:02 INFO metastore.HiveMetaStore: 0: Metastore shutdown complete.
15/09/09 11:11:02 INFO HiveMetaStore.audit: ugi=hpatel	ip=unknown-ip-addr	cmd=Metastore shutdown complete.	
15/09/09 11:11:02 INFO metastore.HiveMetaStore: No user is added in admin role, since config is empty
15/09/09 11:11:02 INFO session.SessionState: No Tez session required at this point. hive.execution.engine=mr.
15/09/09 11:11:02 INFO service.HiveServer: Putting temp output to file /var/folders/y7/4_pz5fzx54ngcmghz3v6t3m00000gn/T/junit3068378372060865140/localscratchdir/72e34d7f-5427-40da-bebe-da221bd2390c7587610196882406625.pipeout
15/09/09 11:11:02 INFO service.HiveServer: Running the query: SHOW TABLES
15/09/09 11:11:02 INFO log.PerfLogger: <PERFLOG method=Driver.run from=org.apache.hadoop.hive.ql.Driver>
15/09/09 11:11:02 INFO log.PerfLogger: <PERFLOG method=TimeToSubmit from=org.apache.hadoop.hive.ql.Driver>
15/09/09 11:11:02 INFO ql.Driver: Concurrency mode is disabled, not creating a lock manager
15/09/09 11:11:02 INFO log.PerfLogger: <PERFLOG method=compile from=org.apache.hadoop.hive.ql.Driver>
15/09/09 11:11:02 INFO log.PerfLogger: <PERFLOG method=parse from=org.apache.hadoop.hive.ql.Driver>
15/09/09 11:11:02 INFO parse.ParseDriver: Parsing command: SHOW TABLES
15/09/09 11:11:02 INFO parse.ParseDriver: Parse Completed
15/09/09 11:11:02 INFO log.PerfLogger: </PERFLOG method=parse start=1441815062947 end=1441815062947 duration=0 from=org.apache.hadoop.hive.ql.Driver>
15/09/09 11:11:02 INFO log.PerfLogger: <PERFLOG method=semanticAnalyze from=org.apache.hadoop.hive.ql.Driver>
15/09/09 11:11:02 INFO ql.Driver: Semantic Analysis Completed
15/09/09 11:11:02 INFO log.PerfLogger: </PERFLOG method=semanticAnalyze start=1441815062947 end=1441815062951 duration=4 from=org.apache.hadoop.hive.ql.Driver>
15/09/09 11:11:02 INFO exec.ListSinkOperator: Initializing Self 117 OP
15/09/09 11:11:02 INFO exec.ListSinkOperator: Operator 117 OP initialized
15/09/09 11:11:02 INFO exec.ListSinkOperator: Initialization Done 117 OP
15/09/09 11:11:02 INFO ql.Driver: Returning Hive schema: Schema(fieldSchemas:[FieldSchema(name:tab_name, type:string, comment:from deserializer)], properties:null)
15/09/09 11:11:02 INFO log.PerfLogger: </PERFLOG method=compile start=1441815062946 end=1441815062951 duration=5 from=org.apache.hadoop.hive.ql.Driver>
15/09/09 11:11:02 INFO log.PerfLogger: <PERFLOG method=Driver.execute from=org.apache.hadoop.hive.ql.Driver>
15/09/09 11:11:02 INFO ql.Driver: Starting command: SHOW TABLES
15/09/09 11:11:02 INFO log.PerfLogger: </PERFLOG method=TimeToSubmit start=1441815062946 end=1441815062951 duration=5 from=org.apache.hadoop.hive.ql.Driver>
15/09/09 11:11:02 INFO log.PerfLogger: <PERFLOG method=runTasks from=org.apache.hadoop.hive.ql.Driver>
15/09/09 11:11:02 INFO log.PerfLogger: <PERFLOG method=task.DDL.Stage-0 from=org.apache.hadoop.hive.ql.Driver>
15/09/09 11:11:02 INFO metastore.HiveMetaStore: 0: get_database: default
15/09/09 11:11:02 INFO HiveMetaStore.audit: ugi=hpatel	ip=unknown-ip-addr	cmd=get_database: default	
15/09/09 11:11:02 INFO metastore.HiveMetaStore: 0: Opening raw store with implemenation class:org.apache.hadoop.hive.metastore.ObjectStore
15/09/09 11:11:02 INFO metastore.ObjectStore: ObjectStore, initialize called
15/09/09 11:11:02 INFO metastore.MetaStoreDirectSql: MySQL check failed, assuming we are not on mysql: unknown token: 
15/09/09 11:11:02 INFO DataNucleus.Query: Reading in results for query "org.datanucleus.store.rdbms.query.SQLQuery@0" since the connection used is closing
15/09/09 11:11:02 INFO metastore.ObjectStore: Initialized ObjectStore
15/09/09 11:11:02 INFO metastore.HiveMetaStore: 0: get_tables: db=default pat=.*
15/09/09 11:11:02 INFO HiveMetaStore.audit: ugi=hpatel	ip=unknown-ip-addr	cmd=get_tables: db=default pat=.*	
15/09/09 11:11:02 INFO log.PerfLogger: </PERFLOG method=runTasks start=1441815062952 end=1441815062961 duration=9 from=org.apache.hadoop.hive.ql.Driver>
15/09/09 11:11:02 INFO log.PerfLogger: </PERFLOG method=Driver.execute start=1441815062951 end=1441815062961 duration=10 from=org.apache.hadoop.hive.ql.Driver>
OK
15/09/09 11:11:02 INFO ql.Driver: OK
15/09/09 11:11:02 INFO log.PerfLogger: <PERFLOG method=releaseLocks from=org.apache.hadoop.hive.ql.Driver>
15/09/09 11:11:02 INFO log.PerfLogger: </PERFLOG method=releaseLocks start=1441815062961 end=1441815062961 duration=0 from=org.apache.hadoop.hive.ql.Driver>
15/09/09 11:11:02 INFO log.PerfLogger: </PERFLOG method=Driver.run start=1441815062946 end=1441815062961 duration=15 from=org.apache.hadoop.hive.ql.Driver>
15/09/09 11:11:02 INFO builder.HiveShellTearable: Executing script: create database foo;
15/09/09 11:11:02 INFO service.HiveServer: Running the query: create database foo
15/09/09 11:11:02 INFO exec.ListSinkOperator: 117 finished. closing... 
15/09/09 11:11:02 INFO exec.ListSinkOperator: 117 Close done
15/09/09 11:11:02 INFO log.PerfLogger: <PERFLOG method=Driver.run from=org.apache.hadoop.hive.ql.Driver>
15/09/09 11:11:02 INFO log.PerfLogger: <PERFLOG method=TimeToSubmit from=org.apache.hadoop.hive.ql.Driver>
15/09/09 11:11:02 INFO ql.Driver: Concurrency mode is disabled, not creating a lock manager
15/09/09 11:11:02 INFO log.PerfLogger: <PERFLOG method=compile from=org.apache.hadoop.hive.ql.Driver>
15/09/09 11:11:02 INFO log.PerfLogger: <PERFLOG method=parse from=org.apache.hadoop.hive.ql.Driver>
15/09/09 11:11:02 INFO parse.ParseDriver: Parsing command: create database foo
15/09/09 11:11:02 INFO parse.ParseDriver: Parse Completed
15/09/09 11:11:02 INFO log.PerfLogger: </PERFLOG method=parse start=1441815062962 end=1441815062962 duration=0 from=org.apache.hadoop.hive.ql.Driver>
15/09/09 11:11:02 INFO log.PerfLogger: <PERFLOG method=semanticAnalyze from=org.apache.hadoop.hive.ql.Driver>
15/09/09 11:11:02 INFO ql.Driver: Semantic Analysis Completed
15/09/09 11:11:02 INFO log.PerfLogger: </PERFLOG method=semanticAnalyze start=1441815062962 end=1441815062962 duration=0 from=org.apache.hadoop.hive.ql.Driver>
15/09/09 11:11:02 INFO ql.Driver: Returning Hive schema: Schema(fieldSchemas:null, properties:null)
15/09/09 11:11:02 INFO log.PerfLogger: </PERFLOG method=compile start=1441815062962 end=1441815062963 duration=1 from=org.apache.hadoop.hive.ql.Driver>
15/09/09 11:11:02 INFO log.PerfLogger: <PERFLOG method=Driver.execute from=org.apache.hadoop.hive.ql.Driver>
15/09/09 11:11:02 INFO ql.Driver: Starting command: create database foo
15/09/09 11:11:02 INFO log.PerfLogger: </PERFLOG method=TimeToSubmit start=1441815062962 end=1441815062963 duration=1 from=org.apache.hadoop.hive.ql.Driver>
15/09/09 11:11:02 INFO log.PerfLogger: <PERFLOG method=runTasks from=org.apache.hadoop.hive.ql.Driver>
15/09/09 11:11:02 INFO log.PerfLogger: <PERFLOG method=task.DDL.Stage-0 from=org.apache.hadoop.hive.ql.Driver>
15/09/09 11:11:02 INFO metastore.HiveMetaStore: 0: create_database: Database(name:foo, description:null, locationUri:null, parameters:null, ownerName:hpatel, ownerType:USER)
15/09/09 11:11:02 INFO HiveMetaStore.audit: ugi=hpatel	ip=unknown-ip-addr	cmd=create_database: Database(name:foo, description:null, locationUri:null, parameters:null, ownerName:hpatel, ownerType:USER)	
15/09/09 11:11:02 INFO metastore.HiveMetaStore: 0: get_database: foo
15/09/09 11:11:02 INFO HiveMetaStore.audit: ugi=hpatel	ip=unknown-ip-addr	cmd=get_database: foo	
15/09/09 11:11:02 INFO common.FileUtils: Creating directory if it doesn't exist: file:/var/folders/y7/4_pz5fzx54ngcmghz3v6t3m00000gn/T/junit3068378372060865140/warehouse/foo.db
15/09/09 11:11:02 INFO log.PerfLogger: </PERFLOG method=runTasks start=1441815062963 end=1441815062995 duration=32 from=org.apache.hadoop.hive.ql.Driver>
15/09/09 11:11:02 INFO log.PerfLogger: </PERFLOG method=Driver.execute start=1441815062963 end=1441815062995 duration=32 from=org.apache.hadoop.hive.ql.Driver>
OK
15/09/09 11:11:02 INFO ql.Driver: OK
15/09/09 11:11:02 INFO log.PerfLogger: <PERFLOG method=releaseLocks from=org.apache.hadoop.hive.ql.Driver>
15/09/09 11:11:02 INFO log.PerfLogger: </PERFLOG method=releaseLocks start=1441815062995 end=1441815062995 duration=0 from=org.apache.hadoop.hive.ql.Driver>
15/09/09 11:11:02 INFO log.PerfLogger: </PERFLOG method=Driver.run start=1441815062962 end=1441815062995 duration=33 from=org.apache.hadoop.hive.ql.Driver>
15/09/09 11:11:02 INFO builder.HiveShellTearable: Executing script: use foo;
15/09/09 11:11:02 INFO service.HiveServer: Running the query: use foo
15/09/09 11:11:02 INFO log.PerfLogger: <PERFLOG method=Driver.run from=org.apache.hadoop.hive.ql.Driver>
15/09/09 11:11:02 INFO log.PerfLogger: <PERFLOG method=TimeToSubmit from=org.apache.hadoop.hive.ql.Driver>
15/09/09 11:11:02 INFO ql.Driver: Concurrency mode is disabled, not creating a lock manager
15/09/09 11:11:02 INFO log.PerfLogger: <PERFLOG method=compile from=org.apache.hadoop.hive.ql.Driver>
15/09/09 11:11:02 INFO log.PerfLogger: <PERFLOG method=parse from=org.apache.hadoop.hive.ql.Driver>
15/09/09 11:11:02 INFO parse.ParseDriver: Parsing command: use foo
15/09/09 11:11:02 INFO parse.ParseDriver: Parse Completed
15/09/09 11:11:02 INFO log.PerfLogger: </PERFLOG method=parse start=1441815062996 end=1441815062996 duration=0 from=org.apache.hadoop.hive.ql.Driver>
15/09/09 11:11:02 INFO log.PerfLogger: <PERFLOG method=semanticAnalyze from=org.apache.hadoop.hive.ql.Driver>
15/09/09 11:11:02 INFO ql.Driver: Semantic Analysis Completed
15/09/09 11:11:02 INFO log.PerfLogger: </PERFLOG method=semanticAnalyze start=1441815062996 end=1441815062996 duration=0 from=org.apache.hadoop.hive.ql.Driver>
15/09/09 11:11:02 INFO ql.Driver: Returning Hive schema: Schema(fieldSchemas:null, properties:null)
15/09/09 11:11:02 INFO log.PerfLogger: </PERFLOG method=compile start=1441815062995 end=1441815062996 duration=1 from=org.apache.hadoop.hive.ql.Driver>
15/09/09 11:11:02 INFO log.PerfLogger: <PERFLOG method=Driver.execute from=org.apache.hadoop.hive.ql.Driver>
15/09/09 11:11:02 INFO ql.Driver: Starting command: use foo
15/09/09 11:11:02 INFO log.PerfLogger: </PERFLOG method=TimeToSubmit start=1441815062995 end=1441815062996 duration=1 from=org.apache.hadoop.hive.ql.Driver>
15/09/09 11:11:02 INFO log.PerfLogger: <PERFLOG method=runTasks from=org.apache.hadoop.hive.ql.Driver>
15/09/09 11:11:02 INFO log.PerfLogger: <PERFLOG method=task.DDL.Stage-0 from=org.apache.hadoop.hive.ql.Driver>
15/09/09 11:11:02 INFO metastore.HiveMetaStore: 0: get_database: foo
15/09/09 11:11:02 INFO HiveMetaStore.audit: ugi=hpatel	ip=unknown-ip-addr	cmd=get_database: foo	
15/09/09 11:11:02 INFO metastore.HiveMetaStore: 0: get_database: foo
15/09/09 11:11:02 INFO HiveMetaStore.audit: ugi=hpatel	ip=unknown-ip-addr	cmd=get_database: foo	
15/09/09 11:11:02 INFO log.PerfLogger: </PERFLOG method=runTasks start=1441815062996 end=1441815062999 duration=3 from=org.apache.hadoop.hive.ql.Driver>
15/09/09 11:11:02 INFO log.PerfLogger: </PERFLOG method=Driver.execute start=1441815062996 end=1441815062999 duration=3 from=org.apache.hadoop.hive.ql.Driver>
OK
15/09/09 11:11:02 INFO ql.Driver: OK
15/09/09 11:11:02 INFO log.PerfLogger: <PERFLOG method=releaseLocks from=org.apache.hadoop.hive.ql.Driver>
15/09/09 11:11:02 INFO log.PerfLogger: </PERFLOG method=releaseLocks start=1441815062999 end=1441815062999 duration=0 from=org.apache.hadoop.hive.ql.Driver>
15/09/09 11:11:02 INFO log.PerfLogger: </PERFLOG method=Driver.run start=1441815062995 end=1441815062999 duration=4 from=org.apache.hadoop.hive.ql.Driver>
15/09/09 11:11:02 INFO builder.HiveShellTearable: Executing script: create table bar(id int)
15/09/09 11:11:02 INFO service.HiveServer: Running the query: create table bar(id int)
15/09/09 11:11:02 INFO log.PerfLogger: <PERFLOG method=Driver.run from=org.apache.hadoop.hive.ql.Driver>
15/09/09 11:11:02 INFO log.PerfLogger: <PERFLOG method=TimeToSubmit from=org.apache.hadoop.hive.ql.Driver>
15/09/09 11:11:02 INFO ql.Driver: Concurrency mode is disabled, not creating a lock manager
15/09/09 11:11:02 INFO log.PerfLogger: <PERFLOG method=compile from=org.apache.hadoop.hive.ql.Driver>
15/09/09 11:11:02 INFO log.PerfLogger: <PERFLOG method=parse from=org.apache.hadoop.hive.ql.Driver>
15/09/09 11:11:02 INFO parse.ParseDriver: Parsing command: create table bar(id int)
15/09/09 11:11:03 INFO parse.ParseDriver: Parse Completed
15/09/09 11:11:03 INFO log.PerfLogger: </PERFLOG method=parse start=1441815062999 end=1441815063000 duration=1 from=org.apache.hadoop.hive.ql.Driver>
15/09/09 11:11:03 INFO log.PerfLogger: <PERFLOG method=semanticAnalyze from=org.apache.hadoop.hive.ql.Driver>
15/09/09 11:11:03 INFO parse.SemanticAnalyzer: Starting Semantic Analysis
15/09/09 11:11:03 INFO parse.SemanticAnalyzer: Creating table bar position=13
15/09/09 11:11:03 INFO metastore.HiveMetaStore: 0: get_database: foo
15/09/09 11:11:03 INFO HiveMetaStore.audit: ugi=hpatel	ip=unknown-ip-addr	cmd=get_database: foo	
15/09/09 11:11:03 INFO ql.Driver: Semantic Analysis Completed
15/09/09 11:11:03 INFO log.PerfLogger: </PERFLOG method=semanticAnalyze start=1441815063000 end=1441815063001 duration=1 from=org.apache.hadoop.hive.ql.Driver>
15/09/09 11:11:03 INFO ql.Driver: Returning Hive schema: Schema(fieldSchemas:null, properties:null)
15/09/09 11:11:03 INFO log.PerfLogger: </PERFLOG method=compile start=1441815062999 end=1441815063001 duration=2 from=org.apache.hadoop.hive.ql.Driver>
15/09/09 11:11:03 INFO log.PerfLogger: <PERFLOG method=Driver.execute from=org.apache.hadoop.hive.ql.Driver>
15/09/09 11:11:03 INFO ql.Driver: Starting command: create table bar(id int)
15/09/09 11:11:03 INFO log.PerfLogger: </PERFLOG method=TimeToSubmit start=1441815062999 end=1441815063001 duration=2 from=org.apache.hadoop.hive.ql.Driver>
15/09/09 11:11:03 INFO log.PerfLogger: <PERFLOG method=runTasks from=org.apache.hadoop.hive.ql.Driver>
15/09/09 11:11:03 INFO log.PerfLogger: <PERFLOG method=task.DDL.Stage-0 from=org.apache.hadoop.hive.ql.Driver>
15/09/09 11:11:03 INFO metastore.HiveMetaStore: 0: create_table: Table(tableName:bar, dbName:foo, owner:hpatel, createTime:1441815063, lastAccessTime:0, retention:0, sd:StorageDescriptor(cols:[FieldSchema(name:id, type:int, comment:null)], location:null, inputFormat:org.apache.hadoop.mapred.TextInputFormat, outputFormat:org.apache.hadoop.hive.ql.io.HiveIgnoreKeyTextOutputFormat, compressed:false, numBuckets:-1, serdeInfo:SerDeInfo(name:null, serializationLib:org.apache.hadoop.hive.serde2.lazy.LazySimpleSerDe, parameters:{serialization.format=1}), bucketCols:[], sortCols:[], parameters:{}, skewedInfo:SkewedInfo(skewedColNames:[], skewedColValues:[], skewedColValueLocationMaps:{}), storedAsSubDirectories:false), partitionKeys:[], parameters:{}, viewOriginalText:null, viewExpandedText:null, tableType:MANAGED_TABLE)
15/09/09 11:11:03 INFO HiveMetaStore.audit: ugi=hpatel	ip=unknown-ip-addr	cmd=create_table: Table(tableName:bar, dbName:foo, owner:hpatel, createTime:1441815063, lastAccessTime:0, retention:0, sd:StorageDescriptor(cols:[FieldSchema(name:id, type:int, comment:null)], location:null, inputFormat:org.apache.hadoop.mapred.TextInputFormat, outputFormat:org.apache.hadoop.hive.ql.io.HiveIgnoreKeyTextOutputFormat, compressed:false, numBuckets:-1, serdeInfo:SerDeInfo(name:null, serializationLib:org.apache.hadoop.hive.serde2.lazy.LazySimpleSerDe, parameters:{serialization.format=1}), bucketCols:[], sortCols:[], parameters:{}, skewedInfo:SkewedInfo(skewedColNames:[], skewedColValues:[], skewedColValueLocationMaps:{}), storedAsSubDirectories:false), partitionKeys:[], parameters:{}, viewOriginalText:null, viewExpandedText:null, tableType:MANAGED_TABLE)	
15/09/09 11:11:03 INFO common.FileUtils: Creating directory if it doesn't exist: file:/var/folders/y7/4_pz5fzx54ngcmghz3v6t3m00000gn/T/junit3068378372060865140/warehouse/foo.db/bar
15/09/09 11:11:03 INFO log.PerfLogger: </PERFLOG method=runTasks start=1441815063001 end=1441815063025 duration=24 from=org.apache.hadoop.hive.ql.Driver>
15/09/09 11:11:03 INFO log.PerfLogger: </PERFLOG method=Driver.execute start=1441815063001 end=1441815063025 duration=24 from=org.apache.hadoop.hive.ql.Driver>
OK
15/09/09 11:11:03 INFO ql.Driver: OK
15/09/09 11:11:03 INFO log.PerfLogger: <PERFLOG method=releaseLocks from=org.apache.hadoop.hive.ql.Driver>
15/09/09 11:11:03 INFO log.PerfLogger: </PERFLOG method=releaseLocks start=1441815063025 end=1441815063025 duration=0 from=org.apache.hadoop.hive.ql.Driver>
15/09/09 11:11:03 INFO log.PerfLogger: </PERFLOG method=Driver.run start=1441815062999 end=1441815063025 duration=26 from=org.apache.hadoop.hive.ql.Driver>
15/09/09 11:11:03 INFO service.HiveServer: Running the query: show tables in foo
15/09/09 11:11:03 INFO log.PerfLogger: <PERFLOG method=Driver.run from=org.apache.hadoop.hive.ql.Driver>
15/09/09 11:11:03 INFO log.PerfLogger: <PERFLOG method=TimeToSubmit from=org.apache.hadoop.hive.ql.Driver>
15/09/09 11:11:03 INFO ql.Driver: Concurrency mode is disabled, not creating a lock manager
15/09/09 11:11:03 INFO log.PerfLogger: <PERFLOG method=compile from=org.apache.hadoop.hive.ql.Driver>
15/09/09 11:11:03 INFO log.PerfLogger: <PERFLOG method=parse from=org.apache.hadoop.hive.ql.Driver>
15/09/09 11:11:03 INFO parse.ParseDriver: Parsing command: show tables in foo
15/09/09 11:11:03 INFO parse.ParseDriver: Parse Completed
15/09/09 11:11:03 INFO log.PerfLogger: </PERFLOG method=parse start=1441815063025 end=1441815063025 duration=0 from=org.apache.hadoop.hive.ql.Driver>
15/09/09 11:11:03 INFO log.PerfLogger: <PERFLOG method=semanticAnalyze from=org.apache.hadoop.hive.ql.Driver>
15/09/09 11:11:03 INFO metastore.HiveMetaStore: 0: get_database: foo
15/09/09 11:11:03 INFO HiveMetaStore.audit: ugi=hpatel	ip=unknown-ip-addr	cmd=get_database: foo	
15/09/09 11:11:03 INFO ql.Driver: Semantic Analysis Completed
15/09/09 11:11:03 INFO log.PerfLogger: </PERFLOG method=semanticAnalyze start=1441815063025 end=1441815063031 duration=6 from=org.apache.hadoop.hive.ql.Driver>
15/09/09 11:11:03 INFO exec.ListSinkOperator: Initializing Self 118 OP
15/09/09 11:11:03 INFO exec.ListSinkOperator: Operator 118 OP initialized
15/09/09 11:11:03 INFO exec.ListSinkOperator: Initialization Done 118 OP
15/09/09 11:11:03 INFO ql.Driver: Returning Hive schema: Schema(fieldSchemas:[FieldSchema(name:tab_name, type:string, comment:from deserializer)], properties:null)
15/09/09 11:11:03 INFO log.PerfLogger: </PERFLOG method=compile start=1441815063025 end=1441815063031 duration=6 from=org.apache.hadoop.hive.ql.Driver>
15/09/09 11:11:03 INFO log.PerfLogger: <PERFLOG method=Driver.execute from=org.apache.hadoop.hive.ql.Driver>
15/09/09 11:11:03 INFO ql.Driver: Starting command: show tables in foo
15/09/09 11:11:03 INFO log.PerfLogger: </PERFLOG method=TimeToSubmit start=1441815063025 end=1441815063031 duration=6 from=org.apache.hadoop.hive.ql.Driver>
15/09/09 11:11:03 INFO log.PerfLogger: <PERFLOG method=runTasks from=org.apache.hadoop.hive.ql.Driver>
15/09/09 11:11:03 INFO log.PerfLogger: <PERFLOG method=task.DDL.Stage-0 from=org.apache.hadoop.hive.ql.Driver>
15/09/09 11:11:03 INFO metastore.HiveMetaStore: 0: get_database: foo
15/09/09 11:11:03 INFO HiveMetaStore.audit: ugi=hpatel	ip=unknown-ip-addr	cmd=get_database: foo	
15/09/09 11:11:03 INFO metastore.HiveMetaStore: 0: get_tables: db=foo pat=.*
15/09/09 11:11:03 INFO HiveMetaStore.audit: ugi=hpatel	ip=unknown-ip-addr	cmd=get_tables: db=foo pat=.*	
15/09/09 11:11:03 INFO log.PerfLogger: </PERFLOG method=runTasks start=1441815063031 end=1441815063037 duration=6 from=org.apache.hadoop.hive.ql.Driver>
15/09/09 11:11:03 INFO log.PerfLogger: </PERFLOG method=Driver.execute start=1441815063031 end=1441815063037 duration=6 from=org.apache.hadoop.hive.ql.Driver>
OK
15/09/09 11:11:03 INFO ql.Driver: OK
15/09/09 11:11:03 INFO log.PerfLogger: <PERFLOG method=releaseLocks from=org.apache.hadoop.hive.ql.Driver>
15/09/09 11:11:03 INFO log.PerfLogger: </PERFLOG method=releaseLocks start=1441815063037 end=1441815063037 duration=0 from=org.apache.hadoop.hive.ql.Driver>
15/09/09 11:11:03 INFO log.PerfLogger: </PERFLOG method=Driver.run start=1441815063025 end=1441815063037 duration=12 from=org.apache.hadoop.hive.ql.Driver>
15/09/09 11:11:03 INFO mapred.FileInputFormat: Total input paths to process : 1
15/09/09 11:11:03 INFO service.HiveServer: Running the query: USE default
15/09/09 11:11:03 INFO exec.ListSinkOperator: 118 finished. closing... 
15/09/09 11:11:03 INFO exec.ListSinkOperator: 118 Close done
15/09/09 11:11:03 INFO log.PerfLogger: <PERFLOG method=Driver.run from=org.apache.hadoop.hive.ql.Driver>
15/09/09 11:11:03 INFO log.PerfLogger: <PERFLOG method=TimeToSubmit from=org.apache.hadoop.hive.ql.Driver>
15/09/09 11:11:03 INFO ql.Driver: Concurrency mode is disabled, not creating a lock manager
15/09/09 11:11:03 INFO log.PerfLogger: <PERFLOG method=compile from=org.apache.hadoop.hive.ql.Driver>
15/09/09 11:11:03 INFO log.PerfLogger: <PERFLOG method=parse from=org.apache.hadoop.hive.ql.Driver>
15/09/09 11:11:03 INFO parse.ParseDriver: Parsing command: USE default
15/09/09 11:11:03 INFO parse.ParseDriver: Parse Completed
15/09/09 11:11:03 INFO log.PerfLogger: </PERFLOG method=parse start=1441815063039 end=1441815063040 duration=1 from=org.apache.hadoop.hive.ql.Driver>
15/09/09 11:11:03 INFO log.PerfLogger: <PERFLOG method=semanticAnalyze from=org.apache.hadoop.hive.ql.Driver>
15/09/09 11:11:03 INFO ql.Driver: Semantic Analysis Completed
15/09/09 11:11:03 INFO log.PerfLogger: </PERFLOG method=semanticAnalyze start=1441815063040 end=1441815063040 duration=0 from=org.apache.hadoop.hive.ql.Driver>
15/09/09 11:11:03 INFO ql.Driver: Returning Hive schema: Schema(fieldSchemas:null, properties:null)
15/09/09 11:11:03 INFO log.PerfLogger: </PERFLOG method=compile start=1441815063039 end=1441815063040 duration=1 from=org.apache.hadoop.hive.ql.Driver>
15/09/09 11:11:03 INFO log.PerfLogger: <PERFLOG method=Driver.execute from=org.apache.hadoop.hive.ql.Driver>
15/09/09 11:11:03 INFO ql.Driver: Starting command: USE default
15/09/09 11:11:03 INFO log.PerfLogger: </PERFLOG method=TimeToSubmit start=1441815063039 end=1441815063040 duration=1 from=org.apache.hadoop.hive.ql.Driver>
15/09/09 11:11:03 INFO log.PerfLogger: <PERFLOG method=runTasks from=org.apache.hadoop.hive.ql.Driver>
15/09/09 11:11:03 INFO log.PerfLogger: <PERFLOG method=task.DDL.Stage-0 from=org.apache.hadoop.hive.ql.Driver>
15/09/09 11:11:03 INFO metastore.HiveMetaStore: 0: get_database: default
15/09/09 11:11:03 INFO HiveMetaStore.audit: ugi=hpatel	ip=unknown-ip-addr	cmd=get_database: default	
15/09/09 11:11:03 INFO metastore.HiveMetaStore: 0: get_database: default
15/09/09 11:11:03 INFO HiveMetaStore.audit: ugi=hpatel	ip=unknown-ip-addr	cmd=get_database: default	
15/09/09 11:11:03 INFO log.PerfLogger: </PERFLOG method=runTasks start=1441815063040 end=1441815063042 duration=2 from=org.apache.hadoop.hive.ql.Driver>
15/09/09 11:11:03 INFO log.PerfLogger: </PERFLOG method=Driver.execute start=1441815063040 end=1441815063042 duration=2 from=org.apache.hadoop.hive.ql.Driver>
OK
15/09/09 11:11:03 INFO ql.Driver: OK
15/09/09 11:11:03 INFO log.PerfLogger: <PERFLOG method=releaseLocks from=org.apache.hadoop.hive.ql.Driver>
15/09/09 11:11:03 INFO log.PerfLogger: </PERFLOG method=releaseLocks start=1441815063042 end=1441815063042 duration=0 from=org.apache.hadoop.hive.ql.Driver>
15/09/09 11:11:03 INFO log.PerfLogger: </PERFLOG method=Driver.run start=1441815063039 end=1441815063042 duration=3 from=org.apache.hadoop.hive.ql.Driver>
15/09/09 11:11:03 INFO metastore.HiveMetaStore: 0: Shutting down the object store...
15/09/09 11:11:03 INFO HiveMetaStore.audit: ugi=hpatel	ip=unknown-ip-addr	cmd=Shutting down the object store...	
15/09/09 11:11:03 INFO metastore.HiveMetaStore: 0: Metastore shutdown complete.
15/09/09 11:11:03 INFO HiveMetaStore.audit: ugi=hpatel	ip=unknown-ip-addr	cmd=Metastore shutdown complete.	
15/09/09 11:11:03 INFO hiverunner.HiveServerContainer: Tore down HiveServer instance
15/09/09 11:11:03 INFO metastore.HiveMetaStore: 0: Opening raw store with implemenation class:org.apache.hadoop.hive.metastore.ObjectStore
15/09/09 11:11:03 INFO metastore.ObjectStore: ObjectStore, initialize called
15/09/09 11:11:03 INFO DataNucleus.Persistence: Property datanucleus.cache.level2 unknown - will be ignored
15/09/09 11:11:03 INFO DataNucleus.Persistence: Property hive.metastore.integral.jdo.pushdown unknown - will be ignored
15/09/09 11:11:03 INFO metastore.ObjectStore: Setting MetaStore object pin classes with hive.metastore.cache.pinobjtypes="Table,StorageDescriptor,SerDeInfo,Partition,Database,Type,FieldSchema,Order"
15/09/09 11:11:03 INFO metastore.MetaStoreDirectSql: MySQL check failed, assuming we are not on mysql: unknown token: 
15/09/09 11:11:03 INFO DataNucleus.Datastore: The class "org.apache.hadoop.hive.metastore.model.MFieldSchema" is tagged as "embedded-only" so does not have its own datastore table.
15/09/09 11:11:03 INFO DataNucleus.Datastore: The class "org.apache.hadoop.hive.metastore.model.MOrder" is tagged as "embedded-only" so does not have its own datastore table.
15/09/09 11:11:03 INFO DataNucleus.Datastore: The class "org.apache.hadoop.hive.metastore.model.MFieldSchema" is tagged as "embedded-only" so does not have its own datastore table.
15/09/09 11:11:03 INFO DataNucleus.Datastore: The class "org.apache.hadoop.hive.metastore.model.MOrder" is tagged as "embedded-only" so does not have its own datastore table.
15/09/09 11:11:03 INFO metastore.ObjectStore: Initialized ObjectStore
15/09/09 11:11:03 INFO metastore.HiveMetaStore: No user is added in admin role, since config is empty
15/09/09 11:11:03 INFO metastore.HiveMetaStore: 0: Shutting down the object store...
15/09/09 11:11:03 INFO HiveMetaStore.audit: ugi=hpatel	ip=unknown-ip-addr	cmd=Shutting down the object store...	
15/09/09 11:11:03 INFO metastore.HiveMetaStore: 0: Metastore shutdown complete.
15/09/09 11:11:03 INFO HiveMetaStore.audit: ugi=hpatel	ip=unknown-ip-addr	cmd=Metastore shutdown complete.	
15/09/09 11:11:03 INFO metastore.HiveMetaStore: No user is added in admin role, since config is empty
15/09/09 11:11:03 INFO session.SessionState: No Tez session required at this point. hive.execution.engine=mr.
15/09/09 11:11:03 INFO service.HiveServer: Putting temp output to file /var/folders/y7/4_pz5fzx54ngcmghz3v6t3m00000gn/T/junit4528552488387447871/localscratchdir/0a655f42-27e9-4a92-9e42-9523e3d915c86433450924328667783.pipeout
15/09/09 11:11:03 INFO service.HiveServer: Running the query: SHOW TABLES
15/09/09 11:11:03 INFO log.PerfLogger: <PERFLOG method=Driver.run from=org.apache.hadoop.hive.ql.Driver>
15/09/09 11:11:03 INFO log.PerfLogger: <PERFLOG method=TimeToSubmit from=org.apache.hadoop.hive.ql.Driver>
15/09/09 11:11:03 INFO ql.Driver: Concurrency mode is disabled, not creating a lock manager
15/09/09 11:11:03 INFO log.PerfLogger: <PERFLOG method=compile from=org.apache.hadoop.hive.ql.Driver>
15/09/09 11:11:03 INFO log.PerfLogger: <PERFLOG method=parse from=org.apache.hadoop.hive.ql.Driver>
15/09/09 11:11:03 INFO parse.ParseDriver: Parsing command: SHOW TABLES
15/09/09 11:11:03 INFO parse.ParseDriver: Parse Completed
15/09/09 11:11:03 INFO log.PerfLogger: </PERFLOG method=parse start=1441815063227 end=1441815063227 duration=0 from=org.apache.hadoop.hive.ql.Driver>
15/09/09 11:11:03 INFO log.PerfLogger: <PERFLOG method=semanticAnalyze from=org.apache.hadoop.hive.ql.Driver>
15/09/09 11:11:03 INFO ql.Driver: Semantic Analysis Completed
15/09/09 11:11:03 INFO log.PerfLogger: </PERFLOG method=semanticAnalyze start=1441815063227 end=1441815063231 duration=4 from=org.apache.hadoop.hive.ql.Driver>
15/09/09 11:11:03 INFO exec.ListSinkOperator: Initializing Self 119 OP
15/09/09 11:11:03 INFO exec.ListSinkOperator: Operator 119 OP initialized
15/09/09 11:11:03 INFO exec.ListSinkOperator: Initialization Done 119 OP
15/09/09 11:11:03 INFO ql.Driver: Returning Hive schema: Schema(fieldSchemas:[FieldSchema(name:tab_name, type:string, comment:from deserializer)], properties:null)
15/09/09 11:11:03 INFO log.PerfLogger: </PERFLOG method=compile start=1441815063226 end=1441815063231 duration=5 from=org.apache.hadoop.hive.ql.Driver>
15/09/09 11:11:03 INFO log.PerfLogger: <PERFLOG method=Driver.execute from=org.apache.hadoop.hive.ql.Driver>
15/09/09 11:11:03 INFO ql.Driver: Starting command: SHOW TABLES
15/09/09 11:11:03 INFO log.PerfLogger: </PERFLOG method=TimeToSubmit start=1441815063226 end=1441815063231 duration=5 from=org.apache.hadoop.hive.ql.Driver>
15/09/09 11:11:03 INFO log.PerfLogger: <PERFLOG method=runTasks from=org.apache.hadoop.hive.ql.Driver>
15/09/09 11:11:03 INFO log.PerfLogger: <PERFLOG method=task.DDL.Stage-0 from=org.apache.hadoop.hive.ql.Driver>
15/09/09 11:11:03 INFO metastore.HiveMetaStore: 0: get_database: default
15/09/09 11:11:03 INFO HiveMetaStore.audit: ugi=hpatel	ip=unknown-ip-addr	cmd=get_database: default	
15/09/09 11:11:03 INFO metastore.HiveMetaStore: 0: Opening raw store with implemenation class:org.apache.hadoop.hive.metastore.ObjectStore
15/09/09 11:11:03 INFO metastore.ObjectStore: ObjectStore, initialize called
15/09/09 11:11:03 INFO metastore.MetaStoreDirectSql: MySQL check failed, assuming we are not on mysql: unknown token: 
15/09/09 11:11:03 INFO DataNucleus.Query: Reading in results for query "org.datanucleus.store.rdbms.query.SQLQuery@0" since the connection used is closing
15/09/09 11:11:03 INFO metastore.ObjectStore: Initialized ObjectStore
15/09/09 11:11:03 INFO metastore.HiveMetaStore: 0: get_tables: db=default pat=.*
15/09/09 11:11:03 INFO HiveMetaStore.audit: ugi=hpatel	ip=unknown-ip-addr	cmd=get_tables: db=default pat=.*	
15/09/09 11:11:03 INFO log.PerfLogger: </PERFLOG method=runTasks start=1441815063232 end=1441815063240 duration=8 from=org.apache.hadoop.hive.ql.Driver>
15/09/09 11:11:03 INFO log.PerfLogger: </PERFLOG method=Driver.execute start=1441815063231 end=1441815063240 duration=9 from=org.apache.hadoop.hive.ql.Driver>
OK
15/09/09 11:11:03 INFO ql.Driver: OK
15/09/09 11:11:03 INFO log.PerfLogger: <PERFLOG method=releaseLocks from=org.apache.hadoop.hive.ql.Driver>
15/09/09 11:11:03 INFO log.PerfLogger: </PERFLOG method=releaseLocks start=1441815063240 end=1441815063240 duration=0 from=org.apache.hadoop.hive.ql.Driver>
15/09/09 11:11:03 INFO log.PerfLogger: </PERFLOG method=Driver.run start=1441815063226 end=1441815063240 duration=14 from=org.apache.hadoop.hive.ql.Driver>
15/09/09 11:11:03 INFO builder.HiveShellTearable: Executing script: create database foo;
15/09/09 11:11:03 INFO service.HiveServer: Running the query: create database foo
15/09/09 11:11:03 INFO exec.ListSinkOperator: 119 finished. closing... 
15/09/09 11:11:03 INFO exec.ListSinkOperator: 119 Close done
15/09/09 11:11:03 INFO log.PerfLogger: <PERFLOG method=Driver.run from=org.apache.hadoop.hive.ql.Driver>
15/09/09 11:11:03 INFO log.PerfLogger: <PERFLOG method=TimeToSubmit from=org.apache.hadoop.hive.ql.Driver>
15/09/09 11:11:03 INFO ql.Driver: Concurrency mode is disabled, not creating a lock manager
15/09/09 11:11:03 INFO log.PerfLogger: <PERFLOG method=compile from=org.apache.hadoop.hive.ql.Driver>
15/09/09 11:11:03 INFO log.PerfLogger: <PERFLOG method=parse from=org.apache.hadoop.hive.ql.Driver>
15/09/09 11:11:03 INFO parse.ParseDriver: Parsing command: create database foo
15/09/09 11:11:03 INFO parse.ParseDriver: Parse Completed
15/09/09 11:11:03 INFO log.PerfLogger: </PERFLOG method=parse start=1441815063241 end=1441815063241 duration=0 from=org.apache.hadoop.hive.ql.Driver>
15/09/09 11:11:03 INFO log.PerfLogger: <PERFLOG method=semanticAnalyze from=org.apache.hadoop.hive.ql.Driver>
15/09/09 11:11:03 INFO ql.Driver: Semantic Analysis Completed
15/09/09 11:11:03 INFO log.PerfLogger: </PERFLOG method=semanticAnalyze start=1441815063241 end=1441815063242 duration=1 from=org.apache.hadoop.hive.ql.Driver>
15/09/09 11:11:03 INFO ql.Driver: Returning Hive schema: Schema(fieldSchemas:null, properties:null)
15/09/09 11:11:03 INFO log.PerfLogger: </PERFLOG method=compile start=1441815063241 end=1441815063242 duration=1 from=org.apache.hadoop.hive.ql.Driver>
15/09/09 11:11:03 INFO log.PerfLogger: <PERFLOG method=Driver.execute from=org.apache.hadoop.hive.ql.Driver>
15/09/09 11:11:03 INFO ql.Driver: Starting command: create database foo
15/09/09 11:11:03 INFO log.PerfLogger: </PERFLOG method=TimeToSubmit start=1441815063241 end=1441815063242 duration=1 from=org.apache.hadoop.hive.ql.Driver>
15/09/09 11:11:03 INFO log.PerfLogger: <PERFLOG method=runTasks from=org.apache.hadoop.hive.ql.Driver>
15/09/09 11:11:03 INFO log.PerfLogger: <PERFLOG method=task.DDL.Stage-0 from=org.apache.hadoop.hive.ql.Driver>
15/09/09 11:11:03 INFO metastore.HiveMetaStore: 0: create_database: Database(name:foo, description:null, locationUri:null, parameters:null, ownerName:hpatel, ownerType:USER)
15/09/09 11:11:03 INFO HiveMetaStore.audit: ugi=hpatel	ip=unknown-ip-addr	cmd=create_database: Database(name:foo, description:null, locationUri:null, parameters:null, ownerName:hpatel, ownerType:USER)	
15/09/09 11:11:03 INFO metastore.HiveMetaStore: 0: get_database: foo
15/09/09 11:11:03 INFO HiveMetaStore.audit: ugi=hpatel	ip=unknown-ip-addr	cmd=get_database: foo	
15/09/09 11:11:03 INFO common.FileUtils: Creating directory if it doesn't exist: file:/var/folders/y7/4_pz5fzx54ngcmghz3v6t3m00000gn/T/junit4528552488387447871/warehouse/foo.db
15/09/09 11:11:03 INFO log.PerfLogger: </PERFLOG method=runTasks start=1441815063242 end=1441815063271 duration=29 from=org.apache.hadoop.hive.ql.Driver>
15/09/09 11:11:03 INFO log.PerfLogger: </PERFLOG method=Driver.execute start=1441815063242 end=1441815063271 duration=29 from=org.apache.hadoop.hive.ql.Driver>
OK
15/09/09 11:11:03 INFO ql.Driver: OK
15/09/09 11:11:03 INFO log.PerfLogger: <PERFLOG method=releaseLocks from=org.apache.hadoop.hive.ql.Driver>
15/09/09 11:11:03 INFO log.PerfLogger: </PERFLOG method=releaseLocks start=1441815063271 end=1441815063271 duration=0 from=org.apache.hadoop.hive.ql.Driver>
15/09/09 11:11:03 INFO log.PerfLogger: </PERFLOG method=Driver.run start=1441815063241 end=1441815063271 duration=30 from=org.apache.hadoop.hive.ql.Driver>
15/09/09 11:11:03 INFO builder.HiveShellTearable: Executing script: create table foo.bar(id int);
15/09/09 11:11:03 INFO service.HiveServer: Running the query: create table foo.bar(id int)
15/09/09 11:11:03 INFO log.PerfLogger: <PERFLOG method=Driver.run from=org.apache.hadoop.hive.ql.Driver>
15/09/09 11:11:03 INFO log.PerfLogger: <PERFLOG method=TimeToSubmit from=org.apache.hadoop.hive.ql.Driver>
15/09/09 11:11:03 INFO ql.Driver: Concurrency mode is disabled, not creating a lock manager
15/09/09 11:11:03 INFO log.PerfLogger: <PERFLOG method=compile from=org.apache.hadoop.hive.ql.Driver>
15/09/09 11:11:03 INFO log.PerfLogger: <PERFLOG method=parse from=org.apache.hadoop.hive.ql.Driver>
15/09/09 11:11:03 INFO parse.ParseDriver: Parsing command: create table foo.bar(id int)
15/09/09 11:11:03 INFO parse.ParseDriver: Parse Completed
15/09/09 11:11:03 INFO log.PerfLogger: </PERFLOG method=parse start=1441815063271 end=1441815063272 duration=1 from=org.apache.hadoop.hive.ql.Driver>
15/09/09 11:11:03 INFO log.PerfLogger: <PERFLOG method=semanticAnalyze from=org.apache.hadoop.hive.ql.Driver>
15/09/09 11:11:03 INFO parse.SemanticAnalyzer: Starting Semantic Analysis
15/09/09 11:11:03 INFO parse.SemanticAnalyzer: Creating table foo.bar position=13
15/09/09 11:11:03 INFO metastore.HiveMetaStore: 0: get_database: foo
15/09/09 11:11:03 INFO HiveMetaStore.audit: ugi=hpatel	ip=unknown-ip-addr	cmd=get_database: foo	
15/09/09 11:11:03 INFO ql.Driver: Semantic Analysis Completed
15/09/09 11:11:03 INFO log.PerfLogger: </PERFLOG method=semanticAnalyze start=1441815063272 end=1441815063273 duration=1 from=org.apache.hadoop.hive.ql.Driver>
15/09/09 11:11:03 INFO ql.Driver: Returning Hive schema: Schema(fieldSchemas:null, properties:null)
15/09/09 11:11:03 INFO log.PerfLogger: </PERFLOG method=compile start=1441815063271 end=1441815063273 duration=2 from=org.apache.hadoop.hive.ql.Driver>
15/09/09 11:11:03 INFO log.PerfLogger: <PERFLOG method=Driver.execute from=org.apache.hadoop.hive.ql.Driver>
15/09/09 11:11:03 INFO ql.Driver: Starting command: create table foo.bar(id int)
15/09/09 11:11:03 INFO log.PerfLogger: </PERFLOG method=TimeToSubmit start=1441815063271 end=1441815063273 duration=2 from=org.apache.hadoop.hive.ql.Driver>
15/09/09 11:11:03 INFO log.PerfLogger: <PERFLOG method=runTasks from=org.apache.hadoop.hive.ql.Driver>
15/09/09 11:11:03 INFO log.PerfLogger: <PERFLOG method=task.DDL.Stage-0 from=org.apache.hadoop.hive.ql.Driver>
15/09/09 11:11:03 INFO metastore.HiveMetaStore: 0: create_table: Table(tableName:bar, dbName:foo, owner:hpatel, createTime:1441815063, lastAccessTime:0, retention:0, sd:StorageDescriptor(cols:[FieldSchema(name:id, type:int, comment:null)], location:null, inputFormat:org.apache.hadoop.mapred.TextInputFormat, outputFormat:org.apache.hadoop.hive.ql.io.HiveIgnoreKeyTextOutputFormat, compressed:false, numBuckets:-1, serdeInfo:SerDeInfo(name:null, serializationLib:org.apache.hadoop.hive.serde2.lazy.LazySimpleSerDe, parameters:{serialization.format=1}), bucketCols:[], sortCols:[], parameters:{}, skewedInfo:SkewedInfo(skewedColNames:[], skewedColValues:[], skewedColValueLocationMaps:{}), storedAsSubDirectories:false), partitionKeys:[], parameters:{}, viewOriginalText:null, viewExpandedText:null, tableType:MANAGED_TABLE)
15/09/09 11:11:03 INFO HiveMetaStore.audit: ugi=hpatel	ip=unknown-ip-addr	cmd=create_table: Table(tableName:bar, dbName:foo, owner:hpatel, createTime:1441815063, lastAccessTime:0, retention:0, sd:StorageDescriptor(cols:[FieldSchema(name:id, type:int, comment:null)], location:null, inputFormat:org.apache.hadoop.mapred.TextInputFormat, outputFormat:org.apache.hadoop.hive.ql.io.HiveIgnoreKeyTextOutputFormat, compressed:false, numBuckets:-1, serdeInfo:SerDeInfo(name:null, serializationLib:org.apache.hadoop.hive.serde2.lazy.LazySimpleSerDe, parameters:{serialization.format=1}), bucketCols:[], sortCols:[], parameters:{}, skewedInfo:SkewedInfo(skewedColNames:[], skewedColValues:[], skewedColValueLocationMaps:{}), storedAsSubDirectories:false), partitionKeys:[], parameters:{}, viewOriginalText:null, viewExpandedText:null, tableType:MANAGED_TABLE)	
15/09/09 11:11:03 INFO common.FileUtils: Creating directory if it doesn't exist: file:/var/folders/y7/4_pz5fzx54ngcmghz3v6t3m00000gn/T/junit4528552488387447871/warehouse/foo.db/bar
15/09/09 11:11:03 INFO log.PerfLogger: </PERFLOG method=runTasks start=1441815063273 end=1441815063299 duration=26 from=org.apache.hadoop.hive.ql.Driver>
15/09/09 11:11:03 INFO log.PerfLogger: </PERFLOG method=Driver.execute start=1441815063273 end=1441815063299 duration=26 from=org.apache.hadoop.hive.ql.Driver>
OK
15/09/09 11:11:03 INFO ql.Driver: OK
15/09/09 11:11:03 INFO log.PerfLogger: <PERFLOG method=releaseLocks from=org.apache.hadoop.hive.ql.Driver>
15/09/09 11:11:03 INFO log.PerfLogger: </PERFLOG method=releaseLocks start=1441815063299 end=1441815063299 duration=0 from=org.apache.hadoop.hive.ql.Driver>
15/09/09 11:11:03 INFO log.PerfLogger: </PERFLOG method=Driver.run start=1441815063271 end=1441815063299 duration=28 from=org.apache.hadoop.hive.ql.Driver>
15/09/09 11:11:03 INFO service.HiveServer: Running the query: show databases
15/09/09 11:11:03 INFO log.PerfLogger: <PERFLOG method=Driver.run from=org.apache.hadoop.hive.ql.Driver>
15/09/09 11:11:03 INFO log.PerfLogger: <PERFLOG method=TimeToSubmit from=org.apache.hadoop.hive.ql.Driver>
15/09/09 11:11:03 INFO ql.Driver: Concurrency mode is disabled, not creating a lock manager
15/09/09 11:11:03 INFO log.PerfLogger: <PERFLOG method=compile from=org.apache.hadoop.hive.ql.Driver>
15/09/09 11:11:03 INFO log.PerfLogger: <PERFLOG method=parse from=org.apache.hadoop.hive.ql.Driver>
15/09/09 11:11:03 INFO parse.ParseDriver: Parsing command: show databases
15/09/09 11:11:03 INFO parse.ParseDriver: Parse Completed
15/09/09 11:11:03 INFO log.PerfLogger: </PERFLOG method=parse start=1441815063299 end=1441815063299 duration=0 from=org.apache.hadoop.hive.ql.Driver>
15/09/09 11:11:03 INFO log.PerfLogger: <PERFLOG method=semanticAnalyze from=org.apache.hadoop.hive.ql.Driver>
15/09/09 11:11:03 INFO ql.Driver: Semantic Analysis Completed
15/09/09 11:11:03 INFO log.PerfLogger: </PERFLOG method=semanticAnalyze start=1441815063299 end=1441815063303 duration=4 from=org.apache.hadoop.hive.ql.Driver>
15/09/09 11:11:03 INFO exec.ListSinkOperator: Initializing Self 120 OP
15/09/09 11:11:03 INFO exec.ListSinkOperator: Operator 120 OP initialized
15/09/09 11:11:03 INFO exec.ListSinkOperator: Initialization Done 120 OP
15/09/09 11:11:03 INFO ql.Driver: Returning Hive schema: Schema(fieldSchemas:[FieldSchema(name:database_name, type:string, comment:from deserializer)], properties:null)
15/09/09 11:11:03 INFO log.PerfLogger: </PERFLOG method=compile start=1441815063299 end=1441815063304 duration=5 from=org.apache.hadoop.hive.ql.Driver>
15/09/09 11:11:03 INFO log.PerfLogger: <PERFLOG method=Driver.execute from=org.apache.hadoop.hive.ql.Driver>
15/09/09 11:11:03 INFO ql.Driver: Starting command: show databases
15/09/09 11:11:03 INFO log.PerfLogger: </PERFLOG method=TimeToSubmit start=1441815063299 end=1441815063304 duration=5 from=org.apache.hadoop.hive.ql.Driver>
15/09/09 11:11:03 INFO log.PerfLogger: <PERFLOG method=runTasks from=org.apache.hadoop.hive.ql.Driver>
15/09/09 11:11:03 INFO log.PerfLogger: <PERFLOG method=task.DDL.Stage-0 from=org.apache.hadoop.hive.ql.Driver>
15/09/09 11:11:03 INFO metastore.HiveMetaStore: 0: get_all_databases
15/09/09 11:11:03 INFO HiveMetaStore.audit: ugi=hpatel	ip=unknown-ip-addr	cmd=get_all_databases	
15/09/09 11:11:03 INFO exec.DDLTask: results : 2
15/09/09 11:11:03 INFO log.PerfLogger: </PERFLOG method=runTasks start=1441815063304 end=1441815063310 duration=6 from=org.apache.hadoop.hive.ql.Driver>
15/09/09 11:11:03 INFO log.PerfLogger: </PERFLOG method=Driver.execute start=1441815063304 end=1441815063310 duration=6 from=org.apache.hadoop.hive.ql.Driver>
OK
15/09/09 11:11:03 INFO ql.Driver: OK
15/09/09 11:11:03 INFO log.PerfLogger: <PERFLOG method=releaseLocks from=org.apache.hadoop.hive.ql.Driver>
15/09/09 11:11:03 INFO log.PerfLogger: </PERFLOG method=releaseLocks start=1441815063310 end=1441815063310 duration=0 from=org.apache.hadoop.hive.ql.Driver>
15/09/09 11:11:03 INFO log.PerfLogger: </PERFLOG method=Driver.run start=1441815063299 end=1441815063310 duration=11 from=org.apache.hadoop.hive.ql.Driver>
15/09/09 11:11:03 INFO mapred.FileInputFormat: Total input paths to process : 1
15/09/09 11:11:03 INFO service.HiveServer: Running the query: show tables in foo
15/09/09 11:11:03 INFO exec.ListSinkOperator: 120 finished. closing... 
15/09/09 11:11:03 INFO exec.ListSinkOperator: 120 Close done
15/09/09 11:11:03 INFO log.PerfLogger: <PERFLOG method=Driver.run from=org.apache.hadoop.hive.ql.Driver>
15/09/09 11:11:03 INFO log.PerfLogger: <PERFLOG method=TimeToSubmit from=org.apache.hadoop.hive.ql.Driver>
15/09/09 11:11:03 INFO ql.Driver: Concurrency mode is disabled, not creating a lock manager
15/09/09 11:11:03 INFO log.PerfLogger: <PERFLOG method=compile from=org.apache.hadoop.hive.ql.Driver>
15/09/09 11:11:03 INFO log.PerfLogger: <PERFLOG method=parse from=org.apache.hadoop.hive.ql.Driver>
15/09/09 11:11:03 INFO parse.ParseDriver: Parsing command: show tables in foo
15/09/09 11:11:03 INFO parse.ParseDriver: Parse Completed
15/09/09 11:11:03 INFO log.PerfLogger: </PERFLOG method=parse start=1441815063312 end=1441815063312 duration=0 from=org.apache.hadoop.hive.ql.Driver>
15/09/09 11:11:03 INFO log.PerfLogger: <PERFLOG method=semanticAnalyze from=org.apache.hadoop.hive.ql.Driver>
15/09/09 11:11:03 INFO metastore.HiveMetaStore: 0: get_database: foo
15/09/09 11:11:03 INFO HiveMetaStore.audit: ugi=hpatel	ip=unknown-ip-addr	cmd=get_database: foo	
15/09/09 11:11:03 INFO ql.Driver: Semantic Analysis Completed
15/09/09 11:11:03 INFO log.PerfLogger: </PERFLOG method=semanticAnalyze start=1441815063312 end=1441815063317 duration=5 from=org.apache.hadoop.hive.ql.Driver>
15/09/09 11:11:03 INFO exec.ListSinkOperator: Initializing Self 121 OP
15/09/09 11:11:03 INFO exec.ListSinkOperator: Operator 121 OP initialized
15/09/09 11:11:03 INFO exec.ListSinkOperator: Initialization Done 121 OP
15/09/09 11:11:03 INFO ql.Driver: Returning Hive schema: Schema(fieldSchemas:[FieldSchema(name:tab_name, type:string, comment:from deserializer)], properties:null)
15/09/09 11:11:03 INFO log.PerfLogger: </PERFLOG method=compile start=1441815063312 end=1441815063318 duration=6 from=org.apache.hadoop.hive.ql.Driver>
15/09/09 11:11:03 INFO log.PerfLogger: <PERFLOG method=Driver.execute from=org.apache.hadoop.hive.ql.Driver>
15/09/09 11:11:03 INFO ql.Driver: Starting command: show tables in foo
15/09/09 11:11:03 INFO log.PerfLogger: </PERFLOG method=TimeToSubmit start=1441815063312 end=1441815063318 duration=6 from=org.apache.hadoop.hive.ql.Driver>
15/09/09 11:11:03 INFO log.PerfLogger: <PERFLOG method=runTasks from=org.apache.hadoop.hive.ql.Driver>
15/09/09 11:11:03 INFO log.PerfLogger: <PERFLOG method=task.DDL.Stage-0 from=org.apache.hadoop.hive.ql.Driver>
15/09/09 11:11:03 INFO metastore.HiveMetaStore: 0: get_database: foo
15/09/09 11:11:03 INFO HiveMetaStore.audit: ugi=hpatel	ip=unknown-ip-addr	cmd=get_database: foo	
15/09/09 11:11:03 INFO metastore.HiveMetaStore: 0: get_tables: db=foo pat=.*
15/09/09 11:11:03 INFO HiveMetaStore.audit: ugi=hpatel	ip=unknown-ip-addr	cmd=get_tables: db=foo pat=.*	
15/09/09 11:11:03 INFO log.PerfLogger: </PERFLOG method=runTasks start=1441815063318 end=1441815063325 duration=7 from=org.apache.hadoop.hive.ql.Driver>
15/09/09 11:11:03 INFO log.PerfLogger: </PERFLOG method=Driver.execute start=1441815063318 end=1441815063325 duration=7 from=org.apache.hadoop.hive.ql.Driver>
OK
15/09/09 11:11:03 INFO ql.Driver: OK
15/09/09 11:11:03 INFO log.PerfLogger: <PERFLOG method=releaseLocks from=org.apache.hadoop.hive.ql.Driver>
15/09/09 11:11:03 INFO log.PerfLogger: </PERFLOG method=releaseLocks start=1441815063325 end=1441815063325 duration=0 from=org.apache.hadoop.hive.ql.Driver>
15/09/09 11:11:03 INFO log.PerfLogger: </PERFLOG method=Driver.run start=1441815063312 end=1441815063325 duration=13 from=org.apache.hadoop.hive.ql.Driver>
15/09/09 11:11:03 INFO mapred.FileInputFormat: Total input paths to process : 1
15/09/09 11:11:03 INFO service.HiveServer: Running the query: USE default
15/09/09 11:11:03 INFO exec.ListSinkOperator: 121 finished. closing... 
15/09/09 11:11:03 INFO exec.ListSinkOperator: 121 Close done
15/09/09 11:11:03 INFO log.PerfLogger: <PERFLOG method=Driver.run from=org.apache.hadoop.hive.ql.Driver>
15/09/09 11:11:03 INFO log.PerfLogger: <PERFLOG method=TimeToSubmit from=org.apache.hadoop.hive.ql.Driver>
15/09/09 11:11:03 INFO ql.Driver: Concurrency mode is disabled, not creating a lock manager
15/09/09 11:11:03 INFO log.PerfLogger: <PERFLOG method=compile from=org.apache.hadoop.hive.ql.Driver>
15/09/09 11:11:03 INFO log.PerfLogger: <PERFLOG method=parse from=org.apache.hadoop.hive.ql.Driver>
15/09/09 11:11:03 INFO parse.ParseDriver: Parsing command: USE default
15/09/09 11:11:03 INFO parse.ParseDriver: Parse Completed
15/09/09 11:11:03 INFO log.PerfLogger: </PERFLOG method=parse start=1441815063327 end=1441815063327 duration=0 from=org.apache.hadoop.hive.ql.Driver>
15/09/09 11:11:03 INFO log.PerfLogger: <PERFLOG method=semanticAnalyze from=org.apache.hadoop.hive.ql.Driver>
15/09/09 11:11:03 INFO ql.Driver: Semantic Analysis Completed
15/09/09 11:11:03 INFO log.PerfLogger: </PERFLOG method=semanticAnalyze start=1441815063327 end=1441815063327 duration=0 from=org.apache.hadoop.hive.ql.Driver>
15/09/09 11:11:03 INFO ql.Driver: Returning Hive schema: Schema(fieldSchemas:null, properties:null)
15/09/09 11:11:03 INFO log.PerfLogger: </PERFLOG method=compile start=1441815063327 end=1441815063327 duration=0 from=org.apache.hadoop.hive.ql.Driver>
15/09/09 11:11:03 INFO log.PerfLogger: <PERFLOG method=Driver.execute from=org.apache.hadoop.hive.ql.Driver>
15/09/09 11:11:03 INFO ql.Driver: Starting command: USE default
15/09/09 11:11:03 INFO log.PerfLogger: </PERFLOG method=TimeToSubmit start=1441815063327 end=1441815063327 duration=0 from=org.apache.hadoop.hive.ql.Driver>
15/09/09 11:11:03 INFO log.PerfLogger: <PERFLOG method=runTasks from=org.apache.hadoop.hive.ql.Driver>
15/09/09 11:11:03 INFO log.PerfLogger: <PERFLOG method=task.DDL.Stage-0 from=org.apache.hadoop.hive.ql.Driver>
15/09/09 11:11:03 INFO metastore.HiveMetaStore: 0: get_database: default
15/09/09 11:11:03 INFO HiveMetaStore.audit: ugi=hpatel	ip=unknown-ip-addr	cmd=get_database: default	
15/09/09 11:11:03 INFO metastore.HiveMetaStore: 0: get_database: default
15/09/09 11:11:03 INFO HiveMetaStore.audit: ugi=hpatel	ip=unknown-ip-addr	cmd=get_database: default	
15/09/09 11:11:03 INFO log.PerfLogger: </PERFLOG method=runTasks start=1441815063327 end=1441815063330 duration=3 from=org.apache.hadoop.hive.ql.Driver>
15/09/09 11:11:03 INFO log.PerfLogger: </PERFLOG method=Driver.execute start=1441815063327 end=1441815063330 duration=3 from=org.apache.hadoop.hive.ql.Driver>
OK
15/09/09 11:11:03 INFO ql.Driver: OK
15/09/09 11:11:03 INFO log.PerfLogger: <PERFLOG method=releaseLocks from=org.apache.hadoop.hive.ql.Driver>
15/09/09 11:11:03 INFO log.PerfLogger: </PERFLOG method=releaseLocks start=1441815063330 end=1441815063330 duration=0 from=org.apache.hadoop.hive.ql.Driver>
15/09/09 11:11:03 INFO log.PerfLogger: </PERFLOG method=Driver.run start=1441815063327 end=1441815063330 duration=3 from=org.apache.hadoop.hive.ql.Driver>
15/09/09 11:11:03 INFO metastore.HiveMetaStore: 0: Shutting down the object store...
15/09/09 11:11:03 INFO HiveMetaStore.audit: ugi=hpatel	ip=unknown-ip-addr	cmd=Shutting down the object store...	
15/09/09 11:11:03 INFO metastore.HiveMetaStore: 0: Metastore shutdown complete.
15/09/09 11:11:03 INFO HiveMetaStore.audit: ugi=hpatel	ip=unknown-ip-addr	cmd=Metastore shutdown complete.	
15/09/09 11:11:03 INFO hiverunner.HiveServerContainer: Tore down HiveServer instance
]]></system-err>
</testsuite>
