<?xml version="1.0" encoding="UTF-8"?>
<testsuite name="com.klarna.hiverunner.SetPropertyTest" tests="2" skipped="0" failures="0" errors="0" timestamp="2015-09-09T16:11:06" hostname="Himanshu.local" time="0.439">
  <properties/>
  <testcase name="propertyShouldBeSetInHiveConfiguration" classname="com.klarna.hiverunner.SetPropertyTest" time="0.229"/>
  <testcase name="propertyShouldNotBeSetIfShellIsAlreadyStarted" classname="com.klarna.hiverunner.SetPropertyTest" time="0.209"/>
  <system-out><![CDATA[]]></system-out>
  <system-err><![CDATA[15/09/09 11:11:06 INFO metastore.HiveMetaStore: 0: Opening raw store with implemenation class:org.apache.hadoop.hive.metastore.ObjectStore
15/09/09 11:11:06 INFO metastore.ObjectStore: ObjectStore, initialize called
15/09/09 11:11:06 INFO DataNucleus.Persistence: Property datanucleus.cache.level2 unknown - will be ignored
15/09/09 11:11:06 INFO DataNucleus.Persistence: Property hive.metastore.integral.jdo.pushdown unknown - will be ignored
15/09/09 11:11:06 INFO metastore.ObjectStore: Setting MetaStore object pin classes with hive.metastore.cache.pinobjtypes="Table,StorageDescriptor,SerDeInfo,Partition,Database,Type,FieldSchema,Order"
15/09/09 11:11:06 INFO metastore.MetaStoreDirectSql: MySQL check failed, assuming we are not on mysql: unknown token: 
15/09/09 11:11:06 INFO DataNucleus.Datastore: The class "org.apache.hadoop.hive.metastore.model.MFieldSchema" is tagged as "embedded-only" so does not have its own datastore table.
15/09/09 11:11:06 INFO DataNucleus.Datastore: The class "org.apache.hadoop.hive.metastore.model.MOrder" is tagged as "embedded-only" so does not have its own datastore table.
15/09/09 11:11:06 INFO DataNucleus.Datastore: The class "org.apache.hadoop.hive.metastore.model.MFieldSchema" is tagged as "embedded-only" so does not have its own datastore table.
15/09/09 11:11:06 INFO DataNucleus.Datastore: The class "org.apache.hadoop.hive.metastore.model.MOrder" is tagged as "embedded-only" so does not have its own datastore table.
15/09/09 11:11:06 INFO metastore.ObjectStore: Initialized ObjectStore
15/09/09 11:11:06 INFO metastore.HiveMetaStore: No user is added in admin role, since config is empty
15/09/09 11:11:06 INFO metastore.HiveMetaStore: 0: Shutting down the object store...
15/09/09 11:11:06 INFO HiveMetaStore.audit: ugi=hpatel	ip=unknown-ip-addr	cmd=Shutting down the object store...	
15/09/09 11:11:06 INFO metastore.HiveMetaStore: 0: Metastore shutdown complete.
15/09/09 11:11:06 INFO HiveMetaStore.audit: ugi=hpatel	ip=unknown-ip-addr	cmd=Metastore shutdown complete.	
15/09/09 11:11:06 INFO metastore.HiveMetaStore: No user is added in admin role, since config is empty
15/09/09 11:11:06 INFO session.SessionState: No Tez session required at this point. hive.execution.engine=mr.
15/09/09 11:11:06 INFO service.HiveServer: Putting temp output to file /var/folders/y7/4_pz5fzx54ngcmghz3v6t3m00000gn/T/junit9191210483521554681/localscratchdir/181060c7-2afd-4ace-80e4-d8bfffe1e3fc3009657916386182047.pipeout
15/09/09 11:11:06 INFO service.HiveServer: Running the query: SHOW TABLES
15/09/09 11:11:06 INFO log.PerfLogger: <PERFLOG method=Driver.run from=org.apache.hadoop.hive.ql.Driver>
15/09/09 11:11:06 INFO log.PerfLogger: <PERFLOG method=TimeToSubmit from=org.apache.hadoop.hive.ql.Driver>
15/09/09 11:11:07 INFO ql.Driver: Concurrency mode is disabled, not creating a lock manager
15/09/09 11:11:07 INFO log.PerfLogger: <PERFLOG method=compile from=org.apache.hadoop.hive.ql.Driver>
15/09/09 11:11:07 INFO log.PerfLogger: <PERFLOG method=parse from=org.apache.hadoop.hive.ql.Driver>
15/09/09 11:11:07 INFO parse.ParseDriver: Parsing command: SHOW TABLES
15/09/09 11:11:07 INFO parse.ParseDriver: Parse Completed
15/09/09 11:11:07 INFO log.PerfLogger: </PERFLOG method=parse start=1441815067000 end=1441815067000 duration=0 from=org.apache.hadoop.hive.ql.Driver>
15/09/09 11:11:07 INFO log.PerfLogger: <PERFLOG method=semanticAnalyze from=org.apache.hadoop.hive.ql.Driver>
15/09/09 11:11:07 INFO ql.Driver: Semantic Analysis Completed
15/09/09 11:11:07 INFO log.PerfLogger: </PERFLOG method=semanticAnalyze start=1441815067000 end=1441815067004 duration=4 from=org.apache.hadoop.hive.ql.Driver>
15/09/09 11:11:07 INFO exec.ListSinkOperator: Initializing Self 177 OP
15/09/09 11:11:07 INFO exec.ListSinkOperator: Operator 177 OP initialized
15/09/09 11:11:07 INFO exec.ListSinkOperator: Initialization Done 177 OP
15/09/09 11:11:07 INFO ql.Driver: Returning Hive schema: Schema(fieldSchemas:[FieldSchema(name:tab_name, type:string, comment:from deserializer)], properties:null)
15/09/09 11:11:07 INFO log.PerfLogger: </PERFLOG method=compile start=1441815067000 end=1441815067004 duration=4 from=org.apache.hadoop.hive.ql.Driver>
15/09/09 11:11:07 INFO log.PerfLogger: <PERFLOG method=Driver.execute from=org.apache.hadoop.hive.ql.Driver>
15/09/09 11:11:07 INFO ql.Driver: Starting command: SHOW TABLES
15/09/09 11:11:07 INFO log.PerfLogger: </PERFLOG method=TimeToSubmit start=1441815066999 end=1441815067004 duration=5 from=org.apache.hadoop.hive.ql.Driver>
15/09/09 11:11:07 INFO log.PerfLogger: <PERFLOG method=runTasks from=org.apache.hadoop.hive.ql.Driver>
15/09/09 11:11:07 INFO log.PerfLogger: <PERFLOG method=task.DDL.Stage-0 from=org.apache.hadoop.hive.ql.Driver>
15/09/09 11:11:07 INFO metastore.HiveMetaStore: 0: get_database: default
15/09/09 11:11:07 INFO HiveMetaStore.audit: ugi=hpatel	ip=unknown-ip-addr	cmd=get_database: default	
15/09/09 11:11:07 INFO metastore.HiveMetaStore: 0: Opening raw store with implemenation class:org.apache.hadoop.hive.metastore.ObjectStore
15/09/09 11:11:07 INFO metastore.ObjectStore: ObjectStore, initialize called
15/09/09 11:11:07 INFO metastore.MetaStoreDirectSql: MySQL check failed, assuming we are not on mysql: unknown token: 
15/09/09 11:11:07 INFO DataNucleus.Query: Reading in results for query "org.datanucleus.store.rdbms.query.SQLQuery@0" since the connection used is closing
15/09/09 11:11:07 INFO metastore.ObjectStore: Initialized ObjectStore
15/09/09 11:11:07 INFO metastore.HiveMetaStore: 0: get_tables: db=default pat=.*
15/09/09 11:11:07 INFO HiveMetaStore.audit: ugi=hpatel	ip=unknown-ip-addr	cmd=get_tables: db=default pat=.*	
15/09/09 11:11:07 INFO log.PerfLogger: </PERFLOG method=runTasks start=1441815067004 end=1441815067013 duration=9 from=org.apache.hadoop.hive.ql.Driver>
15/09/09 11:11:07 INFO log.PerfLogger: </PERFLOG method=Driver.execute start=1441815067004 end=1441815067013 duration=9 from=org.apache.hadoop.hive.ql.Driver>
OK
15/09/09 11:11:07 INFO ql.Driver: OK
15/09/09 11:11:07 INFO log.PerfLogger: <PERFLOG method=releaseLocks from=org.apache.hadoop.hive.ql.Driver>
15/09/09 11:11:07 INFO log.PerfLogger: </PERFLOG method=releaseLocks start=1441815067013 end=1441815067013 duration=0 from=org.apache.hadoop.hive.ql.Driver>
15/09/09 11:11:07 INFO log.PerfLogger: </PERFLOG method=Driver.run start=1441815066999 end=1441815067013 duration=14 from=org.apache.hadoop.hive.ql.Driver>
15/09/09 11:11:07 INFO service.HiveServer: Running the query: USE default
15/09/09 11:11:07 INFO exec.ListSinkOperator: 177 finished. closing... 
15/09/09 11:11:07 INFO exec.ListSinkOperator: 177 Close done
15/09/09 11:11:07 INFO log.PerfLogger: <PERFLOG method=Driver.run from=org.apache.hadoop.hive.ql.Driver>
15/09/09 11:11:07 INFO log.PerfLogger: <PERFLOG method=TimeToSubmit from=org.apache.hadoop.hive.ql.Driver>
15/09/09 11:11:07 INFO ql.Driver: Concurrency mode is disabled, not creating a lock manager
15/09/09 11:11:07 INFO log.PerfLogger: <PERFLOG method=compile from=org.apache.hadoop.hive.ql.Driver>
15/09/09 11:11:07 INFO log.PerfLogger: <PERFLOG method=parse from=org.apache.hadoop.hive.ql.Driver>
15/09/09 11:11:07 INFO parse.ParseDriver: Parsing command: USE default
15/09/09 11:11:07 INFO parse.ParseDriver: Parse Completed
15/09/09 11:11:07 INFO log.PerfLogger: </PERFLOG method=parse start=1441815067014 end=1441815067015 duration=1 from=org.apache.hadoop.hive.ql.Driver>
15/09/09 11:11:07 INFO log.PerfLogger: <PERFLOG method=semanticAnalyze from=org.apache.hadoop.hive.ql.Driver>
15/09/09 11:11:07 INFO ql.Driver: Semantic Analysis Completed
15/09/09 11:11:07 INFO log.PerfLogger: </PERFLOG method=semanticAnalyze start=1441815067015 end=1441815067015 duration=0 from=org.apache.hadoop.hive.ql.Driver>
15/09/09 11:11:07 INFO ql.Driver: Returning Hive schema: Schema(fieldSchemas:null, properties:null)
15/09/09 11:11:07 INFO log.PerfLogger: </PERFLOG method=compile start=1441815067014 end=1441815067015 duration=1 from=org.apache.hadoop.hive.ql.Driver>
15/09/09 11:11:07 INFO log.PerfLogger: <PERFLOG method=Driver.execute from=org.apache.hadoop.hive.ql.Driver>
15/09/09 11:11:07 INFO ql.Driver: Starting command: USE default
15/09/09 11:11:07 INFO log.PerfLogger: </PERFLOG method=TimeToSubmit start=1441815067014 end=1441815067015 duration=1 from=org.apache.hadoop.hive.ql.Driver>
15/09/09 11:11:07 INFO log.PerfLogger: <PERFLOG method=runTasks from=org.apache.hadoop.hive.ql.Driver>
15/09/09 11:11:07 INFO log.PerfLogger: <PERFLOG method=task.DDL.Stage-0 from=org.apache.hadoop.hive.ql.Driver>
15/09/09 11:11:07 INFO metastore.HiveMetaStore: 0: get_database: default
15/09/09 11:11:07 INFO HiveMetaStore.audit: ugi=hpatel	ip=unknown-ip-addr	cmd=get_database: default	
15/09/09 11:11:07 INFO metastore.HiveMetaStore: 0: get_database: default
15/09/09 11:11:07 INFO HiveMetaStore.audit: ugi=hpatel	ip=unknown-ip-addr	cmd=get_database: default	
15/09/09 11:11:07 INFO log.PerfLogger: </PERFLOG method=runTasks start=1441815067015 end=1441815067017 duration=2 from=org.apache.hadoop.hive.ql.Driver>
15/09/09 11:11:07 INFO log.PerfLogger: </PERFLOG method=Driver.execute start=1441815067015 end=1441815067018 duration=3 from=org.apache.hadoop.hive.ql.Driver>
OK
15/09/09 11:11:07 INFO ql.Driver: OK
15/09/09 11:11:07 INFO log.PerfLogger: <PERFLOG method=releaseLocks from=org.apache.hadoop.hive.ql.Driver>
15/09/09 11:11:07 INFO log.PerfLogger: </PERFLOG method=releaseLocks start=1441815067018 end=1441815067018 duration=0 from=org.apache.hadoop.hive.ql.Driver>
15/09/09 11:11:07 INFO log.PerfLogger: </PERFLOG method=Driver.run start=1441815067014 end=1441815067018 duration=4 from=org.apache.hadoop.hive.ql.Driver>
15/09/09 11:11:07 INFO metastore.HiveMetaStore: 0: Shutting down the object store...
15/09/09 11:11:07 INFO HiveMetaStore.audit: ugi=hpatel	ip=unknown-ip-addr	cmd=Shutting down the object store...	
15/09/09 11:11:07 INFO metastore.HiveMetaStore: 0: Metastore shutdown complete.
15/09/09 11:11:07 INFO HiveMetaStore.audit: ugi=hpatel	ip=unknown-ip-addr	cmd=Metastore shutdown complete.	
15/09/09 11:11:07 INFO hiverunner.HiveServerContainer: Tore down HiveServer instance
15/09/09 11:11:07 INFO metastore.HiveMetaStore: 0: Opening raw store with implemenation class:org.apache.hadoop.hive.metastore.ObjectStore
15/09/09 11:11:07 INFO metastore.ObjectStore: ObjectStore, initialize called
15/09/09 11:11:07 INFO DataNucleus.Persistence: Property datanucleus.cache.level2 unknown - will be ignored
15/09/09 11:11:07 INFO DataNucleus.Persistence: Property hive.metastore.integral.jdo.pushdown unknown - will be ignored
15/09/09 11:11:07 INFO metastore.ObjectStore: Setting MetaStore object pin classes with hive.metastore.cache.pinobjtypes="Table,StorageDescriptor,SerDeInfo,Partition,Database,Type,FieldSchema,Order"
15/09/09 11:11:07 INFO metastore.MetaStoreDirectSql: MySQL check failed, assuming we are not on mysql: unknown token: 
15/09/09 11:11:07 INFO DataNucleus.Datastore: The class "org.apache.hadoop.hive.metastore.model.MFieldSchema" is tagged as "embedded-only" so does not have its own datastore table.
15/09/09 11:11:07 INFO DataNucleus.Datastore: The class "org.apache.hadoop.hive.metastore.model.MOrder" is tagged as "embedded-only" so does not have its own datastore table.
15/09/09 11:11:07 INFO DataNucleus.Datastore: The class "org.apache.hadoop.hive.metastore.model.MFieldSchema" is tagged as "embedded-only" so does not have its own datastore table.
15/09/09 11:11:07 INFO DataNucleus.Datastore: The class "org.apache.hadoop.hive.metastore.model.MOrder" is tagged as "embedded-only" so does not have its own datastore table.
15/09/09 11:11:07 INFO metastore.ObjectStore: Initialized ObjectStore
15/09/09 11:11:07 INFO metastore.HiveMetaStore: No user is added in admin role, since config is empty
15/09/09 11:11:07 INFO metastore.HiveMetaStore: 0: Shutting down the object store...
15/09/09 11:11:07 INFO HiveMetaStore.audit: ugi=hpatel	ip=unknown-ip-addr	cmd=Shutting down the object store...	
15/09/09 11:11:07 INFO metastore.HiveMetaStore: 0: Metastore shutdown complete.
15/09/09 11:11:07 INFO HiveMetaStore.audit: ugi=hpatel	ip=unknown-ip-addr	cmd=Metastore shutdown complete.	
15/09/09 11:11:07 INFO metastore.HiveMetaStore: No user is added in admin role, since config is empty
15/09/09 11:11:07 INFO session.SessionState: No Tez session required at this point. hive.execution.engine=mr.
15/09/09 11:11:07 INFO service.HiveServer: Putting temp output to file /var/folders/y7/4_pz5fzx54ngcmghz3v6t3m00000gn/T/junit5244277914253759095/localscratchdir/14d6a093-13ba-4ddb-819e-fdb8e4c8bc4e6231465086991353863.pipeout
15/09/09 11:11:07 INFO service.HiveServer: Running the query: SHOW TABLES
15/09/09 11:11:07 INFO log.PerfLogger: <PERFLOG method=Driver.run from=org.apache.hadoop.hive.ql.Driver>
15/09/09 11:11:07 INFO log.PerfLogger: <PERFLOG method=TimeToSubmit from=org.apache.hadoop.hive.ql.Driver>
15/09/09 11:11:07 INFO ql.Driver: Concurrency mode is disabled, not creating a lock manager
15/09/09 11:11:07 INFO log.PerfLogger: <PERFLOG method=compile from=org.apache.hadoop.hive.ql.Driver>
15/09/09 11:11:07 INFO log.PerfLogger: <PERFLOG method=parse from=org.apache.hadoop.hive.ql.Driver>
15/09/09 11:11:07 INFO parse.ParseDriver: Parsing command: SHOW TABLES
15/09/09 11:11:07 INFO parse.ParseDriver: Parse Completed
15/09/09 11:11:07 INFO log.PerfLogger: </PERFLOG method=parse start=1441815067210 end=1441815067211 duration=1 from=org.apache.hadoop.hive.ql.Driver>
15/09/09 11:11:07 INFO log.PerfLogger: <PERFLOG method=semanticAnalyze from=org.apache.hadoop.hive.ql.Driver>
15/09/09 11:11:07 INFO ql.Driver: Semantic Analysis Completed
15/09/09 11:11:07 INFO log.PerfLogger: </PERFLOG method=semanticAnalyze start=1441815067211 end=1441815067214 duration=3 from=org.apache.hadoop.hive.ql.Driver>
15/09/09 11:11:07 INFO exec.ListSinkOperator: Initializing Self 178 OP
15/09/09 11:11:07 INFO exec.ListSinkOperator: Operator 178 OP initialized
15/09/09 11:11:07 INFO exec.ListSinkOperator: Initialization Done 178 OP
15/09/09 11:11:07 INFO ql.Driver: Returning Hive schema: Schema(fieldSchemas:[FieldSchema(name:tab_name, type:string, comment:from deserializer)], properties:null)
15/09/09 11:11:07 INFO log.PerfLogger: </PERFLOG method=compile start=1441815067210 end=1441815067215 duration=5 from=org.apache.hadoop.hive.ql.Driver>
15/09/09 11:11:07 INFO log.PerfLogger: <PERFLOG method=Driver.execute from=org.apache.hadoop.hive.ql.Driver>
15/09/09 11:11:07 INFO ql.Driver: Starting command: SHOW TABLES
15/09/09 11:11:07 INFO log.PerfLogger: </PERFLOG method=TimeToSubmit start=1441815067210 end=1441815067215 duration=5 from=org.apache.hadoop.hive.ql.Driver>
15/09/09 11:11:07 INFO log.PerfLogger: <PERFLOG method=runTasks from=org.apache.hadoop.hive.ql.Driver>
15/09/09 11:11:07 INFO log.PerfLogger: <PERFLOG method=task.DDL.Stage-0 from=org.apache.hadoop.hive.ql.Driver>
15/09/09 11:11:07 INFO metastore.HiveMetaStore: 0: get_database: default
15/09/09 11:11:07 INFO HiveMetaStore.audit: ugi=hpatel	ip=unknown-ip-addr	cmd=get_database: default	
15/09/09 11:11:07 INFO metastore.HiveMetaStore: 0: Opening raw store with implemenation class:org.apache.hadoop.hive.metastore.ObjectStore
15/09/09 11:11:07 INFO metastore.ObjectStore: ObjectStore, initialize called
15/09/09 11:11:07 INFO metastore.MetaStoreDirectSql: MySQL check failed, assuming we are not on mysql: unknown token: 
15/09/09 11:11:07 INFO DataNucleus.Query: Reading in results for query "org.datanucleus.store.rdbms.query.SQLQuery@0" since the connection used is closing
15/09/09 11:11:07 INFO metastore.ObjectStore: Initialized ObjectStore
15/09/09 11:11:07 INFO metastore.HiveMetaStore: 0: get_tables: db=default pat=.*
15/09/09 11:11:07 INFO HiveMetaStore.audit: ugi=hpatel	ip=unknown-ip-addr	cmd=get_tables: db=default pat=.*	
15/09/09 11:11:07 INFO log.PerfLogger: </PERFLOG method=runTasks start=1441815067215 end=1441815067224 duration=9 from=org.apache.hadoop.hive.ql.Driver>
15/09/09 11:11:07 INFO log.PerfLogger: </PERFLOG method=Driver.execute start=1441815067215 end=1441815067224 duration=9 from=org.apache.hadoop.hive.ql.Driver>
OK
15/09/09 11:11:07 INFO ql.Driver: OK
15/09/09 11:11:07 INFO log.PerfLogger: <PERFLOG method=releaseLocks from=org.apache.hadoop.hive.ql.Driver>
15/09/09 11:11:07 INFO log.PerfLogger: </PERFLOG method=releaseLocks start=1441815067224 end=1441815067224 duration=0 from=org.apache.hadoop.hive.ql.Driver>
15/09/09 11:11:07 INFO log.PerfLogger: </PERFLOG method=Driver.run start=1441815067210 end=1441815067224 duration=14 from=org.apache.hadoop.hive.ql.Driver>
15/09/09 11:11:07 INFO service.HiveServer: Running the query: USE default
15/09/09 11:11:07 INFO exec.ListSinkOperator: 178 finished. closing... 
15/09/09 11:11:07 INFO exec.ListSinkOperator: 178 Close done
15/09/09 11:11:07 INFO log.PerfLogger: <PERFLOG method=Driver.run from=org.apache.hadoop.hive.ql.Driver>
15/09/09 11:11:07 INFO log.PerfLogger: <PERFLOG method=TimeToSubmit from=org.apache.hadoop.hive.ql.Driver>
15/09/09 11:11:07 INFO ql.Driver: Concurrency mode is disabled, not creating a lock manager
15/09/09 11:11:07 INFO log.PerfLogger: <PERFLOG method=compile from=org.apache.hadoop.hive.ql.Driver>
15/09/09 11:11:07 INFO log.PerfLogger: <PERFLOG method=parse from=org.apache.hadoop.hive.ql.Driver>
15/09/09 11:11:07 INFO parse.ParseDriver: Parsing command: USE default
15/09/09 11:11:07 INFO parse.ParseDriver: Parse Completed
15/09/09 11:11:07 INFO log.PerfLogger: </PERFLOG method=parse start=1441815067225 end=1441815067225 duration=0 from=org.apache.hadoop.hive.ql.Driver>
15/09/09 11:11:07 INFO log.PerfLogger: <PERFLOG method=semanticAnalyze from=org.apache.hadoop.hive.ql.Driver>
15/09/09 11:11:07 INFO ql.Driver: Semantic Analysis Completed
15/09/09 11:11:07 INFO log.PerfLogger: </PERFLOG method=semanticAnalyze start=1441815067225 end=1441815067225 duration=0 from=org.apache.hadoop.hive.ql.Driver>
15/09/09 11:11:07 INFO ql.Driver: Returning Hive schema: Schema(fieldSchemas:null, properties:null)
15/09/09 11:11:07 INFO log.PerfLogger: </PERFLOG method=compile start=1441815067225 end=1441815067225 duration=0 from=org.apache.hadoop.hive.ql.Driver>
15/09/09 11:11:07 INFO log.PerfLogger: <PERFLOG method=Driver.execute from=org.apache.hadoop.hive.ql.Driver>
15/09/09 11:11:07 INFO ql.Driver: Starting command: USE default
15/09/09 11:11:07 INFO log.PerfLogger: </PERFLOG method=TimeToSubmit start=1441815067225 end=1441815067225 duration=0 from=org.apache.hadoop.hive.ql.Driver>
15/09/09 11:11:07 INFO log.PerfLogger: <PERFLOG method=runTasks from=org.apache.hadoop.hive.ql.Driver>
15/09/09 11:11:07 INFO log.PerfLogger: <PERFLOG method=task.DDL.Stage-0 from=org.apache.hadoop.hive.ql.Driver>
15/09/09 11:11:07 INFO metastore.HiveMetaStore: 0: get_database: default
15/09/09 11:11:07 INFO HiveMetaStore.audit: ugi=hpatel	ip=unknown-ip-addr	cmd=get_database: default	
15/09/09 11:11:07 INFO metastore.HiveMetaStore: 0: get_database: default
15/09/09 11:11:07 INFO HiveMetaStore.audit: ugi=hpatel	ip=unknown-ip-addr	cmd=get_database: default	
15/09/09 11:11:07 INFO log.PerfLogger: </PERFLOG method=runTasks start=1441815067225 end=1441815067227 duration=2 from=org.apache.hadoop.hive.ql.Driver>
15/09/09 11:11:07 INFO log.PerfLogger: </PERFLOG method=Driver.execute start=1441815067225 end=1441815067227 duration=2 from=org.apache.hadoop.hive.ql.Driver>
OK
15/09/09 11:11:07 INFO ql.Driver: OK
15/09/09 11:11:07 INFO log.PerfLogger: <PERFLOG method=releaseLocks from=org.apache.hadoop.hive.ql.Driver>
15/09/09 11:11:07 INFO log.PerfLogger: </PERFLOG method=releaseLocks start=1441815067227 end=1441815067227 duration=0 from=org.apache.hadoop.hive.ql.Driver>
15/09/09 11:11:07 INFO log.PerfLogger: </PERFLOG method=Driver.run start=1441815067224 end=1441815067227 duration=3 from=org.apache.hadoop.hive.ql.Driver>
15/09/09 11:11:07 INFO metastore.HiveMetaStore: 0: Shutting down the object store...
15/09/09 11:11:07 INFO HiveMetaStore.audit: ugi=hpatel	ip=unknown-ip-addr	cmd=Shutting down the object store...	
15/09/09 11:11:07 INFO metastore.HiveMetaStore: 0: Metastore shutdown complete.
15/09/09 11:11:07 INFO HiveMetaStore.audit: ugi=hpatel	ip=unknown-ip-addr	cmd=Metastore shutdown complete.	
15/09/09 11:11:07 INFO hiverunner.HiveServerContainer: Tore down HiveServer instance
]]></system-err>
</testsuite>
