<?xml version="1.0" encoding="UTF-8"?>
<testsuite name="com.klarna.hiverunner.HiveRunnerAnnotationsTest" tests="8" skipped="0" failures="0" errors="0" timestamp="2015-09-09T16:10:57" hostname="Himanshu.local" time="3.111">
  <properties/>
  <testcase name="testHiveSQLLoaded" classname="com.klarna.hiverunner.HiveRunnerAnnotationsTest" time="0.409"/>
  <testcase name="testLoadPathResources" classname="com.klarna.hiverunner.HiveRunnerAnnotationsTest" time="0.406"/>
  <testcase name="testPropertiesLoaded" classname="com.klarna.hiverunner.HiveRunnerAnnotationsTest" time="0.387"/>
  <testcase name="testLoadFileResources" classname="com.klarna.hiverunner.HiveRunnerAnnotationsTest" time="0.385"/>
  <testcase name="testSetupScriptFromFile" classname="com.klarna.hiverunner.HiveRunnerAnnotationsTest" time="0.35"/>
  <testcase name="testSetupScriptFromPath" classname="com.klarna.hiverunner.HiveRunnerAnnotationsTest" time="0.398"/>
  <testcase name="testLoadStringResources" classname="com.klarna.hiverunner.HiveRunnerAnnotationsTest" time="0.436"/>
  <testcase name="testSetupScript" classname="com.klarna.hiverunner.HiveRunnerAnnotationsTest" time="0.336"/>
  <system-out><![CDATA[]]></system-out>
  <system-err><![CDATA[15/09/09 11:10:57 INFO metastore.HiveMetaStore: 0: Opening raw store with implemenation class:org.apache.hadoop.hive.metastore.ObjectStore
15/09/09 11:10:57 INFO metastore.ObjectStore: ObjectStore, initialize called
15/09/09 11:10:57 INFO DataNucleus.Persistence: Property datanucleus.cache.level2 unknown - will be ignored
15/09/09 11:10:57 INFO DataNucleus.Persistence: Property hive.metastore.integral.jdo.pushdown unknown - will be ignored
15/09/09 11:10:57 INFO metastore.ObjectStore: Setting MetaStore object pin classes with hive.metastore.cache.pinobjtypes="Table,StorageDescriptor,SerDeInfo,Partition,Database,Type,FieldSchema,Order"
15/09/09 11:10:57 INFO metastore.MetaStoreDirectSql: MySQL check failed, assuming we are not on mysql: unknown token: 
15/09/09 11:10:57 INFO DataNucleus.Datastore: The class "org.apache.hadoop.hive.metastore.model.MFieldSchema" is tagged as "embedded-only" so does not have its own datastore table.
15/09/09 11:10:57 INFO DataNucleus.Datastore: The class "org.apache.hadoop.hive.metastore.model.MOrder" is tagged as "embedded-only" so does not have its own datastore table.
15/09/09 11:10:57 INFO DataNucleus.Datastore: The class "org.apache.hadoop.hive.metastore.model.MFieldSchema" is tagged as "embedded-only" so does not have its own datastore table.
15/09/09 11:10:57 INFO DataNucleus.Datastore: The class "org.apache.hadoop.hive.metastore.model.MOrder" is tagged as "embedded-only" so does not have its own datastore table.
15/09/09 11:10:57 INFO metastore.ObjectStore: Initialized ObjectStore
15/09/09 11:10:57 INFO metastore.HiveMetaStore: No user is added in admin role, since config is empty
15/09/09 11:10:57 INFO metastore.HiveMetaStore: 0: Shutting down the object store...
15/09/09 11:10:57 INFO HiveMetaStore.audit: ugi=hpatel	ip=unknown-ip-addr	cmd=Shutting down the object store...	
15/09/09 11:10:57 INFO metastore.HiveMetaStore: 0: Metastore shutdown complete.
15/09/09 11:10:57 INFO HiveMetaStore.audit: ugi=hpatel	ip=unknown-ip-addr	cmd=Metastore shutdown complete.	
15/09/09 11:10:57 INFO metastore.HiveMetaStore: No user is added in admin role, since config is empty
15/09/09 11:10:57 INFO session.SessionState: No Tez session required at this point. hive.execution.engine=mr.
15/09/09 11:10:57 INFO service.HiveServer: Putting temp output to file /var/folders/y7/4_pz5fzx54ngcmghz3v6t3m00000gn/T/junit5070830540456043179/localscratchdir/10a5ac4a-7a3a-462b-88fb-c57a34ffd3254632185211024889575.pipeout
15/09/09 11:10:57 INFO service.HiveServer: Running the query: SHOW TABLES
15/09/09 11:10:57 INFO log.PerfLogger: <PERFLOG method=Driver.run from=org.apache.hadoop.hive.ql.Driver>
15/09/09 11:10:57 INFO log.PerfLogger: <PERFLOG method=TimeToSubmit from=org.apache.hadoop.hive.ql.Driver>
15/09/09 11:10:57 INFO ql.Driver: Concurrency mode is disabled, not creating a lock manager
15/09/09 11:10:57 INFO log.PerfLogger: <PERFLOG method=compile from=org.apache.hadoop.hive.ql.Driver>
15/09/09 11:10:57 INFO log.PerfLogger: <PERFLOG method=parse from=org.apache.hadoop.hive.ql.Driver>
15/09/09 11:10:57 INFO parse.ParseDriver: Parsing command: SHOW TABLES
15/09/09 11:10:57 INFO parse.ParseDriver: Parse Completed
15/09/09 11:10:57 INFO log.PerfLogger: </PERFLOG method=parse start=1441815057265 end=1441815057265 duration=0 from=org.apache.hadoop.hive.ql.Driver>
15/09/09 11:10:57 INFO log.PerfLogger: <PERFLOG method=semanticAnalyze from=org.apache.hadoop.hive.ql.Driver>
15/09/09 11:10:57 INFO ql.Driver: Semantic Analysis Completed
15/09/09 11:10:57 INFO log.PerfLogger: </PERFLOG method=semanticAnalyze start=1441815057265 end=1441815057269 duration=4 from=org.apache.hadoop.hive.ql.Driver>
15/09/09 11:10:57 INFO exec.ListSinkOperator: Initializing Self 59 OP
15/09/09 11:10:57 INFO exec.ListSinkOperator: Operator 59 OP initialized
15/09/09 11:10:57 INFO exec.ListSinkOperator: Initialization Done 59 OP
15/09/09 11:10:57 INFO ql.Driver: Returning Hive schema: Schema(fieldSchemas:[FieldSchema(name:tab_name, type:string, comment:from deserializer)], properties:null)
15/09/09 11:10:57 INFO log.PerfLogger: </PERFLOG method=compile start=1441815057265 end=1441815057269 duration=4 from=org.apache.hadoop.hive.ql.Driver>
15/09/09 11:10:57 INFO log.PerfLogger: <PERFLOG method=Driver.execute from=org.apache.hadoop.hive.ql.Driver>
15/09/09 11:10:57 INFO ql.Driver: Starting command: SHOW TABLES
15/09/09 11:10:57 INFO log.PerfLogger: </PERFLOG method=TimeToSubmit start=1441815057264 end=1441815057270 duration=6 from=org.apache.hadoop.hive.ql.Driver>
15/09/09 11:10:57 INFO log.PerfLogger: <PERFLOG method=runTasks from=org.apache.hadoop.hive.ql.Driver>
15/09/09 11:10:57 INFO log.PerfLogger: <PERFLOG method=task.DDL.Stage-0 from=org.apache.hadoop.hive.ql.Driver>
15/09/09 11:10:57 INFO metastore.HiveMetaStore: 0: get_database: default
15/09/09 11:10:57 INFO HiveMetaStore.audit: ugi=hpatel	ip=unknown-ip-addr	cmd=get_database: default	
15/09/09 11:10:57 INFO metastore.HiveMetaStore: 0: Opening raw store with implemenation class:org.apache.hadoop.hive.metastore.ObjectStore
15/09/09 11:10:57 INFO metastore.ObjectStore: ObjectStore, initialize called
15/09/09 11:10:57 INFO metastore.MetaStoreDirectSql: MySQL check failed, assuming we are not on mysql: unknown token: 
15/09/09 11:10:57 INFO DataNucleus.Query: Reading in results for query "org.datanucleus.store.rdbms.query.SQLQuery@0" since the connection used is closing
15/09/09 11:10:57 INFO metastore.ObjectStore: Initialized ObjectStore
15/09/09 11:10:57 INFO metastore.HiveMetaStore: 0: get_tables: db=default pat=.*
15/09/09 11:10:57 INFO HiveMetaStore.audit: ugi=hpatel	ip=unknown-ip-addr	cmd=get_tables: db=default pat=.*	
15/09/09 11:10:57 INFO log.PerfLogger: </PERFLOG method=runTasks start=1441815057270 end=1441815057280 duration=10 from=org.apache.hadoop.hive.ql.Driver>
15/09/09 11:10:57 INFO log.PerfLogger: </PERFLOG method=Driver.execute start=1441815057269 end=1441815057280 duration=11 from=org.apache.hadoop.hive.ql.Driver>
OK
15/09/09 11:10:57 INFO ql.Driver: OK
15/09/09 11:10:57 INFO log.PerfLogger: <PERFLOG method=releaseLocks from=org.apache.hadoop.hive.ql.Driver>
15/09/09 11:10:57 INFO log.PerfLogger: </PERFLOG method=releaseLocks start=1441815057280 end=1441815057280 duration=0 from=org.apache.hadoop.hive.ql.Driver>
15/09/09 11:10:57 INFO log.PerfLogger: </PERFLOG method=Driver.run start=1441815057264 end=1441815057280 duration=16 from=org.apache.hadoop.hive.ql.Driver>
15/09/09 11:10:57 INFO builder.HiveShellTearable: Executing script: create table bar (i int);
15/09/09 11:10:57 INFO service.HiveServer: Running the query: create table bar (i int)
15/09/09 11:10:57 INFO exec.ListSinkOperator: 59 finished. closing... 
15/09/09 11:10:57 INFO exec.ListSinkOperator: 59 Close done
15/09/09 11:10:57 INFO log.PerfLogger: <PERFLOG method=Driver.run from=org.apache.hadoop.hive.ql.Driver>
15/09/09 11:10:57 INFO log.PerfLogger: <PERFLOG method=TimeToSubmit from=org.apache.hadoop.hive.ql.Driver>
15/09/09 11:10:57 INFO ql.Driver: Concurrency mode is disabled, not creating a lock manager
15/09/09 11:10:57 INFO log.PerfLogger: <PERFLOG method=compile from=org.apache.hadoop.hive.ql.Driver>
15/09/09 11:10:57 INFO log.PerfLogger: <PERFLOG method=parse from=org.apache.hadoop.hive.ql.Driver>
15/09/09 11:10:57 INFO parse.ParseDriver: Parsing command: create table bar (i int)
15/09/09 11:10:57 INFO parse.ParseDriver: Parse Completed
15/09/09 11:10:57 INFO log.PerfLogger: </PERFLOG method=parse start=1441815057282 end=1441815057282 duration=0 from=org.apache.hadoop.hive.ql.Driver>
15/09/09 11:10:57 INFO log.PerfLogger: <PERFLOG method=semanticAnalyze from=org.apache.hadoop.hive.ql.Driver>
15/09/09 11:10:57 INFO parse.SemanticAnalyzer: Starting Semantic Analysis
15/09/09 11:10:57 INFO parse.SemanticAnalyzer: Creating table bar position=13
15/09/09 11:10:57 INFO metastore.HiveMetaStore: 0: get_database: default
15/09/09 11:10:57 INFO HiveMetaStore.audit: ugi=hpatel	ip=unknown-ip-addr	cmd=get_database: default	
15/09/09 11:10:57 INFO ql.Driver: Semantic Analysis Completed
15/09/09 11:10:57 INFO log.PerfLogger: </PERFLOG method=semanticAnalyze start=1441815057282 end=1441815057284 duration=2 from=org.apache.hadoop.hive.ql.Driver>
15/09/09 11:10:57 INFO ql.Driver: Returning Hive schema: Schema(fieldSchemas:null, properties:null)
15/09/09 11:10:57 INFO log.PerfLogger: </PERFLOG method=compile start=1441815057281 end=1441815057284 duration=3 from=org.apache.hadoop.hive.ql.Driver>
15/09/09 11:10:57 INFO log.PerfLogger: <PERFLOG method=Driver.execute from=org.apache.hadoop.hive.ql.Driver>
15/09/09 11:10:57 INFO ql.Driver: Starting command: create table bar (i int)
15/09/09 11:10:57 INFO log.PerfLogger: </PERFLOG method=TimeToSubmit start=1441815057281 end=1441815057284 duration=3 from=org.apache.hadoop.hive.ql.Driver>
15/09/09 11:10:57 INFO log.PerfLogger: <PERFLOG method=runTasks from=org.apache.hadoop.hive.ql.Driver>
15/09/09 11:10:57 INFO log.PerfLogger: <PERFLOG method=task.DDL.Stage-0 from=org.apache.hadoop.hive.ql.Driver>
15/09/09 11:10:57 INFO metastore.HiveMetaStore: 0: create_table: Table(tableName:bar, dbName:default, owner:hpatel, createTime:1441815057, lastAccessTime:0, retention:0, sd:StorageDescriptor(cols:[FieldSchema(name:i, type:int, comment:null)], location:null, inputFormat:org.apache.hadoop.mapred.TextInputFormat, outputFormat:org.apache.hadoop.hive.ql.io.HiveIgnoreKeyTextOutputFormat, compressed:false, numBuckets:-1, serdeInfo:SerDeInfo(name:null, serializationLib:org.apache.hadoop.hive.serde2.lazy.LazySimpleSerDe, parameters:{serialization.format=1}), bucketCols:[], sortCols:[], parameters:{}, skewedInfo:SkewedInfo(skewedColNames:[], skewedColValues:[], skewedColValueLocationMaps:{}), storedAsSubDirectories:false), partitionKeys:[], parameters:{}, viewOriginalText:null, viewExpandedText:null, tableType:MANAGED_TABLE)
15/09/09 11:10:57 INFO HiveMetaStore.audit: ugi=hpatel	ip=unknown-ip-addr	cmd=create_table: Table(tableName:bar, dbName:default, owner:hpatel, createTime:1441815057, lastAccessTime:0, retention:0, sd:StorageDescriptor(cols:[FieldSchema(name:i, type:int, comment:null)], location:null, inputFormat:org.apache.hadoop.mapred.TextInputFormat, outputFormat:org.apache.hadoop.hive.ql.io.HiveIgnoreKeyTextOutputFormat, compressed:false, numBuckets:-1, serdeInfo:SerDeInfo(name:null, serializationLib:org.apache.hadoop.hive.serde2.lazy.LazySimpleSerDe, parameters:{serialization.format=1}), bucketCols:[], sortCols:[], parameters:{}, skewedInfo:SkewedInfo(skewedColNames:[], skewedColValues:[], skewedColValueLocationMaps:{}), storedAsSubDirectories:false), partitionKeys:[], parameters:{}, viewOriginalText:null, viewExpandedText:null, tableType:MANAGED_TABLE)	
15/09/09 11:10:57 INFO common.FileUtils: Creating directory if it doesn't exist: file:/var/folders/y7/4_pz5fzx54ngcmghz3v6t3m00000gn/T/junit5070830540456043179/warehouse/bar
15/09/09 11:10:57 INFO log.PerfLogger: </PERFLOG method=runTasks start=1441815057284 end=1441815057326 duration=42 from=org.apache.hadoop.hive.ql.Driver>
15/09/09 11:10:57 INFO log.PerfLogger: </PERFLOG method=Driver.execute start=1441815057284 end=1441815057326 duration=42 from=org.apache.hadoop.hive.ql.Driver>
OK
15/09/09 11:10:57 INFO ql.Driver: OK
15/09/09 11:10:57 INFO log.PerfLogger: <PERFLOG method=releaseLocks from=org.apache.hadoop.hive.ql.Driver>
15/09/09 11:10:57 INFO log.PerfLogger: </PERFLOG method=releaseLocks start=1441815057326 end=1441815057326 duration=0 from=org.apache.hadoop.hive.ql.Driver>
15/09/09 11:10:57 INFO log.PerfLogger: </PERFLOG method=Driver.run start=1441815057281 end=1441815057326 duration=45 from=org.apache.hadoop.hive.ql.Driver>
15/09/09 11:10:57 INFO builder.HiveShellTearable: Executing script: create table fox(id string);
15/09/09 11:10:57 INFO service.HiveServer: Running the query: create table fox(id string)
15/09/09 11:10:57 INFO log.PerfLogger: <PERFLOG method=Driver.run from=org.apache.hadoop.hive.ql.Driver>
15/09/09 11:10:57 INFO log.PerfLogger: <PERFLOG method=TimeToSubmit from=org.apache.hadoop.hive.ql.Driver>
15/09/09 11:10:57 INFO ql.Driver: Concurrency mode is disabled, not creating a lock manager
15/09/09 11:10:57 INFO log.PerfLogger: <PERFLOG method=compile from=org.apache.hadoop.hive.ql.Driver>
15/09/09 11:10:57 INFO log.PerfLogger: <PERFLOG method=parse from=org.apache.hadoop.hive.ql.Driver>
15/09/09 11:10:57 INFO parse.ParseDriver: Parsing command: create table fox(id string)
15/09/09 11:10:57 INFO parse.ParseDriver: Parse Completed
15/09/09 11:10:57 INFO log.PerfLogger: </PERFLOG method=parse start=1441815057326 end=1441815057327 duration=1 from=org.apache.hadoop.hive.ql.Driver>
15/09/09 11:10:57 INFO log.PerfLogger: <PERFLOG method=semanticAnalyze from=org.apache.hadoop.hive.ql.Driver>
15/09/09 11:10:57 INFO parse.SemanticAnalyzer: Starting Semantic Analysis
15/09/09 11:10:57 INFO parse.SemanticAnalyzer: Creating table fox position=13
15/09/09 11:10:57 INFO metastore.HiveMetaStore: 0: get_database: default
15/09/09 11:10:57 INFO HiveMetaStore.audit: ugi=hpatel	ip=unknown-ip-addr	cmd=get_database: default	
15/09/09 11:10:57 INFO ql.Driver: Semantic Analysis Completed
15/09/09 11:10:57 INFO log.PerfLogger: </PERFLOG method=semanticAnalyze start=1441815057327 end=1441815057329 duration=2 from=org.apache.hadoop.hive.ql.Driver>
15/09/09 11:10:57 INFO ql.Driver: Returning Hive schema: Schema(fieldSchemas:null, properties:null)
15/09/09 11:10:57 INFO log.PerfLogger: </PERFLOG method=compile start=1441815057326 end=1441815057329 duration=3 from=org.apache.hadoop.hive.ql.Driver>
15/09/09 11:10:57 INFO log.PerfLogger: <PERFLOG method=Driver.execute from=org.apache.hadoop.hive.ql.Driver>
15/09/09 11:10:57 INFO ql.Driver: Starting command: create table fox(id string)
15/09/09 11:10:57 INFO log.PerfLogger: </PERFLOG method=TimeToSubmit start=1441815057326 end=1441815057329 duration=3 from=org.apache.hadoop.hive.ql.Driver>
15/09/09 11:10:57 INFO log.PerfLogger: <PERFLOG method=runTasks from=org.apache.hadoop.hive.ql.Driver>
15/09/09 11:10:57 INFO log.PerfLogger: <PERFLOG method=task.DDL.Stage-0 from=org.apache.hadoop.hive.ql.Driver>
15/09/09 11:10:57 INFO metastore.HiveMetaStore: 0: create_table: Table(tableName:fox, dbName:default, owner:hpatel, createTime:1441815057, lastAccessTime:0, retention:0, sd:StorageDescriptor(cols:[FieldSchema(name:id, type:string, comment:null)], location:null, inputFormat:org.apache.hadoop.mapred.TextInputFormat, outputFormat:org.apache.hadoop.hive.ql.io.HiveIgnoreKeyTextOutputFormat, compressed:false, numBuckets:-1, serdeInfo:SerDeInfo(name:null, serializationLib:org.apache.hadoop.hive.serde2.lazy.LazySimpleSerDe, parameters:{serialization.format=1}), bucketCols:[], sortCols:[], parameters:{}, skewedInfo:SkewedInfo(skewedColNames:[], skewedColValues:[], skewedColValueLocationMaps:{}), storedAsSubDirectories:false), partitionKeys:[], parameters:{}, viewOriginalText:null, viewExpandedText:null, tableType:MANAGED_TABLE)
15/09/09 11:10:57 INFO HiveMetaStore.audit: ugi=hpatel	ip=unknown-ip-addr	cmd=create_table: Table(tableName:fox, dbName:default, owner:hpatel, createTime:1441815057, lastAccessTime:0, retention:0, sd:StorageDescriptor(cols:[FieldSchema(name:id, type:string, comment:null)], location:null, inputFormat:org.apache.hadoop.mapred.TextInputFormat, outputFormat:org.apache.hadoop.hive.ql.io.HiveIgnoreKeyTextOutputFormat, compressed:false, numBuckets:-1, serdeInfo:SerDeInfo(name:null, serializationLib:org.apache.hadoop.hive.serde2.lazy.LazySimpleSerDe, parameters:{serialization.format=1}), bucketCols:[], sortCols:[], parameters:{}, skewedInfo:SkewedInfo(skewedColNames:[], skewedColValues:[], skewedColValueLocationMaps:{}), storedAsSubDirectories:false), partitionKeys:[], parameters:{}, viewOriginalText:null, viewExpandedText:null, tableType:MANAGED_TABLE)	
15/09/09 11:10:57 INFO common.FileUtils: Creating directory if it doesn't exist: file:/var/folders/y7/4_pz5fzx54ngcmghz3v6t3m00000gn/T/junit5070830540456043179/warehouse/fox
15/09/09 11:10:57 INFO log.PerfLogger: </PERFLOG method=runTasks start=1441815057329 end=1441815057351 duration=22 from=org.apache.hadoop.hive.ql.Driver>
15/09/09 11:10:57 INFO log.PerfLogger: </PERFLOG method=Driver.execute start=1441815057329 end=1441815057351 duration=22 from=org.apache.hadoop.hive.ql.Driver>
OK
15/09/09 11:10:57 INFO ql.Driver: OK
15/09/09 11:10:57 INFO log.PerfLogger: <PERFLOG method=releaseLocks from=org.apache.hadoop.hive.ql.Driver>
15/09/09 11:10:57 INFO log.PerfLogger: </PERFLOG method=releaseLocks start=1441815057351 end=1441815057351 duration=0 from=org.apache.hadoop.hive.ql.Driver>
15/09/09 11:10:57 INFO log.PerfLogger: </PERFLOG method=Driver.run start=1441815057326 end=1441815057351 duration=25 from=org.apache.hadoop.hive.ql.Driver>
15/09/09 11:10:57 INFO builder.HiveShellTearable: Executing script: create table love(id string);
15/09/09 11:10:57 INFO service.HiveServer: Running the query: create table love(id string)
15/09/09 11:10:57 INFO log.PerfLogger: <PERFLOG method=Driver.run from=org.apache.hadoop.hive.ql.Driver>
15/09/09 11:10:57 INFO log.PerfLogger: <PERFLOG method=TimeToSubmit from=org.apache.hadoop.hive.ql.Driver>
15/09/09 11:10:57 INFO ql.Driver: Concurrency mode is disabled, not creating a lock manager
15/09/09 11:10:57 INFO log.PerfLogger: <PERFLOG method=compile from=org.apache.hadoop.hive.ql.Driver>
15/09/09 11:10:57 INFO log.PerfLogger: <PERFLOG method=parse from=org.apache.hadoop.hive.ql.Driver>
15/09/09 11:10:57 INFO parse.ParseDriver: Parsing command: create table love(id string)
15/09/09 11:10:57 INFO parse.ParseDriver: Parse Completed
15/09/09 11:10:57 INFO log.PerfLogger: </PERFLOG method=parse start=1441815057352 end=1441815057352 duration=0 from=org.apache.hadoop.hive.ql.Driver>
15/09/09 11:10:57 INFO log.PerfLogger: <PERFLOG method=semanticAnalyze from=org.apache.hadoop.hive.ql.Driver>
15/09/09 11:10:57 INFO parse.SemanticAnalyzer: Starting Semantic Analysis
15/09/09 11:10:57 INFO parse.SemanticAnalyzer: Creating table love position=13
15/09/09 11:10:57 INFO metastore.HiveMetaStore: 0: get_database: default
15/09/09 11:10:57 INFO HiveMetaStore.audit: ugi=hpatel	ip=unknown-ip-addr	cmd=get_database: default	
15/09/09 11:10:57 INFO ql.Driver: Semantic Analysis Completed
15/09/09 11:10:57 INFO log.PerfLogger: </PERFLOG method=semanticAnalyze start=1441815057352 end=1441815057354 duration=2 from=org.apache.hadoop.hive.ql.Driver>
15/09/09 11:10:57 INFO ql.Driver: Returning Hive schema: Schema(fieldSchemas:null, properties:null)
15/09/09 11:10:57 INFO log.PerfLogger: </PERFLOG method=compile start=1441815057352 end=1441815057355 duration=3 from=org.apache.hadoop.hive.ql.Driver>
15/09/09 11:10:57 INFO log.PerfLogger: <PERFLOG method=Driver.execute from=org.apache.hadoop.hive.ql.Driver>
15/09/09 11:10:57 INFO ql.Driver: Starting command: create table love(id string)
15/09/09 11:10:57 INFO log.PerfLogger: </PERFLOG method=TimeToSubmit start=1441815057352 end=1441815057355 duration=3 from=org.apache.hadoop.hive.ql.Driver>
15/09/09 11:10:57 INFO log.PerfLogger: <PERFLOG method=runTasks from=org.apache.hadoop.hive.ql.Driver>
15/09/09 11:10:57 INFO log.PerfLogger: <PERFLOG method=task.DDL.Stage-0 from=org.apache.hadoop.hive.ql.Driver>
15/09/09 11:10:57 INFO metastore.HiveMetaStore: 0: create_table: Table(tableName:love, dbName:default, owner:hpatel, createTime:1441815057, lastAccessTime:0, retention:0, sd:StorageDescriptor(cols:[FieldSchema(name:id, type:string, comment:null)], location:null, inputFormat:org.apache.hadoop.mapred.TextInputFormat, outputFormat:org.apache.hadoop.hive.ql.io.HiveIgnoreKeyTextOutputFormat, compressed:false, numBuckets:-1, serdeInfo:SerDeInfo(name:null, serializationLib:org.apache.hadoop.hive.serde2.lazy.LazySimpleSerDe, parameters:{serialization.format=1}), bucketCols:[], sortCols:[], parameters:{}, skewedInfo:SkewedInfo(skewedColNames:[], skewedColValues:[], skewedColValueLocationMaps:{}), storedAsSubDirectories:false), partitionKeys:[], parameters:{}, viewOriginalText:null, viewExpandedText:null, tableType:MANAGED_TABLE)
15/09/09 11:10:57 INFO HiveMetaStore.audit: ugi=hpatel	ip=unknown-ip-addr	cmd=create_table: Table(tableName:love, dbName:default, owner:hpatel, createTime:1441815057, lastAccessTime:0, retention:0, sd:StorageDescriptor(cols:[FieldSchema(name:id, type:string, comment:null)], location:null, inputFormat:org.apache.hadoop.mapred.TextInputFormat, outputFormat:org.apache.hadoop.hive.ql.io.HiveIgnoreKeyTextOutputFormat, compressed:false, numBuckets:-1, serdeInfo:SerDeInfo(name:null, serializationLib:org.apache.hadoop.hive.serde2.lazy.LazySimpleSerDe, parameters:{serialization.format=1}), bucketCols:[], sortCols:[], parameters:{}, skewedInfo:SkewedInfo(skewedColNames:[], skewedColValues:[], skewedColValueLocationMaps:{}), storedAsSubDirectories:false), partitionKeys:[], parameters:{}, viewOriginalText:null, viewExpandedText:null, tableType:MANAGED_TABLE)	
15/09/09 11:10:57 INFO common.FileUtils: Creating directory if it doesn't exist: file:/var/folders/y7/4_pz5fzx54ngcmghz3v6t3m00000gn/T/junit5070830540456043179/warehouse/love
15/09/09 11:10:57 INFO log.PerfLogger: </PERFLOG method=runTasks start=1441815057355 end=1441815057377 duration=22 from=org.apache.hadoop.hive.ql.Driver>
15/09/09 11:10:57 INFO log.PerfLogger: </PERFLOG method=Driver.execute start=1441815057355 end=1441815057377 duration=22 from=org.apache.hadoop.hive.ql.Driver>
OK
15/09/09 11:10:57 INFO ql.Driver: OK
15/09/09 11:10:57 INFO log.PerfLogger: <PERFLOG method=releaseLocks from=org.apache.hadoop.hive.ql.Driver>
15/09/09 11:10:57 INFO log.PerfLogger: </PERFLOG method=releaseLocks start=1441815057377 end=1441815057377 duration=0 from=org.apache.hadoop.hive.ql.Driver>
15/09/09 11:10:57 INFO log.PerfLogger: </PERFLOG method=Driver.run start=1441815057352 end=1441815057378 duration=26 from=org.apache.hadoop.hive.ql.Driver>
15/09/09 11:10:57 INFO builder.HiveShellTearable: Created hive resource /var/folders/y7/4_pz5fzx54ngcmghz3v6t3m00000gn/T/junit5070830540456043179/vs/foo/fromFile.csv
15/09/09 11:10:57 INFO builder.HiveShellTearable: Created hive resource /var/folders/y7/4_pz5fzx54ngcmghz3v6t3m00000gn/T/junit5070830540456043179/vs/foo/fromPath.csv
15/09/09 11:10:57 INFO builder.HiveShellTearable: Created hive resource /var/folders/y7/4_pz5fzx54ngcmghz3v6t3m00000gn/T/junit5070830540456043179/vs/foo/fromString.csv
15/09/09 11:10:57 INFO service.HiveServer: Running the query: CREATE EXTERNAL TABLE foo (s1 int, s2 string)
  ROW FORMAT DELIMITED FIELDS TERMINATED BY ','
  STORED AS TEXTFILE
  LOCATION '${hiveconf:hive.vs.uri}/foo/'
15/09/09 11:10:57 INFO log.PerfLogger: <PERFLOG method=Driver.run from=org.apache.hadoop.hive.ql.Driver>
15/09/09 11:10:57 INFO log.PerfLogger: <PERFLOG method=TimeToSubmit from=org.apache.hadoop.hive.ql.Driver>
15/09/09 11:10:57 INFO ql.Driver: Concurrency mode is disabled, not creating a lock manager
15/09/09 11:10:57 INFO log.PerfLogger: <PERFLOG method=compile from=org.apache.hadoop.hive.ql.Driver>
15/09/09 11:10:57 INFO log.PerfLogger: <PERFLOG method=parse from=org.apache.hadoop.hive.ql.Driver>
15/09/09 11:10:57 INFO parse.ParseDriver: Parsing command: CREATE EXTERNAL TABLE foo (s1 int, s2 string)
  ROW FORMAT DELIMITED FIELDS TERMINATED BY ','
  STORED AS TEXTFILE
  LOCATION 'file:///var/folders/y7/4_pz5fzx54ngcmghz3v6t3m00000gn/T/junit5070830540456043179/vs//foo/'
15/09/09 11:10:57 INFO parse.ParseDriver: Parse Completed
15/09/09 11:10:57 INFO log.PerfLogger: </PERFLOG method=parse start=1441815057380 end=1441815057381 duration=1 from=org.apache.hadoop.hive.ql.Driver>
15/09/09 11:10:57 INFO log.PerfLogger: <PERFLOG method=semanticAnalyze from=org.apache.hadoop.hive.ql.Driver>
15/09/09 11:10:57 INFO parse.SemanticAnalyzer: Starting Semantic Analysis
15/09/09 11:10:57 INFO parse.SemanticAnalyzer: Creating table foo position=22
15/09/09 11:10:57 INFO metastore.HiveMetaStore: 0: get_database: default
15/09/09 11:10:57 INFO HiveMetaStore.audit: ugi=hpatel	ip=unknown-ip-addr	cmd=get_database: default	
15/09/09 11:10:57 INFO ql.Driver: Semantic Analysis Completed
15/09/09 11:10:57 INFO log.PerfLogger: </PERFLOG method=semanticAnalyze start=1441815057381 end=1441815057383 duration=2 from=org.apache.hadoop.hive.ql.Driver>
15/09/09 11:10:57 INFO ql.Driver: Returning Hive schema: Schema(fieldSchemas:null, properties:null)
15/09/09 11:10:57 INFO log.PerfLogger: </PERFLOG method=compile start=1441815057379 end=1441815057383 duration=4 from=org.apache.hadoop.hive.ql.Driver>
15/09/09 11:10:57 INFO log.PerfLogger: <PERFLOG method=Driver.execute from=org.apache.hadoop.hive.ql.Driver>
15/09/09 11:10:57 INFO ql.Driver: Starting command: CREATE EXTERNAL TABLE foo (s1 int, s2 string)
  ROW FORMAT DELIMITED FIELDS TERMINATED BY ','
  STORED AS TEXTFILE
  LOCATION 'file:///var/folders/y7/4_pz5fzx54ngcmghz3v6t3m00000gn/T/junit5070830540456043179/vs//foo/'
15/09/09 11:10:57 INFO log.PerfLogger: </PERFLOG method=TimeToSubmit start=1441815057379 end=1441815057383 duration=4 from=org.apache.hadoop.hive.ql.Driver>
15/09/09 11:10:57 INFO log.PerfLogger: <PERFLOG method=runTasks from=org.apache.hadoop.hive.ql.Driver>
15/09/09 11:10:57 INFO log.PerfLogger: <PERFLOG method=task.DDL.Stage-0 from=org.apache.hadoop.hive.ql.Driver>
15/09/09 11:10:57 INFO metastore.HiveMetaStore: 0: create_table: Table(tableName:foo, dbName:default, owner:hpatel, createTime:1441815057, lastAccessTime:0, retention:0, sd:StorageDescriptor(cols:[FieldSchema(name:s1, type:int, comment:null), FieldSchema(name:s2, type:string, comment:null)], location:file:/var/folders/y7/4_pz5fzx54ngcmghz3v6t3m00000gn/T/junit5070830540456043179/vs/foo, inputFormat:org.apache.hadoop.mapred.TextInputFormat, outputFormat:org.apache.hadoop.hive.ql.io.HiveIgnoreKeyTextOutputFormat, compressed:false, numBuckets:-1, serdeInfo:SerDeInfo(name:null, serializationLib:org.apache.hadoop.hive.serde2.lazy.LazySimpleSerDe, parameters:{serialization.format=,, field.delim=,}), bucketCols:[], sortCols:[], parameters:{}, skewedInfo:SkewedInfo(skewedColNames:[], skewedColValues:[], skewedColValueLocationMaps:{}), storedAsSubDirectories:false), partitionKeys:[], parameters:{EXTERNAL=TRUE}, viewOriginalText:null, viewExpandedText:null, tableType:EXTERNAL_TABLE)
15/09/09 11:10:57 INFO HiveMetaStore.audit: ugi=hpatel	ip=unknown-ip-addr	cmd=create_table: Table(tableName:foo, dbName:default, owner:hpatel, createTime:1441815057, lastAccessTime:0, retention:0, sd:StorageDescriptor(cols:[FieldSchema(name:s1, type:int, comment:null), FieldSchema(name:s2, type:string, comment:null)], location:file:/var/folders/y7/4_pz5fzx54ngcmghz3v6t3m00000gn/T/junit5070830540456043179/vs/foo, inputFormat:org.apache.hadoop.mapred.TextInputFormat, outputFormat:org.apache.hadoop.hive.ql.io.HiveIgnoreKeyTextOutputFormat, compressed:false, numBuckets:-1, serdeInfo:SerDeInfo(name:null, serializationLib:org.apache.hadoop.hive.serde2.lazy.LazySimpleSerDe, parameters:{serialization.format=,, field.delim=,}), bucketCols:[], sortCols:[], parameters:{}, skewedInfo:SkewedInfo(skewedColNames:[], skewedColValues:[], skewedColValueLocationMaps:{}), storedAsSubDirectories:false), partitionKeys:[], parameters:{EXTERNAL=TRUE}, viewOriginalText:null, viewExpandedText:null, tableType:EXTERNAL_TABLE)	
15/09/09 11:10:57 INFO log.PerfLogger: </PERFLOG method=runTasks start=1441815057383 end=1441815057392 duration=9 from=org.apache.hadoop.hive.ql.Driver>
15/09/09 11:10:57 INFO log.PerfLogger: </PERFLOG method=Driver.execute start=1441815057383 end=1441815057392 duration=9 from=org.apache.hadoop.hive.ql.Driver>
OK
15/09/09 11:10:57 INFO ql.Driver: OK
15/09/09 11:10:57 INFO log.PerfLogger: <PERFLOG method=releaseLocks from=org.apache.hadoop.hive.ql.Driver>
15/09/09 11:10:57 INFO log.PerfLogger: </PERFLOG method=releaseLocks start=1441815057392 end=1441815057392 duration=0 from=org.apache.hadoop.hive.ql.Driver>
15/09/09 11:10:57 INFO log.PerfLogger: </PERFLOG method=Driver.run start=1441815057379 end=1441815057392 duration=13 from=org.apache.hadoop.hive.ql.Driver>
15/09/09 11:10:57 INFO service.HiveServer: Running the query: show tables
15/09/09 11:10:57 INFO log.PerfLogger: <PERFLOG method=Driver.run from=org.apache.hadoop.hive.ql.Driver>
15/09/09 11:10:57 INFO log.PerfLogger: <PERFLOG method=TimeToSubmit from=org.apache.hadoop.hive.ql.Driver>
15/09/09 11:10:57 INFO ql.Driver: Concurrency mode is disabled, not creating a lock manager
15/09/09 11:10:57 INFO log.PerfLogger: <PERFLOG method=compile from=org.apache.hadoop.hive.ql.Driver>
15/09/09 11:10:57 INFO log.PerfLogger: <PERFLOG method=parse from=org.apache.hadoop.hive.ql.Driver>
15/09/09 11:10:57 INFO parse.ParseDriver: Parsing command: show tables
15/09/09 11:10:57 INFO parse.ParseDriver: Parse Completed
15/09/09 11:10:57 INFO log.PerfLogger: </PERFLOG method=parse start=1441815057392 end=1441815057393 duration=1 from=org.apache.hadoop.hive.ql.Driver>
15/09/09 11:10:57 INFO log.PerfLogger: <PERFLOG method=semanticAnalyze from=org.apache.hadoop.hive.ql.Driver>
15/09/09 11:10:57 INFO ql.Driver: Semantic Analysis Completed
15/09/09 11:10:57 INFO log.PerfLogger: </PERFLOG method=semanticAnalyze start=1441815057393 end=1441815057397 duration=4 from=org.apache.hadoop.hive.ql.Driver>
15/09/09 11:10:57 INFO exec.ListSinkOperator: Initializing Self 60 OP
15/09/09 11:10:57 INFO exec.ListSinkOperator: Operator 60 OP initialized
15/09/09 11:10:57 INFO exec.ListSinkOperator: Initialization Done 60 OP
15/09/09 11:10:57 INFO ql.Driver: Returning Hive schema: Schema(fieldSchemas:[FieldSchema(name:tab_name, type:string, comment:from deserializer)], properties:null)
15/09/09 11:10:57 INFO log.PerfLogger: </PERFLOG method=compile start=1441815057392 end=1441815057398 duration=6 from=org.apache.hadoop.hive.ql.Driver>
15/09/09 11:10:57 INFO log.PerfLogger: <PERFLOG method=Driver.execute from=org.apache.hadoop.hive.ql.Driver>
15/09/09 11:10:57 INFO ql.Driver: Starting command: show tables
15/09/09 11:10:57 INFO log.PerfLogger: </PERFLOG method=TimeToSubmit start=1441815057392 end=1441815057398 duration=6 from=org.apache.hadoop.hive.ql.Driver>
15/09/09 11:10:57 INFO log.PerfLogger: <PERFLOG method=runTasks from=org.apache.hadoop.hive.ql.Driver>
15/09/09 11:10:57 INFO log.PerfLogger: <PERFLOG method=task.DDL.Stage-0 from=org.apache.hadoop.hive.ql.Driver>
15/09/09 11:10:57 INFO metastore.HiveMetaStore: 0: get_database: default
15/09/09 11:10:57 INFO HiveMetaStore.audit: ugi=hpatel	ip=unknown-ip-addr	cmd=get_database: default	
15/09/09 11:10:57 INFO metastore.HiveMetaStore: 0: get_tables: db=default pat=.*
15/09/09 11:10:57 INFO HiveMetaStore.audit: ugi=hpatel	ip=unknown-ip-addr	cmd=get_tables: db=default pat=.*	
15/09/09 11:10:57 INFO log.PerfLogger: </PERFLOG method=runTasks start=1441815057398 end=1441815057406 duration=8 from=org.apache.hadoop.hive.ql.Driver>
15/09/09 11:10:57 INFO log.PerfLogger: </PERFLOG method=Driver.execute start=1441815057398 end=1441815057406 duration=8 from=org.apache.hadoop.hive.ql.Driver>
OK
15/09/09 11:10:57 INFO ql.Driver: OK
15/09/09 11:10:57 INFO log.PerfLogger: <PERFLOG method=releaseLocks from=org.apache.hadoop.hive.ql.Driver>
15/09/09 11:10:57 INFO log.PerfLogger: </PERFLOG method=releaseLocks start=1441815057406 end=1441815057406 duration=0 from=org.apache.hadoop.hive.ql.Driver>
15/09/09 11:10:57 INFO log.PerfLogger: </PERFLOG method=Driver.run start=1441815057392 end=1441815057406 duration=14 from=org.apache.hadoop.hive.ql.Driver>
15/09/09 11:10:57 INFO mapred.FileInputFormat: Total input paths to process : 1
15/09/09 11:10:57 INFO service.HiveServer: Running the query: USE default
15/09/09 11:10:57 INFO exec.ListSinkOperator: 60 finished. closing... 
15/09/09 11:10:57 INFO exec.ListSinkOperator: 60 Close done
15/09/09 11:10:57 INFO log.PerfLogger: <PERFLOG method=Driver.run from=org.apache.hadoop.hive.ql.Driver>
15/09/09 11:10:57 INFO log.PerfLogger: <PERFLOG method=TimeToSubmit from=org.apache.hadoop.hive.ql.Driver>
15/09/09 11:10:57 INFO ql.Driver: Concurrency mode is disabled, not creating a lock manager
15/09/09 11:10:57 INFO log.PerfLogger: <PERFLOG method=compile from=org.apache.hadoop.hive.ql.Driver>
15/09/09 11:10:57 INFO log.PerfLogger: <PERFLOG method=parse from=org.apache.hadoop.hive.ql.Driver>
15/09/09 11:10:57 INFO parse.ParseDriver: Parsing command: USE default
15/09/09 11:10:57 INFO parse.ParseDriver: Parse Completed
15/09/09 11:10:57 INFO log.PerfLogger: </PERFLOG method=parse start=1441815057411 end=1441815057411 duration=0 from=org.apache.hadoop.hive.ql.Driver>
15/09/09 11:10:57 INFO log.PerfLogger: <PERFLOG method=semanticAnalyze from=org.apache.hadoop.hive.ql.Driver>
15/09/09 11:10:57 INFO ql.Driver: Semantic Analysis Completed
15/09/09 11:10:57 INFO log.PerfLogger: </PERFLOG method=semanticAnalyze start=1441815057411 end=1441815057411 duration=0 from=org.apache.hadoop.hive.ql.Driver>
15/09/09 11:10:57 INFO ql.Driver: Returning Hive schema: Schema(fieldSchemas:null, properties:null)
15/09/09 11:10:57 INFO log.PerfLogger: </PERFLOG method=compile start=1441815057411 end=1441815057411 duration=0 from=org.apache.hadoop.hive.ql.Driver>
15/09/09 11:10:57 INFO log.PerfLogger: <PERFLOG method=Driver.execute from=org.apache.hadoop.hive.ql.Driver>
15/09/09 11:10:57 INFO ql.Driver: Starting command: USE default
15/09/09 11:10:57 INFO log.PerfLogger: </PERFLOG method=TimeToSubmit start=1441815057410 end=1441815057412 duration=2 from=org.apache.hadoop.hive.ql.Driver>
15/09/09 11:10:57 INFO log.PerfLogger: <PERFLOG method=runTasks from=org.apache.hadoop.hive.ql.Driver>
15/09/09 11:10:57 INFO log.PerfLogger: <PERFLOG method=task.DDL.Stage-0 from=org.apache.hadoop.hive.ql.Driver>
15/09/09 11:10:57 INFO metastore.HiveMetaStore: 0: get_database: default
15/09/09 11:10:57 INFO HiveMetaStore.audit: ugi=hpatel	ip=unknown-ip-addr	cmd=get_database: default	
15/09/09 11:10:57 INFO metastore.HiveMetaStore: 0: get_database: default
15/09/09 11:10:57 INFO HiveMetaStore.audit: ugi=hpatel	ip=unknown-ip-addr	cmd=get_database: default	
15/09/09 11:10:57 INFO log.PerfLogger: </PERFLOG method=runTasks start=1441815057412 end=1441815057415 duration=3 from=org.apache.hadoop.hive.ql.Driver>
15/09/09 11:10:57 INFO log.PerfLogger: </PERFLOG method=Driver.execute start=1441815057411 end=1441815057415 duration=4 from=org.apache.hadoop.hive.ql.Driver>
OK
15/09/09 11:10:57 INFO ql.Driver: OK
15/09/09 11:10:57 INFO log.PerfLogger: <PERFLOG method=releaseLocks from=org.apache.hadoop.hive.ql.Driver>
15/09/09 11:10:57 INFO log.PerfLogger: </PERFLOG method=releaseLocks start=1441815057415 end=1441815057415 duration=0 from=org.apache.hadoop.hive.ql.Driver>
15/09/09 11:10:57 INFO log.PerfLogger: </PERFLOG method=Driver.run start=1441815057410 end=1441815057415 duration=5 from=org.apache.hadoop.hive.ql.Driver>
15/09/09 11:10:57 INFO metastore.HiveMetaStore: 0: Shutting down the object store...
15/09/09 11:10:57 INFO HiveMetaStore.audit: ugi=hpatel	ip=unknown-ip-addr	cmd=Shutting down the object store...	
15/09/09 11:10:57 INFO metastore.HiveMetaStore: 0: Metastore shutdown complete.
15/09/09 11:10:57 INFO HiveMetaStore.audit: ugi=hpatel	ip=unknown-ip-addr	cmd=Metastore shutdown complete.	
15/09/09 11:10:57 INFO hiverunner.HiveServerContainer: Tore down HiveServer instance
15/09/09 11:10:57 INFO metastore.HiveMetaStore: 0: Opening raw store with implemenation class:org.apache.hadoop.hive.metastore.ObjectStore
15/09/09 11:10:57 INFO metastore.ObjectStore: ObjectStore, initialize called
15/09/09 11:10:57 INFO DataNucleus.Persistence: Property datanucleus.cache.level2 unknown - will be ignored
15/09/09 11:10:57 INFO DataNucleus.Persistence: Property hive.metastore.integral.jdo.pushdown unknown - will be ignored
15/09/09 11:10:57 INFO metastore.ObjectStore: Setting MetaStore object pin classes with hive.metastore.cache.pinobjtypes="Table,StorageDescriptor,SerDeInfo,Partition,Database,Type,FieldSchema,Order"
15/09/09 11:10:57 INFO metastore.MetaStoreDirectSql: MySQL check failed, assuming we are not on mysql: unknown token: 
15/09/09 11:10:57 INFO DataNucleus.Datastore: The class "org.apache.hadoop.hive.metastore.model.MFieldSchema" is tagged as "embedded-only" so does not have its own datastore table.
15/09/09 11:10:57 INFO DataNucleus.Datastore: The class "org.apache.hadoop.hive.metastore.model.MOrder" is tagged as "embedded-only" so does not have its own datastore table.
15/09/09 11:10:57 INFO DataNucleus.Datastore: The class "org.apache.hadoop.hive.metastore.model.MFieldSchema" is tagged as "embedded-only" so does not have its own datastore table.
15/09/09 11:10:57 INFO DataNucleus.Datastore: The class "org.apache.hadoop.hive.metastore.model.MOrder" is tagged as "embedded-only" so does not have its own datastore table.
15/09/09 11:10:57 INFO metastore.ObjectStore: Initialized ObjectStore
15/09/09 11:10:57 INFO metastore.HiveMetaStore: No user is added in admin role, since config is empty
15/09/09 11:10:57 INFO metastore.HiveMetaStore: 0: Shutting down the object store...
15/09/09 11:10:57 INFO HiveMetaStore.audit: ugi=hpatel	ip=unknown-ip-addr	cmd=Shutting down the object store...	
15/09/09 11:10:57 INFO metastore.HiveMetaStore: 0: Metastore shutdown complete.
15/09/09 11:10:57 INFO HiveMetaStore.audit: ugi=hpatel	ip=unknown-ip-addr	cmd=Metastore shutdown complete.	
15/09/09 11:10:57 INFO metastore.HiveMetaStore: No user is added in admin role, since config is empty
15/09/09 11:10:57 INFO session.SessionState: No Tez session required at this point. hive.execution.engine=mr.
15/09/09 11:10:57 INFO service.HiveServer: Putting temp output to file /var/folders/y7/4_pz5fzx54ngcmghz3v6t3m00000gn/T/junit2047129295024317662/localscratchdir/ab53e7db-e4c9-424a-aa8a-5662296aa1db2209579622021520560.pipeout
15/09/09 11:10:57 INFO service.HiveServer: Running the query: SHOW TABLES
15/09/09 11:10:57 INFO log.PerfLogger: <PERFLOG method=Driver.run from=org.apache.hadoop.hive.ql.Driver>
15/09/09 11:10:57 INFO log.PerfLogger: <PERFLOG method=TimeToSubmit from=org.apache.hadoop.hive.ql.Driver>
15/09/09 11:10:57 INFO ql.Driver: Concurrency mode is disabled, not creating a lock manager
15/09/09 11:10:57 INFO log.PerfLogger: <PERFLOG method=compile from=org.apache.hadoop.hive.ql.Driver>
15/09/09 11:10:57 INFO log.PerfLogger: <PERFLOG method=parse from=org.apache.hadoop.hive.ql.Driver>
15/09/09 11:10:57 INFO parse.ParseDriver: Parsing command: SHOW TABLES
15/09/09 11:10:57 INFO parse.ParseDriver: Parse Completed
15/09/09 11:10:57 INFO log.PerfLogger: </PERFLOG method=parse start=1441815057631 end=1441815057631 duration=0 from=org.apache.hadoop.hive.ql.Driver>
15/09/09 11:10:57 INFO log.PerfLogger: <PERFLOG method=semanticAnalyze from=org.apache.hadoop.hive.ql.Driver>
15/09/09 11:10:57 INFO ql.Driver: Semantic Analysis Completed
15/09/09 11:10:57 INFO log.PerfLogger: </PERFLOG method=semanticAnalyze start=1441815057631 end=1441815057635 duration=4 from=org.apache.hadoop.hive.ql.Driver>
15/09/09 11:10:57 INFO exec.ListSinkOperator: Initializing Self 61 OP
15/09/09 11:10:57 INFO exec.ListSinkOperator: Operator 61 OP initialized
15/09/09 11:10:57 INFO exec.ListSinkOperator: Initialization Done 61 OP
15/09/09 11:10:57 INFO ql.Driver: Returning Hive schema: Schema(fieldSchemas:[FieldSchema(name:tab_name, type:string, comment:from deserializer)], properties:null)
15/09/09 11:10:57 INFO log.PerfLogger: </PERFLOG method=compile start=1441815057630 end=1441815057636 duration=6 from=org.apache.hadoop.hive.ql.Driver>
15/09/09 11:10:57 INFO log.PerfLogger: <PERFLOG method=Driver.execute from=org.apache.hadoop.hive.ql.Driver>
15/09/09 11:10:57 INFO ql.Driver: Starting command: SHOW TABLES
15/09/09 11:10:57 INFO log.PerfLogger: </PERFLOG method=TimeToSubmit start=1441815057630 end=1441815057636 duration=6 from=org.apache.hadoop.hive.ql.Driver>
15/09/09 11:10:57 INFO log.PerfLogger: <PERFLOG method=runTasks from=org.apache.hadoop.hive.ql.Driver>
15/09/09 11:10:57 INFO log.PerfLogger: <PERFLOG method=task.DDL.Stage-0 from=org.apache.hadoop.hive.ql.Driver>
15/09/09 11:10:57 INFO metastore.HiveMetaStore: 0: get_database: default
15/09/09 11:10:57 INFO HiveMetaStore.audit: ugi=hpatel	ip=unknown-ip-addr	cmd=get_database: default	
15/09/09 11:10:57 INFO metastore.HiveMetaStore: 0: Opening raw store with implemenation class:org.apache.hadoop.hive.metastore.ObjectStore
15/09/09 11:10:57 INFO metastore.ObjectStore: ObjectStore, initialize called
15/09/09 11:10:57 INFO metastore.MetaStoreDirectSql: MySQL check failed, assuming we are not on mysql: unknown token: 
15/09/09 11:10:57 INFO DataNucleus.Query: Reading in results for query "org.datanucleus.store.rdbms.query.SQLQuery@0" since the connection used is closing
15/09/09 11:10:57 INFO metastore.ObjectStore: Initialized ObjectStore
15/09/09 11:10:57 INFO metastore.HiveMetaStore: 0: get_tables: db=default pat=.*
15/09/09 11:10:57 INFO HiveMetaStore.audit: ugi=hpatel	ip=unknown-ip-addr	cmd=get_tables: db=default pat=.*	
15/09/09 11:10:57 INFO log.PerfLogger: </PERFLOG method=runTasks start=1441815057636 end=1441815057648 duration=12 from=org.apache.hadoop.hive.ql.Driver>
15/09/09 11:10:57 INFO log.PerfLogger: </PERFLOG method=Driver.execute start=1441815057636 end=1441815057648 duration=12 from=org.apache.hadoop.hive.ql.Driver>
OK
15/09/09 11:10:57 INFO ql.Driver: OK
15/09/09 11:10:57 INFO log.PerfLogger: <PERFLOG method=releaseLocks from=org.apache.hadoop.hive.ql.Driver>
15/09/09 11:10:57 INFO log.PerfLogger: </PERFLOG method=releaseLocks start=1441815057648 end=1441815057648 duration=0 from=org.apache.hadoop.hive.ql.Driver>
15/09/09 11:10:57 INFO log.PerfLogger: </PERFLOG method=Driver.run start=1441815057630 end=1441815057648 duration=18 from=org.apache.hadoop.hive.ql.Driver>
15/09/09 11:10:57 INFO builder.HiveShellTearable: Executing script: create table bar (i int);
15/09/09 11:10:57 INFO service.HiveServer: Running the query: create table bar (i int)
15/09/09 11:10:57 INFO exec.ListSinkOperator: 61 finished. closing... 
15/09/09 11:10:57 INFO exec.ListSinkOperator: 61 Close done
15/09/09 11:10:57 INFO log.PerfLogger: <PERFLOG method=Driver.run from=org.apache.hadoop.hive.ql.Driver>
15/09/09 11:10:57 INFO log.PerfLogger: <PERFLOG method=TimeToSubmit from=org.apache.hadoop.hive.ql.Driver>
15/09/09 11:10:57 INFO ql.Driver: Concurrency mode is disabled, not creating a lock manager
15/09/09 11:10:57 INFO log.PerfLogger: <PERFLOG method=compile from=org.apache.hadoop.hive.ql.Driver>
15/09/09 11:10:57 INFO log.PerfLogger: <PERFLOG method=parse from=org.apache.hadoop.hive.ql.Driver>
15/09/09 11:10:57 INFO parse.ParseDriver: Parsing command: create table bar (i int)
15/09/09 11:10:57 INFO parse.ParseDriver: Parse Completed
15/09/09 11:10:57 INFO log.PerfLogger: </PERFLOG method=parse start=1441815057649 end=1441815057649 duration=0 from=org.apache.hadoop.hive.ql.Driver>
15/09/09 11:10:57 INFO log.PerfLogger: <PERFLOG method=semanticAnalyze from=org.apache.hadoop.hive.ql.Driver>
15/09/09 11:10:57 INFO parse.SemanticAnalyzer: Starting Semantic Analysis
15/09/09 11:10:57 INFO parse.SemanticAnalyzer: Creating table bar position=13
15/09/09 11:10:57 INFO metastore.HiveMetaStore: 0: get_database: default
15/09/09 11:10:57 INFO HiveMetaStore.audit: ugi=hpatel	ip=unknown-ip-addr	cmd=get_database: default	
15/09/09 11:10:57 INFO ql.Driver: Semantic Analysis Completed
15/09/09 11:10:57 INFO log.PerfLogger: </PERFLOG method=semanticAnalyze start=1441815057649 end=1441815057651 duration=2 from=org.apache.hadoop.hive.ql.Driver>
15/09/09 11:10:57 INFO ql.Driver: Returning Hive schema: Schema(fieldSchemas:null, properties:null)
15/09/09 11:10:57 INFO log.PerfLogger: </PERFLOG method=compile start=1441815057649 end=1441815057651 duration=2 from=org.apache.hadoop.hive.ql.Driver>
15/09/09 11:10:57 INFO log.PerfLogger: <PERFLOG method=Driver.execute from=org.apache.hadoop.hive.ql.Driver>
15/09/09 11:10:57 INFO ql.Driver: Starting command: create table bar (i int)
15/09/09 11:10:57 INFO log.PerfLogger: </PERFLOG method=TimeToSubmit start=1441815057649 end=1441815057651 duration=2 from=org.apache.hadoop.hive.ql.Driver>
15/09/09 11:10:57 INFO log.PerfLogger: <PERFLOG method=runTasks from=org.apache.hadoop.hive.ql.Driver>
15/09/09 11:10:57 INFO log.PerfLogger: <PERFLOG method=task.DDL.Stage-0 from=org.apache.hadoop.hive.ql.Driver>
15/09/09 11:10:57 INFO metastore.HiveMetaStore: 0: create_table: Table(tableName:bar, dbName:default, owner:hpatel, createTime:1441815057, lastAccessTime:0, retention:0, sd:StorageDescriptor(cols:[FieldSchema(name:i, type:int, comment:null)], location:null, inputFormat:org.apache.hadoop.mapred.TextInputFormat, outputFormat:org.apache.hadoop.hive.ql.io.HiveIgnoreKeyTextOutputFormat, compressed:false, numBuckets:-1, serdeInfo:SerDeInfo(name:null, serializationLib:org.apache.hadoop.hive.serde2.lazy.LazySimpleSerDe, parameters:{serialization.format=1}), bucketCols:[], sortCols:[], parameters:{}, skewedInfo:SkewedInfo(skewedColNames:[], skewedColValues:[], skewedColValueLocationMaps:{}), storedAsSubDirectories:false), partitionKeys:[], parameters:{}, viewOriginalText:null, viewExpandedText:null, tableType:MANAGED_TABLE)
15/09/09 11:10:57 INFO HiveMetaStore.audit: ugi=hpatel	ip=unknown-ip-addr	cmd=create_table: Table(tableName:bar, dbName:default, owner:hpatel, createTime:1441815057, lastAccessTime:0, retention:0, sd:StorageDescriptor(cols:[FieldSchema(name:i, type:int, comment:null)], location:null, inputFormat:org.apache.hadoop.mapred.TextInputFormat, outputFormat:org.apache.hadoop.hive.ql.io.HiveIgnoreKeyTextOutputFormat, compressed:false, numBuckets:-1, serdeInfo:SerDeInfo(name:null, serializationLib:org.apache.hadoop.hive.serde2.lazy.LazySimpleSerDe, parameters:{serialization.format=1}), bucketCols:[], sortCols:[], parameters:{}, skewedInfo:SkewedInfo(skewedColNames:[], skewedColValues:[], skewedColValueLocationMaps:{}), storedAsSubDirectories:false), partitionKeys:[], parameters:{}, viewOriginalText:null, viewExpandedText:null, tableType:MANAGED_TABLE)	
15/09/09 11:10:57 INFO common.FileUtils: Creating directory if it doesn't exist: file:/var/folders/y7/4_pz5fzx54ngcmghz3v6t3m00000gn/T/junit2047129295024317662/warehouse/bar
15/09/09 11:10:57 INFO log.PerfLogger: </PERFLOG method=runTasks start=1441815057651 end=1441815057697 duration=46 from=org.apache.hadoop.hive.ql.Driver>
15/09/09 11:10:57 INFO log.PerfLogger: </PERFLOG method=Driver.execute start=1441815057651 end=1441815057697 duration=46 from=org.apache.hadoop.hive.ql.Driver>
OK
15/09/09 11:10:57 INFO ql.Driver: OK
15/09/09 11:10:57 INFO log.PerfLogger: <PERFLOG method=releaseLocks from=org.apache.hadoop.hive.ql.Driver>
15/09/09 11:10:57 INFO log.PerfLogger: </PERFLOG method=releaseLocks start=1441815057697 end=1441815057697 duration=0 from=org.apache.hadoop.hive.ql.Driver>
15/09/09 11:10:57 INFO log.PerfLogger: </PERFLOG method=Driver.run start=1441815057649 end=1441815057698 duration=49 from=org.apache.hadoop.hive.ql.Driver>
15/09/09 11:10:57 INFO builder.HiveShellTearable: Executing script: create table fox(id string);
15/09/09 11:10:57 INFO service.HiveServer: Running the query: create table fox(id string)
15/09/09 11:10:57 INFO log.PerfLogger: <PERFLOG method=Driver.run from=org.apache.hadoop.hive.ql.Driver>
15/09/09 11:10:57 INFO log.PerfLogger: <PERFLOG method=TimeToSubmit from=org.apache.hadoop.hive.ql.Driver>
15/09/09 11:10:57 INFO ql.Driver: Concurrency mode is disabled, not creating a lock manager
15/09/09 11:10:57 INFO log.PerfLogger: <PERFLOG method=compile from=org.apache.hadoop.hive.ql.Driver>
15/09/09 11:10:57 INFO log.PerfLogger: <PERFLOG method=parse from=org.apache.hadoop.hive.ql.Driver>
15/09/09 11:10:57 INFO parse.ParseDriver: Parsing command: create table fox(id string)
15/09/09 11:10:57 INFO parse.ParseDriver: Parse Completed
15/09/09 11:10:57 INFO log.PerfLogger: </PERFLOG method=parse start=1441815057698 end=1441815057698 duration=0 from=org.apache.hadoop.hive.ql.Driver>
15/09/09 11:10:57 INFO log.PerfLogger: <PERFLOG method=semanticAnalyze from=org.apache.hadoop.hive.ql.Driver>
15/09/09 11:10:57 INFO parse.SemanticAnalyzer: Starting Semantic Analysis
15/09/09 11:10:57 INFO parse.SemanticAnalyzer: Creating table fox position=13
15/09/09 11:10:57 INFO metastore.HiveMetaStore: 0: get_database: default
15/09/09 11:10:57 INFO HiveMetaStore.audit: ugi=hpatel	ip=unknown-ip-addr	cmd=get_database: default	
15/09/09 11:10:57 INFO ql.Driver: Semantic Analysis Completed
15/09/09 11:10:57 INFO log.PerfLogger: </PERFLOG method=semanticAnalyze start=1441815057698 end=1441815057700 duration=2 from=org.apache.hadoop.hive.ql.Driver>
15/09/09 11:10:57 INFO ql.Driver: Returning Hive schema: Schema(fieldSchemas:null, properties:null)
15/09/09 11:10:57 INFO log.PerfLogger: </PERFLOG method=compile start=1441815057698 end=1441815057701 duration=3 from=org.apache.hadoop.hive.ql.Driver>
15/09/09 11:10:57 INFO log.PerfLogger: <PERFLOG method=Driver.execute from=org.apache.hadoop.hive.ql.Driver>
15/09/09 11:10:57 INFO ql.Driver: Starting command: create table fox(id string)
15/09/09 11:10:57 INFO log.PerfLogger: </PERFLOG method=TimeToSubmit start=1441815057698 end=1441815057701 duration=3 from=org.apache.hadoop.hive.ql.Driver>
15/09/09 11:10:57 INFO log.PerfLogger: <PERFLOG method=runTasks from=org.apache.hadoop.hive.ql.Driver>
15/09/09 11:10:57 INFO log.PerfLogger: <PERFLOG method=task.DDL.Stage-0 from=org.apache.hadoop.hive.ql.Driver>
15/09/09 11:10:57 INFO metastore.HiveMetaStore: 0: create_table: Table(tableName:fox, dbName:default, owner:hpatel, createTime:1441815057, lastAccessTime:0, retention:0, sd:StorageDescriptor(cols:[FieldSchema(name:id, type:string, comment:null)], location:null, inputFormat:org.apache.hadoop.mapred.TextInputFormat, outputFormat:org.apache.hadoop.hive.ql.io.HiveIgnoreKeyTextOutputFormat, compressed:false, numBuckets:-1, serdeInfo:SerDeInfo(name:null, serializationLib:org.apache.hadoop.hive.serde2.lazy.LazySimpleSerDe, parameters:{serialization.format=1}), bucketCols:[], sortCols:[], parameters:{}, skewedInfo:SkewedInfo(skewedColNames:[], skewedColValues:[], skewedColValueLocationMaps:{}), storedAsSubDirectories:false), partitionKeys:[], parameters:{}, viewOriginalText:null, viewExpandedText:null, tableType:MANAGED_TABLE)
15/09/09 11:10:57 INFO HiveMetaStore.audit: ugi=hpatel	ip=unknown-ip-addr	cmd=create_table: Table(tableName:fox, dbName:default, owner:hpatel, createTime:1441815057, lastAccessTime:0, retention:0, sd:StorageDescriptor(cols:[FieldSchema(name:id, type:string, comment:null)], location:null, inputFormat:org.apache.hadoop.mapred.TextInputFormat, outputFormat:org.apache.hadoop.hive.ql.io.HiveIgnoreKeyTextOutputFormat, compressed:false, numBuckets:-1, serdeInfo:SerDeInfo(name:null, serializationLib:org.apache.hadoop.hive.serde2.lazy.LazySimpleSerDe, parameters:{serialization.format=1}), bucketCols:[], sortCols:[], parameters:{}, skewedInfo:SkewedInfo(skewedColNames:[], skewedColValues:[], skewedColValueLocationMaps:{}), storedAsSubDirectories:false), partitionKeys:[], parameters:{}, viewOriginalText:null, viewExpandedText:null, tableType:MANAGED_TABLE)	
15/09/09 11:10:57 INFO common.FileUtils: Creating directory if it doesn't exist: file:/var/folders/y7/4_pz5fzx54ngcmghz3v6t3m00000gn/T/junit2047129295024317662/warehouse/fox
15/09/09 11:10:57 INFO log.PerfLogger: </PERFLOG method=runTasks start=1441815057701 end=1441815057725 duration=24 from=org.apache.hadoop.hive.ql.Driver>
15/09/09 11:10:57 INFO log.PerfLogger: </PERFLOG method=Driver.execute start=1441815057701 end=1441815057725 duration=24 from=org.apache.hadoop.hive.ql.Driver>
OK
15/09/09 11:10:57 INFO ql.Driver: OK
15/09/09 11:10:57 INFO log.PerfLogger: <PERFLOG method=releaseLocks from=org.apache.hadoop.hive.ql.Driver>
15/09/09 11:10:57 INFO log.PerfLogger: </PERFLOG method=releaseLocks start=1441815057725 end=1441815057725 duration=0 from=org.apache.hadoop.hive.ql.Driver>
15/09/09 11:10:57 INFO log.PerfLogger: </PERFLOG method=Driver.run start=1441815057698 end=1441815057725 duration=27 from=org.apache.hadoop.hive.ql.Driver>
15/09/09 11:10:57 INFO builder.HiveShellTearable: Executing script: create table love(id string);
15/09/09 11:10:57 INFO service.HiveServer: Running the query: create table love(id string)
15/09/09 11:10:57 INFO log.PerfLogger: <PERFLOG method=Driver.run from=org.apache.hadoop.hive.ql.Driver>
15/09/09 11:10:57 INFO log.PerfLogger: <PERFLOG method=TimeToSubmit from=org.apache.hadoop.hive.ql.Driver>
15/09/09 11:10:57 INFO ql.Driver: Concurrency mode is disabled, not creating a lock manager
15/09/09 11:10:57 INFO log.PerfLogger: <PERFLOG method=compile from=org.apache.hadoop.hive.ql.Driver>
15/09/09 11:10:57 INFO log.PerfLogger: <PERFLOG method=parse from=org.apache.hadoop.hive.ql.Driver>
15/09/09 11:10:57 INFO parse.ParseDriver: Parsing command: create table love(id string)
15/09/09 11:10:57 INFO parse.ParseDriver: Parse Completed
15/09/09 11:10:57 INFO log.PerfLogger: </PERFLOG method=parse start=1441815057726 end=1441815057726 duration=0 from=org.apache.hadoop.hive.ql.Driver>
15/09/09 11:10:57 INFO log.PerfLogger: <PERFLOG method=semanticAnalyze from=org.apache.hadoop.hive.ql.Driver>
15/09/09 11:10:57 INFO parse.SemanticAnalyzer: Starting Semantic Analysis
15/09/09 11:10:57 INFO parse.SemanticAnalyzer: Creating table love position=13
15/09/09 11:10:57 INFO metastore.HiveMetaStore: 0: get_database: default
15/09/09 11:10:57 INFO HiveMetaStore.audit: ugi=hpatel	ip=unknown-ip-addr	cmd=get_database: default	
15/09/09 11:10:57 INFO ql.Driver: Semantic Analysis Completed
15/09/09 11:10:57 INFO log.PerfLogger: </PERFLOG method=semanticAnalyze start=1441815057726 end=1441815057728 duration=2 from=org.apache.hadoop.hive.ql.Driver>
15/09/09 11:10:57 INFO ql.Driver: Returning Hive schema: Schema(fieldSchemas:null, properties:null)
15/09/09 11:10:57 INFO log.PerfLogger: </PERFLOG method=compile start=1441815057726 end=1441815057728 duration=2 from=org.apache.hadoop.hive.ql.Driver>
15/09/09 11:10:57 INFO log.PerfLogger: <PERFLOG method=Driver.execute from=org.apache.hadoop.hive.ql.Driver>
15/09/09 11:10:57 INFO ql.Driver: Starting command: create table love(id string)
15/09/09 11:10:57 INFO log.PerfLogger: </PERFLOG method=TimeToSubmit start=1441815057726 end=1441815057729 duration=3 from=org.apache.hadoop.hive.ql.Driver>
15/09/09 11:10:57 INFO log.PerfLogger: <PERFLOG method=runTasks from=org.apache.hadoop.hive.ql.Driver>
15/09/09 11:10:57 INFO log.PerfLogger: <PERFLOG method=task.DDL.Stage-0 from=org.apache.hadoop.hive.ql.Driver>
15/09/09 11:10:57 INFO metastore.HiveMetaStore: 0: create_table: Table(tableName:love, dbName:default, owner:hpatel, createTime:1441815057, lastAccessTime:0, retention:0, sd:StorageDescriptor(cols:[FieldSchema(name:id, type:string, comment:null)], location:null, inputFormat:org.apache.hadoop.mapred.TextInputFormat, outputFormat:org.apache.hadoop.hive.ql.io.HiveIgnoreKeyTextOutputFormat, compressed:false, numBuckets:-1, serdeInfo:SerDeInfo(name:null, serializationLib:org.apache.hadoop.hive.serde2.lazy.LazySimpleSerDe, parameters:{serialization.format=1}), bucketCols:[], sortCols:[], parameters:{}, skewedInfo:SkewedInfo(skewedColNames:[], skewedColValues:[], skewedColValueLocationMaps:{}), storedAsSubDirectories:false), partitionKeys:[], parameters:{}, viewOriginalText:null, viewExpandedText:null, tableType:MANAGED_TABLE)
15/09/09 11:10:57 INFO HiveMetaStore.audit: ugi=hpatel	ip=unknown-ip-addr	cmd=create_table: Table(tableName:love, dbName:default, owner:hpatel, createTime:1441815057, lastAccessTime:0, retention:0, sd:StorageDescriptor(cols:[FieldSchema(name:id, type:string, comment:null)], location:null, inputFormat:org.apache.hadoop.mapred.TextInputFormat, outputFormat:org.apache.hadoop.hive.ql.io.HiveIgnoreKeyTextOutputFormat, compressed:false, numBuckets:-1, serdeInfo:SerDeInfo(name:null, serializationLib:org.apache.hadoop.hive.serde2.lazy.LazySimpleSerDe, parameters:{serialization.format=1}), bucketCols:[], sortCols:[], parameters:{}, skewedInfo:SkewedInfo(skewedColNames:[], skewedColValues:[], skewedColValueLocationMaps:{}), storedAsSubDirectories:false), partitionKeys:[], parameters:{}, viewOriginalText:null, viewExpandedText:null, tableType:MANAGED_TABLE)	
15/09/09 11:10:57 INFO common.FileUtils: Creating directory if it doesn't exist: file:/var/folders/y7/4_pz5fzx54ngcmghz3v6t3m00000gn/T/junit2047129295024317662/warehouse/love
15/09/09 11:10:57 INFO log.PerfLogger: </PERFLOG method=runTasks start=1441815057729 end=1441815057751 duration=22 from=org.apache.hadoop.hive.ql.Driver>
15/09/09 11:10:57 INFO log.PerfLogger: </PERFLOG method=Driver.execute start=1441815057729 end=1441815057751 duration=22 from=org.apache.hadoop.hive.ql.Driver>
OK
15/09/09 11:10:57 INFO ql.Driver: OK
15/09/09 11:10:57 INFO log.PerfLogger: <PERFLOG method=releaseLocks from=org.apache.hadoop.hive.ql.Driver>
15/09/09 11:10:57 INFO log.PerfLogger: </PERFLOG method=releaseLocks start=1441815057751 end=1441815057751 duration=0 from=org.apache.hadoop.hive.ql.Driver>
15/09/09 11:10:57 INFO log.PerfLogger: </PERFLOG method=Driver.run start=1441815057726 end=1441815057751 duration=25 from=org.apache.hadoop.hive.ql.Driver>
15/09/09 11:10:57 INFO builder.HiveShellTearable: Created hive resource /var/folders/y7/4_pz5fzx54ngcmghz3v6t3m00000gn/T/junit2047129295024317662/vs/foo/fromFile.csv
15/09/09 11:10:57 INFO builder.HiveShellTearable: Created hive resource /var/folders/y7/4_pz5fzx54ngcmghz3v6t3m00000gn/T/junit2047129295024317662/vs/foo/fromPath.csv
15/09/09 11:10:57 INFO builder.HiveShellTearable: Created hive resource /var/folders/y7/4_pz5fzx54ngcmghz3v6t3m00000gn/T/junit2047129295024317662/vs/foo/fromString.csv
15/09/09 11:10:57 INFO service.HiveServer: Running the query: CREATE EXTERNAL TABLE foo (s1 int, s2 string)
  ROW FORMAT DELIMITED FIELDS TERMINATED BY ','
  STORED AS TEXTFILE
  LOCATION '${hiveconf:hive.vs.uri}/foo/'
15/09/09 11:10:57 INFO log.PerfLogger: <PERFLOG method=Driver.run from=org.apache.hadoop.hive.ql.Driver>
15/09/09 11:10:57 INFO log.PerfLogger: <PERFLOG method=TimeToSubmit from=org.apache.hadoop.hive.ql.Driver>
15/09/09 11:10:57 INFO ql.Driver: Concurrency mode is disabled, not creating a lock manager
15/09/09 11:10:57 INFO log.PerfLogger: <PERFLOG method=compile from=org.apache.hadoop.hive.ql.Driver>
15/09/09 11:10:57 INFO log.PerfLogger: <PERFLOG method=parse from=org.apache.hadoop.hive.ql.Driver>
15/09/09 11:10:57 INFO parse.ParseDriver: Parsing command: CREATE EXTERNAL TABLE foo (s1 int, s2 string)
  ROW FORMAT DELIMITED FIELDS TERMINATED BY ','
  STORED AS TEXTFILE
  LOCATION 'file:///var/folders/y7/4_pz5fzx54ngcmghz3v6t3m00000gn/T/junit2047129295024317662/vs//foo/'
15/09/09 11:10:57 INFO parse.ParseDriver: Parse Completed
15/09/09 11:10:57 INFO log.PerfLogger: </PERFLOG method=parse start=1441815057753 end=1441815057754 duration=1 from=org.apache.hadoop.hive.ql.Driver>
15/09/09 11:10:57 INFO log.PerfLogger: <PERFLOG method=semanticAnalyze from=org.apache.hadoop.hive.ql.Driver>
15/09/09 11:10:57 INFO parse.SemanticAnalyzer: Starting Semantic Analysis
15/09/09 11:10:57 INFO parse.SemanticAnalyzer: Creating table foo position=22
15/09/09 11:10:57 INFO metastore.HiveMetaStore: 0: get_database: default
15/09/09 11:10:57 INFO HiveMetaStore.audit: ugi=hpatel	ip=unknown-ip-addr	cmd=get_database: default	
15/09/09 11:10:57 INFO ql.Driver: Semantic Analysis Completed
15/09/09 11:10:57 INFO log.PerfLogger: </PERFLOG method=semanticAnalyze start=1441815057754 end=1441815057756 duration=2 from=org.apache.hadoop.hive.ql.Driver>
15/09/09 11:10:57 INFO ql.Driver: Returning Hive schema: Schema(fieldSchemas:null, properties:null)
15/09/09 11:10:57 INFO log.PerfLogger: </PERFLOG method=compile start=1441815057753 end=1441815057756 duration=3 from=org.apache.hadoop.hive.ql.Driver>
15/09/09 11:10:57 INFO log.PerfLogger: <PERFLOG method=Driver.execute from=org.apache.hadoop.hive.ql.Driver>
15/09/09 11:10:57 INFO ql.Driver: Starting command: CREATE EXTERNAL TABLE foo (s1 int, s2 string)
  ROW FORMAT DELIMITED FIELDS TERMINATED BY ','
  STORED AS TEXTFILE
  LOCATION 'file:///var/folders/y7/4_pz5fzx54ngcmghz3v6t3m00000gn/T/junit2047129295024317662/vs//foo/'
15/09/09 11:10:57 INFO log.PerfLogger: </PERFLOG method=TimeToSubmit start=1441815057753 end=1441815057756 duration=3 from=org.apache.hadoop.hive.ql.Driver>
15/09/09 11:10:57 INFO log.PerfLogger: <PERFLOG method=runTasks from=org.apache.hadoop.hive.ql.Driver>
15/09/09 11:10:57 INFO log.PerfLogger: <PERFLOG method=task.DDL.Stage-0 from=org.apache.hadoop.hive.ql.Driver>
15/09/09 11:10:57 INFO metastore.HiveMetaStore: 0: create_table: Table(tableName:foo, dbName:default, owner:hpatel, createTime:1441815057, lastAccessTime:0, retention:0, sd:StorageDescriptor(cols:[FieldSchema(name:s1, type:int, comment:null), FieldSchema(name:s2, type:string, comment:null)], location:file:/var/folders/y7/4_pz5fzx54ngcmghz3v6t3m00000gn/T/junit2047129295024317662/vs/foo, inputFormat:org.apache.hadoop.mapred.TextInputFormat, outputFormat:org.apache.hadoop.hive.ql.io.HiveIgnoreKeyTextOutputFormat, compressed:false, numBuckets:-1, serdeInfo:SerDeInfo(name:null, serializationLib:org.apache.hadoop.hive.serde2.lazy.LazySimpleSerDe, parameters:{serialization.format=,, field.delim=,}), bucketCols:[], sortCols:[], parameters:{}, skewedInfo:SkewedInfo(skewedColNames:[], skewedColValues:[], skewedColValueLocationMaps:{}), storedAsSubDirectories:false), partitionKeys:[], parameters:{EXTERNAL=TRUE}, viewOriginalText:null, viewExpandedText:null, tableType:EXTERNAL_TABLE)
15/09/09 11:10:57 INFO HiveMetaStore.audit: ugi=hpatel	ip=unknown-ip-addr	cmd=create_table: Table(tableName:foo, dbName:default, owner:hpatel, createTime:1441815057, lastAccessTime:0, retention:0, sd:StorageDescriptor(cols:[FieldSchema(name:s1, type:int, comment:null), FieldSchema(name:s2, type:string, comment:null)], location:file:/var/folders/y7/4_pz5fzx54ngcmghz3v6t3m00000gn/T/junit2047129295024317662/vs/foo, inputFormat:org.apache.hadoop.mapred.TextInputFormat, outputFormat:org.apache.hadoop.hive.ql.io.HiveIgnoreKeyTextOutputFormat, compressed:false, numBuckets:-1, serdeInfo:SerDeInfo(name:null, serializationLib:org.apache.hadoop.hive.serde2.lazy.LazySimpleSerDe, parameters:{serialization.format=,, field.delim=,}), bucketCols:[], sortCols:[], parameters:{}, skewedInfo:SkewedInfo(skewedColNames:[], skewedColValues:[], skewedColValueLocationMaps:{}), storedAsSubDirectories:false), partitionKeys:[], parameters:{EXTERNAL=TRUE}, viewOriginalText:null, viewExpandedText:null, tableType:EXTERNAL_TABLE)	
15/09/09 11:10:57 INFO log.PerfLogger: </PERFLOG method=runTasks start=1441815057756 end=1441815057764 duration=8 from=org.apache.hadoop.hive.ql.Driver>
15/09/09 11:10:57 INFO log.PerfLogger: </PERFLOG method=Driver.execute start=1441815057756 end=1441815057764 duration=8 from=org.apache.hadoop.hive.ql.Driver>
OK
15/09/09 11:10:57 INFO ql.Driver: OK
15/09/09 11:10:57 INFO log.PerfLogger: <PERFLOG method=releaseLocks from=org.apache.hadoop.hive.ql.Driver>
15/09/09 11:10:57 INFO log.PerfLogger: </PERFLOG method=releaseLocks start=1441815057764 end=1441815057764 duration=0 from=org.apache.hadoop.hive.ql.Driver>
15/09/09 11:10:57 INFO log.PerfLogger: </PERFLOG method=Driver.run start=1441815057753 end=1441815057764 duration=11 from=org.apache.hadoop.hive.ql.Driver>
15/09/09 11:10:57 INFO service.HiveServer: Running the query: select * from foo
15/09/09 11:10:57 INFO log.PerfLogger: <PERFLOG method=Driver.run from=org.apache.hadoop.hive.ql.Driver>
15/09/09 11:10:57 INFO log.PerfLogger: <PERFLOG method=TimeToSubmit from=org.apache.hadoop.hive.ql.Driver>
15/09/09 11:10:57 INFO ql.Driver: Concurrency mode is disabled, not creating a lock manager
15/09/09 11:10:57 INFO log.PerfLogger: <PERFLOG method=compile from=org.apache.hadoop.hive.ql.Driver>
15/09/09 11:10:57 INFO log.PerfLogger: <PERFLOG method=parse from=org.apache.hadoop.hive.ql.Driver>
15/09/09 11:10:57 INFO parse.ParseDriver: Parsing command: select * from foo
15/09/09 11:10:57 INFO parse.ParseDriver: Parse Completed
15/09/09 11:10:57 INFO log.PerfLogger: </PERFLOG method=parse start=1441815057764 end=1441815057765 duration=1 from=org.apache.hadoop.hive.ql.Driver>
15/09/09 11:10:57 INFO log.PerfLogger: <PERFLOG method=semanticAnalyze from=org.apache.hadoop.hive.ql.Driver>
15/09/09 11:10:57 INFO parse.SemanticAnalyzer: Starting Semantic Analysis
15/09/09 11:10:57 INFO parse.SemanticAnalyzer: Completed phase 1 of Semantic Analysis
15/09/09 11:10:57 INFO parse.SemanticAnalyzer: Get metadata for source tables
15/09/09 11:10:57 INFO metastore.HiveMetaStore: 0: get_table : db=default tbl=foo
15/09/09 11:10:57 INFO HiveMetaStore.audit: ugi=hpatel	ip=unknown-ip-addr	cmd=get_table : db=default tbl=foo	
15/09/09 11:10:57 INFO parse.SemanticAnalyzer: Get metadata for subqueries
15/09/09 11:10:57 INFO parse.SemanticAnalyzer: Get metadata for destination tables
15/09/09 11:10:57 INFO ql.Context: New scratch dir is file:/var/folders/y7/4_pz5fzx54ngcmghz3v6t3m00000gn/T/junit2047129295024317662/scratchdir/hive_2015-09-09_11-10-57_764_360479233019316205-1
15/09/09 11:10:57 INFO parse.SemanticAnalyzer: Completed getting MetaData in Semantic Analysis
15/09/09 11:10:57 INFO common.FileUtils: Creating directory if it doesn't exist: file:/var/folders/y7/4_pz5fzx54ngcmghz3v6t3m00000gn/T/junit2047129295024317662/scratchdir/hive_2015-09-09_11-10-57_764_360479233019316205-1/-mr-10000/.hive-staging_hive_2015-09-09_11-10-57_764_360479233019316205-1
15/09/09 11:10:57 INFO parse.SemanticAnalyzer: Set stats collection dir : file:/var/folders/y7/4_pz5fzx54ngcmghz3v6t3m00000gn/T/junit2047129295024317662/scratchdir/hive_2015-09-09_11-10-57_764_360479233019316205-1/-mr-10000/.hive-staging_hive_2015-09-09_11-10-57_764_360479233019316205-1/-ext-10002
15/09/09 11:10:57 INFO ppd.OpProcFactory: Processing for FS(64)
15/09/09 11:10:57 INFO ppd.OpProcFactory: Processing for SEL(63)
15/09/09 11:10:57 INFO ppd.OpProcFactory: Processing for TS(62)
15/09/09 11:10:57 INFO parse.SemanticAnalyzer: Completed plan generation
15/09/09 11:10:57 INFO ql.Driver: Semantic Analysis Completed
15/09/09 11:10:57 INFO log.PerfLogger: </PERFLOG method=semanticAnalyze start=1441815057765 end=1441815057812 duration=47 from=org.apache.hadoop.hive.ql.Driver>
15/09/09 11:10:57 INFO exec.TableScanOperator: Initializing Self 62 TS
15/09/09 11:10:57 INFO exec.TableScanOperator: Operator 62 TS initialized
15/09/09 11:10:57 INFO exec.TableScanOperator: Initializing children of 62 TS
15/09/09 11:10:57 INFO exec.SelectOperator: Initializing child 63 SEL
15/09/09 11:10:57 INFO exec.SelectOperator: Initializing Self 63 SEL
15/09/09 11:10:57 INFO exec.SelectOperator: SELECT struct<s1:int,s2:string>
15/09/09 11:10:57 INFO exec.SelectOperator: Operator 63 SEL initialized
15/09/09 11:10:57 INFO exec.SelectOperator: Initializing children of 63 SEL
15/09/09 11:10:57 INFO exec.ListSinkOperator: Initializing child 65 OP
15/09/09 11:10:57 INFO exec.ListSinkOperator: Initializing Self 65 OP
15/09/09 11:10:57 INFO exec.ListSinkOperator: Operator 65 OP initialized
15/09/09 11:10:57 INFO exec.ListSinkOperator: Initialization Done 65 OP
15/09/09 11:10:57 INFO exec.SelectOperator: Initialization Done 63 SEL
15/09/09 11:10:57 INFO exec.TableScanOperator: Initialization Done 62 TS
15/09/09 11:10:57 INFO ql.Driver: Returning Hive schema: Schema(fieldSchemas:[FieldSchema(name:foo.s1, type:int, comment:null), FieldSchema(name:foo.s2, type:string, comment:null)], properties:null)
15/09/09 11:10:57 INFO log.PerfLogger: </PERFLOG method=compile start=1441815057764 end=1441815057813 duration=49 from=org.apache.hadoop.hive.ql.Driver>
15/09/09 11:10:57 INFO log.PerfLogger: <PERFLOG method=Driver.execute from=org.apache.hadoop.hive.ql.Driver>
15/09/09 11:10:57 INFO ql.Driver: Starting command: select * from foo
15/09/09 11:10:57 INFO log.PerfLogger: </PERFLOG method=TimeToSubmit start=1441815057764 end=1441815057813 duration=49 from=org.apache.hadoop.hive.ql.Driver>
15/09/09 11:10:57 INFO log.PerfLogger: <PERFLOG method=runTasks from=org.apache.hadoop.hive.ql.Driver>
15/09/09 11:10:57 INFO log.PerfLogger: </PERFLOG method=runTasks start=1441815057813 end=1441815057813 duration=0 from=org.apache.hadoop.hive.ql.Driver>
15/09/09 11:10:57 INFO log.PerfLogger: </PERFLOG method=Driver.execute start=1441815057813 end=1441815057813 duration=0 from=org.apache.hadoop.hive.ql.Driver>
OK
15/09/09 11:10:57 INFO ql.Driver: OK
15/09/09 11:10:57 INFO log.PerfLogger: <PERFLOG method=releaseLocks from=org.apache.hadoop.hive.ql.Driver>
15/09/09 11:10:57 INFO log.PerfLogger: </PERFLOG method=releaseLocks start=1441815057813 end=1441815057813 duration=0 from=org.apache.hadoop.hive.ql.Driver>
15/09/09 11:10:57 INFO log.PerfLogger: </PERFLOG method=Driver.run start=1441815057764 end=1441815057813 duration=49 from=org.apache.hadoop.hive.ql.Driver>
15/09/09 11:10:57 INFO mapred.FileInputFormat: Total input paths to process : 3
15/09/09 11:10:57 INFO service.HiveServer: Running the query: USE default
15/09/09 11:10:57 INFO exec.TableScanOperator: 62 finished. closing... 
15/09/09 11:10:57 INFO exec.SelectOperator: 63 finished. closing... 
15/09/09 11:10:57 INFO exec.ListSinkOperator: 65 finished. closing... 
15/09/09 11:10:57 INFO exec.ListSinkOperator: 65 Close done
15/09/09 11:10:57 INFO exec.SelectOperator: 63 Close done
15/09/09 11:10:57 INFO exec.TableScanOperator: 62 Close done
15/09/09 11:10:57 INFO log.PerfLogger: <PERFLOG method=Driver.run from=org.apache.hadoop.hive.ql.Driver>
15/09/09 11:10:57 INFO log.PerfLogger: <PERFLOG method=TimeToSubmit from=org.apache.hadoop.hive.ql.Driver>
15/09/09 11:10:57 INFO ql.Driver: Concurrency mode is disabled, not creating a lock manager
15/09/09 11:10:57 INFO log.PerfLogger: <PERFLOG method=compile from=org.apache.hadoop.hive.ql.Driver>
15/09/09 11:10:57 INFO log.PerfLogger: <PERFLOG method=parse from=org.apache.hadoop.hive.ql.Driver>
15/09/09 11:10:57 INFO parse.ParseDriver: Parsing command: USE default
15/09/09 11:10:57 INFO parse.ParseDriver: Parse Completed
15/09/09 11:10:57 INFO log.PerfLogger: </PERFLOG method=parse start=1441815057817 end=1441815057817 duration=0 from=org.apache.hadoop.hive.ql.Driver>
15/09/09 11:10:57 INFO log.PerfLogger: <PERFLOG method=semanticAnalyze from=org.apache.hadoop.hive.ql.Driver>
15/09/09 11:10:57 INFO ql.Driver: Semantic Analysis Completed
15/09/09 11:10:57 INFO log.PerfLogger: </PERFLOG method=semanticAnalyze start=1441815057817 end=1441815057817 duration=0 from=org.apache.hadoop.hive.ql.Driver>
15/09/09 11:10:57 INFO ql.Driver: Returning Hive schema: Schema(fieldSchemas:null, properties:null)
15/09/09 11:10:57 INFO log.PerfLogger: </PERFLOG method=compile start=1441815057817 end=1441815057817 duration=0 from=org.apache.hadoop.hive.ql.Driver>
15/09/09 11:10:57 INFO log.PerfLogger: <PERFLOG method=Driver.execute from=org.apache.hadoop.hive.ql.Driver>
15/09/09 11:10:57 INFO ql.Driver: Starting command: USE default
15/09/09 11:10:57 INFO log.PerfLogger: </PERFLOG method=TimeToSubmit start=1441815057816 end=1441815057817 duration=1 from=org.apache.hadoop.hive.ql.Driver>
15/09/09 11:10:57 INFO log.PerfLogger: <PERFLOG method=runTasks from=org.apache.hadoop.hive.ql.Driver>
15/09/09 11:10:57 INFO log.PerfLogger: <PERFLOG method=task.DDL.Stage-0 from=org.apache.hadoop.hive.ql.Driver>
15/09/09 11:10:57 INFO metastore.HiveMetaStore: 0: get_database: default
15/09/09 11:10:57 INFO HiveMetaStore.audit: ugi=hpatel	ip=unknown-ip-addr	cmd=get_database: default	
15/09/09 11:10:57 INFO metastore.HiveMetaStore: 0: get_database: default
15/09/09 11:10:57 INFO HiveMetaStore.audit: ugi=hpatel	ip=unknown-ip-addr	cmd=get_database: default	
15/09/09 11:10:57 INFO log.PerfLogger: </PERFLOG method=runTasks start=1441815057818 end=1441815057821 duration=3 from=org.apache.hadoop.hive.ql.Driver>
15/09/09 11:10:57 INFO log.PerfLogger: </PERFLOG method=Driver.execute start=1441815057817 end=1441815057821 duration=4 from=org.apache.hadoop.hive.ql.Driver>
OK
15/09/09 11:10:57 INFO ql.Driver: OK
15/09/09 11:10:57 INFO log.PerfLogger: <PERFLOG method=releaseLocks from=org.apache.hadoop.hive.ql.Driver>
15/09/09 11:10:57 INFO log.PerfLogger: </PERFLOG method=releaseLocks start=1441815057821 end=1441815057821 duration=0 from=org.apache.hadoop.hive.ql.Driver>
15/09/09 11:10:57 INFO log.PerfLogger: </PERFLOG method=Driver.run start=1441815057816 end=1441815057821 duration=5 from=org.apache.hadoop.hive.ql.Driver>
15/09/09 11:10:57 INFO metastore.HiveMetaStore: 0: Shutting down the object store...
15/09/09 11:10:57 INFO HiveMetaStore.audit: ugi=hpatel	ip=unknown-ip-addr	cmd=Shutting down the object store...	
15/09/09 11:10:57 INFO metastore.HiveMetaStore: 0: Metastore shutdown complete.
15/09/09 11:10:57 INFO HiveMetaStore.audit: ugi=hpatel	ip=unknown-ip-addr	cmd=Metastore shutdown complete.	
15/09/09 11:10:57 INFO hiverunner.HiveServerContainer: Tore down HiveServer instance
15/09/09 11:10:57 INFO metastore.HiveMetaStore: 0: Opening raw store with implemenation class:org.apache.hadoop.hive.metastore.ObjectStore
15/09/09 11:10:57 INFO metastore.ObjectStore: ObjectStore, initialize called
15/09/09 11:10:57 INFO DataNucleus.Persistence: Property datanucleus.cache.level2 unknown - will be ignored
15/09/09 11:10:57 INFO DataNucleus.Persistence: Property hive.metastore.integral.jdo.pushdown unknown - will be ignored
15/09/09 11:10:58 INFO metastore.ObjectStore: Setting MetaStore object pin classes with hive.metastore.cache.pinobjtypes="Table,StorageDescriptor,SerDeInfo,Partition,Database,Type,FieldSchema,Order"
15/09/09 11:10:58 INFO metastore.MetaStoreDirectSql: MySQL check failed, assuming we are not on mysql: unknown token: 
15/09/09 11:10:58 INFO DataNucleus.Datastore: The class "org.apache.hadoop.hive.metastore.model.MFieldSchema" is tagged as "embedded-only" so does not have its own datastore table.
15/09/09 11:10:58 INFO DataNucleus.Datastore: The class "org.apache.hadoop.hive.metastore.model.MOrder" is tagged as "embedded-only" so does not have its own datastore table.
15/09/09 11:10:58 INFO DataNucleus.Datastore: The class "org.apache.hadoop.hive.metastore.model.MFieldSchema" is tagged as "embedded-only" so does not have its own datastore table.
15/09/09 11:10:58 INFO DataNucleus.Datastore: The class "org.apache.hadoop.hive.metastore.model.MOrder" is tagged as "embedded-only" so does not have its own datastore table.
15/09/09 11:10:58 INFO metastore.ObjectStore: Initialized ObjectStore
15/09/09 11:10:58 INFO metastore.HiveMetaStore: No user is added in admin role, since config is empty
15/09/09 11:10:58 INFO metastore.HiveMetaStore: 0: Shutting down the object store...
15/09/09 11:10:58 INFO HiveMetaStore.audit: ugi=hpatel	ip=unknown-ip-addr	cmd=Shutting down the object store...	
15/09/09 11:10:58 INFO metastore.HiveMetaStore: 0: Metastore shutdown complete.
15/09/09 11:10:58 INFO HiveMetaStore.audit: ugi=hpatel	ip=unknown-ip-addr	cmd=Metastore shutdown complete.	
15/09/09 11:10:58 INFO metastore.HiveMetaStore: No user is added in admin role, since config is empty
15/09/09 11:10:58 INFO session.SessionState: No Tez session required at this point. hive.execution.engine=mr.
15/09/09 11:10:58 INFO service.HiveServer: Putting temp output to file /var/folders/y7/4_pz5fzx54ngcmghz3v6t3m00000gn/T/junit8471970449864001683/localscratchdir/6ab18332-453b-4bde-9e17-c18a79d060c56296329588966204837.pipeout
15/09/09 11:10:58 INFO service.HiveServer: Running the query: SHOW TABLES
15/09/09 11:10:58 INFO log.PerfLogger: <PERFLOG method=Driver.run from=org.apache.hadoop.hive.ql.Driver>
15/09/09 11:10:58 INFO log.PerfLogger: <PERFLOG method=TimeToSubmit from=org.apache.hadoop.hive.ql.Driver>
15/09/09 11:10:58 INFO ql.Driver: Concurrency mode is disabled, not creating a lock manager
15/09/09 11:10:58 INFO log.PerfLogger: <PERFLOG method=compile from=org.apache.hadoop.hive.ql.Driver>
15/09/09 11:10:58 INFO log.PerfLogger: <PERFLOG method=parse from=org.apache.hadoop.hive.ql.Driver>
15/09/09 11:10:58 INFO parse.ParseDriver: Parsing command: SHOW TABLES
15/09/09 11:10:58 INFO parse.ParseDriver: Parse Completed
15/09/09 11:10:58 INFO log.PerfLogger: </PERFLOG method=parse start=1441815058071 end=1441815058072 duration=1 from=org.apache.hadoop.hive.ql.Driver>
15/09/09 11:10:58 INFO log.PerfLogger: <PERFLOG method=semanticAnalyze from=org.apache.hadoop.hive.ql.Driver>
15/09/09 11:10:58 INFO ql.Driver: Semantic Analysis Completed
15/09/09 11:10:58 INFO log.PerfLogger: </PERFLOG method=semanticAnalyze start=1441815058072 end=1441815058075 duration=3 from=org.apache.hadoop.hive.ql.Driver>
15/09/09 11:10:58 INFO exec.ListSinkOperator: Initializing Self 66 OP
15/09/09 11:10:58 INFO exec.ListSinkOperator: Operator 66 OP initialized
15/09/09 11:10:58 INFO exec.ListSinkOperator: Initialization Done 66 OP
15/09/09 11:10:58 INFO ql.Driver: Returning Hive schema: Schema(fieldSchemas:[FieldSchema(name:tab_name, type:string, comment:from deserializer)], properties:null)
15/09/09 11:10:58 INFO log.PerfLogger: </PERFLOG method=compile start=1441815058071 end=1441815058076 duration=5 from=org.apache.hadoop.hive.ql.Driver>
15/09/09 11:10:58 INFO log.PerfLogger: <PERFLOG method=Driver.execute from=org.apache.hadoop.hive.ql.Driver>
15/09/09 11:10:58 INFO ql.Driver: Starting command: SHOW TABLES
15/09/09 11:10:58 INFO log.PerfLogger: </PERFLOG method=TimeToSubmit start=1441815058071 end=1441815058076 duration=5 from=org.apache.hadoop.hive.ql.Driver>
15/09/09 11:10:58 INFO log.PerfLogger: <PERFLOG method=runTasks from=org.apache.hadoop.hive.ql.Driver>
15/09/09 11:10:58 INFO log.PerfLogger: <PERFLOG method=task.DDL.Stage-0 from=org.apache.hadoop.hive.ql.Driver>
15/09/09 11:10:58 INFO metastore.HiveMetaStore: 0: get_database: default
15/09/09 11:10:58 INFO HiveMetaStore.audit: ugi=hpatel	ip=unknown-ip-addr	cmd=get_database: default	
15/09/09 11:10:58 INFO metastore.HiveMetaStore: 0: Opening raw store with implemenation class:org.apache.hadoop.hive.metastore.ObjectStore
15/09/09 11:10:58 INFO metastore.ObjectStore: ObjectStore, initialize called
15/09/09 11:10:58 INFO metastore.MetaStoreDirectSql: MySQL check failed, assuming we are not on mysql: unknown token: 
15/09/09 11:10:58 INFO DataNucleus.Query: Reading in results for query "org.datanucleus.store.rdbms.query.SQLQuery@0" since the connection used is closing
15/09/09 11:10:58 INFO metastore.ObjectStore: Initialized ObjectStore
15/09/09 11:10:58 INFO metastore.HiveMetaStore: 0: get_tables: db=default pat=.*
15/09/09 11:10:58 INFO HiveMetaStore.audit: ugi=hpatel	ip=unknown-ip-addr	cmd=get_tables: db=default pat=.*	
15/09/09 11:10:58 INFO log.PerfLogger: </PERFLOG method=runTasks start=1441815058076 end=1441815058086 duration=10 from=org.apache.hadoop.hive.ql.Driver>
15/09/09 11:10:58 INFO log.PerfLogger: </PERFLOG method=Driver.execute start=1441815058076 end=1441815058087 duration=11 from=org.apache.hadoop.hive.ql.Driver>
OK
15/09/09 11:10:58 INFO ql.Driver: OK
15/09/09 11:10:58 INFO log.PerfLogger: <PERFLOG method=releaseLocks from=org.apache.hadoop.hive.ql.Driver>
15/09/09 11:10:58 INFO log.PerfLogger: </PERFLOG method=releaseLocks start=1441815058087 end=1441815058087 duration=0 from=org.apache.hadoop.hive.ql.Driver>
15/09/09 11:10:58 INFO log.PerfLogger: </PERFLOG method=Driver.run start=1441815058071 end=1441815058087 duration=16 from=org.apache.hadoop.hive.ql.Driver>
15/09/09 11:10:58 INFO builder.HiveShellTearable: Executing script: create table bar (i int);
15/09/09 11:10:58 INFO service.HiveServer: Running the query: create table bar (i int)
15/09/09 11:10:58 INFO exec.ListSinkOperator: 66 finished. closing... 
15/09/09 11:10:58 INFO exec.ListSinkOperator: 66 Close done
15/09/09 11:10:58 INFO log.PerfLogger: <PERFLOG method=Driver.run from=org.apache.hadoop.hive.ql.Driver>
15/09/09 11:10:58 INFO log.PerfLogger: <PERFLOG method=TimeToSubmit from=org.apache.hadoop.hive.ql.Driver>
15/09/09 11:10:58 INFO ql.Driver: Concurrency mode is disabled, not creating a lock manager
15/09/09 11:10:58 INFO log.PerfLogger: <PERFLOG method=compile from=org.apache.hadoop.hive.ql.Driver>
15/09/09 11:10:58 INFO log.PerfLogger: <PERFLOG method=parse from=org.apache.hadoop.hive.ql.Driver>
15/09/09 11:10:58 INFO parse.ParseDriver: Parsing command: create table bar (i int)
15/09/09 11:10:58 INFO parse.ParseDriver: Parse Completed
15/09/09 11:10:58 INFO log.PerfLogger: </PERFLOG method=parse start=1441815058088 end=1441815058088 duration=0 from=org.apache.hadoop.hive.ql.Driver>
15/09/09 11:10:58 INFO log.PerfLogger: <PERFLOG method=semanticAnalyze from=org.apache.hadoop.hive.ql.Driver>
15/09/09 11:10:58 INFO parse.SemanticAnalyzer: Starting Semantic Analysis
15/09/09 11:10:58 INFO parse.SemanticAnalyzer: Creating table bar position=13
15/09/09 11:10:58 INFO metastore.HiveMetaStore: 0: get_database: default
15/09/09 11:10:58 INFO HiveMetaStore.audit: ugi=hpatel	ip=unknown-ip-addr	cmd=get_database: default	
15/09/09 11:10:58 INFO ql.Driver: Semantic Analysis Completed
15/09/09 11:10:58 INFO log.PerfLogger: </PERFLOG method=semanticAnalyze start=1441815058088 end=1441815058090 duration=2 from=org.apache.hadoop.hive.ql.Driver>
15/09/09 11:10:58 INFO ql.Driver: Returning Hive schema: Schema(fieldSchemas:null, properties:null)
15/09/09 11:10:58 INFO log.PerfLogger: </PERFLOG method=compile start=1441815058088 end=1441815058090 duration=2 from=org.apache.hadoop.hive.ql.Driver>
15/09/09 11:10:58 INFO log.PerfLogger: <PERFLOG method=Driver.execute from=org.apache.hadoop.hive.ql.Driver>
15/09/09 11:10:58 INFO ql.Driver: Starting command: create table bar (i int)
15/09/09 11:10:58 INFO log.PerfLogger: </PERFLOG method=TimeToSubmit start=1441815058088 end=1441815058090 duration=2 from=org.apache.hadoop.hive.ql.Driver>
15/09/09 11:10:58 INFO log.PerfLogger: <PERFLOG method=runTasks from=org.apache.hadoop.hive.ql.Driver>
15/09/09 11:10:58 INFO log.PerfLogger: <PERFLOG method=task.DDL.Stage-0 from=org.apache.hadoop.hive.ql.Driver>
15/09/09 11:10:58 INFO metastore.HiveMetaStore: 0: create_table: Table(tableName:bar, dbName:default, owner:hpatel, createTime:1441815058, lastAccessTime:0, retention:0, sd:StorageDescriptor(cols:[FieldSchema(name:i, type:int, comment:null)], location:null, inputFormat:org.apache.hadoop.mapred.TextInputFormat, outputFormat:org.apache.hadoop.hive.ql.io.HiveIgnoreKeyTextOutputFormat, compressed:false, numBuckets:-1, serdeInfo:SerDeInfo(name:null, serializationLib:org.apache.hadoop.hive.serde2.lazy.LazySimpleSerDe, parameters:{serialization.format=1}), bucketCols:[], sortCols:[], parameters:{}, skewedInfo:SkewedInfo(skewedColNames:[], skewedColValues:[], skewedColValueLocationMaps:{}), storedAsSubDirectories:false), partitionKeys:[], parameters:{}, viewOriginalText:null, viewExpandedText:null, tableType:MANAGED_TABLE)
15/09/09 11:10:58 INFO HiveMetaStore.audit: ugi=hpatel	ip=unknown-ip-addr	cmd=create_table: Table(tableName:bar, dbName:default, owner:hpatel, createTime:1441815058, lastAccessTime:0, retention:0, sd:StorageDescriptor(cols:[FieldSchema(name:i, type:int, comment:null)], location:null, inputFormat:org.apache.hadoop.mapred.TextInputFormat, outputFormat:org.apache.hadoop.hive.ql.io.HiveIgnoreKeyTextOutputFormat, compressed:false, numBuckets:-1, serdeInfo:SerDeInfo(name:null, serializationLib:org.apache.hadoop.hive.serde2.lazy.LazySimpleSerDe, parameters:{serialization.format=1}), bucketCols:[], sortCols:[], parameters:{}, skewedInfo:SkewedInfo(skewedColNames:[], skewedColValues:[], skewedColValueLocationMaps:{}), storedAsSubDirectories:false), partitionKeys:[], parameters:{}, viewOriginalText:null, viewExpandedText:null, tableType:MANAGED_TABLE)	
15/09/09 11:10:58 INFO common.FileUtils: Creating directory if it doesn't exist: file:/var/folders/y7/4_pz5fzx54ngcmghz3v6t3m00000gn/T/junit8471970449864001683/warehouse/bar
15/09/09 11:10:58 INFO log.PerfLogger: </PERFLOG method=runTasks start=1441815058090 end=1441815058131 duration=41 from=org.apache.hadoop.hive.ql.Driver>
15/09/09 11:10:58 INFO log.PerfLogger: </PERFLOG method=Driver.execute start=1441815058090 end=1441815058131 duration=41 from=org.apache.hadoop.hive.ql.Driver>
OK
15/09/09 11:10:58 INFO ql.Driver: OK
15/09/09 11:10:58 INFO log.PerfLogger: <PERFLOG method=releaseLocks from=org.apache.hadoop.hive.ql.Driver>
15/09/09 11:10:58 INFO log.PerfLogger: </PERFLOG method=releaseLocks start=1441815058132 end=1441815058132 duration=0 from=org.apache.hadoop.hive.ql.Driver>
15/09/09 11:10:58 INFO log.PerfLogger: </PERFLOG method=Driver.run start=1441815058088 end=1441815058132 duration=44 from=org.apache.hadoop.hive.ql.Driver>
15/09/09 11:10:58 INFO builder.HiveShellTearable: Executing script: create table fox(id string);
15/09/09 11:10:58 INFO service.HiveServer: Running the query: create table fox(id string)
15/09/09 11:10:58 INFO log.PerfLogger: <PERFLOG method=Driver.run from=org.apache.hadoop.hive.ql.Driver>
15/09/09 11:10:58 INFO log.PerfLogger: <PERFLOG method=TimeToSubmit from=org.apache.hadoop.hive.ql.Driver>
15/09/09 11:10:58 INFO ql.Driver: Concurrency mode is disabled, not creating a lock manager
15/09/09 11:10:58 INFO log.PerfLogger: <PERFLOG method=compile from=org.apache.hadoop.hive.ql.Driver>
15/09/09 11:10:58 INFO log.PerfLogger: <PERFLOG method=parse from=org.apache.hadoop.hive.ql.Driver>
15/09/09 11:10:58 INFO parse.ParseDriver: Parsing command: create table fox(id string)
15/09/09 11:10:58 INFO parse.ParseDriver: Parse Completed
15/09/09 11:10:58 INFO log.PerfLogger: </PERFLOG method=parse start=1441815058132 end=1441815058132 duration=0 from=org.apache.hadoop.hive.ql.Driver>
15/09/09 11:10:58 INFO log.PerfLogger: <PERFLOG method=semanticAnalyze from=org.apache.hadoop.hive.ql.Driver>
15/09/09 11:10:58 INFO parse.SemanticAnalyzer: Starting Semantic Analysis
15/09/09 11:10:58 INFO parse.SemanticAnalyzer: Creating table fox position=13
15/09/09 11:10:58 INFO metastore.HiveMetaStore: 0: get_database: default
15/09/09 11:10:58 INFO HiveMetaStore.audit: ugi=hpatel	ip=unknown-ip-addr	cmd=get_database: default	
15/09/09 11:10:58 INFO ql.Driver: Semantic Analysis Completed
15/09/09 11:10:58 INFO log.PerfLogger: </PERFLOG method=semanticAnalyze start=1441815058133 end=1441815058135 duration=2 from=org.apache.hadoop.hive.ql.Driver>
15/09/09 11:10:58 INFO ql.Driver: Returning Hive schema: Schema(fieldSchemas:null, properties:null)
15/09/09 11:10:58 INFO log.PerfLogger: </PERFLOG method=compile start=1441815058132 end=1441815058135 duration=3 from=org.apache.hadoop.hive.ql.Driver>
15/09/09 11:10:58 INFO log.PerfLogger: <PERFLOG method=Driver.execute from=org.apache.hadoop.hive.ql.Driver>
15/09/09 11:10:58 INFO ql.Driver: Starting command: create table fox(id string)
15/09/09 11:10:58 INFO log.PerfLogger: </PERFLOG method=TimeToSubmit start=1441815058132 end=1441815058135 duration=3 from=org.apache.hadoop.hive.ql.Driver>
15/09/09 11:10:58 INFO log.PerfLogger: <PERFLOG method=runTasks from=org.apache.hadoop.hive.ql.Driver>
15/09/09 11:10:58 INFO log.PerfLogger: <PERFLOG method=task.DDL.Stage-0 from=org.apache.hadoop.hive.ql.Driver>
15/09/09 11:10:58 INFO metastore.HiveMetaStore: 0: create_table: Table(tableName:fox, dbName:default, owner:hpatel, createTime:1441815058, lastAccessTime:0, retention:0, sd:StorageDescriptor(cols:[FieldSchema(name:id, type:string, comment:null)], location:null, inputFormat:org.apache.hadoop.mapred.TextInputFormat, outputFormat:org.apache.hadoop.hive.ql.io.HiveIgnoreKeyTextOutputFormat, compressed:false, numBuckets:-1, serdeInfo:SerDeInfo(name:null, serializationLib:org.apache.hadoop.hive.serde2.lazy.LazySimpleSerDe, parameters:{serialization.format=1}), bucketCols:[], sortCols:[], parameters:{}, skewedInfo:SkewedInfo(skewedColNames:[], skewedColValues:[], skewedColValueLocationMaps:{}), storedAsSubDirectories:false), partitionKeys:[], parameters:{}, viewOriginalText:null, viewExpandedText:null, tableType:MANAGED_TABLE)
15/09/09 11:10:58 INFO HiveMetaStore.audit: ugi=hpatel	ip=unknown-ip-addr	cmd=create_table: Table(tableName:fox, dbName:default, owner:hpatel, createTime:1441815058, lastAccessTime:0, retention:0, sd:StorageDescriptor(cols:[FieldSchema(name:id, type:string, comment:null)], location:null, inputFormat:org.apache.hadoop.mapred.TextInputFormat, outputFormat:org.apache.hadoop.hive.ql.io.HiveIgnoreKeyTextOutputFormat, compressed:false, numBuckets:-1, serdeInfo:SerDeInfo(name:null, serializationLib:org.apache.hadoop.hive.serde2.lazy.LazySimpleSerDe, parameters:{serialization.format=1}), bucketCols:[], sortCols:[], parameters:{}, skewedInfo:SkewedInfo(skewedColNames:[], skewedColValues:[], skewedColValueLocationMaps:{}), storedAsSubDirectories:false), partitionKeys:[], parameters:{}, viewOriginalText:null, viewExpandedText:null, tableType:MANAGED_TABLE)	
15/09/09 11:10:58 INFO common.FileUtils: Creating directory if it doesn't exist: file:/var/folders/y7/4_pz5fzx54ngcmghz3v6t3m00000gn/T/junit8471970449864001683/warehouse/fox
15/09/09 11:10:58 INFO log.PerfLogger: </PERFLOG method=runTasks start=1441815058135 end=1441815058164 duration=29 from=org.apache.hadoop.hive.ql.Driver>
15/09/09 11:10:58 INFO log.PerfLogger: </PERFLOG method=Driver.execute start=1441815058135 end=1441815058165 duration=30 from=org.apache.hadoop.hive.ql.Driver>
OK
15/09/09 11:10:58 INFO ql.Driver: OK
15/09/09 11:10:58 INFO log.PerfLogger: <PERFLOG method=releaseLocks from=org.apache.hadoop.hive.ql.Driver>
15/09/09 11:10:58 INFO log.PerfLogger: </PERFLOG method=releaseLocks start=1441815058165 end=1441815058165 duration=0 from=org.apache.hadoop.hive.ql.Driver>
15/09/09 11:10:58 INFO log.PerfLogger: </PERFLOG method=Driver.run start=1441815058132 end=1441815058165 duration=33 from=org.apache.hadoop.hive.ql.Driver>
15/09/09 11:10:58 INFO builder.HiveShellTearable: Executing script: create table love(id string);
15/09/09 11:10:58 INFO service.HiveServer: Running the query: create table love(id string)
15/09/09 11:10:58 INFO log.PerfLogger: <PERFLOG method=Driver.run from=org.apache.hadoop.hive.ql.Driver>
15/09/09 11:10:58 INFO log.PerfLogger: <PERFLOG method=TimeToSubmit from=org.apache.hadoop.hive.ql.Driver>
15/09/09 11:10:58 INFO ql.Driver: Concurrency mode is disabled, not creating a lock manager
15/09/09 11:10:58 INFO log.PerfLogger: <PERFLOG method=compile from=org.apache.hadoop.hive.ql.Driver>
15/09/09 11:10:58 INFO log.PerfLogger: <PERFLOG method=parse from=org.apache.hadoop.hive.ql.Driver>
15/09/09 11:10:58 INFO parse.ParseDriver: Parsing command: create table love(id string)
15/09/09 11:10:58 INFO parse.ParseDriver: Parse Completed
15/09/09 11:10:58 INFO log.PerfLogger: </PERFLOG method=parse start=1441815058165 end=1441815058165 duration=0 from=org.apache.hadoop.hive.ql.Driver>
15/09/09 11:10:58 INFO log.PerfLogger: <PERFLOG method=semanticAnalyze from=org.apache.hadoop.hive.ql.Driver>
15/09/09 11:10:58 INFO parse.SemanticAnalyzer: Starting Semantic Analysis
15/09/09 11:10:58 INFO parse.SemanticAnalyzer: Creating table love position=13
15/09/09 11:10:58 INFO metastore.HiveMetaStore: 0: get_database: default
15/09/09 11:10:58 INFO HiveMetaStore.audit: ugi=hpatel	ip=unknown-ip-addr	cmd=get_database: default	
15/09/09 11:10:58 INFO ql.Driver: Semantic Analysis Completed
15/09/09 11:10:58 INFO log.PerfLogger: </PERFLOG method=semanticAnalyze start=1441815058166 end=1441815058167 duration=1 from=org.apache.hadoop.hive.ql.Driver>
15/09/09 11:10:58 INFO ql.Driver: Returning Hive schema: Schema(fieldSchemas:null, properties:null)
15/09/09 11:10:58 INFO log.PerfLogger: </PERFLOG method=compile start=1441815058165 end=1441815058167 duration=2 from=org.apache.hadoop.hive.ql.Driver>
15/09/09 11:10:58 INFO log.PerfLogger: <PERFLOG method=Driver.execute from=org.apache.hadoop.hive.ql.Driver>
15/09/09 11:10:58 INFO ql.Driver: Starting command: create table love(id string)
15/09/09 11:10:58 INFO log.PerfLogger: </PERFLOG method=TimeToSubmit start=1441815058165 end=1441815058168 duration=3 from=org.apache.hadoop.hive.ql.Driver>
15/09/09 11:10:58 INFO log.PerfLogger: <PERFLOG method=runTasks from=org.apache.hadoop.hive.ql.Driver>
15/09/09 11:10:58 INFO log.PerfLogger: <PERFLOG method=task.DDL.Stage-0 from=org.apache.hadoop.hive.ql.Driver>
15/09/09 11:10:58 INFO metastore.HiveMetaStore: 0: create_table: Table(tableName:love, dbName:default, owner:hpatel, createTime:1441815058, lastAccessTime:0, retention:0, sd:StorageDescriptor(cols:[FieldSchema(name:id, type:string, comment:null)], location:null, inputFormat:org.apache.hadoop.mapred.TextInputFormat, outputFormat:org.apache.hadoop.hive.ql.io.HiveIgnoreKeyTextOutputFormat, compressed:false, numBuckets:-1, serdeInfo:SerDeInfo(name:null, serializationLib:org.apache.hadoop.hive.serde2.lazy.LazySimpleSerDe, parameters:{serialization.format=1}), bucketCols:[], sortCols:[], parameters:{}, skewedInfo:SkewedInfo(skewedColNames:[], skewedColValues:[], skewedColValueLocationMaps:{}), storedAsSubDirectories:false), partitionKeys:[], parameters:{}, viewOriginalText:null, viewExpandedText:null, tableType:MANAGED_TABLE)
15/09/09 11:10:58 INFO HiveMetaStore.audit: ugi=hpatel	ip=unknown-ip-addr	cmd=create_table: Table(tableName:love, dbName:default, owner:hpatel, createTime:1441815058, lastAccessTime:0, retention:0, sd:StorageDescriptor(cols:[FieldSchema(name:id, type:string, comment:null)], location:null, inputFormat:org.apache.hadoop.mapred.TextInputFormat, outputFormat:org.apache.hadoop.hive.ql.io.HiveIgnoreKeyTextOutputFormat, compressed:false, numBuckets:-1, serdeInfo:SerDeInfo(name:null, serializationLib:org.apache.hadoop.hive.serde2.lazy.LazySimpleSerDe, parameters:{serialization.format=1}), bucketCols:[], sortCols:[], parameters:{}, skewedInfo:SkewedInfo(skewedColNames:[], skewedColValues:[], skewedColValueLocationMaps:{}), storedAsSubDirectories:false), partitionKeys:[], parameters:{}, viewOriginalText:null, viewExpandedText:null, tableType:MANAGED_TABLE)	
15/09/09 11:10:58 INFO common.FileUtils: Creating directory if it doesn't exist: file:/var/folders/y7/4_pz5fzx54ngcmghz3v6t3m00000gn/T/junit8471970449864001683/warehouse/love
15/09/09 11:10:58 INFO log.PerfLogger: </PERFLOG method=runTasks start=1441815058168 end=1441815058190 duration=22 from=org.apache.hadoop.hive.ql.Driver>
15/09/09 11:10:58 INFO log.PerfLogger: </PERFLOG method=Driver.execute start=1441815058168 end=1441815058190 duration=22 from=org.apache.hadoop.hive.ql.Driver>
OK
15/09/09 11:10:58 INFO ql.Driver: OK
15/09/09 11:10:58 INFO log.PerfLogger: <PERFLOG method=releaseLocks from=org.apache.hadoop.hive.ql.Driver>
15/09/09 11:10:58 INFO log.PerfLogger: </PERFLOG method=releaseLocks start=1441815058190 end=1441815058190 duration=0 from=org.apache.hadoop.hive.ql.Driver>
15/09/09 11:10:58 INFO log.PerfLogger: </PERFLOG method=Driver.run start=1441815058165 end=1441815058190 duration=25 from=org.apache.hadoop.hive.ql.Driver>
15/09/09 11:10:58 INFO builder.HiveShellTearable: Created hive resource /var/folders/y7/4_pz5fzx54ngcmghz3v6t3m00000gn/T/junit8471970449864001683/vs/foo/fromFile.csv
15/09/09 11:10:58 INFO builder.HiveShellTearable: Created hive resource /var/folders/y7/4_pz5fzx54ngcmghz3v6t3m00000gn/T/junit8471970449864001683/vs/foo/fromPath.csv
15/09/09 11:10:58 INFO builder.HiveShellTearable: Created hive resource /var/folders/y7/4_pz5fzx54ngcmghz3v6t3m00000gn/T/junit8471970449864001683/vs/foo/fromString.csv
15/09/09 11:10:58 INFO service.HiveServer: Running the query: CREATE EXTERNAL TABLE foo (s1 int, s2 string)
  ROW FORMAT DELIMITED FIELDS TERMINATED BY ','
  STORED AS TEXTFILE
  LOCATION '${hiveconf:hive.vs.uri}/foo/'
15/09/09 11:10:58 INFO log.PerfLogger: <PERFLOG method=Driver.run from=org.apache.hadoop.hive.ql.Driver>
15/09/09 11:10:58 INFO log.PerfLogger: <PERFLOG method=TimeToSubmit from=org.apache.hadoop.hive.ql.Driver>
15/09/09 11:10:58 INFO ql.Driver: Concurrency mode is disabled, not creating a lock manager
15/09/09 11:10:58 INFO log.PerfLogger: <PERFLOG method=compile from=org.apache.hadoop.hive.ql.Driver>
15/09/09 11:10:58 INFO log.PerfLogger: <PERFLOG method=parse from=org.apache.hadoop.hive.ql.Driver>
15/09/09 11:10:58 INFO parse.ParseDriver: Parsing command: CREATE EXTERNAL TABLE foo (s1 int, s2 string)
  ROW FORMAT DELIMITED FIELDS TERMINATED BY ','
  STORED AS TEXTFILE
  LOCATION 'file:///var/folders/y7/4_pz5fzx54ngcmghz3v6t3m00000gn/T/junit8471970449864001683/vs//foo/'
15/09/09 11:10:58 INFO parse.ParseDriver: Parse Completed
15/09/09 11:10:58 INFO log.PerfLogger: </PERFLOG method=parse start=1441815058192 end=1441815058193 duration=1 from=org.apache.hadoop.hive.ql.Driver>
15/09/09 11:10:58 INFO log.PerfLogger: <PERFLOG method=semanticAnalyze from=org.apache.hadoop.hive.ql.Driver>
15/09/09 11:10:58 INFO parse.SemanticAnalyzer: Starting Semantic Analysis
15/09/09 11:10:58 INFO parse.SemanticAnalyzer: Creating table foo position=22
15/09/09 11:10:58 INFO metastore.HiveMetaStore: 0: get_database: default
15/09/09 11:10:58 INFO HiveMetaStore.audit: ugi=hpatel	ip=unknown-ip-addr	cmd=get_database: default	
15/09/09 11:10:58 INFO ql.Driver: Semantic Analysis Completed
15/09/09 11:10:58 INFO log.PerfLogger: </PERFLOG method=semanticAnalyze start=1441815058193 end=1441815058195 duration=2 from=org.apache.hadoop.hive.ql.Driver>
15/09/09 11:10:58 INFO ql.Driver: Returning Hive schema: Schema(fieldSchemas:null, properties:null)
15/09/09 11:10:58 INFO log.PerfLogger: </PERFLOG method=compile start=1441815058192 end=1441815058195 duration=3 from=org.apache.hadoop.hive.ql.Driver>
15/09/09 11:10:58 INFO log.PerfLogger: <PERFLOG method=Driver.execute from=org.apache.hadoop.hive.ql.Driver>
15/09/09 11:10:58 INFO ql.Driver: Starting command: CREATE EXTERNAL TABLE foo (s1 int, s2 string)
  ROW FORMAT DELIMITED FIELDS TERMINATED BY ','
  STORED AS TEXTFILE
  LOCATION 'file:///var/folders/y7/4_pz5fzx54ngcmghz3v6t3m00000gn/T/junit8471970449864001683/vs//foo/'
15/09/09 11:10:58 INFO log.PerfLogger: </PERFLOG method=TimeToSubmit start=1441815058192 end=1441815058195 duration=3 from=org.apache.hadoop.hive.ql.Driver>
15/09/09 11:10:58 INFO log.PerfLogger: <PERFLOG method=runTasks from=org.apache.hadoop.hive.ql.Driver>
15/09/09 11:10:58 INFO log.PerfLogger: <PERFLOG method=task.DDL.Stage-0 from=org.apache.hadoop.hive.ql.Driver>
15/09/09 11:10:58 INFO metastore.HiveMetaStore: 0: create_table: Table(tableName:foo, dbName:default, owner:hpatel, createTime:1441815058, lastAccessTime:0, retention:0, sd:StorageDescriptor(cols:[FieldSchema(name:s1, type:int, comment:null), FieldSchema(name:s2, type:string, comment:null)], location:file:/var/folders/y7/4_pz5fzx54ngcmghz3v6t3m00000gn/T/junit8471970449864001683/vs/foo, inputFormat:org.apache.hadoop.mapred.TextInputFormat, outputFormat:org.apache.hadoop.hive.ql.io.HiveIgnoreKeyTextOutputFormat, compressed:false, numBuckets:-1, serdeInfo:SerDeInfo(name:null, serializationLib:org.apache.hadoop.hive.serde2.lazy.LazySimpleSerDe, parameters:{serialization.format=,, field.delim=,}), bucketCols:[], sortCols:[], parameters:{}, skewedInfo:SkewedInfo(skewedColNames:[], skewedColValues:[], skewedColValueLocationMaps:{}), storedAsSubDirectories:false), partitionKeys:[], parameters:{EXTERNAL=TRUE}, viewOriginalText:null, viewExpandedText:null, tableType:EXTERNAL_TABLE)
15/09/09 11:10:58 INFO HiveMetaStore.audit: ugi=hpatel	ip=unknown-ip-addr	cmd=create_table: Table(tableName:foo, dbName:default, owner:hpatel, createTime:1441815058, lastAccessTime:0, retention:0, sd:StorageDescriptor(cols:[FieldSchema(name:s1, type:int, comment:null), FieldSchema(name:s2, type:string, comment:null)], location:file:/var/folders/y7/4_pz5fzx54ngcmghz3v6t3m00000gn/T/junit8471970449864001683/vs/foo, inputFormat:org.apache.hadoop.mapred.TextInputFormat, outputFormat:org.apache.hadoop.hive.ql.io.HiveIgnoreKeyTextOutputFormat, compressed:false, numBuckets:-1, serdeInfo:SerDeInfo(name:null, serializationLib:org.apache.hadoop.hive.serde2.lazy.LazySimpleSerDe, parameters:{serialization.format=,, field.delim=,}), bucketCols:[], sortCols:[], parameters:{}, skewedInfo:SkewedInfo(skewedColNames:[], skewedColValues:[], skewedColValueLocationMaps:{}), storedAsSubDirectories:false), partitionKeys:[], parameters:{EXTERNAL=TRUE}, viewOriginalText:null, viewExpandedText:null, tableType:EXTERNAL_TABLE)	
15/09/09 11:10:58 INFO log.PerfLogger: </PERFLOG method=runTasks start=1441815058195 end=1441815058203 duration=8 from=org.apache.hadoop.hive.ql.Driver>
15/09/09 11:10:58 INFO log.PerfLogger: </PERFLOG method=Driver.execute start=1441815058195 end=1441815058203 duration=8 from=org.apache.hadoop.hive.ql.Driver>
OK
15/09/09 11:10:58 INFO ql.Driver: OK
15/09/09 11:10:58 INFO log.PerfLogger: <PERFLOG method=releaseLocks from=org.apache.hadoop.hive.ql.Driver>
15/09/09 11:10:58 INFO log.PerfLogger: </PERFLOG method=releaseLocks start=1441815058203 end=1441815058203 duration=0 from=org.apache.hadoop.hive.ql.Driver>
15/09/09 11:10:58 INFO log.PerfLogger: </PERFLOG method=Driver.run start=1441815058192 end=1441815058203 duration=11 from=org.apache.hadoop.hive.ql.Driver>
15/09/09 11:10:58 INFO service.HiveServer: Running the query: USE default
15/09/09 11:10:58 INFO log.PerfLogger: <PERFLOG method=Driver.run from=org.apache.hadoop.hive.ql.Driver>
15/09/09 11:10:58 INFO log.PerfLogger: <PERFLOG method=TimeToSubmit from=org.apache.hadoop.hive.ql.Driver>
15/09/09 11:10:58 INFO ql.Driver: Concurrency mode is disabled, not creating a lock manager
15/09/09 11:10:58 INFO log.PerfLogger: <PERFLOG method=compile from=org.apache.hadoop.hive.ql.Driver>
15/09/09 11:10:58 INFO log.PerfLogger: <PERFLOG method=parse from=org.apache.hadoop.hive.ql.Driver>
15/09/09 11:10:58 INFO parse.ParseDriver: Parsing command: USE default
15/09/09 11:10:58 INFO parse.ParseDriver: Parse Completed
15/09/09 11:10:58 INFO log.PerfLogger: </PERFLOG method=parse start=1441815058204 end=1441815058204 duration=0 from=org.apache.hadoop.hive.ql.Driver>
15/09/09 11:10:58 INFO log.PerfLogger: <PERFLOG method=semanticAnalyze from=org.apache.hadoop.hive.ql.Driver>
15/09/09 11:10:58 INFO ql.Driver: Semantic Analysis Completed
15/09/09 11:10:58 INFO log.PerfLogger: </PERFLOG method=semanticAnalyze start=1441815058204 end=1441815058204 duration=0 from=org.apache.hadoop.hive.ql.Driver>
15/09/09 11:10:58 INFO ql.Driver: Returning Hive schema: Schema(fieldSchemas:null, properties:null)
15/09/09 11:10:58 INFO log.PerfLogger: </PERFLOG method=compile start=1441815058204 end=1441815058204 duration=0 from=org.apache.hadoop.hive.ql.Driver>
15/09/09 11:10:58 INFO log.PerfLogger: <PERFLOG method=Driver.execute from=org.apache.hadoop.hive.ql.Driver>
15/09/09 11:10:58 INFO ql.Driver: Starting command: USE default
15/09/09 11:10:58 INFO log.PerfLogger: </PERFLOG method=TimeToSubmit start=1441815058204 end=1441815058205 duration=1 from=org.apache.hadoop.hive.ql.Driver>
15/09/09 11:10:58 INFO log.PerfLogger: <PERFLOG method=runTasks from=org.apache.hadoop.hive.ql.Driver>
15/09/09 11:10:58 INFO log.PerfLogger: <PERFLOG method=task.DDL.Stage-0 from=org.apache.hadoop.hive.ql.Driver>
15/09/09 11:10:58 INFO metastore.HiveMetaStore: 0: get_database: default
15/09/09 11:10:58 INFO HiveMetaStore.audit: ugi=hpatel	ip=unknown-ip-addr	cmd=get_database: default	
15/09/09 11:10:58 INFO metastore.HiveMetaStore: 0: get_database: default
15/09/09 11:10:58 INFO HiveMetaStore.audit: ugi=hpatel	ip=unknown-ip-addr	cmd=get_database: default	
15/09/09 11:10:58 INFO log.PerfLogger: </PERFLOG method=runTasks start=1441815058205 end=1441815058208 duration=3 from=org.apache.hadoop.hive.ql.Driver>
15/09/09 11:10:58 INFO log.PerfLogger: </PERFLOG method=Driver.execute start=1441815058205 end=1441815058208 duration=3 from=org.apache.hadoop.hive.ql.Driver>
OK
15/09/09 11:10:58 INFO ql.Driver: OK
15/09/09 11:10:58 INFO log.PerfLogger: <PERFLOG method=releaseLocks from=org.apache.hadoop.hive.ql.Driver>
15/09/09 11:10:58 INFO log.PerfLogger: </PERFLOG method=releaseLocks start=1441815058208 end=1441815058208 duration=0 from=org.apache.hadoop.hive.ql.Driver>
15/09/09 11:10:58 INFO log.PerfLogger: </PERFLOG method=Driver.run start=1441815058204 end=1441815058208 duration=4 from=org.apache.hadoop.hive.ql.Driver>
15/09/09 11:10:58 INFO metastore.HiveMetaStore: 0: Shutting down the object store...
15/09/09 11:10:58 INFO HiveMetaStore.audit: ugi=hpatel	ip=unknown-ip-addr	cmd=Shutting down the object store...	
15/09/09 11:10:58 INFO metastore.HiveMetaStore: 0: Metastore shutdown complete.
15/09/09 11:10:58 INFO HiveMetaStore.audit: ugi=hpatel	ip=unknown-ip-addr	cmd=Metastore shutdown complete.	
15/09/09 11:10:58 INFO hiverunner.HiveServerContainer: Tore down HiveServer instance
15/09/09 11:10:58 INFO metastore.HiveMetaStore: 0: Opening raw store with implemenation class:org.apache.hadoop.hive.metastore.ObjectStore
15/09/09 11:10:58 INFO metastore.ObjectStore: ObjectStore, initialize called
15/09/09 11:10:58 INFO DataNucleus.Persistence: Property datanucleus.cache.level2 unknown - will be ignored
15/09/09 11:10:58 INFO DataNucleus.Persistence: Property hive.metastore.integral.jdo.pushdown unknown - will be ignored
15/09/09 11:10:58 INFO metastore.ObjectStore: Setting MetaStore object pin classes with hive.metastore.cache.pinobjtypes="Table,StorageDescriptor,SerDeInfo,Partition,Database,Type,FieldSchema,Order"
15/09/09 11:10:58 INFO metastore.MetaStoreDirectSql: MySQL check failed, assuming we are not on mysql: unknown token: 
15/09/09 11:10:58 INFO DataNucleus.Datastore: The class "org.apache.hadoop.hive.metastore.model.MFieldSchema" is tagged as "embedded-only" so does not have its own datastore table.
15/09/09 11:10:58 INFO DataNucleus.Datastore: The class "org.apache.hadoop.hive.metastore.model.MOrder" is tagged as "embedded-only" so does not have its own datastore table.
15/09/09 11:10:58 INFO DataNucleus.Datastore: The class "org.apache.hadoop.hive.metastore.model.MFieldSchema" is tagged as "embedded-only" so does not have its own datastore table.
15/09/09 11:10:58 INFO DataNucleus.Datastore: The class "org.apache.hadoop.hive.metastore.model.MOrder" is tagged as "embedded-only" so does not have its own datastore table.
15/09/09 11:10:58 INFO metastore.ObjectStore: Initialized ObjectStore
15/09/09 11:10:58 INFO metastore.HiveMetaStore: No user is added in admin role, since config is empty
15/09/09 11:10:58 INFO metastore.HiveMetaStore: 0: Shutting down the object store...
15/09/09 11:10:58 INFO HiveMetaStore.audit: ugi=hpatel	ip=unknown-ip-addr	cmd=Shutting down the object store...	
15/09/09 11:10:58 INFO metastore.HiveMetaStore: 0: Metastore shutdown complete.
15/09/09 11:10:58 INFO HiveMetaStore.audit: ugi=hpatel	ip=unknown-ip-addr	cmd=Metastore shutdown complete.	
15/09/09 11:10:58 INFO metastore.HiveMetaStore: No user is added in admin role, since config is empty
15/09/09 11:10:58 INFO session.SessionState: No Tez session required at this point. hive.execution.engine=mr.
15/09/09 11:10:58 INFO service.HiveServer: Putting temp output to file /var/folders/y7/4_pz5fzx54ngcmghz3v6t3m00000gn/T/junit2448370296954205808/localscratchdir/4cc26b59-d68d-4d61-9d82-9311b9466c9f7744085710414140074.pipeout
15/09/09 11:10:58 INFO service.HiveServer: Running the query: SHOW TABLES
15/09/09 11:10:58 INFO log.PerfLogger: <PERFLOG method=Driver.run from=org.apache.hadoop.hive.ql.Driver>
15/09/09 11:10:58 INFO log.PerfLogger: <PERFLOG method=TimeToSubmit from=org.apache.hadoop.hive.ql.Driver>
15/09/09 11:10:58 INFO ql.Driver: Concurrency mode is disabled, not creating a lock manager
15/09/09 11:10:58 INFO log.PerfLogger: <PERFLOG method=compile from=org.apache.hadoop.hive.ql.Driver>
15/09/09 11:10:58 INFO log.PerfLogger: <PERFLOG method=parse from=org.apache.hadoop.hive.ql.Driver>
15/09/09 11:10:58 INFO parse.ParseDriver: Parsing command: SHOW TABLES
15/09/09 11:10:58 INFO parse.ParseDriver: Parse Completed
15/09/09 11:10:58 INFO log.PerfLogger: </PERFLOG method=parse start=1441815058416 end=1441815058416 duration=0 from=org.apache.hadoop.hive.ql.Driver>
15/09/09 11:10:58 INFO log.PerfLogger: <PERFLOG method=semanticAnalyze from=org.apache.hadoop.hive.ql.Driver>
15/09/09 11:10:58 INFO ql.Driver: Semantic Analysis Completed
15/09/09 11:10:58 INFO log.PerfLogger: </PERFLOG method=semanticAnalyze start=1441815058416 end=1441815058420 duration=4 from=org.apache.hadoop.hive.ql.Driver>
15/09/09 11:10:58 INFO exec.ListSinkOperator: Initializing Self 67 OP
15/09/09 11:10:58 INFO exec.ListSinkOperator: Operator 67 OP initialized
15/09/09 11:10:58 INFO exec.ListSinkOperator: Initialization Done 67 OP
15/09/09 11:10:58 INFO ql.Driver: Returning Hive schema: Schema(fieldSchemas:[FieldSchema(name:tab_name, type:string, comment:from deserializer)], properties:null)
15/09/09 11:10:58 INFO log.PerfLogger: </PERFLOG method=compile start=1441815058416 end=1441815058421 duration=5 from=org.apache.hadoop.hive.ql.Driver>
15/09/09 11:10:58 INFO log.PerfLogger: <PERFLOG method=Driver.execute from=org.apache.hadoop.hive.ql.Driver>
15/09/09 11:10:58 INFO ql.Driver: Starting command: SHOW TABLES
15/09/09 11:10:58 INFO log.PerfLogger: </PERFLOG method=TimeToSubmit start=1441815058416 end=1441815058421 duration=5 from=org.apache.hadoop.hive.ql.Driver>
15/09/09 11:10:58 INFO log.PerfLogger: <PERFLOG method=runTasks from=org.apache.hadoop.hive.ql.Driver>
15/09/09 11:10:58 INFO log.PerfLogger: <PERFLOG method=task.DDL.Stage-0 from=org.apache.hadoop.hive.ql.Driver>
15/09/09 11:10:58 INFO metastore.HiveMetaStore: 0: get_database: default
15/09/09 11:10:58 INFO HiveMetaStore.audit: ugi=hpatel	ip=unknown-ip-addr	cmd=get_database: default	
15/09/09 11:10:58 INFO metastore.HiveMetaStore: 0: Opening raw store with implemenation class:org.apache.hadoop.hive.metastore.ObjectStore
15/09/09 11:10:58 INFO metastore.ObjectStore: ObjectStore, initialize called
15/09/09 11:10:58 INFO metastore.MetaStoreDirectSql: MySQL check failed, assuming we are not on mysql: unknown token: 
15/09/09 11:10:58 INFO DataNucleus.Query: Reading in results for query "org.datanucleus.store.rdbms.query.SQLQuery@0" since the connection used is closing
15/09/09 11:10:58 INFO metastore.ObjectStore: Initialized ObjectStore
15/09/09 11:10:58 INFO metastore.HiveMetaStore: 0: get_tables: db=default pat=.*
15/09/09 11:10:58 INFO HiveMetaStore.audit: ugi=hpatel	ip=unknown-ip-addr	cmd=get_tables: db=default pat=.*	
15/09/09 11:10:58 INFO log.PerfLogger: </PERFLOG method=runTasks start=1441815058421 end=1441815058432 duration=11 from=org.apache.hadoop.hive.ql.Driver>
15/09/09 11:10:58 INFO log.PerfLogger: </PERFLOG method=Driver.execute start=1441815058421 end=1441815058433 duration=12 from=org.apache.hadoop.hive.ql.Driver>
OK
15/09/09 11:10:58 INFO ql.Driver: OK
15/09/09 11:10:58 INFO log.PerfLogger: <PERFLOG method=releaseLocks from=org.apache.hadoop.hive.ql.Driver>
15/09/09 11:10:58 INFO log.PerfLogger: </PERFLOG method=releaseLocks start=1441815058433 end=1441815058433 duration=0 from=org.apache.hadoop.hive.ql.Driver>
15/09/09 11:10:58 INFO log.PerfLogger: </PERFLOG method=Driver.run start=1441815058416 end=1441815058433 duration=17 from=org.apache.hadoop.hive.ql.Driver>
15/09/09 11:10:58 INFO builder.HiveShellTearable: Executing script: create table bar (i int);
15/09/09 11:10:58 INFO service.HiveServer: Running the query: create table bar (i int)
15/09/09 11:10:58 INFO exec.ListSinkOperator: 67 finished. closing... 
15/09/09 11:10:58 INFO exec.ListSinkOperator: 67 Close done
15/09/09 11:10:58 INFO log.PerfLogger: <PERFLOG method=Driver.run from=org.apache.hadoop.hive.ql.Driver>
15/09/09 11:10:58 INFO log.PerfLogger: <PERFLOG method=TimeToSubmit from=org.apache.hadoop.hive.ql.Driver>
15/09/09 11:10:58 INFO ql.Driver: Concurrency mode is disabled, not creating a lock manager
15/09/09 11:10:58 INFO log.PerfLogger: <PERFLOG method=compile from=org.apache.hadoop.hive.ql.Driver>
15/09/09 11:10:58 INFO log.PerfLogger: <PERFLOG method=parse from=org.apache.hadoop.hive.ql.Driver>
15/09/09 11:10:58 INFO parse.ParseDriver: Parsing command: create table bar (i int)
15/09/09 11:10:58 INFO parse.ParseDriver: Parse Completed
15/09/09 11:10:58 INFO log.PerfLogger: </PERFLOG method=parse start=1441815058434 end=1441815058434 duration=0 from=org.apache.hadoop.hive.ql.Driver>
15/09/09 11:10:58 INFO log.PerfLogger: <PERFLOG method=semanticAnalyze from=org.apache.hadoop.hive.ql.Driver>
15/09/09 11:10:58 INFO parse.SemanticAnalyzer: Starting Semantic Analysis
15/09/09 11:10:58 INFO parse.SemanticAnalyzer: Creating table bar position=13
15/09/09 11:10:58 INFO metastore.HiveMetaStore: 0: get_database: default
15/09/09 11:10:58 INFO HiveMetaStore.audit: ugi=hpatel	ip=unknown-ip-addr	cmd=get_database: default	
15/09/09 11:10:58 INFO ql.Driver: Semantic Analysis Completed
15/09/09 11:10:58 INFO log.PerfLogger: </PERFLOG method=semanticAnalyze start=1441815058434 end=1441815058436 duration=2 from=org.apache.hadoop.hive.ql.Driver>
15/09/09 11:10:58 INFO ql.Driver: Returning Hive schema: Schema(fieldSchemas:null, properties:null)
15/09/09 11:10:58 INFO log.PerfLogger: </PERFLOG method=compile start=1441815058434 end=1441815058436 duration=2 from=org.apache.hadoop.hive.ql.Driver>
15/09/09 11:10:58 INFO log.PerfLogger: <PERFLOG method=Driver.execute from=org.apache.hadoop.hive.ql.Driver>
15/09/09 11:10:58 INFO ql.Driver: Starting command: create table bar (i int)
15/09/09 11:10:58 INFO log.PerfLogger: </PERFLOG method=TimeToSubmit start=1441815058434 end=1441815058436 duration=2 from=org.apache.hadoop.hive.ql.Driver>
15/09/09 11:10:58 INFO log.PerfLogger: <PERFLOG method=runTasks from=org.apache.hadoop.hive.ql.Driver>
15/09/09 11:10:58 INFO log.PerfLogger: <PERFLOG method=task.DDL.Stage-0 from=org.apache.hadoop.hive.ql.Driver>
15/09/09 11:10:58 INFO metastore.HiveMetaStore: 0: create_table: Table(tableName:bar, dbName:default, owner:hpatel, createTime:1441815058, lastAccessTime:0, retention:0, sd:StorageDescriptor(cols:[FieldSchema(name:i, type:int, comment:null)], location:null, inputFormat:org.apache.hadoop.mapred.TextInputFormat, outputFormat:org.apache.hadoop.hive.ql.io.HiveIgnoreKeyTextOutputFormat, compressed:false, numBuckets:-1, serdeInfo:SerDeInfo(name:null, serializationLib:org.apache.hadoop.hive.serde2.lazy.LazySimpleSerDe, parameters:{serialization.format=1}), bucketCols:[], sortCols:[], parameters:{}, skewedInfo:SkewedInfo(skewedColNames:[], skewedColValues:[], skewedColValueLocationMaps:{}), storedAsSubDirectories:false), partitionKeys:[], parameters:{}, viewOriginalText:null, viewExpandedText:null, tableType:MANAGED_TABLE)
15/09/09 11:10:58 INFO HiveMetaStore.audit: ugi=hpatel	ip=unknown-ip-addr	cmd=create_table: Table(tableName:bar, dbName:default, owner:hpatel, createTime:1441815058, lastAccessTime:0, retention:0, sd:StorageDescriptor(cols:[FieldSchema(name:i, type:int, comment:null)], location:null, inputFormat:org.apache.hadoop.mapred.TextInputFormat, outputFormat:org.apache.hadoop.hive.ql.io.HiveIgnoreKeyTextOutputFormat, compressed:false, numBuckets:-1, serdeInfo:SerDeInfo(name:null, serializationLib:org.apache.hadoop.hive.serde2.lazy.LazySimpleSerDe, parameters:{serialization.format=1}), bucketCols:[], sortCols:[], parameters:{}, skewedInfo:SkewedInfo(skewedColNames:[], skewedColValues:[], skewedColValueLocationMaps:{}), storedAsSubDirectories:false), partitionKeys:[], parameters:{}, viewOriginalText:null, viewExpandedText:null, tableType:MANAGED_TABLE)	
15/09/09 11:10:58 INFO common.FileUtils: Creating directory if it doesn't exist: file:/var/folders/y7/4_pz5fzx54ngcmghz3v6t3m00000gn/T/junit2448370296954205808/warehouse/bar
15/09/09 11:10:58 INFO log.PerfLogger: </PERFLOG method=runTasks start=1441815058436 end=1441815058480 duration=44 from=org.apache.hadoop.hive.ql.Driver>
15/09/09 11:10:58 INFO log.PerfLogger: </PERFLOG method=Driver.execute start=1441815058436 end=1441815058480 duration=44 from=org.apache.hadoop.hive.ql.Driver>
OK
15/09/09 11:10:58 INFO ql.Driver: OK
15/09/09 11:10:58 INFO log.PerfLogger: <PERFLOG method=releaseLocks from=org.apache.hadoop.hive.ql.Driver>
15/09/09 11:10:58 INFO log.PerfLogger: </PERFLOG method=releaseLocks start=1441815058480 end=1441815058480 duration=0 from=org.apache.hadoop.hive.ql.Driver>
15/09/09 11:10:58 INFO log.PerfLogger: </PERFLOG method=Driver.run start=1441815058433 end=1441815058480 duration=47 from=org.apache.hadoop.hive.ql.Driver>
15/09/09 11:10:58 INFO builder.HiveShellTearable: Executing script: create table fox(id string);
15/09/09 11:10:58 INFO service.HiveServer: Running the query: create table fox(id string)
15/09/09 11:10:58 INFO log.PerfLogger: <PERFLOG method=Driver.run from=org.apache.hadoop.hive.ql.Driver>
15/09/09 11:10:58 INFO log.PerfLogger: <PERFLOG method=TimeToSubmit from=org.apache.hadoop.hive.ql.Driver>
15/09/09 11:10:58 INFO ql.Driver: Concurrency mode is disabled, not creating a lock manager
15/09/09 11:10:58 INFO log.PerfLogger: <PERFLOG method=compile from=org.apache.hadoop.hive.ql.Driver>
15/09/09 11:10:58 INFO log.PerfLogger: <PERFLOG method=parse from=org.apache.hadoop.hive.ql.Driver>
15/09/09 11:10:58 INFO parse.ParseDriver: Parsing command: create table fox(id string)
15/09/09 11:10:58 INFO parse.ParseDriver: Parse Completed
15/09/09 11:10:58 INFO log.PerfLogger: </PERFLOG method=parse start=1441815058481 end=1441815058481 duration=0 from=org.apache.hadoop.hive.ql.Driver>
15/09/09 11:10:58 INFO log.PerfLogger: <PERFLOG method=semanticAnalyze from=org.apache.hadoop.hive.ql.Driver>
15/09/09 11:10:58 INFO parse.SemanticAnalyzer: Starting Semantic Analysis
15/09/09 11:10:58 INFO parse.SemanticAnalyzer: Creating table fox position=13
15/09/09 11:10:58 INFO metastore.HiveMetaStore: 0: get_database: default
15/09/09 11:10:58 INFO HiveMetaStore.audit: ugi=hpatel	ip=unknown-ip-addr	cmd=get_database: default	
15/09/09 11:10:58 INFO ql.Driver: Semantic Analysis Completed
15/09/09 11:10:58 INFO log.PerfLogger: </PERFLOG method=semanticAnalyze start=1441815058481 end=1441815058483 duration=2 from=org.apache.hadoop.hive.ql.Driver>
15/09/09 11:10:58 INFO ql.Driver: Returning Hive schema: Schema(fieldSchemas:null, properties:null)
15/09/09 11:10:58 INFO log.PerfLogger: </PERFLOG method=compile start=1441815058480 end=1441815058483 duration=3 from=org.apache.hadoop.hive.ql.Driver>
15/09/09 11:10:58 INFO log.PerfLogger: <PERFLOG method=Driver.execute from=org.apache.hadoop.hive.ql.Driver>
15/09/09 11:10:58 INFO ql.Driver: Starting command: create table fox(id string)
15/09/09 11:10:58 INFO log.PerfLogger: </PERFLOG method=TimeToSubmit start=1441815058480 end=1441815058483 duration=3 from=org.apache.hadoop.hive.ql.Driver>
15/09/09 11:10:58 INFO log.PerfLogger: <PERFLOG method=runTasks from=org.apache.hadoop.hive.ql.Driver>
15/09/09 11:10:58 INFO log.PerfLogger: <PERFLOG method=task.DDL.Stage-0 from=org.apache.hadoop.hive.ql.Driver>
15/09/09 11:10:58 INFO metastore.HiveMetaStore: 0: create_table: Table(tableName:fox, dbName:default, owner:hpatel, createTime:1441815058, lastAccessTime:0, retention:0, sd:StorageDescriptor(cols:[FieldSchema(name:id, type:string, comment:null)], location:null, inputFormat:org.apache.hadoop.mapred.TextInputFormat, outputFormat:org.apache.hadoop.hive.ql.io.HiveIgnoreKeyTextOutputFormat, compressed:false, numBuckets:-1, serdeInfo:SerDeInfo(name:null, serializationLib:org.apache.hadoop.hive.serde2.lazy.LazySimpleSerDe, parameters:{serialization.format=1}), bucketCols:[], sortCols:[], parameters:{}, skewedInfo:SkewedInfo(skewedColNames:[], skewedColValues:[], skewedColValueLocationMaps:{}), storedAsSubDirectories:false), partitionKeys:[], parameters:{}, viewOriginalText:null, viewExpandedText:null, tableType:MANAGED_TABLE)
15/09/09 11:10:58 INFO HiveMetaStore.audit: ugi=hpatel	ip=unknown-ip-addr	cmd=create_table: Table(tableName:fox, dbName:default, owner:hpatel, createTime:1441815058, lastAccessTime:0, retention:0, sd:StorageDescriptor(cols:[FieldSchema(name:id, type:string, comment:null)], location:null, inputFormat:org.apache.hadoop.mapred.TextInputFormat, outputFormat:org.apache.hadoop.hive.ql.io.HiveIgnoreKeyTextOutputFormat, compressed:false, numBuckets:-1, serdeInfo:SerDeInfo(name:null, serializationLib:org.apache.hadoop.hive.serde2.lazy.LazySimpleSerDe, parameters:{serialization.format=1}), bucketCols:[], sortCols:[], parameters:{}, skewedInfo:SkewedInfo(skewedColNames:[], skewedColValues:[], skewedColValueLocationMaps:{}), storedAsSubDirectories:false), partitionKeys:[], parameters:{}, viewOriginalText:null, viewExpandedText:null, tableType:MANAGED_TABLE)	
15/09/09 11:10:58 INFO common.FileUtils: Creating directory if it doesn't exist: file:/var/folders/y7/4_pz5fzx54ngcmghz3v6t3m00000gn/T/junit2448370296954205808/warehouse/fox
15/09/09 11:10:58 INFO log.PerfLogger: </PERFLOG method=runTasks start=1441815058483 end=1441815058504 duration=21 from=org.apache.hadoop.hive.ql.Driver>
15/09/09 11:10:58 INFO log.PerfLogger: </PERFLOG method=Driver.execute start=1441815058483 end=1441815058505 duration=22 from=org.apache.hadoop.hive.ql.Driver>
OK
15/09/09 11:10:58 INFO ql.Driver: OK
15/09/09 11:10:58 INFO log.PerfLogger: <PERFLOG method=releaseLocks from=org.apache.hadoop.hive.ql.Driver>
15/09/09 11:10:58 INFO log.PerfLogger: </PERFLOG method=releaseLocks start=1441815058505 end=1441815058505 duration=0 from=org.apache.hadoop.hive.ql.Driver>
15/09/09 11:10:58 INFO log.PerfLogger: </PERFLOG method=Driver.run start=1441815058480 end=1441815058505 duration=25 from=org.apache.hadoop.hive.ql.Driver>
15/09/09 11:10:58 INFO builder.HiveShellTearable: Executing script: create table love(id string);
15/09/09 11:10:58 INFO service.HiveServer: Running the query: create table love(id string)
15/09/09 11:10:58 INFO log.PerfLogger: <PERFLOG method=Driver.run from=org.apache.hadoop.hive.ql.Driver>
15/09/09 11:10:58 INFO log.PerfLogger: <PERFLOG method=TimeToSubmit from=org.apache.hadoop.hive.ql.Driver>
15/09/09 11:10:58 INFO ql.Driver: Concurrency mode is disabled, not creating a lock manager
15/09/09 11:10:58 INFO log.PerfLogger: <PERFLOG method=compile from=org.apache.hadoop.hive.ql.Driver>
15/09/09 11:10:58 INFO log.PerfLogger: <PERFLOG method=parse from=org.apache.hadoop.hive.ql.Driver>
15/09/09 11:10:58 INFO parse.ParseDriver: Parsing command: create table love(id string)
15/09/09 11:10:58 INFO parse.ParseDriver: Parse Completed
15/09/09 11:10:58 INFO log.PerfLogger: </PERFLOG method=parse start=1441815058505 end=1441815058505 duration=0 from=org.apache.hadoop.hive.ql.Driver>
15/09/09 11:10:58 INFO log.PerfLogger: <PERFLOG method=semanticAnalyze from=org.apache.hadoop.hive.ql.Driver>
15/09/09 11:10:58 INFO parse.SemanticAnalyzer: Starting Semantic Analysis
15/09/09 11:10:58 INFO parse.SemanticAnalyzer: Creating table love position=13
15/09/09 11:10:58 INFO metastore.HiveMetaStore: 0: get_database: default
15/09/09 11:10:58 INFO HiveMetaStore.audit: ugi=hpatel	ip=unknown-ip-addr	cmd=get_database: default	
15/09/09 11:10:58 INFO ql.Driver: Semantic Analysis Completed
15/09/09 11:10:58 INFO log.PerfLogger: </PERFLOG method=semanticAnalyze start=1441815058506 end=1441815058507 duration=1 from=org.apache.hadoop.hive.ql.Driver>
15/09/09 11:10:58 INFO ql.Driver: Returning Hive schema: Schema(fieldSchemas:null, properties:null)
15/09/09 11:10:58 INFO log.PerfLogger: </PERFLOG method=compile start=1441815058505 end=1441815058507 duration=2 from=org.apache.hadoop.hive.ql.Driver>
15/09/09 11:10:58 INFO log.PerfLogger: <PERFLOG method=Driver.execute from=org.apache.hadoop.hive.ql.Driver>
15/09/09 11:10:58 INFO ql.Driver: Starting command: create table love(id string)
15/09/09 11:10:58 INFO log.PerfLogger: </PERFLOG method=TimeToSubmit start=1441815058505 end=1441815058508 duration=3 from=org.apache.hadoop.hive.ql.Driver>
15/09/09 11:10:58 INFO log.PerfLogger: <PERFLOG method=runTasks from=org.apache.hadoop.hive.ql.Driver>
15/09/09 11:10:58 INFO log.PerfLogger: <PERFLOG method=task.DDL.Stage-0 from=org.apache.hadoop.hive.ql.Driver>
15/09/09 11:10:58 INFO metastore.HiveMetaStore: 0: create_table: Table(tableName:love, dbName:default, owner:hpatel, createTime:1441815058, lastAccessTime:0, retention:0, sd:StorageDescriptor(cols:[FieldSchema(name:id, type:string, comment:null)], location:null, inputFormat:org.apache.hadoop.mapred.TextInputFormat, outputFormat:org.apache.hadoop.hive.ql.io.HiveIgnoreKeyTextOutputFormat, compressed:false, numBuckets:-1, serdeInfo:SerDeInfo(name:null, serializationLib:org.apache.hadoop.hive.serde2.lazy.LazySimpleSerDe, parameters:{serialization.format=1}), bucketCols:[], sortCols:[], parameters:{}, skewedInfo:SkewedInfo(skewedColNames:[], skewedColValues:[], skewedColValueLocationMaps:{}), storedAsSubDirectories:false), partitionKeys:[], parameters:{}, viewOriginalText:null, viewExpandedText:null, tableType:MANAGED_TABLE)
15/09/09 11:10:58 INFO HiveMetaStore.audit: ugi=hpatel	ip=unknown-ip-addr	cmd=create_table: Table(tableName:love, dbName:default, owner:hpatel, createTime:1441815058, lastAccessTime:0, retention:0, sd:StorageDescriptor(cols:[FieldSchema(name:id, type:string, comment:null)], location:null, inputFormat:org.apache.hadoop.mapred.TextInputFormat, outputFormat:org.apache.hadoop.hive.ql.io.HiveIgnoreKeyTextOutputFormat, compressed:false, numBuckets:-1, serdeInfo:SerDeInfo(name:null, serializationLib:org.apache.hadoop.hive.serde2.lazy.LazySimpleSerDe, parameters:{serialization.format=1}), bucketCols:[], sortCols:[], parameters:{}, skewedInfo:SkewedInfo(skewedColNames:[], skewedColValues:[], skewedColValueLocationMaps:{}), storedAsSubDirectories:false), partitionKeys:[], parameters:{}, viewOriginalText:null, viewExpandedText:null, tableType:MANAGED_TABLE)	
15/09/09 11:10:58 INFO common.FileUtils: Creating directory if it doesn't exist: file:/var/folders/y7/4_pz5fzx54ngcmghz3v6t3m00000gn/T/junit2448370296954205808/warehouse/love
15/09/09 11:10:58 INFO log.PerfLogger: </PERFLOG method=runTasks start=1441815058508 end=1441815058528 duration=20 from=org.apache.hadoop.hive.ql.Driver>
15/09/09 11:10:58 INFO log.PerfLogger: </PERFLOG method=Driver.execute start=1441815058507 end=1441815058528 duration=21 from=org.apache.hadoop.hive.ql.Driver>
OK
15/09/09 11:10:58 INFO ql.Driver: OK
15/09/09 11:10:58 INFO log.PerfLogger: <PERFLOG method=releaseLocks from=org.apache.hadoop.hive.ql.Driver>
15/09/09 11:10:58 INFO log.PerfLogger: </PERFLOG method=releaseLocks start=1441815058528 end=1441815058528 duration=0 from=org.apache.hadoop.hive.ql.Driver>
15/09/09 11:10:58 INFO log.PerfLogger: </PERFLOG method=Driver.run start=1441815058505 end=1441815058528 duration=23 from=org.apache.hadoop.hive.ql.Driver>
15/09/09 11:10:58 INFO builder.HiveShellTearable: Created hive resource /var/folders/y7/4_pz5fzx54ngcmghz3v6t3m00000gn/T/junit2448370296954205808/vs/foo/fromFile.csv
15/09/09 11:10:58 INFO builder.HiveShellTearable: Created hive resource /var/folders/y7/4_pz5fzx54ngcmghz3v6t3m00000gn/T/junit2448370296954205808/vs/foo/fromPath.csv
15/09/09 11:10:58 INFO builder.HiveShellTearable: Created hive resource /var/folders/y7/4_pz5fzx54ngcmghz3v6t3m00000gn/T/junit2448370296954205808/vs/foo/fromString.csv
15/09/09 11:10:58 INFO service.HiveServer: Running the query: CREATE EXTERNAL TABLE foo (s1 int, s2 string)
  ROW FORMAT DELIMITED FIELDS TERMINATED BY ','
  STORED AS TEXTFILE
  LOCATION '${hiveconf:hive.vs.uri}/foo/'
15/09/09 11:10:58 INFO log.PerfLogger: <PERFLOG method=Driver.run from=org.apache.hadoop.hive.ql.Driver>
15/09/09 11:10:58 INFO log.PerfLogger: <PERFLOG method=TimeToSubmit from=org.apache.hadoop.hive.ql.Driver>
15/09/09 11:10:58 INFO ql.Driver: Concurrency mode is disabled, not creating a lock manager
15/09/09 11:10:58 INFO log.PerfLogger: <PERFLOG method=compile from=org.apache.hadoop.hive.ql.Driver>
15/09/09 11:10:58 INFO log.PerfLogger: <PERFLOG method=parse from=org.apache.hadoop.hive.ql.Driver>
15/09/09 11:10:58 INFO parse.ParseDriver: Parsing command: CREATE EXTERNAL TABLE foo (s1 int, s2 string)
  ROW FORMAT DELIMITED FIELDS TERMINATED BY ','
  STORED AS TEXTFILE
  LOCATION 'file:///var/folders/y7/4_pz5fzx54ngcmghz3v6t3m00000gn/T/junit2448370296954205808/vs//foo/'
15/09/09 11:10:58 INFO parse.ParseDriver: Parse Completed
15/09/09 11:10:58 INFO log.PerfLogger: </PERFLOG method=parse start=1441815058530 end=1441815058531 duration=1 from=org.apache.hadoop.hive.ql.Driver>
15/09/09 11:10:58 INFO log.PerfLogger: <PERFLOG method=semanticAnalyze from=org.apache.hadoop.hive.ql.Driver>
15/09/09 11:10:58 INFO parse.SemanticAnalyzer: Starting Semantic Analysis
15/09/09 11:10:58 INFO parse.SemanticAnalyzer: Creating table foo position=22
15/09/09 11:10:58 INFO metastore.HiveMetaStore: 0: get_database: default
15/09/09 11:10:58 INFO HiveMetaStore.audit: ugi=hpatel	ip=unknown-ip-addr	cmd=get_database: default	
15/09/09 11:10:58 INFO ql.Driver: Semantic Analysis Completed
15/09/09 11:10:58 INFO log.PerfLogger: </PERFLOG method=semanticAnalyze start=1441815058531 end=1441815058533 duration=2 from=org.apache.hadoop.hive.ql.Driver>
15/09/09 11:10:58 INFO ql.Driver: Returning Hive schema: Schema(fieldSchemas:null, properties:null)
15/09/09 11:10:58 INFO log.PerfLogger: </PERFLOG method=compile start=1441815058530 end=1441815058534 duration=4 from=org.apache.hadoop.hive.ql.Driver>
15/09/09 11:10:58 INFO log.PerfLogger: <PERFLOG method=Driver.execute from=org.apache.hadoop.hive.ql.Driver>
15/09/09 11:10:58 INFO ql.Driver: Starting command: CREATE EXTERNAL TABLE foo (s1 int, s2 string)
  ROW FORMAT DELIMITED FIELDS TERMINATED BY ','
  STORED AS TEXTFILE
  LOCATION 'file:///var/folders/y7/4_pz5fzx54ngcmghz3v6t3m00000gn/T/junit2448370296954205808/vs//foo/'
15/09/09 11:10:58 INFO log.PerfLogger: </PERFLOG method=TimeToSubmit start=1441815058530 end=1441815058534 duration=4 from=org.apache.hadoop.hive.ql.Driver>
15/09/09 11:10:58 INFO log.PerfLogger: <PERFLOG method=runTasks from=org.apache.hadoop.hive.ql.Driver>
15/09/09 11:10:58 INFO log.PerfLogger: <PERFLOG method=task.DDL.Stage-0 from=org.apache.hadoop.hive.ql.Driver>
15/09/09 11:10:58 INFO metastore.HiveMetaStore: 0: create_table: Table(tableName:foo, dbName:default, owner:hpatel, createTime:1441815058, lastAccessTime:0, retention:0, sd:StorageDescriptor(cols:[FieldSchema(name:s1, type:int, comment:null), FieldSchema(name:s2, type:string, comment:null)], location:file:/var/folders/y7/4_pz5fzx54ngcmghz3v6t3m00000gn/T/junit2448370296954205808/vs/foo, inputFormat:org.apache.hadoop.mapred.TextInputFormat, outputFormat:org.apache.hadoop.hive.ql.io.HiveIgnoreKeyTextOutputFormat, compressed:false, numBuckets:-1, serdeInfo:SerDeInfo(name:null, serializationLib:org.apache.hadoop.hive.serde2.lazy.LazySimpleSerDe, parameters:{serialization.format=,, field.delim=,}), bucketCols:[], sortCols:[], parameters:{}, skewedInfo:SkewedInfo(skewedColNames:[], skewedColValues:[], skewedColValueLocationMaps:{}), storedAsSubDirectories:false), partitionKeys:[], parameters:{EXTERNAL=TRUE}, viewOriginalText:null, viewExpandedText:null, tableType:EXTERNAL_TABLE)
15/09/09 11:10:58 INFO HiveMetaStore.audit: ugi=hpatel	ip=unknown-ip-addr	cmd=create_table: Table(tableName:foo, dbName:default, owner:hpatel, createTime:1441815058, lastAccessTime:0, retention:0, sd:StorageDescriptor(cols:[FieldSchema(name:s1, type:int, comment:null), FieldSchema(name:s2, type:string, comment:null)], location:file:/var/folders/y7/4_pz5fzx54ngcmghz3v6t3m00000gn/T/junit2448370296954205808/vs/foo, inputFormat:org.apache.hadoop.mapred.TextInputFormat, outputFormat:org.apache.hadoop.hive.ql.io.HiveIgnoreKeyTextOutputFormat, compressed:false, numBuckets:-1, serdeInfo:SerDeInfo(name:null, serializationLib:org.apache.hadoop.hive.serde2.lazy.LazySimpleSerDe, parameters:{serialization.format=,, field.delim=,}), bucketCols:[], sortCols:[], parameters:{}, skewedInfo:SkewedInfo(skewedColNames:[], skewedColValues:[], skewedColValueLocationMaps:{}), storedAsSubDirectories:false), partitionKeys:[], parameters:{EXTERNAL=TRUE}, viewOriginalText:null, viewExpandedText:null, tableType:EXTERNAL_TABLE)	
15/09/09 11:10:58 INFO log.PerfLogger: </PERFLOG method=runTasks start=1441815058534 end=1441815058541 duration=7 from=org.apache.hadoop.hive.ql.Driver>
15/09/09 11:10:58 INFO log.PerfLogger: </PERFLOG method=Driver.execute start=1441815058534 end=1441815058541 duration=7 from=org.apache.hadoop.hive.ql.Driver>
OK
15/09/09 11:10:58 INFO ql.Driver: OK
15/09/09 11:10:58 INFO log.PerfLogger: <PERFLOG method=releaseLocks from=org.apache.hadoop.hive.ql.Driver>
15/09/09 11:10:58 INFO log.PerfLogger: </PERFLOG method=releaseLocks start=1441815058541 end=1441815058541 duration=0 from=org.apache.hadoop.hive.ql.Driver>
15/09/09 11:10:58 INFO log.PerfLogger: </PERFLOG method=Driver.run start=1441815058530 end=1441815058541 duration=11 from=org.apache.hadoop.hive.ql.Driver>
15/09/09 11:10:58 INFO service.HiveServer: Running the query: select * from foo
15/09/09 11:10:58 INFO log.PerfLogger: <PERFLOG method=Driver.run from=org.apache.hadoop.hive.ql.Driver>
15/09/09 11:10:58 INFO log.PerfLogger: <PERFLOG method=TimeToSubmit from=org.apache.hadoop.hive.ql.Driver>
15/09/09 11:10:58 INFO ql.Driver: Concurrency mode is disabled, not creating a lock manager
15/09/09 11:10:58 INFO log.PerfLogger: <PERFLOG method=compile from=org.apache.hadoop.hive.ql.Driver>
15/09/09 11:10:58 INFO log.PerfLogger: <PERFLOG method=parse from=org.apache.hadoop.hive.ql.Driver>
15/09/09 11:10:58 INFO parse.ParseDriver: Parsing command: select * from foo
15/09/09 11:10:58 INFO parse.ParseDriver: Parse Completed
15/09/09 11:10:58 INFO log.PerfLogger: </PERFLOG method=parse start=1441815058542 end=1441815058542 duration=0 from=org.apache.hadoop.hive.ql.Driver>
15/09/09 11:10:58 INFO log.PerfLogger: <PERFLOG method=semanticAnalyze from=org.apache.hadoop.hive.ql.Driver>
15/09/09 11:10:58 INFO parse.SemanticAnalyzer: Starting Semantic Analysis
15/09/09 11:10:58 INFO parse.SemanticAnalyzer: Completed phase 1 of Semantic Analysis
15/09/09 11:10:58 INFO parse.SemanticAnalyzer: Get metadata for source tables
15/09/09 11:10:58 INFO metastore.HiveMetaStore: 0: get_table : db=default tbl=foo
15/09/09 11:10:58 INFO HiveMetaStore.audit: ugi=hpatel	ip=unknown-ip-addr	cmd=get_table : db=default tbl=foo	
15/09/09 11:10:58 INFO parse.SemanticAnalyzer: Get metadata for subqueries
15/09/09 11:10:58 INFO parse.SemanticAnalyzer: Get metadata for destination tables
15/09/09 11:10:58 INFO ql.Context: New scratch dir is file:/var/folders/y7/4_pz5fzx54ngcmghz3v6t3m00000gn/T/junit2448370296954205808/scratchdir/hive_2015-09-09_11-10-58_542_2109814412049028437-1
15/09/09 11:10:58 INFO parse.SemanticAnalyzer: Completed getting MetaData in Semantic Analysis
15/09/09 11:10:58 INFO common.FileUtils: Creating directory if it doesn't exist: file:/var/folders/y7/4_pz5fzx54ngcmghz3v6t3m00000gn/T/junit2448370296954205808/scratchdir/hive_2015-09-09_11-10-58_542_2109814412049028437-1/-mr-10000/.hive-staging_hive_2015-09-09_11-10-58_542_2109814412049028437-1
15/09/09 11:10:58 INFO parse.SemanticAnalyzer: Set stats collection dir : file:/var/folders/y7/4_pz5fzx54ngcmghz3v6t3m00000gn/T/junit2448370296954205808/scratchdir/hive_2015-09-09_11-10-58_542_2109814412049028437-1/-mr-10000/.hive-staging_hive_2015-09-09_11-10-58_542_2109814412049028437-1/-ext-10002
15/09/09 11:10:58 INFO ppd.OpProcFactory: Processing for FS(70)
15/09/09 11:10:58 INFO ppd.OpProcFactory: Processing for SEL(69)
15/09/09 11:10:58 INFO ppd.OpProcFactory: Processing for TS(68)
15/09/09 11:10:58 INFO parse.SemanticAnalyzer: Completed plan generation
15/09/09 11:10:58 INFO ql.Driver: Semantic Analysis Completed
15/09/09 11:10:58 INFO log.PerfLogger: </PERFLOG method=semanticAnalyze start=1441815058542 end=1441815058585 duration=43 from=org.apache.hadoop.hive.ql.Driver>
15/09/09 11:10:58 INFO exec.TableScanOperator: Initializing Self 68 TS
15/09/09 11:10:58 INFO exec.TableScanOperator: Operator 68 TS initialized
15/09/09 11:10:58 INFO exec.TableScanOperator: Initializing children of 68 TS
15/09/09 11:10:58 INFO exec.SelectOperator: Initializing child 69 SEL
15/09/09 11:10:58 INFO exec.SelectOperator: Initializing Self 69 SEL
15/09/09 11:10:58 INFO exec.SelectOperator: SELECT struct<s1:int,s2:string>
15/09/09 11:10:58 INFO exec.SelectOperator: Operator 69 SEL initialized
15/09/09 11:10:58 INFO exec.SelectOperator: Initializing children of 69 SEL
15/09/09 11:10:58 INFO exec.ListSinkOperator: Initializing child 71 OP
15/09/09 11:10:58 INFO exec.ListSinkOperator: Initializing Self 71 OP
15/09/09 11:10:58 INFO exec.ListSinkOperator: Operator 71 OP initialized
15/09/09 11:10:58 INFO exec.ListSinkOperator: Initialization Done 71 OP
15/09/09 11:10:58 INFO exec.SelectOperator: Initialization Done 69 SEL
15/09/09 11:10:58 INFO exec.TableScanOperator: Initialization Done 68 TS
15/09/09 11:10:58 INFO ql.Driver: Returning Hive schema: Schema(fieldSchemas:[FieldSchema(name:foo.s1, type:int, comment:null), FieldSchema(name:foo.s2, type:string, comment:null)], properties:null)
15/09/09 11:10:58 INFO log.PerfLogger: </PERFLOG method=compile start=1441815058541 end=1441815058586 duration=45 from=org.apache.hadoop.hive.ql.Driver>
15/09/09 11:10:58 INFO log.PerfLogger: <PERFLOG method=Driver.execute from=org.apache.hadoop.hive.ql.Driver>
15/09/09 11:10:58 INFO ql.Driver: Starting command: select * from foo
15/09/09 11:10:58 INFO log.PerfLogger: </PERFLOG method=TimeToSubmit start=1441815058541 end=1441815058586 duration=45 from=org.apache.hadoop.hive.ql.Driver>
15/09/09 11:10:58 INFO log.PerfLogger: <PERFLOG method=runTasks from=org.apache.hadoop.hive.ql.Driver>
15/09/09 11:10:58 INFO log.PerfLogger: </PERFLOG method=runTasks start=1441815058586 end=1441815058586 duration=0 from=org.apache.hadoop.hive.ql.Driver>
15/09/09 11:10:58 INFO log.PerfLogger: </PERFLOG method=Driver.execute start=1441815058586 end=1441815058586 duration=0 from=org.apache.hadoop.hive.ql.Driver>
OK
15/09/09 11:10:58 INFO ql.Driver: OK
15/09/09 11:10:58 INFO log.PerfLogger: <PERFLOG method=releaseLocks from=org.apache.hadoop.hive.ql.Driver>
15/09/09 11:10:58 INFO log.PerfLogger: </PERFLOG method=releaseLocks start=1441815058586 end=1441815058586 duration=0 from=org.apache.hadoop.hive.ql.Driver>
15/09/09 11:10:58 INFO log.PerfLogger: </PERFLOG method=Driver.run start=1441815058541 end=1441815058586 duration=45 from=org.apache.hadoop.hive.ql.Driver>
15/09/09 11:10:58 INFO mapred.FileInputFormat: Total input paths to process : 3
15/09/09 11:10:58 INFO service.HiveServer: Running the query: USE default
15/09/09 11:10:58 INFO exec.TableScanOperator: 68 finished. closing... 
15/09/09 11:10:58 INFO exec.SelectOperator: 69 finished. closing... 
15/09/09 11:10:58 INFO exec.ListSinkOperator: 71 finished. closing... 
15/09/09 11:10:58 INFO exec.ListSinkOperator: 71 Close done
15/09/09 11:10:58 INFO exec.SelectOperator: 69 Close done
15/09/09 11:10:58 INFO exec.TableScanOperator: 68 Close done
15/09/09 11:10:58 INFO log.PerfLogger: <PERFLOG method=Driver.run from=org.apache.hadoop.hive.ql.Driver>
15/09/09 11:10:58 INFO log.PerfLogger: <PERFLOG method=TimeToSubmit from=org.apache.hadoop.hive.ql.Driver>
15/09/09 11:10:58 INFO ql.Driver: Concurrency mode is disabled, not creating a lock manager
15/09/09 11:10:58 INFO log.PerfLogger: <PERFLOG method=compile from=org.apache.hadoop.hive.ql.Driver>
15/09/09 11:10:58 INFO log.PerfLogger: <PERFLOG method=parse from=org.apache.hadoop.hive.ql.Driver>
15/09/09 11:10:58 INFO parse.ParseDriver: Parsing command: USE default
15/09/09 11:10:58 INFO parse.ParseDriver: Parse Completed
15/09/09 11:10:58 INFO log.PerfLogger: </PERFLOG method=parse start=1441815058590 end=1441815058590 duration=0 from=org.apache.hadoop.hive.ql.Driver>
15/09/09 11:10:58 INFO log.PerfLogger: <PERFLOG method=semanticAnalyze from=org.apache.hadoop.hive.ql.Driver>
15/09/09 11:10:58 INFO ql.Driver: Semantic Analysis Completed
15/09/09 11:10:58 INFO log.PerfLogger: </PERFLOG method=semanticAnalyze start=1441815058590 end=1441815058590 duration=0 from=org.apache.hadoop.hive.ql.Driver>
15/09/09 11:10:58 INFO ql.Driver: Returning Hive schema: Schema(fieldSchemas:null, properties:null)
15/09/09 11:10:58 INFO log.PerfLogger: </PERFLOG method=compile start=1441815058590 end=1441815058591 duration=1 from=org.apache.hadoop.hive.ql.Driver>
15/09/09 11:10:58 INFO log.PerfLogger: <PERFLOG method=Driver.execute from=org.apache.hadoop.hive.ql.Driver>
15/09/09 11:10:58 INFO ql.Driver: Starting command: USE default
15/09/09 11:10:58 INFO log.PerfLogger: </PERFLOG method=TimeToSubmit start=1441815058590 end=1441815058591 duration=1 from=org.apache.hadoop.hive.ql.Driver>
15/09/09 11:10:58 INFO log.PerfLogger: <PERFLOG method=runTasks from=org.apache.hadoop.hive.ql.Driver>
15/09/09 11:10:58 INFO log.PerfLogger: <PERFLOG method=task.DDL.Stage-0 from=org.apache.hadoop.hive.ql.Driver>
15/09/09 11:10:58 INFO metastore.HiveMetaStore: 0: get_database: default
15/09/09 11:10:58 INFO HiveMetaStore.audit: ugi=hpatel	ip=unknown-ip-addr	cmd=get_database: default	
15/09/09 11:10:58 INFO metastore.HiveMetaStore: 0: get_database: default
15/09/09 11:10:58 INFO HiveMetaStore.audit: ugi=hpatel	ip=unknown-ip-addr	cmd=get_database: default	
15/09/09 11:10:58 INFO log.PerfLogger: </PERFLOG method=runTasks start=1441815058591 end=1441815058594 duration=3 from=org.apache.hadoop.hive.ql.Driver>
15/09/09 11:10:58 INFO log.PerfLogger: </PERFLOG method=Driver.execute start=1441815058591 end=1441815058594 duration=3 from=org.apache.hadoop.hive.ql.Driver>
OK
15/09/09 11:10:58 INFO ql.Driver: OK
15/09/09 11:10:58 INFO log.PerfLogger: <PERFLOG method=releaseLocks from=org.apache.hadoop.hive.ql.Driver>
15/09/09 11:10:58 INFO log.PerfLogger: </PERFLOG method=releaseLocks start=1441815058594 end=1441815058594 duration=0 from=org.apache.hadoop.hive.ql.Driver>
15/09/09 11:10:58 INFO log.PerfLogger: </PERFLOG method=Driver.run start=1441815058590 end=1441815058594 duration=4 from=org.apache.hadoop.hive.ql.Driver>
15/09/09 11:10:58 INFO metastore.HiveMetaStore: 0: Shutting down the object store...
15/09/09 11:10:58 INFO HiveMetaStore.audit: ugi=hpatel	ip=unknown-ip-addr	cmd=Shutting down the object store...	
15/09/09 11:10:58 INFO metastore.HiveMetaStore: 0: Metastore shutdown complete.
15/09/09 11:10:58 INFO HiveMetaStore.audit: ugi=hpatel	ip=unknown-ip-addr	cmd=Metastore shutdown complete.	
15/09/09 11:10:58 INFO hiverunner.HiveServerContainer: Tore down HiveServer instance
15/09/09 11:10:58 INFO metastore.HiveMetaStore: 0: Opening raw store with implemenation class:org.apache.hadoop.hive.metastore.ObjectStore
15/09/09 11:10:58 INFO metastore.ObjectStore: ObjectStore, initialize called
15/09/09 11:10:58 INFO DataNucleus.Persistence: Property datanucleus.cache.level2 unknown - will be ignored
15/09/09 11:10:58 INFO DataNucleus.Persistence: Property hive.metastore.integral.jdo.pushdown unknown - will be ignored
15/09/09 11:10:58 INFO metastore.ObjectStore: Setting MetaStore object pin classes with hive.metastore.cache.pinobjtypes="Table,StorageDescriptor,SerDeInfo,Partition,Database,Type,FieldSchema,Order"
15/09/09 11:10:58 INFO metastore.MetaStoreDirectSql: MySQL check failed, assuming we are not on mysql: unknown token: 
15/09/09 11:10:58 INFO DataNucleus.Datastore: The class "org.apache.hadoop.hive.metastore.model.MFieldSchema" is tagged as "embedded-only" so does not have its own datastore table.
15/09/09 11:10:58 INFO DataNucleus.Datastore: The class "org.apache.hadoop.hive.metastore.model.MOrder" is tagged as "embedded-only" so does not have its own datastore table.
15/09/09 11:10:58 INFO DataNucleus.Datastore: The class "org.apache.hadoop.hive.metastore.model.MFieldSchema" is tagged as "embedded-only" so does not have its own datastore table.
15/09/09 11:10:58 INFO DataNucleus.Datastore: The class "org.apache.hadoop.hive.metastore.model.MOrder" is tagged as "embedded-only" so does not have its own datastore table.
15/09/09 11:10:58 INFO metastore.ObjectStore: Initialized ObjectStore
15/09/09 11:10:58 INFO metastore.HiveMetaStore: No user is added in admin role, since config is empty
15/09/09 11:10:58 INFO metastore.HiveMetaStore: 0: Shutting down the object store...
15/09/09 11:10:58 INFO HiveMetaStore.audit: ugi=hpatel	ip=unknown-ip-addr	cmd=Shutting down the object store...	
15/09/09 11:10:58 INFO metastore.HiveMetaStore: 0: Metastore shutdown complete.
15/09/09 11:10:58 INFO HiveMetaStore.audit: ugi=hpatel	ip=unknown-ip-addr	cmd=Metastore shutdown complete.	
15/09/09 11:10:58 INFO metastore.HiveMetaStore: No user is added in admin role, since config is empty
15/09/09 11:10:58 INFO session.SessionState: No Tez session required at this point. hive.execution.engine=mr.
15/09/09 11:10:58 INFO service.HiveServer: Putting temp output to file /var/folders/y7/4_pz5fzx54ngcmghz3v6t3m00000gn/T/junit9053886100644133941/localscratchdir/2dc91837-3352-4f1f-a654-e6615634beef4653805547685253932.pipeout
15/09/09 11:10:58 INFO service.HiveServer: Running the query: SHOW TABLES
15/09/09 11:10:58 INFO log.PerfLogger: <PERFLOG method=Driver.run from=org.apache.hadoop.hive.ql.Driver>
15/09/09 11:10:58 INFO log.PerfLogger: <PERFLOG method=TimeToSubmit from=org.apache.hadoop.hive.ql.Driver>
15/09/09 11:10:58 INFO ql.Driver: Concurrency mode is disabled, not creating a lock manager
15/09/09 11:10:58 INFO log.PerfLogger: <PERFLOG method=compile from=org.apache.hadoop.hive.ql.Driver>
15/09/09 11:10:58 INFO log.PerfLogger: <PERFLOG method=parse from=org.apache.hadoop.hive.ql.Driver>
15/09/09 11:10:58 INFO parse.ParseDriver: Parsing command: SHOW TABLES
15/09/09 11:10:58 INFO parse.ParseDriver: Parse Completed
15/09/09 11:10:58 INFO log.PerfLogger: </PERFLOG method=parse start=1441815058805 end=1441815058805 duration=0 from=org.apache.hadoop.hive.ql.Driver>
15/09/09 11:10:58 INFO log.PerfLogger: <PERFLOG method=semanticAnalyze from=org.apache.hadoop.hive.ql.Driver>
15/09/09 11:10:58 INFO ql.Driver: Semantic Analysis Completed
15/09/09 11:10:58 INFO log.PerfLogger: </PERFLOG method=semanticAnalyze start=1441815058805 end=1441815058809 duration=4 from=org.apache.hadoop.hive.ql.Driver>
15/09/09 11:10:58 INFO exec.ListSinkOperator: Initializing Self 72 OP
15/09/09 11:10:58 INFO exec.ListSinkOperator: Operator 72 OP initialized
15/09/09 11:10:58 INFO exec.ListSinkOperator: Initialization Done 72 OP
15/09/09 11:10:58 INFO ql.Driver: Returning Hive schema: Schema(fieldSchemas:[FieldSchema(name:tab_name, type:string, comment:from deserializer)], properties:null)
15/09/09 11:10:58 INFO log.PerfLogger: </PERFLOG method=compile start=1441815058805 end=1441815058810 duration=5 from=org.apache.hadoop.hive.ql.Driver>
15/09/09 11:10:58 INFO log.PerfLogger: <PERFLOG method=Driver.execute from=org.apache.hadoop.hive.ql.Driver>
15/09/09 11:10:58 INFO ql.Driver: Starting command: SHOW TABLES
15/09/09 11:10:58 INFO log.PerfLogger: </PERFLOG method=TimeToSubmit start=1441815058805 end=1441815058810 duration=5 from=org.apache.hadoop.hive.ql.Driver>
15/09/09 11:10:58 INFO log.PerfLogger: <PERFLOG method=runTasks from=org.apache.hadoop.hive.ql.Driver>
15/09/09 11:10:58 INFO log.PerfLogger: <PERFLOG method=task.DDL.Stage-0 from=org.apache.hadoop.hive.ql.Driver>
15/09/09 11:10:58 INFO metastore.HiveMetaStore: 0: get_database: default
15/09/09 11:10:58 INFO HiveMetaStore.audit: ugi=hpatel	ip=unknown-ip-addr	cmd=get_database: default	
15/09/09 11:10:58 INFO metastore.HiveMetaStore: 0: Opening raw store with implemenation class:org.apache.hadoop.hive.metastore.ObjectStore
15/09/09 11:10:58 INFO metastore.ObjectStore: ObjectStore, initialize called
15/09/09 11:10:58 INFO metastore.MetaStoreDirectSql: MySQL check failed, assuming we are not on mysql: unknown token: 
15/09/09 11:10:58 INFO DataNucleus.Query: Reading in results for query "org.datanucleus.store.rdbms.query.SQLQuery@0" since the connection used is closing
15/09/09 11:10:58 INFO metastore.ObjectStore: Initialized ObjectStore
15/09/09 11:10:58 INFO metastore.HiveMetaStore: 0: get_tables: db=default pat=.*
15/09/09 11:10:58 INFO HiveMetaStore.audit: ugi=hpatel	ip=unknown-ip-addr	cmd=get_tables: db=default pat=.*	
15/09/09 11:10:58 INFO log.PerfLogger: </PERFLOG method=runTasks start=1441815058810 end=1441815058819 duration=9 from=org.apache.hadoop.hive.ql.Driver>
15/09/09 11:10:58 INFO log.PerfLogger: </PERFLOG method=Driver.execute start=1441815058810 end=1441815058819 duration=9 from=org.apache.hadoop.hive.ql.Driver>
OK
15/09/09 11:10:58 INFO ql.Driver: OK
15/09/09 11:10:58 INFO log.PerfLogger: <PERFLOG method=releaseLocks from=org.apache.hadoop.hive.ql.Driver>
15/09/09 11:10:58 INFO log.PerfLogger: </PERFLOG method=releaseLocks start=1441815058819 end=1441815058819 duration=0 from=org.apache.hadoop.hive.ql.Driver>
15/09/09 11:10:58 INFO log.PerfLogger: </PERFLOG method=Driver.run start=1441815058805 end=1441815058819 duration=14 from=org.apache.hadoop.hive.ql.Driver>
15/09/09 11:10:58 INFO builder.HiveShellTearable: Executing script: create table bar (i int);
15/09/09 11:10:58 INFO service.HiveServer: Running the query: create table bar (i int)
15/09/09 11:10:58 INFO exec.ListSinkOperator: 72 finished. closing... 
15/09/09 11:10:58 INFO exec.ListSinkOperator: 72 Close done
15/09/09 11:10:58 INFO log.PerfLogger: <PERFLOG method=Driver.run from=org.apache.hadoop.hive.ql.Driver>
15/09/09 11:10:58 INFO log.PerfLogger: <PERFLOG method=TimeToSubmit from=org.apache.hadoop.hive.ql.Driver>
15/09/09 11:10:58 INFO ql.Driver: Concurrency mode is disabled, not creating a lock manager
15/09/09 11:10:58 INFO log.PerfLogger: <PERFLOG method=compile from=org.apache.hadoop.hive.ql.Driver>
15/09/09 11:10:58 INFO log.PerfLogger: <PERFLOG method=parse from=org.apache.hadoop.hive.ql.Driver>
15/09/09 11:10:58 INFO parse.ParseDriver: Parsing command: create table bar (i int)
15/09/09 11:10:58 INFO parse.ParseDriver: Parse Completed
15/09/09 11:10:58 INFO log.PerfLogger: </PERFLOG method=parse start=1441815058821 end=1441815058821 duration=0 from=org.apache.hadoop.hive.ql.Driver>
15/09/09 11:10:58 INFO log.PerfLogger: <PERFLOG method=semanticAnalyze from=org.apache.hadoop.hive.ql.Driver>
15/09/09 11:10:58 INFO parse.SemanticAnalyzer: Starting Semantic Analysis
15/09/09 11:10:58 INFO parse.SemanticAnalyzer: Creating table bar position=13
15/09/09 11:10:58 INFO metastore.HiveMetaStore: 0: get_database: default
15/09/09 11:10:58 INFO HiveMetaStore.audit: ugi=hpatel	ip=unknown-ip-addr	cmd=get_database: default	
15/09/09 11:10:58 INFO ql.Driver: Semantic Analysis Completed
15/09/09 11:10:58 INFO log.PerfLogger: </PERFLOG method=semanticAnalyze start=1441815058821 end=1441815058823 duration=2 from=org.apache.hadoop.hive.ql.Driver>
15/09/09 11:10:58 INFO ql.Driver: Returning Hive schema: Schema(fieldSchemas:null, properties:null)
15/09/09 11:10:58 INFO log.PerfLogger: </PERFLOG method=compile start=1441815058820 end=1441815058823 duration=3 from=org.apache.hadoop.hive.ql.Driver>
15/09/09 11:10:58 INFO log.PerfLogger: <PERFLOG method=Driver.execute from=org.apache.hadoop.hive.ql.Driver>
15/09/09 11:10:58 INFO ql.Driver: Starting command: create table bar (i int)
15/09/09 11:10:58 INFO log.PerfLogger: </PERFLOG method=TimeToSubmit start=1441815058820 end=1441815058823 duration=3 from=org.apache.hadoop.hive.ql.Driver>
15/09/09 11:10:58 INFO log.PerfLogger: <PERFLOG method=runTasks from=org.apache.hadoop.hive.ql.Driver>
15/09/09 11:10:58 INFO log.PerfLogger: <PERFLOG method=task.DDL.Stage-0 from=org.apache.hadoop.hive.ql.Driver>
15/09/09 11:10:58 INFO metastore.HiveMetaStore: 0: create_table: Table(tableName:bar, dbName:default, owner:hpatel, createTime:1441815058, lastAccessTime:0, retention:0, sd:StorageDescriptor(cols:[FieldSchema(name:i, type:int, comment:null)], location:null, inputFormat:org.apache.hadoop.mapred.TextInputFormat, outputFormat:org.apache.hadoop.hive.ql.io.HiveIgnoreKeyTextOutputFormat, compressed:false, numBuckets:-1, serdeInfo:SerDeInfo(name:null, serializationLib:org.apache.hadoop.hive.serde2.lazy.LazySimpleSerDe, parameters:{serialization.format=1}), bucketCols:[], sortCols:[], parameters:{}, skewedInfo:SkewedInfo(skewedColNames:[], skewedColValues:[], skewedColValueLocationMaps:{}), storedAsSubDirectories:false), partitionKeys:[], parameters:{}, viewOriginalText:null, viewExpandedText:null, tableType:MANAGED_TABLE)
15/09/09 11:10:58 INFO HiveMetaStore.audit: ugi=hpatel	ip=unknown-ip-addr	cmd=create_table: Table(tableName:bar, dbName:default, owner:hpatel, createTime:1441815058, lastAccessTime:0, retention:0, sd:StorageDescriptor(cols:[FieldSchema(name:i, type:int, comment:null)], location:null, inputFormat:org.apache.hadoop.mapred.TextInputFormat, outputFormat:org.apache.hadoop.hive.ql.io.HiveIgnoreKeyTextOutputFormat, compressed:false, numBuckets:-1, serdeInfo:SerDeInfo(name:null, serializationLib:org.apache.hadoop.hive.serde2.lazy.LazySimpleSerDe, parameters:{serialization.format=1}), bucketCols:[], sortCols:[], parameters:{}, skewedInfo:SkewedInfo(skewedColNames:[], skewedColValues:[], skewedColValueLocationMaps:{}), storedAsSubDirectories:false), partitionKeys:[], parameters:{}, viewOriginalText:null, viewExpandedText:null, tableType:MANAGED_TABLE)	
15/09/09 11:10:58 INFO common.FileUtils: Creating directory if it doesn't exist: file:/var/folders/y7/4_pz5fzx54ngcmghz3v6t3m00000gn/T/junit9053886100644133941/warehouse/bar
15/09/09 11:10:58 INFO log.PerfLogger: </PERFLOG method=runTasks start=1441815058823 end=1441815058865 duration=42 from=org.apache.hadoop.hive.ql.Driver>
15/09/09 11:10:58 INFO log.PerfLogger: </PERFLOG method=Driver.execute start=1441815058823 end=1441815058865 duration=42 from=org.apache.hadoop.hive.ql.Driver>
OK
15/09/09 11:10:58 INFO ql.Driver: OK
15/09/09 11:10:58 INFO log.PerfLogger: <PERFLOG method=releaseLocks from=org.apache.hadoop.hive.ql.Driver>
15/09/09 11:10:58 INFO log.PerfLogger: </PERFLOG method=releaseLocks start=1441815058865 end=1441815058865 duration=0 from=org.apache.hadoop.hive.ql.Driver>
15/09/09 11:10:58 INFO log.PerfLogger: </PERFLOG method=Driver.run start=1441815058820 end=1441815058865 duration=45 from=org.apache.hadoop.hive.ql.Driver>
15/09/09 11:10:58 INFO builder.HiveShellTearable: Executing script: create table fox(id string);
15/09/09 11:10:58 INFO service.HiveServer: Running the query: create table fox(id string)
15/09/09 11:10:58 INFO log.PerfLogger: <PERFLOG method=Driver.run from=org.apache.hadoop.hive.ql.Driver>
15/09/09 11:10:58 INFO log.PerfLogger: <PERFLOG method=TimeToSubmit from=org.apache.hadoop.hive.ql.Driver>
15/09/09 11:10:58 INFO ql.Driver: Concurrency mode is disabled, not creating a lock manager
15/09/09 11:10:58 INFO log.PerfLogger: <PERFLOG method=compile from=org.apache.hadoop.hive.ql.Driver>
15/09/09 11:10:58 INFO log.PerfLogger: <PERFLOG method=parse from=org.apache.hadoop.hive.ql.Driver>
15/09/09 11:10:58 INFO parse.ParseDriver: Parsing command: create table fox(id string)
15/09/09 11:10:58 INFO parse.ParseDriver: Parse Completed
15/09/09 11:10:58 INFO log.PerfLogger: </PERFLOG method=parse start=1441815058866 end=1441815058866 duration=0 from=org.apache.hadoop.hive.ql.Driver>
15/09/09 11:10:58 INFO log.PerfLogger: <PERFLOG method=semanticAnalyze from=org.apache.hadoop.hive.ql.Driver>
15/09/09 11:10:58 INFO parse.SemanticAnalyzer: Starting Semantic Analysis
15/09/09 11:10:58 INFO parse.SemanticAnalyzer: Creating table fox position=13
15/09/09 11:10:58 INFO metastore.HiveMetaStore: 0: get_database: default
15/09/09 11:10:58 INFO HiveMetaStore.audit: ugi=hpatel	ip=unknown-ip-addr	cmd=get_database: default	
15/09/09 11:10:58 INFO ql.Driver: Semantic Analysis Completed
15/09/09 11:10:58 INFO log.PerfLogger: </PERFLOG method=semanticAnalyze start=1441815058866 end=1441815058868 duration=2 from=org.apache.hadoop.hive.ql.Driver>
15/09/09 11:10:58 INFO ql.Driver: Returning Hive schema: Schema(fieldSchemas:null, properties:null)
15/09/09 11:10:58 INFO log.PerfLogger: </PERFLOG method=compile start=1441815058866 end=1441815058868 duration=2 from=org.apache.hadoop.hive.ql.Driver>
15/09/09 11:10:58 INFO log.PerfLogger: <PERFLOG method=Driver.execute from=org.apache.hadoop.hive.ql.Driver>
15/09/09 11:10:58 INFO ql.Driver: Starting command: create table fox(id string)
15/09/09 11:10:58 INFO log.PerfLogger: </PERFLOG method=TimeToSubmit start=1441815058866 end=1441815058868 duration=2 from=org.apache.hadoop.hive.ql.Driver>
15/09/09 11:10:58 INFO log.PerfLogger: <PERFLOG method=runTasks from=org.apache.hadoop.hive.ql.Driver>
15/09/09 11:10:58 INFO log.PerfLogger: <PERFLOG method=task.DDL.Stage-0 from=org.apache.hadoop.hive.ql.Driver>
15/09/09 11:10:58 INFO metastore.HiveMetaStore: 0: create_table: Table(tableName:fox, dbName:default, owner:hpatel, createTime:1441815058, lastAccessTime:0, retention:0, sd:StorageDescriptor(cols:[FieldSchema(name:id, type:string, comment:null)], location:null, inputFormat:org.apache.hadoop.mapred.TextInputFormat, outputFormat:org.apache.hadoop.hive.ql.io.HiveIgnoreKeyTextOutputFormat, compressed:false, numBuckets:-1, serdeInfo:SerDeInfo(name:null, serializationLib:org.apache.hadoop.hive.serde2.lazy.LazySimpleSerDe, parameters:{serialization.format=1}), bucketCols:[], sortCols:[], parameters:{}, skewedInfo:SkewedInfo(skewedColNames:[], skewedColValues:[], skewedColValueLocationMaps:{}), storedAsSubDirectories:false), partitionKeys:[], parameters:{}, viewOriginalText:null, viewExpandedText:null, tableType:MANAGED_TABLE)
15/09/09 11:10:58 INFO HiveMetaStore.audit: ugi=hpatel	ip=unknown-ip-addr	cmd=create_table: Table(tableName:fox, dbName:default, owner:hpatel, createTime:1441815058, lastAccessTime:0, retention:0, sd:StorageDescriptor(cols:[FieldSchema(name:id, type:string, comment:null)], location:null, inputFormat:org.apache.hadoop.mapred.TextInputFormat, outputFormat:org.apache.hadoop.hive.ql.io.HiveIgnoreKeyTextOutputFormat, compressed:false, numBuckets:-1, serdeInfo:SerDeInfo(name:null, serializationLib:org.apache.hadoop.hive.serde2.lazy.LazySimpleSerDe, parameters:{serialization.format=1}), bucketCols:[], sortCols:[], parameters:{}, skewedInfo:SkewedInfo(skewedColNames:[], skewedColValues:[], skewedColValueLocationMaps:{}), storedAsSubDirectories:false), partitionKeys:[], parameters:{}, viewOriginalText:null, viewExpandedText:null, tableType:MANAGED_TABLE)	
15/09/09 11:10:58 INFO common.FileUtils: Creating directory if it doesn't exist: file:/var/folders/y7/4_pz5fzx54ngcmghz3v6t3m00000gn/T/junit9053886100644133941/warehouse/fox
15/09/09 11:10:58 INFO log.PerfLogger: </PERFLOG method=runTasks start=1441815058868 end=1441815058889 duration=21 from=org.apache.hadoop.hive.ql.Driver>
15/09/09 11:10:58 INFO log.PerfLogger: </PERFLOG method=Driver.execute start=1441815058868 end=1441815058889 duration=21 from=org.apache.hadoop.hive.ql.Driver>
OK
15/09/09 11:10:58 INFO ql.Driver: OK
15/09/09 11:10:58 INFO log.PerfLogger: <PERFLOG method=releaseLocks from=org.apache.hadoop.hive.ql.Driver>
15/09/09 11:10:58 INFO log.PerfLogger: </PERFLOG method=releaseLocks start=1441815058889 end=1441815058889 duration=0 from=org.apache.hadoop.hive.ql.Driver>
15/09/09 11:10:58 INFO log.PerfLogger: </PERFLOG method=Driver.run start=1441815058866 end=1441815058889 duration=23 from=org.apache.hadoop.hive.ql.Driver>
15/09/09 11:10:58 INFO builder.HiveShellTearable: Executing script: create table love(id string);
15/09/09 11:10:58 INFO service.HiveServer: Running the query: create table love(id string)
15/09/09 11:10:58 INFO log.PerfLogger: <PERFLOG method=Driver.run from=org.apache.hadoop.hive.ql.Driver>
15/09/09 11:10:58 INFO log.PerfLogger: <PERFLOG method=TimeToSubmit from=org.apache.hadoop.hive.ql.Driver>
15/09/09 11:10:58 INFO ql.Driver: Concurrency mode is disabled, not creating a lock manager
15/09/09 11:10:58 INFO log.PerfLogger: <PERFLOG method=compile from=org.apache.hadoop.hive.ql.Driver>
15/09/09 11:10:58 INFO log.PerfLogger: <PERFLOG method=parse from=org.apache.hadoop.hive.ql.Driver>
15/09/09 11:10:58 INFO parse.ParseDriver: Parsing command: create table love(id string)
15/09/09 11:10:58 INFO parse.ParseDriver: Parse Completed
15/09/09 11:10:58 INFO log.PerfLogger: </PERFLOG method=parse start=1441815058889 end=1441815058890 duration=1 from=org.apache.hadoop.hive.ql.Driver>
15/09/09 11:10:58 INFO log.PerfLogger: <PERFLOG method=semanticAnalyze from=org.apache.hadoop.hive.ql.Driver>
15/09/09 11:10:58 INFO parse.SemanticAnalyzer: Starting Semantic Analysis
15/09/09 11:10:58 INFO parse.SemanticAnalyzer: Creating table love position=13
15/09/09 11:10:58 INFO metastore.HiveMetaStore: 0: get_database: default
15/09/09 11:10:58 INFO HiveMetaStore.audit: ugi=hpatel	ip=unknown-ip-addr	cmd=get_database: default	
15/09/09 11:10:58 INFO ql.Driver: Semantic Analysis Completed
15/09/09 11:10:58 INFO log.PerfLogger: </PERFLOG method=semanticAnalyze start=1441815058890 end=1441815058891 duration=1 from=org.apache.hadoop.hive.ql.Driver>
15/09/09 11:10:58 INFO ql.Driver: Returning Hive schema: Schema(fieldSchemas:null, properties:null)
15/09/09 11:10:58 INFO log.PerfLogger: </PERFLOG method=compile start=1441815058889 end=1441815058892 duration=3 from=org.apache.hadoop.hive.ql.Driver>
15/09/09 11:10:58 INFO log.PerfLogger: <PERFLOG method=Driver.execute from=org.apache.hadoop.hive.ql.Driver>
15/09/09 11:10:58 INFO ql.Driver: Starting command: create table love(id string)
15/09/09 11:10:58 INFO log.PerfLogger: </PERFLOG method=TimeToSubmit start=1441815058889 end=1441815058892 duration=3 from=org.apache.hadoop.hive.ql.Driver>
15/09/09 11:10:58 INFO log.PerfLogger: <PERFLOG method=runTasks from=org.apache.hadoop.hive.ql.Driver>
15/09/09 11:10:58 INFO log.PerfLogger: <PERFLOG method=task.DDL.Stage-0 from=org.apache.hadoop.hive.ql.Driver>
15/09/09 11:10:58 INFO metastore.HiveMetaStore: 0: create_table: Table(tableName:love, dbName:default, owner:hpatel, createTime:1441815058, lastAccessTime:0, retention:0, sd:StorageDescriptor(cols:[FieldSchema(name:id, type:string, comment:null)], location:null, inputFormat:org.apache.hadoop.mapred.TextInputFormat, outputFormat:org.apache.hadoop.hive.ql.io.HiveIgnoreKeyTextOutputFormat, compressed:false, numBuckets:-1, serdeInfo:SerDeInfo(name:null, serializationLib:org.apache.hadoop.hive.serde2.lazy.LazySimpleSerDe, parameters:{serialization.format=1}), bucketCols:[], sortCols:[], parameters:{}, skewedInfo:SkewedInfo(skewedColNames:[], skewedColValues:[], skewedColValueLocationMaps:{}), storedAsSubDirectories:false), partitionKeys:[], parameters:{}, viewOriginalText:null, viewExpandedText:null, tableType:MANAGED_TABLE)
15/09/09 11:10:58 INFO HiveMetaStore.audit: ugi=hpatel	ip=unknown-ip-addr	cmd=create_table: Table(tableName:love, dbName:default, owner:hpatel, createTime:1441815058, lastAccessTime:0, retention:0, sd:StorageDescriptor(cols:[FieldSchema(name:id, type:string, comment:null)], location:null, inputFormat:org.apache.hadoop.mapred.TextInputFormat, outputFormat:org.apache.hadoop.hive.ql.io.HiveIgnoreKeyTextOutputFormat, compressed:false, numBuckets:-1, serdeInfo:SerDeInfo(name:null, serializationLib:org.apache.hadoop.hive.serde2.lazy.LazySimpleSerDe, parameters:{serialization.format=1}), bucketCols:[], sortCols:[], parameters:{}, skewedInfo:SkewedInfo(skewedColNames:[], skewedColValues:[], skewedColValueLocationMaps:{}), storedAsSubDirectories:false), partitionKeys:[], parameters:{}, viewOriginalText:null, viewExpandedText:null, tableType:MANAGED_TABLE)	
15/09/09 11:10:58 INFO common.FileUtils: Creating directory if it doesn't exist: file:/var/folders/y7/4_pz5fzx54ngcmghz3v6t3m00000gn/T/junit9053886100644133941/warehouse/love
15/09/09 11:10:58 INFO log.PerfLogger: </PERFLOG method=runTasks start=1441815058892 end=1441815058912 duration=20 from=org.apache.hadoop.hive.ql.Driver>
15/09/09 11:10:58 INFO log.PerfLogger: </PERFLOG method=Driver.execute start=1441815058892 end=1441815058912 duration=20 from=org.apache.hadoop.hive.ql.Driver>
OK
15/09/09 11:10:58 INFO ql.Driver: OK
15/09/09 11:10:58 INFO log.PerfLogger: <PERFLOG method=releaseLocks from=org.apache.hadoop.hive.ql.Driver>
15/09/09 11:10:58 INFO log.PerfLogger: </PERFLOG method=releaseLocks start=1441815058912 end=1441815058912 duration=0 from=org.apache.hadoop.hive.ql.Driver>
15/09/09 11:10:58 INFO log.PerfLogger: </PERFLOG method=Driver.run start=1441815058889 end=1441815058912 duration=23 from=org.apache.hadoop.hive.ql.Driver>
15/09/09 11:10:58 INFO builder.HiveShellTearable: Created hive resource /var/folders/y7/4_pz5fzx54ngcmghz3v6t3m00000gn/T/junit9053886100644133941/vs/foo/fromFile.csv
15/09/09 11:10:58 INFO builder.HiveShellTearable: Created hive resource /var/folders/y7/4_pz5fzx54ngcmghz3v6t3m00000gn/T/junit9053886100644133941/vs/foo/fromPath.csv
15/09/09 11:10:58 INFO builder.HiveShellTearable: Created hive resource /var/folders/y7/4_pz5fzx54ngcmghz3v6t3m00000gn/T/junit9053886100644133941/vs/foo/fromString.csv
15/09/09 11:10:58 INFO service.HiveServer: Running the query: CREATE EXTERNAL TABLE foo (s1 int, s2 string)
  ROW FORMAT DELIMITED FIELDS TERMINATED BY ','
  STORED AS TEXTFILE
  LOCATION '${hiveconf:hive.vs.uri}/foo/'
15/09/09 11:10:58 INFO log.PerfLogger: <PERFLOG method=Driver.run from=org.apache.hadoop.hive.ql.Driver>
15/09/09 11:10:58 INFO log.PerfLogger: <PERFLOG method=TimeToSubmit from=org.apache.hadoop.hive.ql.Driver>
15/09/09 11:10:58 INFO ql.Driver: Concurrency mode is disabled, not creating a lock manager
15/09/09 11:10:58 INFO log.PerfLogger: <PERFLOG method=compile from=org.apache.hadoop.hive.ql.Driver>
15/09/09 11:10:58 INFO log.PerfLogger: <PERFLOG method=parse from=org.apache.hadoop.hive.ql.Driver>
15/09/09 11:10:58 INFO parse.ParseDriver: Parsing command: CREATE EXTERNAL TABLE foo (s1 int, s2 string)
  ROW FORMAT DELIMITED FIELDS TERMINATED BY ','
  STORED AS TEXTFILE
  LOCATION 'file:///var/folders/y7/4_pz5fzx54ngcmghz3v6t3m00000gn/T/junit9053886100644133941/vs//foo/'
15/09/09 11:10:58 INFO parse.ParseDriver: Parse Completed
15/09/09 11:10:58 INFO log.PerfLogger: </PERFLOG method=parse start=1441815058914 end=1441815058915 duration=1 from=org.apache.hadoop.hive.ql.Driver>
15/09/09 11:10:58 INFO log.PerfLogger: <PERFLOG method=semanticAnalyze from=org.apache.hadoop.hive.ql.Driver>
15/09/09 11:10:58 INFO parse.SemanticAnalyzer: Starting Semantic Analysis
15/09/09 11:10:58 INFO parse.SemanticAnalyzer: Creating table foo position=22
15/09/09 11:10:58 INFO metastore.HiveMetaStore: 0: get_database: default
15/09/09 11:10:58 INFO HiveMetaStore.audit: ugi=hpatel	ip=unknown-ip-addr	cmd=get_database: default	
15/09/09 11:10:58 INFO ql.Driver: Semantic Analysis Completed
15/09/09 11:10:58 INFO log.PerfLogger: </PERFLOG method=semanticAnalyze start=1441815058915 end=1441815058917 duration=2 from=org.apache.hadoop.hive.ql.Driver>
15/09/09 11:10:58 INFO ql.Driver: Returning Hive schema: Schema(fieldSchemas:null, properties:null)
15/09/09 11:10:58 INFO log.PerfLogger: </PERFLOG method=compile start=1441815058914 end=1441815058917 duration=3 from=org.apache.hadoop.hive.ql.Driver>
15/09/09 11:10:58 INFO log.PerfLogger: <PERFLOG method=Driver.execute from=org.apache.hadoop.hive.ql.Driver>
15/09/09 11:10:58 INFO ql.Driver: Starting command: CREATE EXTERNAL TABLE foo (s1 int, s2 string)
  ROW FORMAT DELIMITED FIELDS TERMINATED BY ','
  STORED AS TEXTFILE
  LOCATION 'file:///var/folders/y7/4_pz5fzx54ngcmghz3v6t3m00000gn/T/junit9053886100644133941/vs//foo/'
15/09/09 11:10:58 INFO log.PerfLogger: </PERFLOG method=TimeToSubmit start=1441815058914 end=1441815058917 duration=3 from=org.apache.hadoop.hive.ql.Driver>
15/09/09 11:10:58 INFO log.PerfLogger: <PERFLOG method=runTasks from=org.apache.hadoop.hive.ql.Driver>
15/09/09 11:10:58 INFO log.PerfLogger: <PERFLOG method=task.DDL.Stage-0 from=org.apache.hadoop.hive.ql.Driver>
15/09/09 11:10:58 INFO metastore.HiveMetaStore: 0: create_table: Table(tableName:foo, dbName:default, owner:hpatel, createTime:1441815058, lastAccessTime:0, retention:0, sd:StorageDescriptor(cols:[FieldSchema(name:s1, type:int, comment:null), FieldSchema(name:s2, type:string, comment:null)], location:file:/var/folders/y7/4_pz5fzx54ngcmghz3v6t3m00000gn/T/junit9053886100644133941/vs/foo, inputFormat:org.apache.hadoop.mapred.TextInputFormat, outputFormat:org.apache.hadoop.hive.ql.io.HiveIgnoreKeyTextOutputFormat, compressed:false, numBuckets:-1, serdeInfo:SerDeInfo(name:null, serializationLib:org.apache.hadoop.hive.serde2.lazy.LazySimpleSerDe, parameters:{serialization.format=,, field.delim=,}), bucketCols:[], sortCols:[], parameters:{}, skewedInfo:SkewedInfo(skewedColNames:[], skewedColValues:[], skewedColValueLocationMaps:{}), storedAsSubDirectories:false), partitionKeys:[], parameters:{EXTERNAL=TRUE}, viewOriginalText:null, viewExpandedText:null, tableType:EXTERNAL_TABLE)
15/09/09 11:10:58 INFO HiveMetaStore.audit: ugi=hpatel	ip=unknown-ip-addr	cmd=create_table: Table(tableName:foo, dbName:default, owner:hpatel, createTime:1441815058, lastAccessTime:0, retention:0, sd:StorageDescriptor(cols:[FieldSchema(name:s1, type:int, comment:null), FieldSchema(name:s2, type:string, comment:null)], location:file:/var/folders/y7/4_pz5fzx54ngcmghz3v6t3m00000gn/T/junit9053886100644133941/vs/foo, inputFormat:org.apache.hadoop.mapred.TextInputFormat, outputFormat:org.apache.hadoop.hive.ql.io.HiveIgnoreKeyTextOutputFormat, compressed:false, numBuckets:-1, serdeInfo:SerDeInfo(name:null, serializationLib:org.apache.hadoop.hive.serde2.lazy.LazySimpleSerDe, parameters:{serialization.format=,, field.delim=,}), bucketCols:[], sortCols:[], parameters:{}, skewedInfo:SkewedInfo(skewedColNames:[], skewedColValues:[], skewedColValueLocationMaps:{}), storedAsSubDirectories:false), partitionKeys:[], parameters:{EXTERNAL=TRUE}, viewOriginalText:null, viewExpandedText:null, tableType:EXTERNAL_TABLE)	
15/09/09 11:10:58 INFO log.PerfLogger: </PERFLOG method=runTasks start=1441815058917 end=1441815058925 duration=8 from=org.apache.hadoop.hive.ql.Driver>
15/09/09 11:10:58 INFO log.PerfLogger: </PERFLOG method=Driver.execute start=1441815058917 end=1441815058925 duration=8 from=org.apache.hadoop.hive.ql.Driver>
OK
15/09/09 11:10:58 INFO ql.Driver: OK
15/09/09 11:10:58 INFO log.PerfLogger: <PERFLOG method=releaseLocks from=org.apache.hadoop.hive.ql.Driver>
15/09/09 11:10:58 INFO log.PerfLogger: </PERFLOG method=releaseLocks start=1441815058925 end=1441815058925 duration=0 from=org.apache.hadoop.hive.ql.Driver>
15/09/09 11:10:58 INFO log.PerfLogger: </PERFLOG method=Driver.run start=1441815058914 end=1441815058925 duration=11 from=org.apache.hadoop.hive.ql.Driver>
15/09/09 11:10:58 INFO service.HiveServer: Running the query: show tables
15/09/09 11:10:58 INFO log.PerfLogger: <PERFLOG method=Driver.run from=org.apache.hadoop.hive.ql.Driver>
15/09/09 11:10:58 INFO log.PerfLogger: <PERFLOG method=TimeToSubmit from=org.apache.hadoop.hive.ql.Driver>
15/09/09 11:10:58 INFO ql.Driver: Concurrency mode is disabled, not creating a lock manager
15/09/09 11:10:58 INFO log.PerfLogger: <PERFLOG method=compile from=org.apache.hadoop.hive.ql.Driver>
15/09/09 11:10:58 INFO log.PerfLogger: <PERFLOG method=parse from=org.apache.hadoop.hive.ql.Driver>
15/09/09 11:10:58 INFO parse.ParseDriver: Parsing command: show tables
15/09/09 11:10:58 INFO parse.ParseDriver: Parse Completed
15/09/09 11:10:58 INFO log.PerfLogger: </PERFLOG method=parse start=1441815058925 end=1441815058925 duration=0 from=org.apache.hadoop.hive.ql.Driver>
15/09/09 11:10:58 INFO log.PerfLogger: <PERFLOG method=semanticAnalyze from=org.apache.hadoop.hive.ql.Driver>
15/09/09 11:10:58 INFO ql.Driver: Semantic Analysis Completed
15/09/09 11:10:58 INFO log.PerfLogger: </PERFLOG method=semanticAnalyze start=1441815058925 end=1441815058929 duration=4 from=org.apache.hadoop.hive.ql.Driver>
15/09/09 11:10:58 INFO exec.ListSinkOperator: Initializing Self 73 OP
15/09/09 11:10:58 INFO exec.ListSinkOperator: Operator 73 OP initialized
15/09/09 11:10:58 INFO exec.ListSinkOperator: Initialization Done 73 OP
15/09/09 11:10:58 INFO ql.Driver: Returning Hive schema: Schema(fieldSchemas:[FieldSchema(name:tab_name, type:string, comment:from deserializer)], properties:null)
15/09/09 11:10:58 INFO log.PerfLogger: </PERFLOG method=compile start=1441815058925 end=1441815058930 duration=5 from=org.apache.hadoop.hive.ql.Driver>
15/09/09 11:10:58 INFO log.PerfLogger: <PERFLOG method=Driver.execute from=org.apache.hadoop.hive.ql.Driver>
15/09/09 11:10:58 INFO ql.Driver: Starting command: show tables
15/09/09 11:10:58 INFO log.PerfLogger: </PERFLOG method=TimeToSubmit start=1441815058925 end=1441815058930 duration=5 from=org.apache.hadoop.hive.ql.Driver>
15/09/09 11:10:58 INFO log.PerfLogger: <PERFLOG method=runTasks from=org.apache.hadoop.hive.ql.Driver>
15/09/09 11:10:58 INFO log.PerfLogger: <PERFLOG method=task.DDL.Stage-0 from=org.apache.hadoop.hive.ql.Driver>
15/09/09 11:10:58 INFO metastore.HiveMetaStore: 0: get_database: default
15/09/09 11:10:58 INFO HiveMetaStore.audit: ugi=hpatel	ip=unknown-ip-addr	cmd=get_database: default	
15/09/09 11:10:58 INFO metastore.HiveMetaStore: 0: get_tables: db=default pat=.*
15/09/09 11:10:58 INFO HiveMetaStore.audit: ugi=hpatel	ip=unknown-ip-addr	cmd=get_tables: db=default pat=.*	
15/09/09 11:10:58 INFO log.PerfLogger: </PERFLOG method=runTasks start=1441815058930 end=1441815058938 duration=8 from=org.apache.hadoop.hive.ql.Driver>
15/09/09 11:10:58 INFO log.PerfLogger: </PERFLOG method=Driver.execute start=1441815058930 end=1441815058938 duration=8 from=org.apache.hadoop.hive.ql.Driver>
OK
15/09/09 11:10:58 INFO ql.Driver: OK
15/09/09 11:10:58 INFO log.PerfLogger: <PERFLOG method=releaseLocks from=org.apache.hadoop.hive.ql.Driver>
15/09/09 11:10:58 INFO log.PerfLogger: </PERFLOG method=releaseLocks start=1441815058938 end=1441815058938 duration=0 from=org.apache.hadoop.hive.ql.Driver>
15/09/09 11:10:58 INFO log.PerfLogger: </PERFLOG method=Driver.run start=1441815058925 end=1441815058938 duration=13 from=org.apache.hadoop.hive.ql.Driver>
15/09/09 11:10:58 INFO mapred.FileInputFormat: Total input paths to process : 1
15/09/09 11:10:58 INFO service.HiveServer: Running the query: USE default
15/09/09 11:10:58 INFO exec.ListSinkOperator: 73 finished. closing... 
15/09/09 11:10:58 INFO exec.ListSinkOperator: 73 Close done
15/09/09 11:10:58 INFO log.PerfLogger: <PERFLOG method=Driver.run from=org.apache.hadoop.hive.ql.Driver>
15/09/09 11:10:58 INFO log.PerfLogger: <PERFLOG method=TimeToSubmit from=org.apache.hadoop.hive.ql.Driver>
15/09/09 11:10:58 INFO ql.Driver: Concurrency mode is disabled, not creating a lock manager
15/09/09 11:10:58 INFO log.PerfLogger: <PERFLOG method=compile from=org.apache.hadoop.hive.ql.Driver>
15/09/09 11:10:58 INFO log.PerfLogger: <PERFLOG method=parse from=org.apache.hadoop.hive.ql.Driver>
15/09/09 11:10:58 INFO parse.ParseDriver: Parsing command: USE default
15/09/09 11:10:58 INFO parse.ParseDriver: Parse Completed
15/09/09 11:10:58 INFO log.PerfLogger: </PERFLOG method=parse start=1441815058940 end=1441815058940 duration=0 from=org.apache.hadoop.hive.ql.Driver>
15/09/09 11:10:58 INFO log.PerfLogger: <PERFLOG method=semanticAnalyze from=org.apache.hadoop.hive.ql.Driver>
15/09/09 11:10:58 INFO ql.Driver: Semantic Analysis Completed
15/09/09 11:10:58 INFO log.PerfLogger: </PERFLOG method=semanticAnalyze start=1441815058940 end=1441815058941 duration=1 from=org.apache.hadoop.hive.ql.Driver>
15/09/09 11:10:58 INFO ql.Driver: Returning Hive schema: Schema(fieldSchemas:null, properties:null)
15/09/09 11:10:58 INFO log.PerfLogger: </PERFLOG method=compile start=1441815058940 end=1441815058941 duration=1 from=org.apache.hadoop.hive.ql.Driver>
15/09/09 11:10:58 INFO log.PerfLogger: <PERFLOG method=Driver.execute from=org.apache.hadoop.hive.ql.Driver>
15/09/09 11:10:58 INFO ql.Driver: Starting command: USE default
15/09/09 11:10:58 INFO log.PerfLogger: </PERFLOG method=TimeToSubmit start=1441815058940 end=1441815058941 duration=1 from=org.apache.hadoop.hive.ql.Driver>
15/09/09 11:10:58 INFO log.PerfLogger: <PERFLOG method=runTasks from=org.apache.hadoop.hive.ql.Driver>
15/09/09 11:10:58 INFO log.PerfLogger: <PERFLOG method=task.DDL.Stage-0 from=org.apache.hadoop.hive.ql.Driver>
15/09/09 11:10:58 INFO metastore.HiveMetaStore: 0: get_database: default
15/09/09 11:10:58 INFO HiveMetaStore.audit: ugi=hpatel	ip=unknown-ip-addr	cmd=get_database: default	
15/09/09 11:10:58 INFO metastore.HiveMetaStore: 0: get_database: default
15/09/09 11:10:58 INFO HiveMetaStore.audit: ugi=hpatel	ip=unknown-ip-addr	cmd=get_database: default	
15/09/09 11:10:58 INFO log.PerfLogger: </PERFLOG method=runTasks start=1441815058941 end=1441815058944 duration=3 from=org.apache.hadoop.hive.ql.Driver>
15/09/09 11:10:58 INFO log.PerfLogger: </PERFLOG method=Driver.execute start=1441815058941 end=1441815058944 duration=3 from=org.apache.hadoop.hive.ql.Driver>
OK
15/09/09 11:10:58 INFO ql.Driver: OK
15/09/09 11:10:58 INFO log.PerfLogger: <PERFLOG method=releaseLocks from=org.apache.hadoop.hive.ql.Driver>
15/09/09 11:10:58 INFO log.PerfLogger: </PERFLOG method=releaseLocks start=1441815058944 end=1441815058944 duration=0 from=org.apache.hadoop.hive.ql.Driver>
15/09/09 11:10:58 INFO log.PerfLogger: </PERFLOG method=Driver.run start=1441815058940 end=1441815058944 duration=4 from=org.apache.hadoop.hive.ql.Driver>
15/09/09 11:10:58 INFO metastore.HiveMetaStore: 0: Shutting down the object store...
15/09/09 11:10:58 INFO HiveMetaStore.audit: ugi=hpatel	ip=unknown-ip-addr	cmd=Shutting down the object store...	
15/09/09 11:10:58 INFO metastore.HiveMetaStore: 0: Metastore shutdown complete.
15/09/09 11:10:58 INFO HiveMetaStore.audit: ugi=hpatel	ip=unknown-ip-addr	cmd=Metastore shutdown complete.	
15/09/09 11:10:58 INFO hiverunner.HiveServerContainer: Tore down HiveServer instance
15/09/09 11:10:58 INFO metastore.HiveMetaStore: 0: Opening raw store with implemenation class:org.apache.hadoop.hive.metastore.ObjectStore
15/09/09 11:10:58 INFO metastore.ObjectStore: ObjectStore, initialize called
15/09/09 11:10:58 INFO DataNucleus.Persistence: Property datanucleus.cache.level2 unknown - will be ignored
15/09/09 11:10:58 INFO DataNucleus.Persistence: Property hive.metastore.integral.jdo.pushdown unknown - will be ignored
15/09/09 11:10:59 INFO metastore.ObjectStore: Setting MetaStore object pin classes with hive.metastore.cache.pinobjtypes="Table,StorageDescriptor,SerDeInfo,Partition,Database,Type,FieldSchema,Order"
15/09/09 11:10:59 INFO metastore.MetaStoreDirectSql: MySQL check failed, assuming we are not on mysql: unknown token: 
15/09/09 11:10:59 INFO DataNucleus.Datastore: The class "org.apache.hadoop.hive.metastore.model.MFieldSchema" is tagged as "embedded-only" so does not have its own datastore table.
15/09/09 11:10:59 INFO DataNucleus.Datastore: The class "org.apache.hadoop.hive.metastore.model.MOrder" is tagged as "embedded-only" so does not have its own datastore table.
15/09/09 11:10:59 INFO DataNucleus.Datastore: The class "org.apache.hadoop.hive.metastore.model.MFieldSchema" is tagged as "embedded-only" so does not have its own datastore table.
15/09/09 11:10:59 INFO DataNucleus.Datastore: The class "org.apache.hadoop.hive.metastore.model.MOrder" is tagged as "embedded-only" so does not have its own datastore table.
15/09/09 11:10:59 INFO metastore.ObjectStore: Initialized ObjectStore
15/09/09 11:10:59 INFO metastore.HiveMetaStore: No user is added in admin role, since config is empty
15/09/09 11:10:59 INFO metastore.HiveMetaStore: 0: Shutting down the object store...
15/09/09 11:10:59 INFO HiveMetaStore.audit: ugi=hpatel	ip=unknown-ip-addr	cmd=Shutting down the object store...	
15/09/09 11:10:59 INFO metastore.HiveMetaStore: 0: Metastore shutdown complete.
15/09/09 11:10:59 INFO HiveMetaStore.audit: ugi=hpatel	ip=unknown-ip-addr	cmd=Metastore shutdown complete.	
15/09/09 11:10:59 INFO metastore.HiveMetaStore: No user is added in admin role, since config is empty
15/09/09 11:10:59 INFO session.SessionState: No Tez session required at this point. hive.execution.engine=mr.
15/09/09 11:10:59 INFO service.HiveServer: Putting temp output to file /var/folders/y7/4_pz5fzx54ngcmghz3v6t3m00000gn/T/junit6028859269469596630/localscratchdir/ab3b98c1-173f-46da-8274-e87ccf3d0d468545469206418128009.pipeout
15/09/09 11:10:59 INFO service.HiveServer: Running the query: SHOW TABLES
15/09/09 11:10:59 INFO log.PerfLogger: <PERFLOG method=Driver.run from=org.apache.hadoop.hive.ql.Driver>
15/09/09 11:10:59 INFO log.PerfLogger: <PERFLOG method=TimeToSubmit from=org.apache.hadoop.hive.ql.Driver>
15/09/09 11:10:59 INFO ql.Driver: Concurrency mode is disabled, not creating a lock manager
15/09/09 11:10:59 INFO log.PerfLogger: <PERFLOG method=compile from=org.apache.hadoop.hive.ql.Driver>
15/09/09 11:10:59 INFO log.PerfLogger: <PERFLOG method=parse from=org.apache.hadoop.hive.ql.Driver>
15/09/09 11:10:59 INFO parse.ParseDriver: Parsing command: SHOW TABLES
15/09/09 11:10:59 INFO parse.ParseDriver: Parse Completed
15/09/09 11:10:59 INFO log.PerfLogger: </PERFLOG method=parse start=1441815059192 end=1441815059192 duration=0 from=org.apache.hadoop.hive.ql.Driver>
15/09/09 11:10:59 INFO log.PerfLogger: <PERFLOG method=semanticAnalyze from=org.apache.hadoop.hive.ql.Driver>
15/09/09 11:10:59 INFO ql.Driver: Semantic Analysis Completed
15/09/09 11:10:59 INFO log.PerfLogger: </PERFLOG method=semanticAnalyze start=1441815059192 end=1441815059196 duration=4 from=org.apache.hadoop.hive.ql.Driver>
15/09/09 11:10:59 INFO exec.ListSinkOperator: Initializing Self 74 OP
15/09/09 11:10:59 INFO exec.ListSinkOperator: Operator 74 OP initialized
15/09/09 11:10:59 INFO exec.ListSinkOperator: Initialization Done 74 OP
15/09/09 11:10:59 INFO ql.Driver: Returning Hive schema: Schema(fieldSchemas:[FieldSchema(name:tab_name, type:string, comment:from deserializer)], properties:null)
15/09/09 11:10:59 INFO log.PerfLogger: </PERFLOG method=compile start=1441815059191 end=1441815059197 duration=6 from=org.apache.hadoop.hive.ql.Driver>
15/09/09 11:10:59 INFO log.PerfLogger: <PERFLOG method=Driver.execute from=org.apache.hadoop.hive.ql.Driver>
15/09/09 11:10:59 INFO ql.Driver: Starting command: SHOW TABLES
15/09/09 11:10:59 INFO log.PerfLogger: </PERFLOG method=TimeToSubmit start=1441815059191 end=1441815059197 duration=6 from=org.apache.hadoop.hive.ql.Driver>
15/09/09 11:10:59 INFO log.PerfLogger: <PERFLOG method=runTasks from=org.apache.hadoop.hive.ql.Driver>
15/09/09 11:10:59 INFO log.PerfLogger: <PERFLOG method=task.DDL.Stage-0 from=org.apache.hadoop.hive.ql.Driver>
15/09/09 11:10:59 INFO metastore.HiveMetaStore: 0: get_database: default
15/09/09 11:10:59 INFO HiveMetaStore.audit: ugi=hpatel	ip=unknown-ip-addr	cmd=get_database: default	
15/09/09 11:10:59 INFO metastore.HiveMetaStore: 0: Opening raw store with implemenation class:org.apache.hadoop.hive.metastore.ObjectStore
15/09/09 11:10:59 INFO metastore.ObjectStore: ObjectStore, initialize called
15/09/09 11:10:59 INFO metastore.MetaStoreDirectSql: MySQL check failed, assuming we are not on mysql: unknown token: 
15/09/09 11:10:59 INFO DataNucleus.Query: Reading in results for query "org.datanucleus.store.rdbms.query.SQLQuery@0" since the connection used is closing
15/09/09 11:10:59 INFO metastore.ObjectStore: Initialized ObjectStore
15/09/09 11:10:59 INFO metastore.HiveMetaStore: 0: get_tables: db=default pat=.*
15/09/09 11:10:59 INFO HiveMetaStore.audit: ugi=hpatel	ip=unknown-ip-addr	cmd=get_tables: db=default pat=.*	
15/09/09 11:10:59 INFO log.PerfLogger: </PERFLOG method=runTasks start=1441815059197 end=1441815059208 duration=11 from=org.apache.hadoop.hive.ql.Driver>
15/09/09 11:10:59 INFO log.PerfLogger: </PERFLOG method=Driver.execute start=1441815059197 end=1441815059208 duration=11 from=org.apache.hadoop.hive.ql.Driver>
OK
15/09/09 11:10:59 INFO ql.Driver: OK
15/09/09 11:10:59 INFO log.PerfLogger: <PERFLOG method=releaseLocks from=org.apache.hadoop.hive.ql.Driver>
15/09/09 11:10:59 INFO log.PerfLogger: </PERFLOG method=releaseLocks start=1441815059208 end=1441815059208 duration=0 from=org.apache.hadoop.hive.ql.Driver>
15/09/09 11:10:59 INFO log.PerfLogger: </PERFLOG method=Driver.run start=1441815059191 end=1441815059208 duration=17 from=org.apache.hadoop.hive.ql.Driver>
15/09/09 11:10:59 INFO builder.HiveShellTearable: Executing script: create table bar (i int);
15/09/09 11:10:59 INFO service.HiveServer: Running the query: create table bar (i int)
15/09/09 11:10:59 INFO exec.ListSinkOperator: 74 finished. closing... 
15/09/09 11:10:59 INFO exec.ListSinkOperator: 74 Close done
15/09/09 11:10:59 INFO log.PerfLogger: <PERFLOG method=Driver.run from=org.apache.hadoop.hive.ql.Driver>
15/09/09 11:10:59 INFO log.PerfLogger: <PERFLOG method=TimeToSubmit from=org.apache.hadoop.hive.ql.Driver>
15/09/09 11:10:59 INFO ql.Driver: Concurrency mode is disabled, not creating a lock manager
15/09/09 11:10:59 INFO log.PerfLogger: <PERFLOG method=compile from=org.apache.hadoop.hive.ql.Driver>
15/09/09 11:10:59 INFO log.PerfLogger: <PERFLOG method=parse from=org.apache.hadoop.hive.ql.Driver>
15/09/09 11:10:59 INFO parse.ParseDriver: Parsing command: create table bar (i int)
15/09/09 11:10:59 INFO parse.ParseDriver: Parse Completed
15/09/09 11:10:59 INFO log.PerfLogger: </PERFLOG method=parse start=1441815059209 end=1441815059210 duration=1 from=org.apache.hadoop.hive.ql.Driver>
15/09/09 11:10:59 INFO log.PerfLogger: <PERFLOG method=semanticAnalyze from=org.apache.hadoop.hive.ql.Driver>
15/09/09 11:10:59 INFO parse.SemanticAnalyzer: Starting Semantic Analysis
15/09/09 11:10:59 INFO parse.SemanticAnalyzer: Creating table bar position=13
15/09/09 11:10:59 INFO metastore.HiveMetaStore: 0: get_database: default
15/09/09 11:10:59 INFO HiveMetaStore.audit: ugi=hpatel	ip=unknown-ip-addr	cmd=get_database: default	
15/09/09 11:10:59 INFO ql.Driver: Semantic Analysis Completed
15/09/09 11:10:59 INFO log.PerfLogger: </PERFLOG method=semanticAnalyze start=1441815059210 end=1441815059211 duration=1 from=org.apache.hadoop.hive.ql.Driver>
15/09/09 11:10:59 INFO ql.Driver: Returning Hive schema: Schema(fieldSchemas:null, properties:null)
15/09/09 11:10:59 INFO log.PerfLogger: </PERFLOG method=compile start=1441815059209 end=1441815059212 duration=3 from=org.apache.hadoop.hive.ql.Driver>
15/09/09 11:10:59 INFO log.PerfLogger: <PERFLOG method=Driver.execute from=org.apache.hadoop.hive.ql.Driver>
15/09/09 11:10:59 INFO ql.Driver: Starting command: create table bar (i int)
15/09/09 11:10:59 INFO log.PerfLogger: </PERFLOG method=TimeToSubmit start=1441815059209 end=1441815059212 duration=3 from=org.apache.hadoop.hive.ql.Driver>
15/09/09 11:10:59 INFO log.PerfLogger: <PERFLOG method=runTasks from=org.apache.hadoop.hive.ql.Driver>
15/09/09 11:10:59 INFO log.PerfLogger: <PERFLOG method=task.DDL.Stage-0 from=org.apache.hadoop.hive.ql.Driver>
15/09/09 11:10:59 INFO metastore.HiveMetaStore: 0: create_table: Table(tableName:bar, dbName:default, owner:hpatel, createTime:1441815059, lastAccessTime:0, retention:0, sd:StorageDescriptor(cols:[FieldSchema(name:i, type:int, comment:null)], location:null, inputFormat:org.apache.hadoop.mapred.TextInputFormat, outputFormat:org.apache.hadoop.hive.ql.io.HiveIgnoreKeyTextOutputFormat, compressed:false, numBuckets:-1, serdeInfo:SerDeInfo(name:null, serializationLib:org.apache.hadoop.hive.serde2.lazy.LazySimpleSerDe, parameters:{serialization.format=1}), bucketCols:[], sortCols:[], parameters:{}, skewedInfo:SkewedInfo(skewedColNames:[], skewedColValues:[], skewedColValueLocationMaps:{}), storedAsSubDirectories:false), partitionKeys:[], parameters:{}, viewOriginalText:null, viewExpandedText:null, tableType:MANAGED_TABLE)
15/09/09 11:10:59 INFO HiveMetaStore.audit: ugi=hpatel	ip=unknown-ip-addr	cmd=create_table: Table(tableName:bar, dbName:default, owner:hpatel, createTime:1441815059, lastAccessTime:0, retention:0, sd:StorageDescriptor(cols:[FieldSchema(name:i, type:int, comment:null)], location:null, inputFormat:org.apache.hadoop.mapred.TextInputFormat, outputFormat:org.apache.hadoop.hive.ql.io.HiveIgnoreKeyTextOutputFormat, compressed:false, numBuckets:-1, serdeInfo:SerDeInfo(name:null, serializationLib:org.apache.hadoop.hive.serde2.lazy.LazySimpleSerDe, parameters:{serialization.format=1}), bucketCols:[], sortCols:[], parameters:{}, skewedInfo:SkewedInfo(skewedColNames:[], skewedColValues:[], skewedColValueLocationMaps:{}), storedAsSubDirectories:false), partitionKeys:[], parameters:{}, viewOriginalText:null, viewExpandedText:null, tableType:MANAGED_TABLE)	
15/09/09 11:10:59 INFO common.FileUtils: Creating directory if it doesn't exist: file:/var/folders/y7/4_pz5fzx54ngcmghz3v6t3m00000gn/T/junit6028859269469596630/warehouse/bar
15/09/09 11:10:59 INFO log.PerfLogger: </PERFLOG method=runTasks start=1441815059212 end=1441815059262 duration=50 from=org.apache.hadoop.hive.ql.Driver>
15/09/09 11:10:59 INFO log.PerfLogger: </PERFLOG method=Driver.execute start=1441815059212 end=1441815059262 duration=50 from=org.apache.hadoop.hive.ql.Driver>
OK
15/09/09 11:10:59 INFO ql.Driver: OK
15/09/09 11:10:59 INFO log.PerfLogger: <PERFLOG method=releaseLocks from=org.apache.hadoop.hive.ql.Driver>
15/09/09 11:10:59 INFO log.PerfLogger: </PERFLOG method=releaseLocks start=1441815059262 end=1441815059262 duration=0 from=org.apache.hadoop.hive.ql.Driver>
15/09/09 11:10:59 INFO log.PerfLogger: </PERFLOG method=Driver.run start=1441815059209 end=1441815059262 duration=53 from=org.apache.hadoop.hive.ql.Driver>
15/09/09 11:10:59 INFO builder.HiveShellTearable: Executing script: create table fox(id string);
15/09/09 11:10:59 INFO service.HiveServer: Running the query: create table fox(id string)
15/09/09 11:10:59 INFO log.PerfLogger: <PERFLOG method=Driver.run from=org.apache.hadoop.hive.ql.Driver>
15/09/09 11:10:59 INFO log.PerfLogger: <PERFLOG method=TimeToSubmit from=org.apache.hadoop.hive.ql.Driver>
15/09/09 11:10:59 INFO ql.Driver: Concurrency mode is disabled, not creating a lock manager
15/09/09 11:10:59 INFO log.PerfLogger: <PERFLOG method=compile from=org.apache.hadoop.hive.ql.Driver>
15/09/09 11:10:59 INFO log.PerfLogger: <PERFLOG method=parse from=org.apache.hadoop.hive.ql.Driver>
15/09/09 11:10:59 INFO parse.ParseDriver: Parsing command: create table fox(id string)
15/09/09 11:10:59 INFO parse.ParseDriver: Parse Completed
15/09/09 11:10:59 INFO log.PerfLogger: </PERFLOG method=parse start=1441815059263 end=1441815059263 duration=0 from=org.apache.hadoop.hive.ql.Driver>
15/09/09 11:10:59 INFO log.PerfLogger: <PERFLOG method=semanticAnalyze from=org.apache.hadoop.hive.ql.Driver>
15/09/09 11:10:59 INFO parse.SemanticAnalyzer: Starting Semantic Analysis
15/09/09 11:10:59 INFO parse.SemanticAnalyzer: Creating table fox position=13
15/09/09 11:10:59 INFO metastore.HiveMetaStore: 0: get_database: default
15/09/09 11:10:59 INFO HiveMetaStore.audit: ugi=hpatel	ip=unknown-ip-addr	cmd=get_database: default	
15/09/09 11:10:59 INFO ql.Driver: Semantic Analysis Completed
15/09/09 11:10:59 INFO log.PerfLogger: </PERFLOG method=semanticAnalyze start=1441815059263 end=1441815059265 duration=2 from=org.apache.hadoop.hive.ql.Driver>
15/09/09 11:10:59 INFO ql.Driver: Returning Hive schema: Schema(fieldSchemas:null, properties:null)
15/09/09 11:10:59 INFO log.PerfLogger: </PERFLOG method=compile start=1441815059263 end=1441815059265 duration=2 from=org.apache.hadoop.hive.ql.Driver>
15/09/09 11:10:59 INFO log.PerfLogger: <PERFLOG method=Driver.execute from=org.apache.hadoop.hive.ql.Driver>
15/09/09 11:10:59 INFO ql.Driver: Starting command: create table fox(id string)
15/09/09 11:10:59 INFO log.PerfLogger: </PERFLOG method=TimeToSubmit start=1441815059262 end=1441815059265 duration=3 from=org.apache.hadoop.hive.ql.Driver>
15/09/09 11:10:59 INFO log.PerfLogger: <PERFLOG method=runTasks from=org.apache.hadoop.hive.ql.Driver>
15/09/09 11:10:59 INFO log.PerfLogger: <PERFLOG method=task.DDL.Stage-0 from=org.apache.hadoop.hive.ql.Driver>
15/09/09 11:10:59 INFO metastore.HiveMetaStore: 0: create_table: Table(tableName:fox, dbName:default, owner:hpatel, createTime:1441815059, lastAccessTime:0, retention:0, sd:StorageDescriptor(cols:[FieldSchema(name:id, type:string, comment:null)], location:null, inputFormat:org.apache.hadoop.mapred.TextInputFormat, outputFormat:org.apache.hadoop.hive.ql.io.HiveIgnoreKeyTextOutputFormat, compressed:false, numBuckets:-1, serdeInfo:SerDeInfo(name:null, serializationLib:org.apache.hadoop.hive.serde2.lazy.LazySimpleSerDe, parameters:{serialization.format=1}), bucketCols:[], sortCols:[], parameters:{}, skewedInfo:SkewedInfo(skewedColNames:[], skewedColValues:[], skewedColValueLocationMaps:{}), storedAsSubDirectories:false), partitionKeys:[], parameters:{}, viewOriginalText:null, viewExpandedText:null, tableType:MANAGED_TABLE)
15/09/09 11:10:59 INFO HiveMetaStore.audit: ugi=hpatel	ip=unknown-ip-addr	cmd=create_table: Table(tableName:fox, dbName:default, owner:hpatel, createTime:1441815059, lastAccessTime:0, retention:0, sd:StorageDescriptor(cols:[FieldSchema(name:id, type:string, comment:null)], location:null, inputFormat:org.apache.hadoop.mapred.TextInputFormat, outputFormat:org.apache.hadoop.hive.ql.io.HiveIgnoreKeyTextOutputFormat, compressed:false, numBuckets:-1, serdeInfo:SerDeInfo(name:null, serializationLib:org.apache.hadoop.hive.serde2.lazy.LazySimpleSerDe, parameters:{serialization.format=1}), bucketCols:[], sortCols:[], parameters:{}, skewedInfo:SkewedInfo(skewedColNames:[], skewedColValues:[], skewedColValueLocationMaps:{}), storedAsSubDirectories:false), partitionKeys:[], parameters:{}, viewOriginalText:null, viewExpandedText:null, tableType:MANAGED_TABLE)	
15/09/09 11:10:59 INFO common.FileUtils: Creating directory if it doesn't exist: file:/var/folders/y7/4_pz5fzx54ngcmghz3v6t3m00000gn/T/junit6028859269469596630/warehouse/fox
15/09/09 11:10:59 INFO log.PerfLogger: </PERFLOG method=runTasks start=1441815059265 end=1441815059287 duration=22 from=org.apache.hadoop.hive.ql.Driver>
15/09/09 11:10:59 INFO log.PerfLogger: </PERFLOG method=Driver.execute start=1441815059265 end=1441815059287 duration=22 from=org.apache.hadoop.hive.ql.Driver>
OK
15/09/09 11:10:59 INFO ql.Driver: OK
15/09/09 11:10:59 INFO log.PerfLogger: <PERFLOG method=releaseLocks from=org.apache.hadoop.hive.ql.Driver>
15/09/09 11:10:59 INFO log.PerfLogger: </PERFLOG method=releaseLocks start=1441815059287 end=1441815059287 duration=0 from=org.apache.hadoop.hive.ql.Driver>
15/09/09 11:10:59 INFO log.PerfLogger: </PERFLOG method=Driver.run start=1441815059262 end=1441815059287 duration=25 from=org.apache.hadoop.hive.ql.Driver>
15/09/09 11:10:59 INFO builder.HiveShellTearable: Executing script: create table love(id string);
15/09/09 11:10:59 INFO service.HiveServer: Running the query: create table love(id string)
15/09/09 11:10:59 INFO log.PerfLogger: <PERFLOG method=Driver.run from=org.apache.hadoop.hive.ql.Driver>
15/09/09 11:10:59 INFO log.PerfLogger: <PERFLOG method=TimeToSubmit from=org.apache.hadoop.hive.ql.Driver>
15/09/09 11:10:59 INFO ql.Driver: Concurrency mode is disabled, not creating a lock manager
15/09/09 11:10:59 INFO log.PerfLogger: <PERFLOG method=compile from=org.apache.hadoop.hive.ql.Driver>
15/09/09 11:10:59 INFO log.PerfLogger: <PERFLOG method=parse from=org.apache.hadoop.hive.ql.Driver>
15/09/09 11:10:59 INFO parse.ParseDriver: Parsing command: create table love(id string)
15/09/09 11:10:59 INFO parse.ParseDriver: Parse Completed
15/09/09 11:10:59 INFO log.PerfLogger: </PERFLOG method=parse start=1441815059287 end=1441815059288 duration=1 from=org.apache.hadoop.hive.ql.Driver>
15/09/09 11:10:59 INFO log.PerfLogger: <PERFLOG method=semanticAnalyze from=org.apache.hadoop.hive.ql.Driver>
15/09/09 11:10:59 INFO parse.SemanticAnalyzer: Starting Semantic Analysis
15/09/09 11:10:59 INFO parse.SemanticAnalyzer: Creating table love position=13
15/09/09 11:10:59 INFO metastore.HiveMetaStore: 0: get_database: default
15/09/09 11:10:59 INFO HiveMetaStore.audit: ugi=hpatel	ip=unknown-ip-addr	cmd=get_database: default	
15/09/09 11:10:59 INFO ql.Driver: Semantic Analysis Completed
15/09/09 11:10:59 INFO log.PerfLogger: </PERFLOG method=semanticAnalyze start=1441815059288 end=1441815059289 duration=1 from=org.apache.hadoop.hive.ql.Driver>
15/09/09 11:10:59 INFO ql.Driver: Returning Hive schema: Schema(fieldSchemas:null, properties:null)
15/09/09 11:10:59 INFO log.PerfLogger: </PERFLOG method=compile start=1441815059287 end=1441815059289 duration=2 from=org.apache.hadoop.hive.ql.Driver>
15/09/09 11:10:59 INFO log.PerfLogger: <PERFLOG method=Driver.execute from=org.apache.hadoop.hive.ql.Driver>
15/09/09 11:10:59 INFO ql.Driver: Starting command: create table love(id string)
15/09/09 11:10:59 INFO log.PerfLogger: </PERFLOG method=TimeToSubmit start=1441815059287 end=1441815059290 duration=3 from=org.apache.hadoop.hive.ql.Driver>
15/09/09 11:10:59 INFO log.PerfLogger: <PERFLOG method=runTasks from=org.apache.hadoop.hive.ql.Driver>
15/09/09 11:10:59 INFO log.PerfLogger: <PERFLOG method=task.DDL.Stage-0 from=org.apache.hadoop.hive.ql.Driver>
15/09/09 11:10:59 INFO metastore.HiveMetaStore: 0: create_table: Table(tableName:love, dbName:default, owner:hpatel, createTime:1441815059, lastAccessTime:0, retention:0, sd:StorageDescriptor(cols:[FieldSchema(name:id, type:string, comment:null)], location:null, inputFormat:org.apache.hadoop.mapred.TextInputFormat, outputFormat:org.apache.hadoop.hive.ql.io.HiveIgnoreKeyTextOutputFormat, compressed:false, numBuckets:-1, serdeInfo:SerDeInfo(name:null, serializationLib:org.apache.hadoop.hive.serde2.lazy.LazySimpleSerDe, parameters:{serialization.format=1}), bucketCols:[], sortCols:[], parameters:{}, skewedInfo:SkewedInfo(skewedColNames:[], skewedColValues:[], skewedColValueLocationMaps:{}), storedAsSubDirectories:false), partitionKeys:[], parameters:{}, viewOriginalText:null, viewExpandedText:null, tableType:MANAGED_TABLE)
15/09/09 11:10:59 INFO HiveMetaStore.audit: ugi=hpatel	ip=unknown-ip-addr	cmd=create_table: Table(tableName:love, dbName:default, owner:hpatel, createTime:1441815059, lastAccessTime:0, retention:0, sd:StorageDescriptor(cols:[FieldSchema(name:id, type:string, comment:null)], location:null, inputFormat:org.apache.hadoop.mapred.TextInputFormat, outputFormat:org.apache.hadoop.hive.ql.io.HiveIgnoreKeyTextOutputFormat, compressed:false, numBuckets:-1, serdeInfo:SerDeInfo(name:null, serializationLib:org.apache.hadoop.hive.serde2.lazy.LazySimpleSerDe, parameters:{serialization.format=1}), bucketCols:[], sortCols:[], parameters:{}, skewedInfo:SkewedInfo(skewedColNames:[], skewedColValues:[], skewedColValueLocationMaps:{}), storedAsSubDirectories:false), partitionKeys:[], parameters:{}, viewOriginalText:null, viewExpandedText:null, tableType:MANAGED_TABLE)	
15/09/09 11:10:59 INFO common.FileUtils: Creating directory if it doesn't exist: file:/var/folders/y7/4_pz5fzx54ngcmghz3v6t3m00000gn/T/junit6028859269469596630/warehouse/love
15/09/09 11:10:59 INFO log.PerfLogger: </PERFLOG method=runTasks start=1441815059290 end=1441815059311 duration=21 from=org.apache.hadoop.hive.ql.Driver>
15/09/09 11:10:59 INFO log.PerfLogger: </PERFLOG method=Driver.execute start=1441815059289 end=1441815059311 duration=22 from=org.apache.hadoop.hive.ql.Driver>
OK
15/09/09 11:10:59 INFO ql.Driver: OK
15/09/09 11:10:59 INFO log.PerfLogger: <PERFLOG method=releaseLocks from=org.apache.hadoop.hive.ql.Driver>
15/09/09 11:10:59 INFO log.PerfLogger: </PERFLOG method=releaseLocks start=1441815059311 end=1441815059311 duration=0 from=org.apache.hadoop.hive.ql.Driver>
15/09/09 11:10:59 INFO log.PerfLogger: </PERFLOG method=Driver.run start=1441815059287 end=1441815059311 duration=24 from=org.apache.hadoop.hive.ql.Driver>
15/09/09 11:10:59 INFO builder.HiveShellTearable: Created hive resource /var/folders/y7/4_pz5fzx54ngcmghz3v6t3m00000gn/T/junit6028859269469596630/vs/foo/fromFile.csv
15/09/09 11:10:59 INFO builder.HiveShellTearable: Created hive resource /var/folders/y7/4_pz5fzx54ngcmghz3v6t3m00000gn/T/junit6028859269469596630/vs/foo/fromPath.csv
15/09/09 11:10:59 INFO builder.HiveShellTearable: Created hive resource /var/folders/y7/4_pz5fzx54ngcmghz3v6t3m00000gn/T/junit6028859269469596630/vs/foo/fromString.csv
15/09/09 11:10:59 INFO service.HiveServer: Running the query: CREATE EXTERNAL TABLE foo (s1 int, s2 string)
  ROW FORMAT DELIMITED FIELDS TERMINATED BY ','
  STORED AS TEXTFILE
  LOCATION '${hiveconf:hive.vs.uri}/foo/'
15/09/09 11:10:59 INFO log.PerfLogger: <PERFLOG method=Driver.run from=org.apache.hadoop.hive.ql.Driver>
15/09/09 11:10:59 INFO log.PerfLogger: <PERFLOG method=TimeToSubmit from=org.apache.hadoop.hive.ql.Driver>
15/09/09 11:10:59 INFO ql.Driver: Concurrency mode is disabled, not creating a lock manager
15/09/09 11:10:59 INFO log.PerfLogger: <PERFLOG method=compile from=org.apache.hadoop.hive.ql.Driver>
15/09/09 11:10:59 INFO log.PerfLogger: <PERFLOG method=parse from=org.apache.hadoop.hive.ql.Driver>
15/09/09 11:10:59 INFO parse.ParseDriver: Parsing command: CREATE EXTERNAL TABLE foo (s1 int, s2 string)
  ROW FORMAT DELIMITED FIELDS TERMINATED BY ','
  STORED AS TEXTFILE
  LOCATION 'file:///var/folders/y7/4_pz5fzx54ngcmghz3v6t3m00000gn/T/junit6028859269469596630/vs//foo/'
15/09/09 11:10:59 INFO parse.ParseDriver: Parse Completed
15/09/09 11:10:59 INFO log.PerfLogger: </PERFLOG method=parse start=1441815059313 end=1441815059314 duration=1 from=org.apache.hadoop.hive.ql.Driver>
15/09/09 11:10:59 INFO log.PerfLogger: <PERFLOG method=semanticAnalyze from=org.apache.hadoop.hive.ql.Driver>
15/09/09 11:10:59 INFO parse.SemanticAnalyzer: Starting Semantic Analysis
15/09/09 11:10:59 INFO parse.SemanticAnalyzer: Creating table foo position=22
15/09/09 11:10:59 INFO metastore.HiveMetaStore: 0: get_database: default
15/09/09 11:10:59 INFO HiveMetaStore.audit: ugi=hpatel	ip=unknown-ip-addr	cmd=get_database: default	
15/09/09 11:10:59 INFO ql.Driver: Semantic Analysis Completed
15/09/09 11:10:59 INFO log.PerfLogger: </PERFLOG method=semanticAnalyze start=1441815059314 end=1441815059315 duration=1 from=org.apache.hadoop.hive.ql.Driver>
15/09/09 11:10:59 INFO ql.Driver: Returning Hive schema: Schema(fieldSchemas:null, properties:null)
15/09/09 11:10:59 INFO log.PerfLogger: </PERFLOG method=compile start=1441815059313 end=1441815059315 duration=2 from=org.apache.hadoop.hive.ql.Driver>
15/09/09 11:10:59 INFO log.PerfLogger: <PERFLOG method=Driver.execute from=org.apache.hadoop.hive.ql.Driver>
15/09/09 11:10:59 INFO ql.Driver: Starting command: CREATE EXTERNAL TABLE foo (s1 int, s2 string)
  ROW FORMAT DELIMITED FIELDS TERMINATED BY ','
  STORED AS TEXTFILE
  LOCATION 'file:///var/folders/y7/4_pz5fzx54ngcmghz3v6t3m00000gn/T/junit6028859269469596630/vs//foo/'
15/09/09 11:10:59 INFO log.PerfLogger: </PERFLOG method=TimeToSubmit start=1441815059313 end=1441815059316 duration=3 from=org.apache.hadoop.hive.ql.Driver>
15/09/09 11:10:59 INFO log.PerfLogger: <PERFLOG method=runTasks from=org.apache.hadoop.hive.ql.Driver>
15/09/09 11:10:59 INFO log.PerfLogger: <PERFLOG method=task.DDL.Stage-0 from=org.apache.hadoop.hive.ql.Driver>
15/09/09 11:10:59 INFO metastore.HiveMetaStore: 0: create_table: Table(tableName:foo, dbName:default, owner:hpatel, createTime:1441815059, lastAccessTime:0, retention:0, sd:StorageDescriptor(cols:[FieldSchema(name:s1, type:int, comment:null), FieldSchema(name:s2, type:string, comment:null)], location:file:/var/folders/y7/4_pz5fzx54ngcmghz3v6t3m00000gn/T/junit6028859269469596630/vs/foo, inputFormat:org.apache.hadoop.mapred.TextInputFormat, outputFormat:org.apache.hadoop.hive.ql.io.HiveIgnoreKeyTextOutputFormat, compressed:false, numBuckets:-1, serdeInfo:SerDeInfo(name:null, serializationLib:org.apache.hadoop.hive.serde2.lazy.LazySimpleSerDe, parameters:{serialization.format=,, field.delim=,}), bucketCols:[], sortCols:[], parameters:{}, skewedInfo:SkewedInfo(skewedColNames:[], skewedColValues:[], skewedColValueLocationMaps:{}), storedAsSubDirectories:false), partitionKeys:[], parameters:{EXTERNAL=TRUE}, viewOriginalText:null, viewExpandedText:null, tableType:EXTERNAL_TABLE)
15/09/09 11:10:59 INFO HiveMetaStore.audit: ugi=hpatel	ip=unknown-ip-addr	cmd=create_table: Table(tableName:foo, dbName:default, owner:hpatel, createTime:1441815059, lastAccessTime:0, retention:0, sd:StorageDescriptor(cols:[FieldSchema(name:s1, type:int, comment:null), FieldSchema(name:s2, type:string, comment:null)], location:file:/var/folders/y7/4_pz5fzx54ngcmghz3v6t3m00000gn/T/junit6028859269469596630/vs/foo, inputFormat:org.apache.hadoop.mapred.TextInputFormat, outputFormat:org.apache.hadoop.hive.ql.io.HiveIgnoreKeyTextOutputFormat, compressed:false, numBuckets:-1, serdeInfo:SerDeInfo(name:null, serializationLib:org.apache.hadoop.hive.serde2.lazy.LazySimpleSerDe, parameters:{serialization.format=,, field.delim=,}), bucketCols:[], sortCols:[], parameters:{}, skewedInfo:SkewedInfo(skewedColNames:[], skewedColValues:[], skewedColValueLocationMaps:{}), storedAsSubDirectories:false), partitionKeys:[], parameters:{EXTERNAL=TRUE}, viewOriginalText:null, viewExpandedText:null, tableType:EXTERNAL_TABLE)	
15/09/09 11:10:59 INFO log.PerfLogger: </PERFLOG method=runTasks start=1441815059316 end=1441815059322 duration=6 from=org.apache.hadoop.hive.ql.Driver>
15/09/09 11:10:59 INFO log.PerfLogger: </PERFLOG method=Driver.execute start=1441815059316 end=1441815059323 duration=7 from=org.apache.hadoop.hive.ql.Driver>
OK
15/09/09 11:10:59 INFO ql.Driver: OK
15/09/09 11:10:59 INFO log.PerfLogger: <PERFLOG method=releaseLocks from=org.apache.hadoop.hive.ql.Driver>
15/09/09 11:10:59 INFO log.PerfLogger: </PERFLOG method=releaseLocks start=1441815059323 end=1441815059323 duration=0 from=org.apache.hadoop.hive.ql.Driver>
15/09/09 11:10:59 INFO log.PerfLogger: </PERFLOG method=Driver.run start=1441815059313 end=1441815059323 duration=10 from=org.apache.hadoop.hive.ql.Driver>
15/09/09 11:10:59 INFO service.HiveServer: Running the query: show tables
15/09/09 11:10:59 INFO log.PerfLogger: <PERFLOG method=Driver.run from=org.apache.hadoop.hive.ql.Driver>
15/09/09 11:10:59 INFO log.PerfLogger: <PERFLOG method=TimeToSubmit from=org.apache.hadoop.hive.ql.Driver>
15/09/09 11:10:59 INFO ql.Driver: Concurrency mode is disabled, not creating a lock manager
15/09/09 11:10:59 INFO log.PerfLogger: <PERFLOG method=compile from=org.apache.hadoop.hive.ql.Driver>
15/09/09 11:10:59 INFO log.PerfLogger: <PERFLOG method=parse from=org.apache.hadoop.hive.ql.Driver>
15/09/09 11:10:59 INFO parse.ParseDriver: Parsing command: show tables
15/09/09 11:10:59 INFO parse.ParseDriver: Parse Completed
15/09/09 11:10:59 INFO log.PerfLogger: </PERFLOG method=parse start=1441815059323 end=1441815059323 duration=0 from=org.apache.hadoop.hive.ql.Driver>
15/09/09 11:10:59 INFO log.PerfLogger: <PERFLOG method=semanticAnalyze from=org.apache.hadoop.hive.ql.Driver>
15/09/09 11:10:59 INFO ql.Driver: Semantic Analysis Completed
15/09/09 11:10:59 INFO log.PerfLogger: </PERFLOG method=semanticAnalyze start=1441815059323 end=1441815059327 duration=4 from=org.apache.hadoop.hive.ql.Driver>
15/09/09 11:10:59 INFO exec.ListSinkOperator: Initializing Self 75 OP
15/09/09 11:10:59 INFO exec.ListSinkOperator: Operator 75 OP initialized
15/09/09 11:10:59 INFO exec.ListSinkOperator: Initialization Done 75 OP
15/09/09 11:10:59 INFO ql.Driver: Returning Hive schema: Schema(fieldSchemas:[FieldSchema(name:tab_name, type:string, comment:from deserializer)], properties:null)
15/09/09 11:10:59 INFO log.PerfLogger: </PERFLOG method=compile start=1441815059323 end=1441815059328 duration=5 from=org.apache.hadoop.hive.ql.Driver>
15/09/09 11:10:59 INFO log.PerfLogger: <PERFLOG method=Driver.execute from=org.apache.hadoop.hive.ql.Driver>
15/09/09 11:10:59 INFO ql.Driver: Starting command: show tables
15/09/09 11:10:59 INFO log.PerfLogger: </PERFLOG method=TimeToSubmit start=1441815059323 end=1441815059328 duration=5 from=org.apache.hadoop.hive.ql.Driver>
15/09/09 11:10:59 INFO log.PerfLogger: <PERFLOG method=runTasks from=org.apache.hadoop.hive.ql.Driver>
15/09/09 11:10:59 INFO log.PerfLogger: <PERFLOG method=task.DDL.Stage-0 from=org.apache.hadoop.hive.ql.Driver>
15/09/09 11:10:59 INFO metastore.HiveMetaStore: 0: get_database: default
15/09/09 11:10:59 INFO HiveMetaStore.audit: ugi=hpatel	ip=unknown-ip-addr	cmd=get_database: default	
15/09/09 11:10:59 INFO metastore.HiveMetaStore: 0: get_tables: db=default pat=.*
15/09/09 11:10:59 INFO HiveMetaStore.audit: ugi=hpatel	ip=unknown-ip-addr	cmd=get_tables: db=default pat=.*	
15/09/09 11:10:59 INFO log.PerfLogger: </PERFLOG method=runTasks start=1441815059328 end=1441815059336 duration=8 from=org.apache.hadoop.hive.ql.Driver>
15/09/09 11:10:59 INFO log.PerfLogger: </PERFLOG method=Driver.execute start=1441815059328 end=1441815059336 duration=8 from=org.apache.hadoop.hive.ql.Driver>
OK
15/09/09 11:10:59 INFO ql.Driver: OK
15/09/09 11:10:59 INFO log.PerfLogger: <PERFLOG method=releaseLocks from=org.apache.hadoop.hive.ql.Driver>
15/09/09 11:10:59 INFO log.PerfLogger: </PERFLOG method=releaseLocks start=1441815059336 end=1441815059336 duration=0 from=org.apache.hadoop.hive.ql.Driver>
15/09/09 11:10:59 INFO log.PerfLogger: </PERFLOG method=Driver.run start=1441815059323 end=1441815059336 duration=13 from=org.apache.hadoop.hive.ql.Driver>
15/09/09 11:10:59 INFO mapred.FileInputFormat: Total input paths to process : 1
15/09/09 11:10:59 INFO service.HiveServer: Running the query: USE default
15/09/09 11:10:59 INFO exec.ListSinkOperator: 75 finished. closing... 
15/09/09 11:10:59 INFO exec.ListSinkOperator: 75 Close done
15/09/09 11:10:59 INFO log.PerfLogger: <PERFLOG method=Driver.run from=org.apache.hadoop.hive.ql.Driver>
15/09/09 11:10:59 INFO log.PerfLogger: <PERFLOG method=TimeToSubmit from=org.apache.hadoop.hive.ql.Driver>
15/09/09 11:10:59 INFO ql.Driver: Concurrency mode is disabled, not creating a lock manager
15/09/09 11:10:59 INFO log.PerfLogger: <PERFLOG method=compile from=org.apache.hadoop.hive.ql.Driver>
15/09/09 11:10:59 INFO log.PerfLogger: <PERFLOG method=parse from=org.apache.hadoop.hive.ql.Driver>
15/09/09 11:10:59 INFO parse.ParseDriver: Parsing command: USE default
15/09/09 11:10:59 INFO parse.ParseDriver: Parse Completed
15/09/09 11:10:59 INFO log.PerfLogger: </PERFLOG method=parse start=1441815059339 end=1441815059339 duration=0 from=org.apache.hadoop.hive.ql.Driver>
15/09/09 11:10:59 INFO log.PerfLogger: <PERFLOG method=semanticAnalyze from=org.apache.hadoop.hive.ql.Driver>
15/09/09 11:10:59 INFO ql.Driver: Semantic Analysis Completed
15/09/09 11:10:59 INFO log.PerfLogger: </PERFLOG method=semanticAnalyze start=1441815059339 end=1441815059339 duration=0 from=org.apache.hadoop.hive.ql.Driver>
15/09/09 11:10:59 INFO ql.Driver: Returning Hive schema: Schema(fieldSchemas:null, properties:null)
15/09/09 11:10:59 INFO log.PerfLogger: </PERFLOG method=compile start=1441815059338 end=1441815059339 duration=1 from=org.apache.hadoop.hive.ql.Driver>
15/09/09 11:10:59 INFO log.PerfLogger: <PERFLOG method=Driver.execute from=org.apache.hadoop.hive.ql.Driver>
15/09/09 11:10:59 INFO ql.Driver: Starting command: USE default
15/09/09 11:10:59 INFO log.PerfLogger: </PERFLOG method=TimeToSubmit start=1441815059338 end=1441815059339 duration=1 from=org.apache.hadoop.hive.ql.Driver>
15/09/09 11:10:59 INFO log.PerfLogger: <PERFLOG method=runTasks from=org.apache.hadoop.hive.ql.Driver>
15/09/09 11:10:59 INFO log.PerfLogger: <PERFLOG method=task.DDL.Stage-0 from=org.apache.hadoop.hive.ql.Driver>
15/09/09 11:10:59 INFO metastore.HiveMetaStore: 0: get_database: default
15/09/09 11:10:59 INFO HiveMetaStore.audit: ugi=hpatel	ip=unknown-ip-addr	cmd=get_database: default	
15/09/09 11:10:59 INFO metastore.HiveMetaStore: 0: get_database: default
15/09/09 11:10:59 INFO HiveMetaStore.audit: ugi=hpatel	ip=unknown-ip-addr	cmd=get_database: default	
15/09/09 11:10:59 INFO log.PerfLogger: </PERFLOG method=runTasks start=1441815059339 end=1441815059343 duration=4 from=org.apache.hadoop.hive.ql.Driver>
15/09/09 11:10:59 INFO log.PerfLogger: </PERFLOG method=Driver.execute start=1441815059339 end=1441815059343 duration=4 from=org.apache.hadoop.hive.ql.Driver>
OK
15/09/09 11:10:59 INFO ql.Driver: OK
15/09/09 11:10:59 INFO log.PerfLogger: <PERFLOG method=releaseLocks from=org.apache.hadoop.hive.ql.Driver>
15/09/09 11:10:59 INFO log.PerfLogger: </PERFLOG method=releaseLocks start=1441815059343 end=1441815059343 duration=0 from=org.apache.hadoop.hive.ql.Driver>
15/09/09 11:10:59 INFO log.PerfLogger: </PERFLOG method=Driver.run start=1441815059338 end=1441815059343 duration=5 from=org.apache.hadoop.hive.ql.Driver>
15/09/09 11:10:59 INFO metastore.HiveMetaStore: 0: Shutting down the object store...
15/09/09 11:10:59 INFO HiveMetaStore.audit: ugi=hpatel	ip=unknown-ip-addr	cmd=Shutting down the object store...	
15/09/09 11:10:59 INFO metastore.HiveMetaStore: 0: Metastore shutdown complete.
15/09/09 11:10:59 INFO HiveMetaStore.audit: ugi=hpatel	ip=unknown-ip-addr	cmd=Metastore shutdown complete.	
15/09/09 11:10:59 INFO hiverunner.HiveServerContainer: Tore down HiveServer instance
15/09/09 11:10:59 INFO metastore.HiveMetaStore: 0: Opening raw store with implemenation class:org.apache.hadoop.hive.metastore.ObjectStore
15/09/09 11:10:59 INFO metastore.ObjectStore: ObjectStore, initialize called
15/09/09 11:10:59 INFO DataNucleus.Persistence: Property datanucleus.cache.level2 unknown - will be ignored
15/09/09 11:10:59 INFO DataNucleus.Persistence: Property hive.metastore.integral.jdo.pushdown unknown - will be ignored
15/09/09 11:10:59 INFO metastore.ObjectStore: Setting MetaStore object pin classes with hive.metastore.cache.pinobjtypes="Table,StorageDescriptor,SerDeInfo,Partition,Database,Type,FieldSchema,Order"
15/09/09 11:10:59 INFO metastore.MetaStoreDirectSql: MySQL check failed, assuming we are not on mysql: unknown token: 
15/09/09 11:10:59 INFO DataNucleus.Datastore: The class "org.apache.hadoop.hive.metastore.model.MFieldSchema" is tagged as "embedded-only" so does not have its own datastore table.
15/09/09 11:10:59 INFO DataNucleus.Datastore: The class "org.apache.hadoop.hive.metastore.model.MOrder" is tagged as "embedded-only" so does not have its own datastore table.
15/09/09 11:10:59 INFO DataNucleus.Datastore: The class "org.apache.hadoop.hive.metastore.model.MFieldSchema" is tagged as "embedded-only" so does not have its own datastore table.
15/09/09 11:10:59 INFO DataNucleus.Datastore: The class "org.apache.hadoop.hive.metastore.model.MOrder" is tagged as "embedded-only" so does not have its own datastore table.
15/09/09 11:10:59 INFO metastore.ObjectStore: Initialized ObjectStore
15/09/09 11:10:59 INFO metastore.HiveMetaStore: No user is added in admin role, since config is empty
15/09/09 11:10:59 INFO metastore.HiveMetaStore: 0: Shutting down the object store...
15/09/09 11:10:59 INFO HiveMetaStore.audit: ugi=hpatel	ip=unknown-ip-addr	cmd=Shutting down the object store...	
15/09/09 11:10:59 INFO metastore.HiveMetaStore: 0: Metastore shutdown complete.
15/09/09 11:10:59 INFO HiveMetaStore.audit: ugi=hpatel	ip=unknown-ip-addr	cmd=Metastore shutdown complete.	
15/09/09 11:10:59 INFO metastore.HiveMetaStore: No user is added in admin role, since config is empty
15/09/09 11:10:59 INFO session.SessionState: No Tez session required at this point. hive.execution.engine=mr.
15/09/09 11:10:59 INFO service.HiveServer: Putting temp output to file /var/folders/y7/4_pz5fzx54ngcmghz3v6t3m00000gn/T/junit1588454912403356900/localscratchdir/ac12bb9f-f327-427f-aa13-579637cb4dae9180964609571209439.pipeout
15/09/09 11:10:59 INFO service.HiveServer: Running the query: SHOW TABLES
15/09/09 11:10:59 INFO log.PerfLogger: <PERFLOG method=Driver.run from=org.apache.hadoop.hive.ql.Driver>
15/09/09 11:10:59 INFO log.PerfLogger: <PERFLOG method=TimeToSubmit from=org.apache.hadoop.hive.ql.Driver>
15/09/09 11:10:59 INFO ql.Driver: Concurrency mode is disabled, not creating a lock manager
15/09/09 11:10:59 INFO log.PerfLogger: <PERFLOG method=compile from=org.apache.hadoop.hive.ql.Driver>
15/09/09 11:10:59 INFO log.PerfLogger: <PERFLOG method=parse from=org.apache.hadoop.hive.ql.Driver>
15/09/09 11:10:59 INFO parse.ParseDriver: Parsing command: SHOW TABLES
15/09/09 11:10:59 INFO parse.ParseDriver: Parse Completed
15/09/09 11:10:59 INFO log.PerfLogger: </PERFLOG method=parse start=1441815059608 end=1441815059608 duration=0 from=org.apache.hadoop.hive.ql.Driver>
15/09/09 11:10:59 INFO log.PerfLogger: <PERFLOG method=semanticAnalyze from=org.apache.hadoop.hive.ql.Driver>
15/09/09 11:10:59 INFO ql.Driver: Semantic Analysis Completed
15/09/09 11:10:59 INFO log.PerfLogger: </PERFLOG method=semanticAnalyze start=1441815059608 end=1441815059612 duration=4 from=org.apache.hadoop.hive.ql.Driver>
15/09/09 11:10:59 INFO exec.ListSinkOperator: Initializing Self 76 OP
15/09/09 11:10:59 INFO exec.ListSinkOperator: Operator 76 OP initialized
15/09/09 11:10:59 INFO exec.ListSinkOperator: Initialization Done 76 OP
15/09/09 11:10:59 INFO ql.Driver: Returning Hive schema: Schema(fieldSchemas:[FieldSchema(name:tab_name, type:string, comment:from deserializer)], properties:null)
15/09/09 11:10:59 INFO log.PerfLogger: </PERFLOG method=compile start=1441815059608 end=1441815059613 duration=5 from=org.apache.hadoop.hive.ql.Driver>
15/09/09 11:10:59 INFO log.PerfLogger: <PERFLOG method=Driver.execute from=org.apache.hadoop.hive.ql.Driver>
15/09/09 11:10:59 INFO ql.Driver: Starting command: SHOW TABLES
15/09/09 11:10:59 INFO log.PerfLogger: </PERFLOG method=TimeToSubmit start=1441815059608 end=1441815059613 duration=5 from=org.apache.hadoop.hive.ql.Driver>
15/09/09 11:10:59 INFO log.PerfLogger: <PERFLOG method=runTasks from=org.apache.hadoop.hive.ql.Driver>
15/09/09 11:10:59 INFO log.PerfLogger: <PERFLOG method=task.DDL.Stage-0 from=org.apache.hadoop.hive.ql.Driver>
15/09/09 11:10:59 INFO metastore.HiveMetaStore: 0: get_database: default
15/09/09 11:10:59 INFO HiveMetaStore.audit: ugi=hpatel	ip=unknown-ip-addr	cmd=get_database: default	
15/09/09 11:10:59 INFO metastore.HiveMetaStore: 0: Opening raw store with implemenation class:org.apache.hadoop.hive.metastore.ObjectStore
15/09/09 11:10:59 INFO metastore.ObjectStore: ObjectStore, initialize called
15/09/09 11:10:59 INFO metastore.MetaStoreDirectSql: MySQL check failed, assuming we are not on mysql: unknown token: 
15/09/09 11:10:59 INFO DataNucleus.Query: Reading in results for query "org.datanucleus.store.rdbms.query.SQLQuery@0" since the connection used is closing
15/09/09 11:10:59 INFO metastore.ObjectStore: Initialized ObjectStore
15/09/09 11:10:59 INFO metastore.HiveMetaStore: 0: get_tables: db=default pat=.*
15/09/09 11:10:59 INFO HiveMetaStore.audit: ugi=hpatel	ip=unknown-ip-addr	cmd=get_tables: db=default pat=.*	
15/09/09 11:10:59 INFO log.PerfLogger: </PERFLOG method=runTasks start=1441815059613 end=1441815059624 duration=11 from=org.apache.hadoop.hive.ql.Driver>
15/09/09 11:10:59 INFO log.PerfLogger: </PERFLOG method=Driver.execute start=1441815059613 end=1441815059624 duration=11 from=org.apache.hadoop.hive.ql.Driver>
OK
15/09/09 11:10:59 INFO ql.Driver: OK
15/09/09 11:10:59 INFO log.PerfLogger: <PERFLOG method=releaseLocks from=org.apache.hadoop.hive.ql.Driver>
15/09/09 11:10:59 INFO log.PerfLogger: </PERFLOG method=releaseLocks start=1441815059624 end=1441815059624 duration=0 from=org.apache.hadoop.hive.ql.Driver>
15/09/09 11:10:59 INFO log.PerfLogger: </PERFLOG method=Driver.run start=1441815059608 end=1441815059624 duration=16 from=org.apache.hadoop.hive.ql.Driver>
15/09/09 11:10:59 INFO builder.HiveShellTearable: Executing script: create table bar (i int);
15/09/09 11:10:59 INFO service.HiveServer: Running the query: create table bar (i int)
15/09/09 11:10:59 INFO exec.ListSinkOperator: 76 finished. closing... 
15/09/09 11:10:59 INFO exec.ListSinkOperator: 76 Close done
15/09/09 11:10:59 INFO log.PerfLogger: <PERFLOG method=Driver.run from=org.apache.hadoop.hive.ql.Driver>
15/09/09 11:10:59 INFO log.PerfLogger: <PERFLOG method=TimeToSubmit from=org.apache.hadoop.hive.ql.Driver>
15/09/09 11:10:59 INFO ql.Driver: Concurrency mode is disabled, not creating a lock manager
15/09/09 11:10:59 INFO log.PerfLogger: <PERFLOG method=compile from=org.apache.hadoop.hive.ql.Driver>
15/09/09 11:10:59 INFO log.PerfLogger: <PERFLOG method=parse from=org.apache.hadoop.hive.ql.Driver>
15/09/09 11:10:59 INFO parse.ParseDriver: Parsing command: create table bar (i int)
15/09/09 11:10:59 INFO parse.ParseDriver: Parse Completed
15/09/09 11:10:59 INFO log.PerfLogger: </PERFLOG method=parse start=1441815059625 end=1441815059625 duration=0 from=org.apache.hadoop.hive.ql.Driver>
15/09/09 11:10:59 INFO log.PerfLogger: <PERFLOG method=semanticAnalyze from=org.apache.hadoop.hive.ql.Driver>
15/09/09 11:10:59 INFO parse.SemanticAnalyzer: Starting Semantic Analysis
15/09/09 11:10:59 INFO parse.SemanticAnalyzer: Creating table bar position=13
15/09/09 11:10:59 INFO metastore.HiveMetaStore: 0: get_database: default
15/09/09 11:10:59 INFO HiveMetaStore.audit: ugi=hpatel	ip=unknown-ip-addr	cmd=get_database: default	
15/09/09 11:10:59 INFO ql.Driver: Semantic Analysis Completed
15/09/09 11:10:59 INFO log.PerfLogger: </PERFLOG method=semanticAnalyze start=1441815059625 end=1441815059627 duration=2 from=org.apache.hadoop.hive.ql.Driver>
15/09/09 11:10:59 INFO ql.Driver: Returning Hive schema: Schema(fieldSchemas:null, properties:null)
15/09/09 11:10:59 INFO log.PerfLogger: </PERFLOG method=compile start=1441815059625 end=1441815059627 duration=2 from=org.apache.hadoop.hive.ql.Driver>
15/09/09 11:10:59 INFO log.PerfLogger: <PERFLOG method=Driver.execute from=org.apache.hadoop.hive.ql.Driver>
15/09/09 11:10:59 INFO ql.Driver: Starting command: create table bar (i int)
15/09/09 11:10:59 INFO log.PerfLogger: </PERFLOG method=TimeToSubmit start=1441815059625 end=1441815059627 duration=2 from=org.apache.hadoop.hive.ql.Driver>
15/09/09 11:10:59 INFO log.PerfLogger: <PERFLOG method=runTasks from=org.apache.hadoop.hive.ql.Driver>
15/09/09 11:10:59 INFO log.PerfLogger: <PERFLOG method=task.DDL.Stage-0 from=org.apache.hadoop.hive.ql.Driver>
15/09/09 11:10:59 INFO metastore.HiveMetaStore: 0: create_table: Table(tableName:bar, dbName:default, owner:hpatel, createTime:1441815059, lastAccessTime:0, retention:0, sd:StorageDescriptor(cols:[FieldSchema(name:i, type:int, comment:null)], location:null, inputFormat:org.apache.hadoop.mapred.TextInputFormat, outputFormat:org.apache.hadoop.hive.ql.io.HiveIgnoreKeyTextOutputFormat, compressed:false, numBuckets:-1, serdeInfo:SerDeInfo(name:null, serializationLib:org.apache.hadoop.hive.serde2.lazy.LazySimpleSerDe, parameters:{serialization.format=1}), bucketCols:[], sortCols:[], parameters:{}, skewedInfo:SkewedInfo(skewedColNames:[], skewedColValues:[], skewedColValueLocationMaps:{}), storedAsSubDirectories:false), partitionKeys:[], parameters:{}, viewOriginalText:null, viewExpandedText:null, tableType:MANAGED_TABLE)
15/09/09 11:10:59 INFO HiveMetaStore.audit: ugi=hpatel	ip=unknown-ip-addr	cmd=create_table: Table(tableName:bar, dbName:default, owner:hpatel, createTime:1441815059, lastAccessTime:0, retention:0, sd:StorageDescriptor(cols:[FieldSchema(name:i, type:int, comment:null)], location:null, inputFormat:org.apache.hadoop.mapred.TextInputFormat, outputFormat:org.apache.hadoop.hive.ql.io.HiveIgnoreKeyTextOutputFormat, compressed:false, numBuckets:-1, serdeInfo:SerDeInfo(name:null, serializationLib:org.apache.hadoop.hive.serde2.lazy.LazySimpleSerDe, parameters:{serialization.format=1}), bucketCols:[], sortCols:[], parameters:{}, skewedInfo:SkewedInfo(skewedColNames:[], skewedColValues:[], skewedColValueLocationMaps:{}), storedAsSubDirectories:false), partitionKeys:[], parameters:{}, viewOriginalText:null, viewExpandedText:null, tableType:MANAGED_TABLE)	
15/09/09 11:10:59 INFO common.FileUtils: Creating directory if it doesn't exist: file:/var/folders/y7/4_pz5fzx54ngcmghz3v6t3m00000gn/T/junit1588454912403356900/warehouse/bar
15/09/09 11:10:59 INFO log.PerfLogger: </PERFLOG method=runTasks start=1441815059627 end=1441815059668 duration=41 from=org.apache.hadoop.hive.ql.Driver>
15/09/09 11:10:59 INFO log.PerfLogger: </PERFLOG method=Driver.execute start=1441815059627 end=1441815059668 duration=41 from=org.apache.hadoop.hive.ql.Driver>
OK
15/09/09 11:10:59 INFO ql.Driver: OK
15/09/09 11:10:59 INFO log.PerfLogger: <PERFLOG method=releaseLocks from=org.apache.hadoop.hive.ql.Driver>
15/09/09 11:10:59 INFO log.PerfLogger: </PERFLOG method=releaseLocks start=1441815059668 end=1441815059668 duration=0 from=org.apache.hadoop.hive.ql.Driver>
15/09/09 11:10:59 INFO log.PerfLogger: </PERFLOG method=Driver.run start=1441815059625 end=1441815059668 duration=43 from=org.apache.hadoop.hive.ql.Driver>
15/09/09 11:10:59 INFO builder.HiveShellTearable: Executing script: create table fox(id string);
15/09/09 11:10:59 INFO service.HiveServer: Running the query: create table fox(id string)
15/09/09 11:10:59 INFO log.PerfLogger: <PERFLOG method=Driver.run from=org.apache.hadoop.hive.ql.Driver>
15/09/09 11:10:59 INFO log.PerfLogger: <PERFLOG method=TimeToSubmit from=org.apache.hadoop.hive.ql.Driver>
15/09/09 11:10:59 INFO ql.Driver: Concurrency mode is disabled, not creating a lock manager
15/09/09 11:10:59 INFO log.PerfLogger: <PERFLOG method=compile from=org.apache.hadoop.hive.ql.Driver>
15/09/09 11:10:59 INFO log.PerfLogger: <PERFLOG method=parse from=org.apache.hadoop.hive.ql.Driver>
15/09/09 11:10:59 INFO parse.ParseDriver: Parsing command: create table fox(id string)
15/09/09 11:10:59 INFO parse.ParseDriver: Parse Completed
15/09/09 11:10:59 INFO log.PerfLogger: </PERFLOG method=parse start=1441815059668 end=1441815059669 duration=1 from=org.apache.hadoop.hive.ql.Driver>
15/09/09 11:10:59 INFO log.PerfLogger: <PERFLOG method=semanticAnalyze from=org.apache.hadoop.hive.ql.Driver>
15/09/09 11:10:59 INFO parse.SemanticAnalyzer: Starting Semantic Analysis
15/09/09 11:10:59 INFO parse.SemanticAnalyzer: Creating table fox position=13
15/09/09 11:10:59 INFO metastore.HiveMetaStore: 0: get_database: default
15/09/09 11:10:59 INFO HiveMetaStore.audit: ugi=hpatel	ip=unknown-ip-addr	cmd=get_database: default	
15/09/09 11:10:59 INFO ql.Driver: Semantic Analysis Completed
15/09/09 11:10:59 INFO log.PerfLogger: </PERFLOG method=semanticAnalyze start=1441815059669 end=1441815059671 duration=2 from=org.apache.hadoop.hive.ql.Driver>
15/09/09 11:10:59 INFO ql.Driver: Returning Hive schema: Schema(fieldSchemas:null, properties:null)
15/09/09 11:10:59 INFO log.PerfLogger: </PERFLOG method=compile start=1441815059668 end=1441815059671 duration=3 from=org.apache.hadoop.hive.ql.Driver>
15/09/09 11:10:59 INFO log.PerfLogger: <PERFLOG method=Driver.execute from=org.apache.hadoop.hive.ql.Driver>
15/09/09 11:10:59 INFO ql.Driver: Starting command: create table fox(id string)
15/09/09 11:10:59 INFO log.PerfLogger: </PERFLOG method=TimeToSubmit start=1441815059668 end=1441815059671 duration=3 from=org.apache.hadoop.hive.ql.Driver>
15/09/09 11:10:59 INFO log.PerfLogger: <PERFLOG method=runTasks from=org.apache.hadoop.hive.ql.Driver>
15/09/09 11:10:59 INFO log.PerfLogger: <PERFLOG method=task.DDL.Stage-0 from=org.apache.hadoop.hive.ql.Driver>
15/09/09 11:10:59 INFO metastore.HiveMetaStore: 0: create_table: Table(tableName:fox, dbName:default, owner:hpatel, createTime:1441815059, lastAccessTime:0, retention:0, sd:StorageDescriptor(cols:[FieldSchema(name:id, type:string, comment:null)], location:null, inputFormat:org.apache.hadoop.mapred.TextInputFormat, outputFormat:org.apache.hadoop.hive.ql.io.HiveIgnoreKeyTextOutputFormat, compressed:false, numBuckets:-1, serdeInfo:SerDeInfo(name:null, serializationLib:org.apache.hadoop.hive.serde2.lazy.LazySimpleSerDe, parameters:{serialization.format=1}), bucketCols:[], sortCols:[], parameters:{}, skewedInfo:SkewedInfo(skewedColNames:[], skewedColValues:[], skewedColValueLocationMaps:{}), storedAsSubDirectories:false), partitionKeys:[], parameters:{}, viewOriginalText:null, viewExpandedText:null, tableType:MANAGED_TABLE)
15/09/09 11:10:59 INFO HiveMetaStore.audit: ugi=hpatel	ip=unknown-ip-addr	cmd=create_table: Table(tableName:fox, dbName:default, owner:hpatel, createTime:1441815059, lastAccessTime:0, retention:0, sd:StorageDescriptor(cols:[FieldSchema(name:id, type:string, comment:null)], location:null, inputFormat:org.apache.hadoop.mapred.TextInputFormat, outputFormat:org.apache.hadoop.hive.ql.io.HiveIgnoreKeyTextOutputFormat, compressed:false, numBuckets:-1, serdeInfo:SerDeInfo(name:null, serializationLib:org.apache.hadoop.hive.serde2.lazy.LazySimpleSerDe, parameters:{serialization.format=1}), bucketCols:[], sortCols:[], parameters:{}, skewedInfo:SkewedInfo(skewedColNames:[], skewedColValues:[], skewedColValueLocationMaps:{}), storedAsSubDirectories:false), partitionKeys:[], parameters:{}, viewOriginalText:null, viewExpandedText:null, tableType:MANAGED_TABLE)	
15/09/09 11:10:59 INFO common.FileUtils: Creating directory if it doesn't exist: file:/var/folders/y7/4_pz5fzx54ngcmghz3v6t3m00000gn/T/junit1588454912403356900/warehouse/fox
15/09/09 11:10:59 INFO log.PerfLogger: </PERFLOG method=runTasks start=1441815059671 end=1441815059691 duration=20 from=org.apache.hadoop.hive.ql.Driver>
15/09/09 11:10:59 INFO log.PerfLogger: </PERFLOG method=Driver.execute start=1441815059671 end=1441815059691 duration=20 from=org.apache.hadoop.hive.ql.Driver>
OK
15/09/09 11:10:59 INFO ql.Driver: OK
15/09/09 11:10:59 INFO log.PerfLogger: <PERFLOG method=releaseLocks from=org.apache.hadoop.hive.ql.Driver>
15/09/09 11:10:59 INFO log.PerfLogger: </PERFLOG method=releaseLocks start=1441815059691 end=1441815059691 duration=0 from=org.apache.hadoop.hive.ql.Driver>
15/09/09 11:10:59 INFO log.PerfLogger: </PERFLOG method=Driver.run start=1441815059668 end=1441815059691 duration=23 from=org.apache.hadoop.hive.ql.Driver>
15/09/09 11:10:59 INFO builder.HiveShellTearable: Executing script: create table love(id string);
15/09/09 11:10:59 INFO service.HiveServer: Running the query: create table love(id string)
15/09/09 11:10:59 INFO log.PerfLogger: <PERFLOG method=Driver.run from=org.apache.hadoop.hive.ql.Driver>
15/09/09 11:10:59 INFO log.PerfLogger: <PERFLOG method=TimeToSubmit from=org.apache.hadoop.hive.ql.Driver>
15/09/09 11:10:59 INFO ql.Driver: Concurrency mode is disabled, not creating a lock manager
15/09/09 11:10:59 INFO log.PerfLogger: <PERFLOG method=compile from=org.apache.hadoop.hive.ql.Driver>
15/09/09 11:10:59 INFO log.PerfLogger: <PERFLOG method=parse from=org.apache.hadoop.hive.ql.Driver>
15/09/09 11:10:59 INFO parse.ParseDriver: Parsing command: create table love(id string)
15/09/09 11:10:59 INFO parse.ParseDriver: Parse Completed
15/09/09 11:10:59 INFO log.PerfLogger: </PERFLOG method=parse start=1441815059691 end=1441815059692 duration=1 from=org.apache.hadoop.hive.ql.Driver>
15/09/09 11:10:59 INFO log.PerfLogger: <PERFLOG method=semanticAnalyze from=org.apache.hadoop.hive.ql.Driver>
15/09/09 11:10:59 INFO parse.SemanticAnalyzer: Starting Semantic Analysis
15/09/09 11:10:59 INFO parse.SemanticAnalyzer: Creating table love position=13
15/09/09 11:10:59 INFO metastore.HiveMetaStore: 0: get_database: default
15/09/09 11:10:59 INFO HiveMetaStore.audit: ugi=hpatel	ip=unknown-ip-addr	cmd=get_database: default	
15/09/09 11:10:59 INFO ql.Driver: Semantic Analysis Completed
15/09/09 11:10:59 INFO log.PerfLogger: </PERFLOG method=semanticAnalyze start=1441815059692 end=1441815059693 duration=1 from=org.apache.hadoop.hive.ql.Driver>
15/09/09 11:10:59 INFO ql.Driver: Returning Hive schema: Schema(fieldSchemas:null, properties:null)
15/09/09 11:10:59 INFO log.PerfLogger: </PERFLOG method=compile start=1441815059691 end=1441815059694 duration=3 from=org.apache.hadoop.hive.ql.Driver>
15/09/09 11:10:59 INFO log.PerfLogger: <PERFLOG method=Driver.execute from=org.apache.hadoop.hive.ql.Driver>
15/09/09 11:10:59 INFO ql.Driver: Starting command: create table love(id string)
15/09/09 11:10:59 INFO log.PerfLogger: </PERFLOG method=TimeToSubmit start=1441815059691 end=1441815059694 duration=3 from=org.apache.hadoop.hive.ql.Driver>
15/09/09 11:10:59 INFO log.PerfLogger: <PERFLOG method=runTasks from=org.apache.hadoop.hive.ql.Driver>
15/09/09 11:10:59 INFO log.PerfLogger: <PERFLOG method=task.DDL.Stage-0 from=org.apache.hadoop.hive.ql.Driver>
15/09/09 11:10:59 INFO metastore.HiveMetaStore: 0: create_table: Table(tableName:love, dbName:default, owner:hpatel, createTime:1441815059, lastAccessTime:0, retention:0, sd:StorageDescriptor(cols:[FieldSchema(name:id, type:string, comment:null)], location:null, inputFormat:org.apache.hadoop.mapred.TextInputFormat, outputFormat:org.apache.hadoop.hive.ql.io.HiveIgnoreKeyTextOutputFormat, compressed:false, numBuckets:-1, serdeInfo:SerDeInfo(name:null, serializationLib:org.apache.hadoop.hive.serde2.lazy.LazySimpleSerDe, parameters:{serialization.format=1}), bucketCols:[], sortCols:[], parameters:{}, skewedInfo:SkewedInfo(skewedColNames:[], skewedColValues:[], skewedColValueLocationMaps:{}), storedAsSubDirectories:false), partitionKeys:[], parameters:{}, viewOriginalText:null, viewExpandedText:null, tableType:MANAGED_TABLE)
15/09/09 11:10:59 INFO HiveMetaStore.audit: ugi=hpatel	ip=unknown-ip-addr	cmd=create_table: Table(tableName:love, dbName:default, owner:hpatel, createTime:1441815059, lastAccessTime:0, retention:0, sd:StorageDescriptor(cols:[FieldSchema(name:id, type:string, comment:null)], location:null, inputFormat:org.apache.hadoop.mapred.TextInputFormat, outputFormat:org.apache.hadoop.hive.ql.io.HiveIgnoreKeyTextOutputFormat, compressed:false, numBuckets:-1, serdeInfo:SerDeInfo(name:null, serializationLib:org.apache.hadoop.hive.serde2.lazy.LazySimpleSerDe, parameters:{serialization.format=1}), bucketCols:[], sortCols:[], parameters:{}, skewedInfo:SkewedInfo(skewedColNames:[], skewedColValues:[], skewedColValueLocationMaps:{}), storedAsSubDirectories:false), partitionKeys:[], parameters:{}, viewOriginalText:null, viewExpandedText:null, tableType:MANAGED_TABLE)	
15/09/09 11:10:59 INFO common.FileUtils: Creating directory if it doesn't exist: file:/var/folders/y7/4_pz5fzx54ngcmghz3v6t3m00000gn/T/junit1588454912403356900/warehouse/love
15/09/09 11:10:59 INFO log.PerfLogger: </PERFLOG method=runTasks start=1441815059694 end=1441815059714 duration=20 from=org.apache.hadoop.hive.ql.Driver>
15/09/09 11:10:59 INFO log.PerfLogger: </PERFLOG method=Driver.execute start=1441815059694 end=1441815059714 duration=20 from=org.apache.hadoop.hive.ql.Driver>
OK
15/09/09 11:10:59 INFO ql.Driver: OK
15/09/09 11:10:59 INFO log.PerfLogger: <PERFLOG method=releaseLocks from=org.apache.hadoop.hive.ql.Driver>
15/09/09 11:10:59 INFO log.PerfLogger: </PERFLOG method=releaseLocks start=1441815059714 end=1441815059714 duration=0 from=org.apache.hadoop.hive.ql.Driver>
15/09/09 11:10:59 INFO log.PerfLogger: </PERFLOG method=Driver.run start=1441815059691 end=1441815059714 duration=23 from=org.apache.hadoop.hive.ql.Driver>
15/09/09 11:10:59 INFO builder.HiveShellTearable: Created hive resource /var/folders/y7/4_pz5fzx54ngcmghz3v6t3m00000gn/T/junit1588454912403356900/vs/foo/fromFile.csv
15/09/09 11:10:59 INFO builder.HiveShellTearable: Created hive resource /var/folders/y7/4_pz5fzx54ngcmghz3v6t3m00000gn/T/junit1588454912403356900/vs/foo/fromPath.csv
15/09/09 11:10:59 INFO builder.HiveShellTearable: Created hive resource /var/folders/y7/4_pz5fzx54ngcmghz3v6t3m00000gn/T/junit1588454912403356900/vs/foo/fromString.csv
15/09/09 11:10:59 INFO service.HiveServer: Running the query: CREATE EXTERNAL TABLE foo (s1 int, s2 string)
  ROW FORMAT DELIMITED FIELDS TERMINATED BY ','
  STORED AS TEXTFILE
  LOCATION '${hiveconf:hive.vs.uri}/foo/'
15/09/09 11:10:59 INFO log.PerfLogger: <PERFLOG method=Driver.run from=org.apache.hadoop.hive.ql.Driver>
15/09/09 11:10:59 INFO log.PerfLogger: <PERFLOG method=TimeToSubmit from=org.apache.hadoop.hive.ql.Driver>
15/09/09 11:10:59 INFO ql.Driver: Concurrency mode is disabled, not creating a lock manager
15/09/09 11:10:59 INFO log.PerfLogger: <PERFLOG method=compile from=org.apache.hadoop.hive.ql.Driver>
15/09/09 11:10:59 INFO log.PerfLogger: <PERFLOG method=parse from=org.apache.hadoop.hive.ql.Driver>
15/09/09 11:10:59 INFO parse.ParseDriver: Parsing command: CREATE EXTERNAL TABLE foo (s1 int, s2 string)
  ROW FORMAT DELIMITED FIELDS TERMINATED BY ','
  STORED AS TEXTFILE
  LOCATION 'file:///var/folders/y7/4_pz5fzx54ngcmghz3v6t3m00000gn/T/junit1588454912403356900/vs//foo/'
15/09/09 11:10:59 INFO parse.ParseDriver: Parse Completed
15/09/09 11:10:59 INFO log.PerfLogger: </PERFLOG method=parse start=1441815059716 end=1441815059717 duration=1 from=org.apache.hadoop.hive.ql.Driver>
15/09/09 11:10:59 INFO log.PerfLogger: <PERFLOG method=semanticAnalyze from=org.apache.hadoop.hive.ql.Driver>
15/09/09 11:10:59 INFO parse.SemanticAnalyzer: Starting Semantic Analysis
15/09/09 11:10:59 INFO parse.SemanticAnalyzer: Creating table foo position=22
15/09/09 11:10:59 INFO metastore.HiveMetaStore: 0: get_database: default
15/09/09 11:10:59 INFO HiveMetaStore.audit: ugi=hpatel	ip=unknown-ip-addr	cmd=get_database: default	
15/09/09 11:10:59 INFO ql.Driver: Semantic Analysis Completed
15/09/09 11:10:59 INFO log.PerfLogger: </PERFLOG method=semanticAnalyze start=1441815059717 end=1441815059718 duration=1 from=org.apache.hadoop.hive.ql.Driver>
15/09/09 11:10:59 INFO ql.Driver: Returning Hive schema: Schema(fieldSchemas:null, properties:null)
15/09/09 11:10:59 INFO log.PerfLogger: </PERFLOG method=compile start=1441815059716 end=1441815059718 duration=2 from=org.apache.hadoop.hive.ql.Driver>
15/09/09 11:10:59 INFO log.PerfLogger: <PERFLOG method=Driver.execute from=org.apache.hadoop.hive.ql.Driver>
15/09/09 11:10:59 INFO ql.Driver: Starting command: CREATE EXTERNAL TABLE foo (s1 int, s2 string)
  ROW FORMAT DELIMITED FIELDS TERMINATED BY ','
  STORED AS TEXTFILE
  LOCATION 'file:///var/folders/y7/4_pz5fzx54ngcmghz3v6t3m00000gn/T/junit1588454912403356900/vs//foo/'
15/09/09 11:10:59 INFO log.PerfLogger: </PERFLOG method=TimeToSubmit start=1441815059716 end=1441815059719 duration=3 from=org.apache.hadoop.hive.ql.Driver>
15/09/09 11:10:59 INFO log.PerfLogger: <PERFLOG method=runTasks from=org.apache.hadoop.hive.ql.Driver>
15/09/09 11:10:59 INFO log.PerfLogger: <PERFLOG method=task.DDL.Stage-0 from=org.apache.hadoop.hive.ql.Driver>
15/09/09 11:10:59 INFO metastore.HiveMetaStore: 0: create_table: Table(tableName:foo, dbName:default, owner:hpatel, createTime:1441815059, lastAccessTime:0, retention:0, sd:StorageDescriptor(cols:[FieldSchema(name:s1, type:int, comment:null), FieldSchema(name:s2, type:string, comment:null)], location:file:/var/folders/y7/4_pz5fzx54ngcmghz3v6t3m00000gn/T/junit1588454912403356900/vs/foo, inputFormat:org.apache.hadoop.mapred.TextInputFormat, outputFormat:org.apache.hadoop.hive.ql.io.HiveIgnoreKeyTextOutputFormat, compressed:false, numBuckets:-1, serdeInfo:SerDeInfo(name:null, serializationLib:org.apache.hadoop.hive.serde2.lazy.LazySimpleSerDe, parameters:{serialization.format=,, field.delim=,}), bucketCols:[], sortCols:[], parameters:{}, skewedInfo:SkewedInfo(skewedColNames:[], skewedColValues:[], skewedColValueLocationMaps:{}), storedAsSubDirectories:false), partitionKeys:[], parameters:{EXTERNAL=TRUE}, viewOriginalText:null, viewExpandedText:null, tableType:EXTERNAL_TABLE)
15/09/09 11:10:59 INFO HiveMetaStore.audit: ugi=hpatel	ip=unknown-ip-addr	cmd=create_table: Table(tableName:foo, dbName:default, owner:hpatel, createTime:1441815059, lastAccessTime:0, retention:0, sd:StorageDescriptor(cols:[FieldSchema(name:s1, type:int, comment:null), FieldSchema(name:s2, type:string, comment:null)], location:file:/var/folders/y7/4_pz5fzx54ngcmghz3v6t3m00000gn/T/junit1588454912403356900/vs/foo, inputFormat:org.apache.hadoop.mapred.TextInputFormat, outputFormat:org.apache.hadoop.hive.ql.io.HiveIgnoreKeyTextOutputFormat, compressed:false, numBuckets:-1, serdeInfo:SerDeInfo(name:null, serializationLib:org.apache.hadoop.hive.serde2.lazy.LazySimpleSerDe, parameters:{serialization.format=,, field.delim=,}), bucketCols:[], sortCols:[], parameters:{}, skewedInfo:SkewedInfo(skewedColNames:[], skewedColValues:[], skewedColValueLocationMaps:{}), storedAsSubDirectories:false), partitionKeys:[], parameters:{EXTERNAL=TRUE}, viewOriginalText:null, viewExpandedText:null, tableType:EXTERNAL_TABLE)	
15/09/09 11:10:59 INFO log.PerfLogger: </PERFLOG method=runTasks start=1441815059719 end=1441815059725 duration=6 from=org.apache.hadoop.hive.ql.Driver>
15/09/09 11:10:59 INFO log.PerfLogger: </PERFLOG method=Driver.execute start=1441815059719 end=1441815059725 duration=6 from=org.apache.hadoop.hive.ql.Driver>
OK
15/09/09 11:10:59 INFO ql.Driver: OK
15/09/09 11:10:59 INFO log.PerfLogger: <PERFLOG method=releaseLocks from=org.apache.hadoop.hive.ql.Driver>
15/09/09 11:10:59 INFO log.PerfLogger: </PERFLOG method=releaseLocks start=1441815059725 end=1441815059725 duration=0 from=org.apache.hadoop.hive.ql.Driver>
15/09/09 11:10:59 INFO log.PerfLogger: </PERFLOG method=Driver.run start=1441815059716 end=1441815059725 duration=9 from=org.apache.hadoop.hive.ql.Driver>
15/09/09 11:10:59 INFO service.HiveServer: Running the query: select * from foo
15/09/09 11:10:59 INFO log.PerfLogger: <PERFLOG method=Driver.run from=org.apache.hadoop.hive.ql.Driver>
15/09/09 11:10:59 INFO log.PerfLogger: <PERFLOG method=TimeToSubmit from=org.apache.hadoop.hive.ql.Driver>
15/09/09 11:10:59 INFO ql.Driver: Concurrency mode is disabled, not creating a lock manager
15/09/09 11:10:59 INFO log.PerfLogger: <PERFLOG method=compile from=org.apache.hadoop.hive.ql.Driver>
15/09/09 11:10:59 INFO log.PerfLogger: <PERFLOG method=parse from=org.apache.hadoop.hive.ql.Driver>
15/09/09 11:10:59 INFO parse.ParseDriver: Parsing command: select * from foo
15/09/09 11:10:59 INFO parse.ParseDriver: Parse Completed
15/09/09 11:10:59 INFO log.PerfLogger: </PERFLOG method=parse start=1441815059726 end=1441815059726 duration=0 from=org.apache.hadoop.hive.ql.Driver>
15/09/09 11:10:59 INFO log.PerfLogger: <PERFLOG method=semanticAnalyze from=org.apache.hadoop.hive.ql.Driver>
15/09/09 11:10:59 INFO parse.SemanticAnalyzer: Starting Semantic Analysis
15/09/09 11:10:59 INFO parse.SemanticAnalyzer: Completed phase 1 of Semantic Analysis
15/09/09 11:10:59 INFO parse.SemanticAnalyzer: Get metadata for source tables
15/09/09 11:10:59 INFO metastore.HiveMetaStore: 0: get_table : db=default tbl=foo
15/09/09 11:10:59 INFO HiveMetaStore.audit: ugi=hpatel	ip=unknown-ip-addr	cmd=get_table : db=default tbl=foo	
15/09/09 11:10:59 INFO parse.SemanticAnalyzer: Get metadata for subqueries
15/09/09 11:10:59 INFO parse.SemanticAnalyzer: Get metadata for destination tables
15/09/09 11:10:59 INFO ql.Context: New scratch dir is file:/var/folders/y7/4_pz5fzx54ngcmghz3v6t3m00000gn/T/junit1588454912403356900/scratchdir/hive_2015-09-09_11-10-59_726_667163166666948130-1
15/09/09 11:10:59 INFO parse.SemanticAnalyzer: Completed getting MetaData in Semantic Analysis
15/09/09 11:10:59 INFO common.FileUtils: Creating directory if it doesn't exist: file:/var/folders/y7/4_pz5fzx54ngcmghz3v6t3m00000gn/T/junit1588454912403356900/scratchdir/hive_2015-09-09_11-10-59_726_667163166666948130-1/-mr-10000/.hive-staging_hive_2015-09-09_11-10-59_726_667163166666948130-1
15/09/09 11:10:59 INFO parse.SemanticAnalyzer: Set stats collection dir : file:/var/folders/y7/4_pz5fzx54ngcmghz3v6t3m00000gn/T/junit1588454912403356900/scratchdir/hive_2015-09-09_11-10-59_726_667163166666948130-1/-mr-10000/.hive-staging_hive_2015-09-09_11-10-59_726_667163166666948130-1/-ext-10002
15/09/09 11:10:59 INFO ppd.OpProcFactory: Processing for FS(79)
15/09/09 11:10:59 INFO ppd.OpProcFactory: Processing for SEL(78)
15/09/09 11:10:59 INFO ppd.OpProcFactory: Processing for TS(77)
15/09/09 11:10:59 INFO parse.SemanticAnalyzer: Completed plan generation
15/09/09 11:10:59 INFO ql.Driver: Semantic Analysis Completed
15/09/09 11:10:59 INFO log.PerfLogger: </PERFLOG method=semanticAnalyze start=1441815059726 end=1441815059772 duration=46 from=org.apache.hadoop.hive.ql.Driver>
15/09/09 11:10:59 INFO exec.TableScanOperator: Initializing Self 77 TS
15/09/09 11:10:59 INFO exec.TableScanOperator: Operator 77 TS initialized
15/09/09 11:10:59 INFO exec.TableScanOperator: Initializing children of 77 TS
15/09/09 11:10:59 INFO exec.SelectOperator: Initializing child 78 SEL
15/09/09 11:10:59 INFO exec.SelectOperator: Initializing Self 78 SEL
15/09/09 11:10:59 INFO exec.SelectOperator: SELECT struct<s1:int,s2:string>
15/09/09 11:10:59 INFO exec.SelectOperator: Operator 78 SEL initialized
15/09/09 11:10:59 INFO exec.SelectOperator: Initializing children of 78 SEL
15/09/09 11:10:59 INFO exec.ListSinkOperator: Initializing child 80 OP
15/09/09 11:10:59 INFO exec.ListSinkOperator: Initializing Self 80 OP
15/09/09 11:10:59 INFO exec.ListSinkOperator: Operator 80 OP initialized
15/09/09 11:10:59 INFO exec.ListSinkOperator: Initialization Done 80 OP
15/09/09 11:10:59 INFO exec.SelectOperator: Initialization Done 78 SEL
15/09/09 11:10:59 INFO exec.TableScanOperator: Initialization Done 77 TS
15/09/09 11:10:59 INFO ql.Driver: Returning Hive schema: Schema(fieldSchemas:[FieldSchema(name:foo.s1, type:int, comment:null), FieldSchema(name:foo.s2, type:string, comment:null)], properties:null)
15/09/09 11:10:59 INFO log.PerfLogger: </PERFLOG method=compile start=1441815059726 end=1441815059773 duration=47 from=org.apache.hadoop.hive.ql.Driver>
15/09/09 11:10:59 INFO log.PerfLogger: <PERFLOG method=Driver.execute from=org.apache.hadoop.hive.ql.Driver>
15/09/09 11:10:59 INFO ql.Driver: Starting command: select * from foo
15/09/09 11:10:59 INFO log.PerfLogger: </PERFLOG method=TimeToSubmit start=1441815059725 end=1441815059773 duration=48 from=org.apache.hadoop.hive.ql.Driver>
15/09/09 11:10:59 INFO log.PerfLogger: <PERFLOG method=runTasks from=org.apache.hadoop.hive.ql.Driver>
15/09/09 11:10:59 INFO log.PerfLogger: </PERFLOG method=runTasks start=1441815059773 end=1441815059773 duration=0 from=org.apache.hadoop.hive.ql.Driver>
15/09/09 11:10:59 INFO log.PerfLogger: </PERFLOG method=Driver.execute start=1441815059773 end=1441815059773 duration=0 from=org.apache.hadoop.hive.ql.Driver>
OK
15/09/09 11:10:59 INFO ql.Driver: OK
15/09/09 11:10:59 INFO log.PerfLogger: <PERFLOG method=releaseLocks from=org.apache.hadoop.hive.ql.Driver>
15/09/09 11:10:59 INFO log.PerfLogger: </PERFLOG method=releaseLocks start=1441815059773 end=1441815059773 duration=0 from=org.apache.hadoop.hive.ql.Driver>
15/09/09 11:10:59 INFO log.PerfLogger: </PERFLOG method=Driver.run start=1441815059725 end=1441815059773 duration=48 from=org.apache.hadoop.hive.ql.Driver>
15/09/09 11:10:59 INFO mapred.FileInputFormat: Total input paths to process : 3
15/09/09 11:10:59 INFO service.HiveServer: Running the query: USE default
15/09/09 11:10:59 INFO exec.TableScanOperator: 77 finished. closing... 
15/09/09 11:10:59 INFO exec.SelectOperator: 78 finished. closing... 
15/09/09 11:10:59 INFO exec.ListSinkOperator: 80 finished. closing... 
15/09/09 11:10:59 INFO exec.ListSinkOperator: 80 Close done
15/09/09 11:10:59 INFO exec.SelectOperator: 78 Close done
15/09/09 11:10:59 INFO exec.TableScanOperator: 77 Close done
15/09/09 11:10:59 INFO log.PerfLogger: <PERFLOG method=Driver.run from=org.apache.hadoop.hive.ql.Driver>
15/09/09 11:10:59 INFO log.PerfLogger: <PERFLOG method=TimeToSubmit from=org.apache.hadoop.hive.ql.Driver>
15/09/09 11:10:59 INFO ql.Driver: Concurrency mode is disabled, not creating a lock manager
15/09/09 11:10:59 INFO log.PerfLogger: <PERFLOG method=compile from=org.apache.hadoop.hive.ql.Driver>
15/09/09 11:10:59 INFO log.PerfLogger: <PERFLOG method=parse from=org.apache.hadoop.hive.ql.Driver>
15/09/09 11:10:59 INFO parse.ParseDriver: Parsing command: USE default
15/09/09 11:10:59 INFO parse.ParseDriver: Parse Completed
15/09/09 11:10:59 INFO log.PerfLogger: </PERFLOG method=parse start=1441815059777 end=1441815059777 duration=0 from=org.apache.hadoop.hive.ql.Driver>
15/09/09 11:10:59 INFO log.PerfLogger: <PERFLOG method=semanticAnalyze from=org.apache.hadoop.hive.ql.Driver>
15/09/09 11:10:59 INFO ql.Driver: Semantic Analysis Completed
15/09/09 11:10:59 INFO log.PerfLogger: </PERFLOG method=semanticAnalyze start=1441815059777 end=1441815059777 duration=0 from=org.apache.hadoop.hive.ql.Driver>
15/09/09 11:10:59 INFO ql.Driver: Returning Hive schema: Schema(fieldSchemas:null, properties:null)
15/09/09 11:10:59 INFO log.PerfLogger: </PERFLOG method=compile start=1441815059777 end=1441815059777 duration=0 from=org.apache.hadoop.hive.ql.Driver>
15/09/09 11:10:59 INFO log.PerfLogger: <PERFLOG method=Driver.execute from=org.apache.hadoop.hive.ql.Driver>
15/09/09 11:10:59 INFO ql.Driver: Starting command: USE default
15/09/09 11:10:59 INFO log.PerfLogger: </PERFLOG method=TimeToSubmit start=1441815059776 end=1441815059777 duration=1 from=org.apache.hadoop.hive.ql.Driver>
15/09/09 11:10:59 INFO log.PerfLogger: <PERFLOG method=runTasks from=org.apache.hadoop.hive.ql.Driver>
15/09/09 11:10:59 INFO log.PerfLogger: <PERFLOG method=task.DDL.Stage-0 from=org.apache.hadoop.hive.ql.Driver>
15/09/09 11:10:59 INFO metastore.HiveMetaStore: 0: get_database: default
15/09/09 11:10:59 INFO HiveMetaStore.audit: ugi=hpatel	ip=unknown-ip-addr	cmd=get_database: default	
15/09/09 11:10:59 INFO metastore.HiveMetaStore: 0: get_database: default
15/09/09 11:10:59 INFO HiveMetaStore.audit: ugi=hpatel	ip=unknown-ip-addr	cmd=get_database: default	
15/09/09 11:10:59 INFO log.PerfLogger: </PERFLOG method=runTasks start=1441815059777 end=1441815059780 duration=3 from=org.apache.hadoop.hive.ql.Driver>
15/09/09 11:10:59 INFO log.PerfLogger: </PERFLOG method=Driver.execute start=1441815059777 end=1441815059780 duration=3 from=org.apache.hadoop.hive.ql.Driver>
OK
15/09/09 11:10:59 INFO ql.Driver: OK
15/09/09 11:10:59 INFO log.PerfLogger: <PERFLOG method=releaseLocks from=org.apache.hadoop.hive.ql.Driver>
15/09/09 11:10:59 INFO log.PerfLogger: </PERFLOG method=releaseLocks start=1441815059780 end=1441815059780 duration=0 from=org.apache.hadoop.hive.ql.Driver>
15/09/09 11:10:59 INFO log.PerfLogger: </PERFLOG method=Driver.run start=1441815059776 end=1441815059780 duration=4 from=org.apache.hadoop.hive.ql.Driver>
15/09/09 11:10:59 INFO metastore.HiveMetaStore: 0: Shutting down the object store...
15/09/09 11:10:59 INFO HiveMetaStore.audit: ugi=hpatel	ip=unknown-ip-addr	cmd=Shutting down the object store...	
15/09/09 11:10:59 INFO metastore.HiveMetaStore: 0: Metastore shutdown complete.
15/09/09 11:10:59 INFO HiveMetaStore.audit: ugi=hpatel	ip=unknown-ip-addr	cmd=Metastore shutdown complete.	
15/09/09 11:10:59 INFO hiverunner.HiveServerContainer: Tore down HiveServer instance
15/09/09 11:10:59 INFO metastore.HiveMetaStore: 0: Opening raw store with implemenation class:org.apache.hadoop.hive.metastore.ObjectStore
15/09/09 11:10:59 INFO metastore.ObjectStore: ObjectStore, initialize called
15/09/09 11:10:59 INFO DataNucleus.Persistence: Property datanucleus.cache.level2 unknown - will be ignored
15/09/09 11:10:59 INFO DataNucleus.Persistence: Property hive.metastore.integral.jdo.pushdown unknown - will be ignored
15/09/09 11:10:59 INFO metastore.ObjectStore: Setting MetaStore object pin classes with hive.metastore.cache.pinobjtypes="Table,StorageDescriptor,SerDeInfo,Partition,Database,Type,FieldSchema,Order"
15/09/09 11:10:59 INFO metastore.MetaStoreDirectSql: MySQL check failed, assuming we are not on mysql: unknown token: 
15/09/09 11:10:59 INFO DataNucleus.Datastore: The class "org.apache.hadoop.hive.metastore.model.MFieldSchema" is tagged as "embedded-only" so does not have its own datastore table.
15/09/09 11:10:59 INFO DataNucleus.Datastore: The class "org.apache.hadoop.hive.metastore.model.MOrder" is tagged as "embedded-only" so does not have its own datastore table.
15/09/09 11:10:59 INFO DataNucleus.Datastore: The class "org.apache.hadoop.hive.metastore.model.MFieldSchema" is tagged as "embedded-only" so does not have its own datastore table.
15/09/09 11:10:59 INFO DataNucleus.Datastore: The class "org.apache.hadoop.hive.metastore.model.MOrder" is tagged as "embedded-only" so does not have its own datastore table.
15/09/09 11:10:59 INFO metastore.ObjectStore: Initialized ObjectStore
15/09/09 11:10:59 INFO metastore.HiveMetaStore: No user is added in admin role, since config is empty
15/09/09 11:10:59 INFO metastore.HiveMetaStore: 0: Shutting down the object store...
15/09/09 11:10:59 INFO HiveMetaStore.audit: ugi=hpatel	ip=unknown-ip-addr	cmd=Shutting down the object store...	
15/09/09 11:10:59 INFO metastore.HiveMetaStore: 0: Metastore shutdown complete.
15/09/09 11:10:59 INFO HiveMetaStore.audit: ugi=hpatel	ip=unknown-ip-addr	cmd=Metastore shutdown complete.	
15/09/09 11:10:59 INFO metastore.HiveMetaStore: No user is added in admin role, since config is empty
15/09/09 11:10:59 INFO session.SessionState: No Tez session required at this point. hive.execution.engine=mr.
15/09/09 11:10:59 INFO service.HiveServer: Putting temp output to file /var/folders/y7/4_pz5fzx54ngcmghz3v6t3m00000gn/T/junit5320128058417334052/localscratchdir/aa2431a2-e9cd-4947-8cb6-8abe5312c84d7997232687366160729.pipeout
15/09/09 11:10:59 INFO service.HiveServer: Running the query: SHOW TABLES
15/09/09 11:10:59 INFO log.PerfLogger: <PERFLOG method=Driver.run from=org.apache.hadoop.hive.ql.Driver>
15/09/09 11:10:59 INFO log.PerfLogger: <PERFLOG method=TimeToSubmit from=org.apache.hadoop.hive.ql.Driver>
15/09/09 11:10:59 INFO ql.Driver: Concurrency mode is disabled, not creating a lock manager
15/09/09 11:10:59 INFO log.PerfLogger: <PERFLOG method=compile from=org.apache.hadoop.hive.ql.Driver>
15/09/09 11:10:59 INFO log.PerfLogger: <PERFLOG method=parse from=org.apache.hadoop.hive.ql.Driver>
15/09/09 11:10:59 INFO parse.ParseDriver: Parsing command: SHOW TABLES
15/09/09 11:10:59 INFO parse.ParseDriver: Parse Completed
15/09/09 11:10:59 INFO log.PerfLogger: </PERFLOG method=parse start=1441815059981 end=1441815059981 duration=0 from=org.apache.hadoop.hive.ql.Driver>
15/09/09 11:10:59 INFO log.PerfLogger: <PERFLOG method=semanticAnalyze from=org.apache.hadoop.hive.ql.Driver>
15/09/09 11:10:59 INFO ql.Driver: Semantic Analysis Completed
15/09/09 11:10:59 INFO log.PerfLogger: </PERFLOG method=semanticAnalyze start=1441815059981 end=1441815059985 duration=4 from=org.apache.hadoop.hive.ql.Driver>
15/09/09 11:10:59 INFO exec.ListSinkOperator: Initializing Self 81 OP
15/09/09 11:10:59 INFO exec.ListSinkOperator: Operator 81 OP initialized
15/09/09 11:10:59 INFO exec.ListSinkOperator: Initialization Done 81 OP
15/09/09 11:10:59 INFO ql.Driver: Returning Hive schema: Schema(fieldSchemas:[FieldSchema(name:tab_name, type:string, comment:from deserializer)], properties:null)
15/09/09 11:10:59 INFO log.PerfLogger: </PERFLOG method=compile start=1441815059980 end=1441815059986 duration=6 from=org.apache.hadoop.hive.ql.Driver>
15/09/09 11:10:59 INFO log.PerfLogger: <PERFLOG method=Driver.execute from=org.apache.hadoop.hive.ql.Driver>
15/09/09 11:10:59 INFO ql.Driver: Starting command: SHOW TABLES
15/09/09 11:10:59 INFO log.PerfLogger: </PERFLOG method=TimeToSubmit start=1441815059980 end=1441815059986 duration=6 from=org.apache.hadoop.hive.ql.Driver>
15/09/09 11:10:59 INFO log.PerfLogger: <PERFLOG method=runTasks from=org.apache.hadoop.hive.ql.Driver>
15/09/09 11:10:59 INFO log.PerfLogger: <PERFLOG method=task.DDL.Stage-0 from=org.apache.hadoop.hive.ql.Driver>
15/09/09 11:10:59 INFO metastore.HiveMetaStore: 0: get_database: default
15/09/09 11:10:59 INFO HiveMetaStore.audit: ugi=hpatel	ip=unknown-ip-addr	cmd=get_database: default	
15/09/09 11:10:59 INFO metastore.HiveMetaStore: 0: Opening raw store with implemenation class:org.apache.hadoop.hive.metastore.ObjectStore
15/09/09 11:10:59 INFO metastore.ObjectStore: ObjectStore, initialize called
15/09/09 11:10:59 INFO metastore.MetaStoreDirectSql: MySQL check failed, assuming we are not on mysql: unknown token: 
15/09/09 11:10:59 INFO DataNucleus.Query: Reading in results for query "org.datanucleus.store.rdbms.query.SQLQuery@0" since the connection used is closing
15/09/09 11:10:59 INFO metastore.ObjectStore: Initialized ObjectStore
15/09/09 11:10:59 INFO metastore.HiveMetaStore: 0: get_tables: db=default pat=.*
15/09/09 11:10:59 INFO HiveMetaStore.audit: ugi=hpatel	ip=unknown-ip-addr	cmd=get_tables: db=default pat=.*	
15/09/09 11:10:59 INFO log.PerfLogger: </PERFLOG method=runTasks start=1441815059986 end=1441815059996 duration=10 from=org.apache.hadoop.hive.ql.Driver>
15/09/09 11:10:59 INFO log.PerfLogger: </PERFLOG method=Driver.execute start=1441815059986 end=1441815059996 duration=10 from=org.apache.hadoop.hive.ql.Driver>
OK
15/09/09 11:10:59 INFO ql.Driver: OK
15/09/09 11:10:59 INFO log.PerfLogger: <PERFLOG method=releaseLocks from=org.apache.hadoop.hive.ql.Driver>
15/09/09 11:10:59 INFO log.PerfLogger: </PERFLOG method=releaseLocks start=1441815059996 end=1441815059996 duration=0 from=org.apache.hadoop.hive.ql.Driver>
15/09/09 11:10:59 INFO log.PerfLogger: </PERFLOG method=Driver.run start=1441815059980 end=1441815059996 duration=16 from=org.apache.hadoop.hive.ql.Driver>
15/09/09 11:10:59 INFO builder.HiveShellTearable: Executing script: create table bar (i int);
15/09/09 11:10:59 INFO service.HiveServer: Running the query: create table bar (i int)
15/09/09 11:10:59 INFO exec.ListSinkOperator: 81 finished. closing... 
15/09/09 11:10:59 INFO exec.ListSinkOperator: 81 Close done
15/09/09 11:10:59 INFO log.PerfLogger: <PERFLOG method=Driver.run from=org.apache.hadoop.hive.ql.Driver>
15/09/09 11:10:59 INFO log.PerfLogger: <PERFLOG method=TimeToSubmit from=org.apache.hadoop.hive.ql.Driver>
15/09/09 11:10:59 INFO ql.Driver: Concurrency mode is disabled, not creating a lock manager
15/09/09 11:10:59 INFO log.PerfLogger: <PERFLOG method=compile from=org.apache.hadoop.hive.ql.Driver>
15/09/09 11:10:59 INFO log.PerfLogger: <PERFLOG method=parse from=org.apache.hadoop.hive.ql.Driver>
15/09/09 11:10:59 INFO parse.ParseDriver: Parsing command: create table bar (i int)
15/09/09 11:10:59 INFO parse.ParseDriver: Parse Completed
15/09/09 11:10:59 INFO log.PerfLogger: </PERFLOG method=parse start=1441815059997 end=1441815059997 duration=0 from=org.apache.hadoop.hive.ql.Driver>
15/09/09 11:10:59 INFO log.PerfLogger: <PERFLOG method=semanticAnalyze from=org.apache.hadoop.hive.ql.Driver>
15/09/09 11:10:59 INFO parse.SemanticAnalyzer: Starting Semantic Analysis
15/09/09 11:10:59 INFO parse.SemanticAnalyzer: Creating table bar position=13
15/09/09 11:10:59 INFO metastore.HiveMetaStore: 0: get_database: default
15/09/09 11:10:59 INFO HiveMetaStore.audit: ugi=hpatel	ip=unknown-ip-addr	cmd=get_database: default	
15/09/09 11:10:59 INFO ql.Driver: Semantic Analysis Completed
15/09/09 11:10:59 INFO log.PerfLogger: </PERFLOG method=semanticAnalyze start=1441815059997 end=1441815059999 duration=2 from=org.apache.hadoop.hive.ql.Driver>
15/09/09 11:10:59 INFO ql.Driver: Returning Hive schema: Schema(fieldSchemas:null, properties:null)
15/09/09 11:10:59 INFO log.PerfLogger: </PERFLOG method=compile start=1441815059997 end=1441815059999 duration=2 from=org.apache.hadoop.hive.ql.Driver>
15/09/09 11:10:59 INFO log.PerfLogger: <PERFLOG method=Driver.execute from=org.apache.hadoop.hive.ql.Driver>
15/09/09 11:10:59 INFO ql.Driver: Starting command: create table bar (i int)
15/09/09 11:10:59 INFO log.PerfLogger: </PERFLOG method=TimeToSubmit start=1441815059997 end=1441815059999 duration=2 from=org.apache.hadoop.hive.ql.Driver>
15/09/09 11:10:59 INFO log.PerfLogger: <PERFLOG method=runTasks from=org.apache.hadoop.hive.ql.Driver>
15/09/09 11:10:59 INFO log.PerfLogger: <PERFLOG method=task.DDL.Stage-0 from=org.apache.hadoop.hive.ql.Driver>
15/09/09 11:11:00 INFO metastore.HiveMetaStore: 0: create_table: Table(tableName:bar, dbName:default, owner:hpatel, createTime:1441815060, lastAccessTime:0, retention:0, sd:StorageDescriptor(cols:[FieldSchema(name:i, type:int, comment:null)], location:null, inputFormat:org.apache.hadoop.mapred.TextInputFormat, outputFormat:org.apache.hadoop.hive.ql.io.HiveIgnoreKeyTextOutputFormat, compressed:false, numBuckets:-1, serdeInfo:SerDeInfo(name:null, serializationLib:org.apache.hadoop.hive.serde2.lazy.LazySimpleSerDe, parameters:{serialization.format=1}), bucketCols:[], sortCols:[], parameters:{}, skewedInfo:SkewedInfo(skewedColNames:[], skewedColValues:[], skewedColValueLocationMaps:{}), storedAsSubDirectories:false), partitionKeys:[], parameters:{}, viewOriginalText:null, viewExpandedText:null, tableType:MANAGED_TABLE)
15/09/09 11:11:00 INFO HiveMetaStore.audit: ugi=hpatel	ip=unknown-ip-addr	cmd=create_table: Table(tableName:bar, dbName:default, owner:hpatel, createTime:1441815060, lastAccessTime:0, retention:0, sd:StorageDescriptor(cols:[FieldSchema(name:i, type:int, comment:null)], location:null, inputFormat:org.apache.hadoop.mapred.TextInputFormat, outputFormat:org.apache.hadoop.hive.ql.io.HiveIgnoreKeyTextOutputFormat, compressed:false, numBuckets:-1, serdeInfo:SerDeInfo(name:null, serializationLib:org.apache.hadoop.hive.serde2.lazy.LazySimpleSerDe, parameters:{serialization.format=1}), bucketCols:[], sortCols:[], parameters:{}, skewedInfo:SkewedInfo(skewedColNames:[], skewedColValues:[], skewedColValueLocationMaps:{}), storedAsSubDirectories:false), partitionKeys:[], parameters:{}, viewOriginalText:null, viewExpandedText:null, tableType:MANAGED_TABLE)	
15/09/09 11:11:00 INFO common.FileUtils: Creating directory if it doesn't exist: file:/var/folders/y7/4_pz5fzx54ngcmghz3v6t3m00000gn/T/junit5320128058417334052/warehouse/bar
15/09/09 11:11:00 INFO log.PerfLogger: </PERFLOG method=runTasks start=1441815059999 end=1441815060041 duration=42 from=org.apache.hadoop.hive.ql.Driver>
15/09/09 11:11:00 INFO log.PerfLogger: </PERFLOG method=Driver.execute start=1441815059999 end=1441815060041 duration=42 from=org.apache.hadoop.hive.ql.Driver>
OK
15/09/09 11:11:00 INFO ql.Driver: OK
15/09/09 11:11:00 INFO log.PerfLogger: <PERFLOG method=releaseLocks from=org.apache.hadoop.hive.ql.Driver>
15/09/09 11:11:00 INFO log.PerfLogger: </PERFLOG method=releaseLocks start=1441815060041 end=1441815060041 duration=0 from=org.apache.hadoop.hive.ql.Driver>
15/09/09 11:11:00 INFO log.PerfLogger: </PERFLOG method=Driver.run start=1441815059997 end=1441815060041 duration=44 from=org.apache.hadoop.hive.ql.Driver>
15/09/09 11:11:00 INFO builder.HiveShellTearable: Executing script: create table fox(id string);
15/09/09 11:11:00 INFO service.HiveServer: Running the query: create table fox(id string)
15/09/09 11:11:00 INFO log.PerfLogger: <PERFLOG method=Driver.run from=org.apache.hadoop.hive.ql.Driver>
15/09/09 11:11:00 INFO log.PerfLogger: <PERFLOG method=TimeToSubmit from=org.apache.hadoop.hive.ql.Driver>
15/09/09 11:11:00 INFO ql.Driver: Concurrency mode is disabled, not creating a lock manager
15/09/09 11:11:00 INFO log.PerfLogger: <PERFLOG method=compile from=org.apache.hadoop.hive.ql.Driver>
15/09/09 11:11:00 INFO log.PerfLogger: <PERFLOG method=parse from=org.apache.hadoop.hive.ql.Driver>
15/09/09 11:11:00 INFO parse.ParseDriver: Parsing command: create table fox(id string)
15/09/09 11:11:00 INFO parse.ParseDriver: Parse Completed
15/09/09 11:11:00 INFO log.PerfLogger: </PERFLOG method=parse start=1441815060042 end=1441815060042 duration=0 from=org.apache.hadoop.hive.ql.Driver>
15/09/09 11:11:00 INFO log.PerfLogger: <PERFLOG method=semanticAnalyze from=org.apache.hadoop.hive.ql.Driver>
15/09/09 11:11:00 INFO parse.SemanticAnalyzer: Starting Semantic Analysis
15/09/09 11:11:00 INFO parse.SemanticAnalyzer: Creating table fox position=13
15/09/09 11:11:00 INFO metastore.HiveMetaStore: 0: get_database: default
15/09/09 11:11:00 INFO HiveMetaStore.audit: ugi=hpatel	ip=unknown-ip-addr	cmd=get_database: default	
15/09/09 11:11:00 INFO ql.Driver: Semantic Analysis Completed
15/09/09 11:11:00 INFO log.PerfLogger: </PERFLOG method=semanticAnalyze start=1441815060042 end=1441815060043 duration=1 from=org.apache.hadoop.hive.ql.Driver>
15/09/09 11:11:00 INFO ql.Driver: Returning Hive schema: Schema(fieldSchemas:null, properties:null)
15/09/09 11:11:00 INFO log.PerfLogger: </PERFLOG method=compile start=1441815060041 end=1441815060043 duration=2 from=org.apache.hadoop.hive.ql.Driver>
15/09/09 11:11:00 INFO log.PerfLogger: <PERFLOG method=Driver.execute from=org.apache.hadoop.hive.ql.Driver>
15/09/09 11:11:00 INFO ql.Driver: Starting command: create table fox(id string)
15/09/09 11:11:00 INFO log.PerfLogger: </PERFLOG method=TimeToSubmit start=1441815060041 end=1441815060044 duration=3 from=org.apache.hadoop.hive.ql.Driver>
15/09/09 11:11:00 INFO log.PerfLogger: <PERFLOG method=runTasks from=org.apache.hadoop.hive.ql.Driver>
15/09/09 11:11:00 INFO log.PerfLogger: <PERFLOG method=task.DDL.Stage-0 from=org.apache.hadoop.hive.ql.Driver>
15/09/09 11:11:00 INFO metastore.HiveMetaStore: 0: create_table: Table(tableName:fox, dbName:default, owner:hpatel, createTime:1441815060, lastAccessTime:0, retention:0, sd:StorageDescriptor(cols:[FieldSchema(name:id, type:string, comment:null)], location:null, inputFormat:org.apache.hadoop.mapred.TextInputFormat, outputFormat:org.apache.hadoop.hive.ql.io.HiveIgnoreKeyTextOutputFormat, compressed:false, numBuckets:-1, serdeInfo:SerDeInfo(name:null, serializationLib:org.apache.hadoop.hive.serde2.lazy.LazySimpleSerDe, parameters:{serialization.format=1}), bucketCols:[], sortCols:[], parameters:{}, skewedInfo:SkewedInfo(skewedColNames:[], skewedColValues:[], skewedColValueLocationMaps:{}), storedAsSubDirectories:false), partitionKeys:[], parameters:{}, viewOriginalText:null, viewExpandedText:null, tableType:MANAGED_TABLE)
15/09/09 11:11:00 INFO HiveMetaStore.audit: ugi=hpatel	ip=unknown-ip-addr	cmd=create_table: Table(tableName:fox, dbName:default, owner:hpatel, createTime:1441815060, lastAccessTime:0, retention:0, sd:StorageDescriptor(cols:[FieldSchema(name:id, type:string, comment:null)], location:null, inputFormat:org.apache.hadoop.mapred.TextInputFormat, outputFormat:org.apache.hadoop.hive.ql.io.HiveIgnoreKeyTextOutputFormat, compressed:false, numBuckets:-1, serdeInfo:SerDeInfo(name:null, serializationLib:org.apache.hadoop.hive.serde2.lazy.LazySimpleSerDe, parameters:{serialization.format=1}), bucketCols:[], sortCols:[], parameters:{}, skewedInfo:SkewedInfo(skewedColNames:[], skewedColValues:[], skewedColValueLocationMaps:{}), storedAsSubDirectories:false), partitionKeys:[], parameters:{}, viewOriginalText:null, viewExpandedText:null, tableType:MANAGED_TABLE)	
15/09/09 11:11:00 INFO common.FileUtils: Creating directory if it doesn't exist: file:/var/folders/y7/4_pz5fzx54ngcmghz3v6t3m00000gn/T/junit5320128058417334052/warehouse/fox
15/09/09 11:11:00 INFO log.PerfLogger: </PERFLOG method=runTasks start=1441815060044 end=1441815060064 duration=20 from=org.apache.hadoop.hive.ql.Driver>
15/09/09 11:11:00 INFO log.PerfLogger: </PERFLOG method=Driver.execute start=1441815060043 end=1441815060064 duration=21 from=org.apache.hadoop.hive.ql.Driver>
OK
15/09/09 11:11:00 INFO ql.Driver: OK
15/09/09 11:11:00 INFO log.PerfLogger: <PERFLOG method=releaseLocks from=org.apache.hadoop.hive.ql.Driver>
15/09/09 11:11:00 INFO log.PerfLogger: </PERFLOG method=releaseLocks start=1441815060064 end=1441815060064 duration=0 from=org.apache.hadoop.hive.ql.Driver>
15/09/09 11:11:00 INFO log.PerfLogger: </PERFLOG method=Driver.run start=1441815060041 end=1441815060064 duration=23 from=org.apache.hadoop.hive.ql.Driver>
15/09/09 11:11:00 INFO builder.HiveShellTearable: Executing script: create table love(id string);
15/09/09 11:11:00 INFO service.HiveServer: Running the query: create table love(id string)
15/09/09 11:11:00 INFO log.PerfLogger: <PERFLOG method=Driver.run from=org.apache.hadoop.hive.ql.Driver>
15/09/09 11:11:00 INFO log.PerfLogger: <PERFLOG method=TimeToSubmit from=org.apache.hadoop.hive.ql.Driver>
15/09/09 11:11:00 INFO ql.Driver: Concurrency mode is disabled, not creating a lock manager
15/09/09 11:11:00 INFO log.PerfLogger: <PERFLOG method=compile from=org.apache.hadoop.hive.ql.Driver>
15/09/09 11:11:00 INFO log.PerfLogger: <PERFLOG method=parse from=org.apache.hadoop.hive.ql.Driver>
15/09/09 11:11:00 INFO parse.ParseDriver: Parsing command: create table love(id string)
15/09/09 11:11:00 INFO parse.ParseDriver: Parse Completed
15/09/09 11:11:00 INFO log.PerfLogger: </PERFLOG method=parse start=1441815060064 end=1441815060065 duration=1 from=org.apache.hadoop.hive.ql.Driver>
15/09/09 11:11:00 INFO log.PerfLogger: <PERFLOG method=semanticAnalyze from=org.apache.hadoop.hive.ql.Driver>
15/09/09 11:11:00 INFO parse.SemanticAnalyzer: Starting Semantic Analysis
15/09/09 11:11:00 INFO parse.SemanticAnalyzer: Creating table love position=13
15/09/09 11:11:00 INFO metastore.HiveMetaStore: 0: get_database: default
15/09/09 11:11:00 INFO HiveMetaStore.audit: ugi=hpatel	ip=unknown-ip-addr	cmd=get_database: default	
15/09/09 11:11:00 INFO ql.Driver: Semantic Analysis Completed
15/09/09 11:11:00 INFO log.PerfLogger: </PERFLOG method=semanticAnalyze start=1441815060065 end=1441815060066 duration=1 from=org.apache.hadoop.hive.ql.Driver>
15/09/09 11:11:00 INFO ql.Driver: Returning Hive schema: Schema(fieldSchemas:null, properties:null)
15/09/09 11:11:00 INFO log.PerfLogger: </PERFLOG method=compile start=1441815060064 end=1441815060066 duration=2 from=org.apache.hadoop.hive.ql.Driver>
15/09/09 11:11:00 INFO log.PerfLogger: <PERFLOG method=Driver.execute from=org.apache.hadoop.hive.ql.Driver>
15/09/09 11:11:00 INFO ql.Driver: Starting command: create table love(id string)
15/09/09 11:11:00 INFO log.PerfLogger: </PERFLOG method=TimeToSubmit start=1441815060064 end=1441815060066 duration=2 from=org.apache.hadoop.hive.ql.Driver>
15/09/09 11:11:00 INFO log.PerfLogger: <PERFLOG method=runTasks from=org.apache.hadoop.hive.ql.Driver>
15/09/09 11:11:00 INFO log.PerfLogger: <PERFLOG method=task.DDL.Stage-0 from=org.apache.hadoop.hive.ql.Driver>
15/09/09 11:11:00 INFO metastore.HiveMetaStore: 0: create_table: Table(tableName:love, dbName:default, owner:hpatel, createTime:1441815060, lastAccessTime:0, retention:0, sd:StorageDescriptor(cols:[FieldSchema(name:id, type:string, comment:null)], location:null, inputFormat:org.apache.hadoop.mapred.TextInputFormat, outputFormat:org.apache.hadoop.hive.ql.io.HiveIgnoreKeyTextOutputFormat, compressed:false, numBuckets:-1, serdeInfo:SerDeInfo(name:null, serializationLib:org.apache.hadoop.hive.serde2.lazy.LazySimpleSerDe, parameters:{serialization.format=1}), bucketCols:[], sortCols:[], parameters:{}, skewedInfo:SkewedInfo(skewedColNames:[], skewedColValues:[], skewedColValueLocationMaps:{}), storedAsSubDirectories:false), partitionKeys:[], parameters:{}, viewOriginalText:null, viewExpandedText:null, tableType:MANAGED_TABLE)
15/09/09 11:11:00 INFO HiveMetaStore.audit: ugi=hpatel	ip=unknown-ip-addr	cmd=create_table: Table(tableName:love, dbName:default, owner:hpatel, createTime:1441815060, lastAccessTime:0, retention:0, sd:StorageDescriptor(cols:[FieldSchema(name:id, type:string, comment:null)], location:null, inputFormat:org.apache.hadoop.mapred.TextInputFormat, outputFormat:org.apache.hadoop.hive.ql.io.HiveIgnoreKeyTextOutputFormat, compressed:false, numBuckets:-1, serdeInfo:SerDeInfo(name:null, serializationLib:org.apache.hadoop.hive.serde2.lazy.LazySimpleSerDe, parameters:{serialization.format=1}), bucketCols:[], sortCols:[], parameters:{}, skewedInfo:SkewedInfo(skewedColNames:[], skewedColValues:[], skewedColValueLocationMaps:{}), storedAsSubDirectories:false), partitionKeys:[], parameters:{}, viewOriginalText:null, viewExpandedText:null, tableType:MANAGED_TABLE)	
15/09/09 11:11:00 INFO common.FileUtils: Creating directory if it doesn't exist: file:/var/folders/y7/4_pz5fzx54ngcmghz3v6t3m00000gn/T/junit5320128058417334052/warehouse/love
15/09/09 11:11:00 INFO log.PerfLogger: </PERFLOG method=runTasks start=1441815060066 end=1441815060088 duration=22 from=org.apache.hadoop.hive.ql.Driver>
15/09/09 11:11:00 INFO log.PerfLogger: </PERFLOG method=Driver.execute start=1441815060066 end=1441815060088 duration=22 from=org.apache.hadoop.hive.ql.Driver>
OK
15/09/09 11:11:00 INFO ql.Driver: OK
15/09/09 11:11:00 INFO log.PerfLogger: <PERFLOG method=releaseLocks from=org.apache.hadoop.hive.ql.Driver>
15/09/09 11:11:00 INFO log.PerfLogger: </PERFLOG method=releaseLocks start=1441815060088 end=1441815060088 duration=0 from=org.apache.hadoop.hive.ql.Driver>
15/09/09 11:11:00 INFO log.PerfLogger: </PERFLOG method=Driver.run start=1441815060064 end=1441815060088 duration=24 from=org.apache.hadoop.hive.ql.Driver>
15/09/09 11:11:00 INFO builder.HiveShellTearable: Created hive resource /var/folders/y7/4_pz5fzx54ngcmghz3v6t3m00000gn/T/junit5320128058417334052/vs/foo/fromFile.csv
15/09/09 11:11:00 INFO builder.HiveShellTearable: Created hive resource /var/folders/y7/4_pz5fzx54ngcmghz3v6t3m00000gn/T/junit5320128058417334052/vs/foo/fromPath.csv
15/09/09 11:11:00 INFO builder.HiveShellTearable: Created hive resource /var/folders/y7/4_pz5fzx54ngcmghz3v6t3m00000gn/T/junit5320128058417334052/vs/foo/fromString.csv
15/09/09 11:11:00 INFO service.HiveServer: Running the query: CREATE EXTERNAL TABLE foo (s1 int, s2 string)
  ROW FORMAT DELIMITED FIELDS TERMINATED BY ','
  STORED AS TEXTFILE
  LOCATION '${hiveconf:hive.vs.uri}/foo/'
15/09/09 11:11:00 INFO log.PerfLogger: <PERFLOG method=Driver.run from=org.apache.hadoop.hive.ql.Driver>
15/09/09 11:11:00 INFO log.PerfLogger: <PERFLOG method=TimeToSubmit from=org.apache.hadoop.hive.ql.Driver>
15/09/09 11:11:00 INFO ql.Driver: Concurrency mode is disabled, not creating a lock manager
15/09/09 11:11:00 INFO log.PerfLogger: <PERFLOG method=compile from=org.apache.hadoop.hive.ql.Driver>
15/09/09 11:11:00 INFO log.PerfLogger: <PERFLOG method=parse from=org.apache.hadoop.hive.ql.Driver>
15/09/09 11:11:00 INFO parse.ParseDriver: Parsing command: CREATE EXTERNAL TABLE foo (s1 int, s2 string)
  ROW FORMAT DELIMITED FIELDS TERMINATED BY ','
  STORED AS TEXTFILE
  LOCATION 'file:///var/folders/y7/4_pz5fzx54ngcmghz3v6t3m00000gn/T/junit5320128058417334052/vs//foo/'
15/09/09 11:11:00 INFO parse.ParseDriver: Parse Completed
15/09/09 11:11:00 INFO log.PerfLogger: </PERFLOG method=parse start=1441815060090 end=1441815060090 duration=0 from=org.apache.hadoop.hive.ql.Driver>
15/09/09 11:11:00 INFO log.PerfLogger: <PERFLOG method=semanticAnalyze from=org.apache.hadoop.hive.ql.Driver>
15/09/09 11:11:00 INFO parse.SemanticAnalyzer: Starting Semantic Analysis
15/09/09 11:11:00 INFO parse.SemanticAnalyzer: Creating table foo position=22
15/09/09 11:11:00 INFO metastore.HiveMetaStore: 0: get_database: default
15/09/09 11:11:00 INFO HiveMetaStore.audit: ugi=hpatel	ip=unknown-ip-addr	cmd=get_database: default	
15/09/09 11:11:00 INFO ql.Driver: Semantic Analysis Completed
15/09/09 11:11:00 INFO log.PerfLogger: </PERFLOG method=semanticAnalyze start=1441815060090 end=1441815060092 duration=2 from=org.apache.hadoop.hive.ql.Driver>
15/09/09 11:11:00 INFO ql.Driver: Returning Hive schema: Schema(fieldSchemas:null, properties:null)
15/09/09 11:11:00 INFO log.PerfLogger: </PERFLOG method=compile start=1441815060090 end=1441815060093 duration=3 from=org.apache.hadoop.hive.ql.Driver>
15/09/09 11:11:00 INFO log.PerfLogger: <PERFLOG method=Driver.execute from=org.apache.hadoop.hive.ql.Driver>
15/09/09 11:11:00 INFO ql.Driver: Starting command: CREATE EXTERNAL TABLE foo (s1 int, s2 string)
  ROW FORMAT DELIMITED FIELDS TERMINATED BY ','
  STORED AS TEXTFILE
  LOCATION 'file:///var/folders/y7/4_pz5fzx54ngcmghz3v6t3m00000gn/T/junit5320128058417334052/vs//foo/'
15/09/09 11:11:00 INFO log.PerfLogger: </PERFLOG method=TimeToSubmit start=1441815060089 end=1441815060093 duration=4 from=org.apache.hadoop.hive.ql.Driver>
15/09/09 11:11:00 INFO log.PerfLogger: <PERFLOG method=runTasks from=org.apache.hadoop.hive.ql.Driver>
15/09/09 11:11:00 INFO log.PerfLogger: <PERFLOG method=task.DDL.Stage-0 from=org.apache.hadoop.hive.ql.Driver>
15/09/09 11:11:00 INFO metastore.HiveMetaStore: 0: create_table: Table(tableName:foo, dbName:default, owner:hpatel, createTime:1441815060, lastAccessTime:0, retention:0, sd:StorageDescriptor(cols:[FieldSchema(name:s1, type:int, comment:null), FieldSchema(name:s2, type:string, comment:null)], location:file:/var/folders/y7/4_pz5fzx54ngcmghz3v6t3m00000gn/T/junit5320128058417334052/vs/foo, inputFormat:org.apache.hadoop.mapred.TextInputFormat, outputFormat:org.apache.hadoop.hive.ql.io.HiveIgnoreKeyTextOutputFormat, compressed:false, numBuckets:-1, serdeInfo:SerDeInfo(name:null, serializationLib:org.apache.hadoop.hive.serde2.lazy.LazySimpleSerDe, parameters:{serialization.format=,, field.delim=,}), bucketCols:[], sortCols:[], parameters:{}, skewedInfo:SkewedInfo(skewedColNames:[], skewedColValues:[], skewedColValueLocationMaps:{}), storedAsSubDirectories:false), partitionKeys:[], parameters:{EXTERNAL=TRUE}, viewOriginalText:null, viewExpandedText:null, tableType:EXTERNAL_TABLE)
15/09/09 11:11:00 INFO HiveMetaStore.audit: ugi=hpatel	ip=unknown-ip-addr	cmd=create_table: Table(tableName:foo, dbName:default, owner:hpatel, createTime:1441815060, lastAccessTime:0, retention:0, sd:StorageDescriptor(cols:[FieldSchema(name:s1, type:int, comment:null), FieldSchema(name:s2, type:string, comment:null)], location:file:/var/folders/y7/4_pz5fzx54ngcmghz3v6t3m00000gn/T/junit5320128058417334052/vs/foo, inputFormat:org.apache.hadoop.mapred.TextInputFormat, outputFormat:org.apache.hadoop.hive.ql.io.HiveIgnoreKeyTextOutputFormat, compressed:false, numBuckets:-1, serdeInfo:SerDeInfo(name:null, serializationLib:org.apache.hadoop.hive.serde2.lazy.LazySimpleSerDe, parameters:{serialization.format=,, field.delim=,}), bucketCols:[], sortCols:[], parameters:{}, skewedInfo:SkewedInfo(skewedColNames:[], skewedColValues:[], skewedColValueLocationMaps:{}), storedAsSubDirectories:false), partitionKeys:[], parameters:{EXTERNAL=TRUE}, viewOriginalText:null, viewExpandedText:null, tableType:EXTERNAL_TABLE)	
15/09/09 11:11:00 INFO log.PerfLogger: </PERFLOG method=runTasks start=1441815060093 end=1441815060100 duration=7 from=org.apache.hadoop.hive.ql.Driver>
15/09/09 11:11:00 INFO log.PerfLogger: </PERFLOG method=Driver.execute start=1441815060093 end=1441815060100 duration=7 from=org.apache.hadoop.hive.ql.Driver>
OK
15/09/09 11:11:00 INFO ql.Driver: OK
15/09/09 11:11:00 INFO log.PerfLogger: <PERFLOG method=releaseLocks from=org.apache.hadoop.hive.ql.Driver>
15/09/09 11:11:00 INFO log.PerfLogger: </PERFLOG method=releaseLocks start=1441815060100 end=1441815060100 duration=0 from=org.apache.hadoop.hive.ql.Driver>
15/09/09 11:11:00 INFO log.PerfLogger: </PERFLOG method=Driver.run start=1441815060089 end=1441815060100 duration=11 from=org.apache.hadoop.hive.ql.Driver>
15/09/09 11:11:00 INFO service.HiveServer: Running the query: show tables
15/09/09 11:11:00 INFO log.PerfLogger: <PERFLOG method=Driver.run from=org.apache.hadoop.hive.ql.Driver>
15/09/09 11:11:00 INFO log.PerfLogger: <PERFLOG method=TimeToSubmit from=org.apache.hadoop.hive.ql.Driver>
15/09/09 11:11:00 INFO ql.Driver: Concurrency mode is disabled, not creating a lock manager
15/09/09 11:11:00 INFO log.PerfLogger: <PERFLOG method=compile from=org.apache.hadoop.hive.ql.Driver>
15/09/09 11:11:00 INFO log.PerfLogger: <PERFLOG method=parse from=org.apache.hadoop.hive.ql.Driver>
15/09/09 11:11:00 INFO parse.ParseDriver: Parsing command: show tables
15/09/09 11:11:00 INFO parse.ParseDriver: Parse Completed
15/09/09 11:11:00 INFO log.PerfLogger: </PERFLOG method=parse start=1441815060100 end=1441815060100 duration=0 from=org.apache.hadoop.hive.ql.Driver>
15/09/09 11:11:00 INFO log.PerfLogger: <PERFLOG method=semanticAnalyze from=org.apache.hadoop.hive.ql.Driver>
15/09/09 11:11:00 INFO ql.Driver: Semantic Analysis Completed
15/09/09 11:11:00 INFO log.PerfLogger: </PERFLOG method=semanticAnalyze start=1441815060100 end=1441815060104 duration=4 from=org.apache.hadoop.hive.ql.Driver>
15/09/09 11:11:00 INFO exec.ListSinkOperator: Initializing Self 82 OP
15/09/09 11:11:00 INFO exec.ListSinkOperator: Operator 82 OP initialized
15/09/09 11:11:00 INFO exec.ListSinkOperator: Initialization Done 82 OP
15/09/09 11:11:00 INFO ql.Driver: Returning Hive schema: Schema(fieldSchemas:[FieldSchema(name:tab_name, type:string, comment:from deserializer)], properties:null)
15/09/09 11:11:00 INFO log.PerfLogger: </PERFLOG method=compile start=1441815060100 end=1441815060105 duration=5 from=org.apache.hadoop.hive.ql.Driver>
15/09/09 11:11:00 INFO log.PerfLogger: <PERFLOG method=Driver.execute from=org.apache.hadoop.hive.ql.Driver>
15/09/09 11:11:00 INFO ql.Driver: Starting command: show tables
15/09/09 11:11:00 INFO log.PerfLogger: </PERFLOG method=TimeToSubmit start=1441815060100 end=1441815060105 duration=5 from=org.apache.hadoop.hive.ql.Driver>
15/09/09 11:11:00 INFO log.PerfLogger: <PERFLOG method=runTasks from=org.apache.hadoop.hive.ql.Driver>
15/09/09 11:11:00 INFO log.PerfLogger: <PERFLOG method=task.DDL.Stage-0 from=org.apache.hadoop.hive.ql.Driver>
15/09/09 11:11:00 INFO metastore.HiveMetaStore: 0: get_database: default
15/09/09 11:11:00 INFO HiveMetaStore.audit: ugi=hpatel	ip=unknown-ip-addr	cmd=get_database: default	
15/09/09 11:11:00 INFO metastore.HiveMetaStore: 0: get_tables: db=default pat=.*
15/09/09 11:11:00 INFO HiveMetaStore.audit: ugi=hpatel	ip=unknown-ip-addr	cmd=get_tables: db=default pat=.*	
15/09/09 11:11:00 INFO log.PerfLogger: </PERFLOG method=runTasks start=1441815060105 end=1441815060111 duration=6 from=org.apache.hadoop.hive.ql.Driver>
15/09/09 11:11:00 INFO log.PerfLogger: </PERFLOG method=Driver.execute start=1441815060105 end=1441815060111 duration=6 from=org.apache.hadoop.hive.ql.Driver>
OK
15/09/09 11:11:00 INFO ql.Driver: OK
15/09/09 11:11:00 INFO log.PerfLogger: <PERFLOG method=releaseLocks from=org.apache.hadoop.hive.ql.Driver>
15/09/09 11:11:00 INFO log.PerfLogger: </PERFLOG method=releaseLocks start=1441815060112 end=1441815060112 duration=0 from=org.apache.hadoop.hive.ql.Driver>
15/09/09 11:11:00 INFO log.PerfLogger: </PERFLOG method=Driver.run start=1441815060100 end=1441815060112 duration=12 from=org.apache.hadoop.hive.ql.Driver>
15/09/09 11:11:00 INFO mapred.FileInputFormat: Total input paths to process : 1
15/09/09 11:11:00 INFO service.HiveServer: Running the query: USE default
15/09/09 11:11:00 INFO exec.ListSinkOperator: 82 finished. closing... 
15/09/09 11:11:00 INFO exec.ListSinkOperator: 82 Close done
15/09/09 11:11:00 INFO log.PerfLogger: <PERFLOG method=Driver.run from=org.apache.hadoop.hive.ql.Driver>
15/09/09 11:11:00 INFO log.PerfLogger: <PERFLOG method=TimeToSubmit from=org.apache.hadoop.hive.ql.Driver>
15/09/09 11:11:00 INFO ql.Driver: Concurrency mode is disabled, not creating a lock manager
15/09/09 11:11:00 INFO log.PerfLogger: <PERFLOG method=compile from=org.apache.hadoop.hive.ql.Driver>
15/09/09 11:11:00 INFO log.PerfLogger: <PERFLOG method=parse from=org.apache.hadoop.hive.ql.Driver>
15/09/09 11:11:00 INFO parse.ParseDriver: Parsing command: USE default
15/09/09 11:11:00 INFO parse.ParseDriver: Parse Completed
15/09/09 11:11:00 INFO log.PerfLogger: </PERFLOG method=parse start=1441815060114 end=1441815060114 duration=0 from=org.apache.hadoop.hive.ql.Driver>
15/09/09 11:11:00 INFO log.PerfLogger: <PERFLOG method=semanticAnalyze from=org.apache.hadoop.hive.ql.Driver>
15/09/09 11:11:00 INFO ql.Driver: Semantic Analysis Completed
15/09/09 11:11:00 INFO log.PerfLogger: </PERFLOG method=semanticAnalyze start=1441815060114 end=1441815060114 duration=0 from=org.apache.hadoop.hive.ql.Driver>
15/09/09 11:11:00 INFO ql.Driver: Returning Hive schema: Schema(fieldSchemas:null, properties:null)
15/09/09 11:11:00 INFO log.PerfLogger: </PERFLOG method=compile start=1441815060113 end=1441815060114 duration=1 from=org.apache.hadoop.hive.ql.Driver>
15/09/09 11:11:00 INFO log.PerfLogger: <PERFLOG method=Driver.execute from=org.apache.hadoop.hive.ql.Driver>
15/09/09 11:11:00 INFO ql.Driver: Starting command: USE default
15/09/09 11:11:00 INFO log.PerfLogger: </PERFLOG method=TimeToSubmit start=1441815060113 end=1441815060114 duration=1 from=org.apache.hadoop.hive.ql.Driver>
15/09/09 11:11:00 INFO log.PerfLogger: <PERFLOG method=runTasks from=org.apache.hadoop.hive.ql.Driver>
15/09/09 11:11:00 INFO log.PerfLogger: <PERFLOG method=task.DDL.Stage-0 from=org.apache.hadoop.hive.ql.Driver>
15/09/09 11:11:00 INFO metastore.HiveMetaStore: 0: get_database: default
15/09/09 11:11:00 INFO HiveMetaStore.audit: ugi=hpatel	ip=unknown-ip-addr	cmd=get_database: default	
15/09/09 11:11:00 INFO metastore.HiveMetaStore: 0: get_database: default
15/09/09 11:11:00 INFO HiveMetaStore.audit: ugi=hpatel	ip=unknown-ip-addr	cmd=get_database: default	
15/09/09 11:11:00 INFO log.PerfLogger: </PERFLOG method=runTasks start=1441815060114 end=1441815060116 duration=2 from=org.apache.hadoop.hive.ql.Driver>
15/09/09 11:11:00 INFO log.PerfLogger: </PERFLOG method=Driver.execute start=1441815060114 end=1441815060117 duration=3 from=org.apache.hadoop.hive.ql.Driver>
OK
15/09/09 11:11:00 INFO ql.Driver: OK
15/09/09 11:11:00 INFO log.PerfLogger: <PERFLOG method=releaseLocks from=org.apache.hadoop.hive.ql.Driver>
15/09/09 11:11:00 INFO log.PerfLogger: </PERFLOG method=releaseLocks start=1441815060117 end=1441815060117 duration=0 from=org.apache.hadoop.hive.ql.Driver>
15/09/09 11:11:00 INFO log.PerfLogger: </PERFLOG method=Driver.run start=1441815060113 end=1441815060117 duration=4 from=org.apache.hadoop.hive.ql.Driver>
15/09/09 11:11:00 INFO metastore.HiveMetaStore: 0: Shutting down the object store...
15/09/09 11:11:00 INFO HiveMetaStore.audit: ugi=hpatel	ip=unknown-ip-addr	cmd=Shutting down the object store...	
15/09/09 11:11:00 INFO metastore.HiveMetaStore: 0: Metastore shutdown complete.
15/09/09 11:11:00 INFO HiveMetaStore.audit: ugi=hpatel	ip=unknown-ip-addr	cmd=Metastore shutdown complete.	
15/09/09 11:11:00 INFO hiverunner.HiveServerContainer: Tore down HiveServer instance
]]></system-err>
</testsuite>
